TpTrace Information: 0 : 8300, 1, 2020/09/18, 18:31:27.077, 48579288729, testhost.x86.exe, DefaultEngineInvoker.Invoke: Testhost process started with args :[--port, 50594],[--endpoint, 127.0.0.1:050594],[--role, client],[--parentprocessid, 12904],[--diag, C:\Users\Cliente\source\repos\Calculadora\Calc.Unit.Test\StrykerOutput\2020-09-18.18-31-09\logs\VsTest-log.host.20-09-18_18-31-26_75612_10.txt],[--tracelevel, 3],[--telemetryoptedin, false]
TpTrace Information: 0 : 8300, 1, 2020/09/18, 18:31:27.084, 48579347596, testhost.x86.exe, DefaultEngineInvoker: Using Application Configuration: '<?xml version="1.0" encoding="utf-8"?>
<configuration>
  <startup useLegacyV2RuntimeActivationPolicy="true">
    <supportedRuntime version="v4.0" sku=".NETFramework,Version=v4.0" />
  </startup>
  <runtime>
    <legacyUnhandledExceptionPolicy enabled="1" />
    <legacyCorruptedStateExceptionsPolicy enabled="true" />
    <!-- To get stacktrace information for portable and embedded pdbs when net472 installed on machine.
          More details https://github.com/dotnet/designs/blob/master/accepted/diagnostics/debugging-with-symbols-and-sources.md#stack-traces -->
    <AppContextSwitchOverrides value="Switch.System.Diagnostics.IgnorePortablePDBsInStackTraces=false" />
    <assemblyBinding xmlns="urn:schemas-microsoft-com:asm.v1">
      <probing privatePath="Extensions" />
      <!-- Test adapters compiled against version 11-14, need to be redirected to version 15. -->
      <dependentAssembly>
        <assemblyIdentity name="Microsoft.VisualStudio.TestPlatform.ObjectModel" publicKeyToken="b03f5f7f11d50a3a" culture="neutral" />
        <bindingRedirect oldVersion="11.0.0.0-14.0.0.0" newVersion="15.0.0.0" />
      </dependentAssembly>
      <dependentAssembly>
        <assemblyIdentity name="Microsoft.VisualStudio.TestWindow.Interfaces" publicKeyToken="b03f5f7f11d50a3a" culture="neutral" />
        <bindingRedirect oldVersion="11.0.0.0-15.0.0.0" newVersion="16.0.0.0" />
      </dependentAssembly>
      <dependentAssembly>
        <assemblyIdentity name="Microsoft.VisualStudio.QualityTools.UnitTestFramework" publicKeyToken="b03f5f7f11d50a3a" culture="neutral" />
        <bindingRedirect oldVersion="10.1.0.0" newVersion="10.0.0.0" />
      </dependentAssembly>
      <dependentAssembly>
        <assemblyIdentity name="Microsoft.VisualStudio.QualityTools.Resource" publicKeyToken="b03f5f7f11d50a3a" culture="neutral" />
        <bindingRedirect oldVersion="10.0.0.0-15.0.0.0" newVersion="16.0.0.0" />
      </dependentAssembly>
      <dependentAssembly>
        <assemblyIdentity name="Microsoft.VisualStudio.QualityTools.ControllerObject" publicKeyToken="b03f5f7f11d50a3a" culture="neutral" />
        <bindingRedirect oldVersion="10.0.0.0-15.0.0.0" newVersion="16.0.0.0" />
      </dependentAssembly>
      <dependentAssembly>
        <assemblyIdentity name="Microsoft.VisualStudio.QualityTools.ExecutionCommon" publicKeyToken="b03f5f7f11d50a3a" culture="neutral" />
        <bindingRedirect oldVersion="10.0.0.0-15.0.0.0" newVersion="16.0.0.0" />
      </dependentAssembly>
      <dependentAssembly>
        <assemblyIdentity name="Microsoft.VisualStudio.QualityTools.Common" publicKeyToken="b03f5f7f11d50a3a" culture="neutral" />
        <bindingRedirect oldVersion="10.0.0.0-15.0.0.0" newVersion="16.0.0.0" />
      </dependentAssembly>
      <dependentAssembly>
        <assemblyIdentity name="Microsoft.VisualStudio.QualityTools.Tips.UnitTest.ObjectModel" publicKeyToken="b03f5f7f11d50a3a" culture="neutral" />
        <bindingRedirect oldVersion="10.0.0.0-15.0.0.0" newVersion="16.0.0.0" />
      </dependentAssembly>
    </assemblyBinding>
  </runtime>
  <system.diagnostics>
    <switches>
      <add name="TpTraceLevel" value="0" />
    </switches>
  </system.diagnostics>
  <appSettings>
    <!--<add key="ExecutionThreadApartmentState" value ="MTA"/>-->
    <!--<add key="TraceLogMaxFileSizeInKb" value ="10240"/>-->
    <!-- MsTest Adapter Specific AppSettings -->
    <!-- This flag is added to support test execution for net35 tests through TMI adapter. -->
    <add key="TestProjectRetargetTo35Allowed" value="true" />
  </appSettings>
</configuration>'
TpTrace Information: 0 : 8300, 1, 2020/09/18, 18:31:27.085, 48579355088, testhost.x86.exe, DefaultEngineInvoker.SetParentProcessExitCallback: Monitoring parent process with id: '12904'
TpTrace Information: 0 : 8300, 1, 2020/09/18, 18:31:27.096, 48579460925, testhost.x86.exe, DefaultEngineInvoker.GetConnectionInfo: Initialize communication on endpoint address: '127.0.0.1:050594'
TpTrace Information: 0 : 8300, 1, 2020/09/18, 18:31:27.145, 48579954288, testhost.x86.exe, SocketClient.Start: connecting to server endpoint: 127.0.0.1:050594
TpTrace Information: 0 : 8300, 1, 2020/09/18, 18:31:27.157, 48580079168, testhost.x86.exe, DefaultEngineInvoker.Invoke: Start Request Processing.
TpTrace Information: 0 : 8300, 10, 2020/09/18, 18:31:27.165, 48580156878, testhost.x86.exe, SocketClient.OnServerConnected: connected to server endpoint: 127.0.0.1:050594
TpTrace Information: 0 : 8300, 7, 2020/09/18, 18:31:27.168, 48580180738, testhost.x86.exe, DefaultEngineInvoker.StartProcessingAsync: Connected to vstest.console, Starting process requests.
TpTrace Information: 0 : 8300, 10, 2020/09/18, 18:31:27.375, 48582251738, testhost.x86.exe, TestRequestHandler.ProcessRequests: received message: (ProtocolVersion) -> 3
TpTrace Information: 0 : 8300, 10, 2020/09/18, 18:31:27.433, 48582829677, testhost.x86.exe, TestRequestHandler.ProcessRequests: received message: (TestExecution.Initialize) -> [
  "C:\\Users\\Cliente\\AppData\\Local\\Temp\\05szxyx1.0mq\\.vstest\\tools\\net451\\Extensions\\Microsoft.TestPlatform.Extensions.BlameDataCollector.dll",
  "C:\\Users\\Cliente\\AppData\\Local\\Temp\\05szxyx1.0mq\\.vstest\\tools\\net451\\Extensions\\Microsoft.TestPlatform.TestHostRuntimeProvider.dll",
  "C:\\Users\\Cliente\\AppData\\Local\\Temp\\05szxyx1.0mq\\.vstest\\tools\\net451\\Extensions\\Microsoft.VisualStudio.TestPlatform.Extensions.Html.TestLogger.dll",
  "C:\\Users\\Cliente\\AppData\\Local\\Temp\\05szxyx1.0mq\\.vstest\\tools\\net451\\Extensions\\Microsoft.VisualStudio.TestPlatform.Extensions.Trx.TestLogger.dll",
  "C:\\Users\\Cliente\\source\\repos\\Calculadora\\Calc.Unit.Test\\bin\\Debug\\Microsoft.VisualStudio.TestPlatform.MSTest.TestAdapter.dll"
]
TpTrace Information: 0 : 8300, 10, 2020/09/18, 18:31:27.433, 48582831434, testhost.x86.exe, Execution Session Initialize.
TpTrace Information: 0 : 8300, 10, 2020/09/18, 18:31:27.451, 48583010112, testhost.x86.exe, TestRequestHandler.ProcessRequests: received message: (TestExecution.StartWithTests) -> {
  "Tests": [
    {
      "Properties": [
        {
          "Key": {
            "Id": "TestCase.FullyQualifiedName",
            "Label": "FullyQualifiedName",
            "Category": "",
            "Description": "",
            "Attributes": 1,
            "ValueType": "System.String"
          },
          "Value": "Calc.Unit.Test.CalculadoraUnitTest.Somar"
        },
        {
          "Key": {
            "Id": "TestCase.ExecutorUri",
            "Label": "Executor Uri",
            "Category": "",
            "Description": "",
            "Attributes": 1,
            "ValueType": "System.Uri"
          },
          "Value": "executor://MSTestAdapter/v2"
        },
        {
          "Key": {
            "Id": "TestCase.Source",
            "Label": "Source",
            "Category": "",
            "Description": "",
            "Attributes": 0,
            "ValueType": "System.String"
          },
          "Value": "C:\\Users\\Cliente\\source\\repos\\Calculadora\\Calc.Unit.Test\\bin\\Debug\\Calc.Unit.Test.dll"
        },
        {
          "Key": {
            "Id": "TestCase.CodeFilePath",
            "Label": "File Path",
            "Category": "",
            "Description": "",
            "Attributes": 0,
            "ValueType": "System.String"
          },
          "Value": null
        },
        {
          "Key": {
            "Id": "TestCase.DisplayName",
            "Label": "Name",
            "Category": "",
            "Description": "",
            "Attributes": 0,
            "ValueType": "System.String"
          },
          "Value": "Somar"
        },
        {
          "Key": {
            "Id": "TestCase.Id",
            "Label": "Id",
            "Category": "",
            "Description": "",
            "Attributes": 1,
            "ValueType": "System.Guid"
          },
          "Value": "68dedd4b-3da6-9474-35ab-19a75362a2f7"
        },
        {
          "Key": {
            "Id": "TestCase.LineNumber",
            "Label": "Line Number",
            "Category": "",
            "Description": "",
            "Attributes": 1,
            "ValueType": "System.Int32"
          },
          "Value": -1
        },
        {
          "Key": {
            "Id": "MSTestDiscoverer.TestClassName",
            "Label": "ClassName",
            "Category": "",
            "Description": "",
            "Attributes": 1,
            "ValueType": "System.String"
          },
          "Value": "Calc.Unit.Test.CalculadoraUnitTest"
        },
        {
          "Key": {
            "Id": "TestObject.Traits",
            "Label": "Características",
            "Category": "",
            "Description": "",
            "Attributes": 5,
            "ValueType": "System.Collections.Generic.KeyValuePair`2[[System.String],[System.String]][]"
          },
          "Value": []
        }
      ]
    },
    {
      "Properties": [
        {
          "Key": {
            "Id": "TestCase.FullyQualifiedName",
            "Label": "FullyQualifiedName",
            "Category": "",
            "Description": "",
            "Attributes": 1,
            "ValueType": "System.String"
          },
          "Value": "Calc.Unit.Test.CalculadoraUnitTest.Subtrair"
        },
        {
          "Key": {
            "Id": "TestCase.ExecutorUri",
            "Label": "Executor Uri",
            "Category": "",
            "Description": "",
            "Attributes": 1,
            "ValueType": "System.Uri"
          },
          "Value": "executor://MSTestAdapter/v2"
        },
        {
          "Key": {
            "Id": "TestCase.Source",
            "Label": "Source",
            "Category": "",
            "Description": "",
            "Attributes": 0,
            "ValueType": "System.String"
          },
          "Value": "C:\\Users\\Cliente\\source\\repos\\Calculadora\\Calc.Unit.Test\\bin\\Debug\\Calc.Unit.Test.dll"
        },
        {
          "Key": {
            "Id": "TestCase.CodeFilePath",
            "Label": "File Path",
            "Category": "",
            "Description": "",
            "Attributes": 0,
            "ValueType": "System.String"
          },
          "Value": null
        },
        {
          "Key": {
            "Id": "TestCase.DisplayName",
            "Label": "Name",
            "Category": "",
            "Description": "",
            "Attributes": 0,
            "ValueType": "System.String"
          },
          "Value": "Subtrair"
        },
        {
          "Key": {
            "Id": "TestCase.Id",
            "Label": "Id",
            "Category": "",
            "Description": "",
            "Attributes": 1,
            "ValueType": "System.Guid"
          },
          "Value": "be316bd3-820f-9a10-ea16-e92564c61c39"
        },
        {
          "Key": {
            "Id": "TestCase.LineNumber",
            "Label": "Line Number",
            "Category": "",
            "Description": "",
            "Attributes": 1,
            "ValueType": "System.Int32"
          },
          "Value": -1
        },
        {
          "Key": {
            "Id": "MSTestDiscoverer.TestClassName",
            "Label": "ClassName",
            "Category": "",
            "Description": "",
            "Attributes": 1,
            "ValueType": "System.String"
          },
          "Value": "Calc.Unit.Test.CalculadoraUnitTest"
        },
        {
          "Key": {
            "Id": "TestObject.Traits",
            "Label": "Características",
            "Category": "",
            "Description": "",
            "Attributes": 5,
            "ValueType": "System.Collections.Generic.KeyValuePair`2[[System.String],[System.String]][]"
          },
          "Value": []
        }
      ]
    },
    {
      "Properties": [
        {
          "Key": {
            "Id": "TestCase.FullyQualifiedName",
            "Label": "FullyQualifiedName",
            "Category": "",
            "Description": "",
            "Attributes": 1,
            "ValueType": "System.String"
          },
          "Value": "Calc.Unit.Test.CalculadoraUnitTest.Dividir"
        },
        {
          "Key": {
            "Id": "TestCase.ExecutorUri",
            "Label": "Executor Uri",
            "Category": "",
            "Description": "",
            "Attributes": 1,
            "ValueType": "System.Uri"
          },
          "Value": "executor://MSTestAdapter/v2"
        },
        {
          "Key": {
            "Id": "TestCase.Source",
            "Label": "Source",
            "Category": "",
            "Description": "",
            "Attributes": 0,
            "ValueType": "System.String"
          },
          "Value": "C:\\Users\\Cliente\\source\\repos\\Calculadora\\Calc.Unit.Test\\bin\\Debug\\Calc.Unit.Test.dll"
        },
        {
          "Key": {
            "Id": "TestCase.CodeFilePath",
            "Label": "File Path",
            "Category": "",
            "Description": "",
            "Attributes": 0,
            "ValueType": "System.String"
          },
          "Value": null
        },
        {
          "Key": {
            "Id": "TestCase.DisplayName",
            "Label": "Name",
            "Category": "",
            "Description": "",
            "Attributes": 0,
            "ValueType": "System.String"
          },
          "Value": "Dividir"
        },
        {
          "Key": {
            "Id": "TestCase.Id",
            "Label": "Id",
            "Category": "",
            "Description": "",
            "Attributes": 1,
            "ValueType": "System.Guid"
          },
          "Value": "c4e64bae-a42a-81dc-6b93-3216b7d9a786"
        },
        {
          "Key": {
            "Id": "TestCase.LineNumber",
            "Label": "Line Number",
            "Category": "",
            "Description": "",
            "Attributes": 1,
            "ValueType": "System.Int32"
          },
          "Value": -1
        },
        {
          "Key": {
            "Id": "MSTestDiscoverer.TestClassName",
            "Label": "ClassName",
            "Category": "",
            "Description": "",
            "Attributes": 1,
            "ValueType": "System.String"
          },
          "Value": "Calc.Unit.Test.CalculadoraUnitTest"
        },
        {
          "Key": {
            "Id": "TestObject.Traits",
            "Label": "Características",
            "Category": "",
            "Description": "",
            "Attributes": 5,
            "ValueType": "System.Collections.Generic.KeyValuePair`2[[System.String],[System.String]][]"
          },
          "Value": []
        }
      ]
    },
    {
      "Properties": [
        {
          "Key": {
            "Id": "TestCase.FullyQualifiedName",
            "Label": "FullyQualifiedName",
            "Category": "",
            "Description": "",
            "Attributes": 1,
            "ValueType": "System.String"
          },
          "Value": "Calc.Unit.Test.CalculadoraUnitTest.Multiplicacao"
        },
        {
          "Key": {
            "Id": "TestCase.ExecutorUri",
            "Label": "Executor Uri",
            "Category": "",
            "Description": "",
            "Attributes": 1,
            "ValueType": "System.Uri"
          },
          "Value": "executor://MSTestAdapter/v2"
        },
        {
          "Key": {
            "Id": "TestCase.Source",
            "Label": "Source",
            "Category": "",
            "Description": "",
            "Attributes": 0,
            "ValueType": "System.String"
          },
          "Value": "C:\\Users\\Cliente\\source\\repos\\Calculadora\\Calc.Unit.Test\\bin\\Debug\\Calc.Unit.Test.dll"
        },
        {
          "Key": {
            "Id": "TestCase.CodeFilePath",
            "Label": "File Path",
            "Category": "",
            "Description": "",
            "Attributes": 0,
            "ValueType": "System.String"
          },
          "Value": null
        },
        {
          "Key": {
            "Id": "TestCase.DisplayName",
            "Label": "Name",
            "Category": "",
            "Description": "",
            "Attributes": 0,
            "ValueType": "System.String"
          },
          "Value": "Multiplicacao"
        },
        {
          "Key": {
            "Id": "TestCase.Id",
            "Label": "Id",
            "Category": "",
            "Description": "",
            "Attributes": 1,
            "ValueType": "System.Guid"
          },
          "Value": "c525d128-58e3-1627-690a-792292d84a1c"
        },
        {
          "Key": {
            "Id": "TestCase.LineNumber",
            "Label": "Line Number",
            "Category": "",
            "Description": "",
            "Attributes": 1,
            "ValueType": "System.Int32"
          },
          "Value": -1
        },
        {
          "Key": {
            "Id": "MSTestDiscoverer.TestClassName",
            "Label": "ClassName",
            "Category": "",
            "Description": "",
            "Attributes": 1,
            "ValueType": "System.String"
          },
          "Value": "Calc.Unit.Test.CalculadoraUnitTest"
        },
        {
          "Key": {
            "Id": "TestObject.Traits",
            "Label": "Características",
            "Category": "",
            "Description": "",
            "Attributes": 5,
            "ValueType": "System.Collections.Generic.KeyValuePair`2[[System.String],[System.String]][]"
          },
          "Value": []
        }
      ]
    },
    {
      "Properties": [
        {
          "Key": {
            "Id": "TestCase.FullyQualifiedName",
            "Label": "FullyQualifiedName",
            "Category": "",
            "Description": "",
            "Attributes": 1,
            "ValueType": "System.String"
          },
          "Value": "Calc.Unit.Test.CalculadoraJurosUnitTest.SomarJuros"
        },
        {
          "Key": {
            "Id": "TestCase.ExecutorUri",
            "Label": "Executor Uri",
            "Category": "",
            "Description": "",
            "Attributes": 1,
            "ValueType": "System.Uri"
          },
          "Value": "executor://MSTestAdapter/v2"
        },
        {
          "Key": {
            "Id": "TestCase.Source",
            "Label": "Source",
            "Category": "",
            "Description": "",
            "Attributes": 0,
            "ValueType": "System.String"
          },
          "Value": "C:\\Users\\Cliente\\source\\repos\\Calculadora\\Calc.Unit.Test\\bin\\Debug\\Calc.Unit.Test.dll"
        },
        {
          "Key": {
            "Id": "TestCase.CodeFilePath",
            "Label": "File Path",
            "Category": "",
            "Description": "",
            "Attributes": 0,
            "ValueType": "System.String"
          },
          "Value": null
        },
        {
          "Key": {
            "Id": "TestCase.DisplayName",
            "Label": "Name",
            "Category": "",
            "Description": "",
            "Attributes": 0,
            "ValueType": "System.String"
          },
          "Value": "SomarJuros"
        },
        {
          "Key": {
            "Id": "TestCase.Id",
            "Label": "Id",
            "Category": "",
            "Description": "",
            "Attributes": 1,
            "ValueType": "System.Guid"
          },
          "Value": "51c62726-77c4-ae4f-e60d-439c608401fd"
        },
        {
          "Key": {
            "Id": "TestCase.LineNumber",
            "Label": "Line Number",
            "Category": "",
            "Description": "",
            "Attributes": 1,
            "ValueType": "System.Int32"
          },
          "Value": -1
        },
        {
          "Key": {
            "Id": "MSTestDiscoverer.TestClassName",
            "Label": "ClassName",
            "Category": "",
            "Description": "",
            "Attributes": 1,
            "ValueType": "System.String"
          },
          "Value": "Calc.Unit.Test.CalculadoraJurosUnitTest"
        },
        {
          "Key": {
            "Id": "TestObject.Traits",
            "Label": "Características",
            "Category": "",
            "Description": "",
            "Attributes": 5,
            "ValueType": "System.Collections.Generic.KeyValuePair`2[[System.String],[System.String]][]"
          },
          "Value": []
        }
      ]
    },
    {
      "Properties": [
        {
          "Key": {
            "Id": "TestCase.FullyQualifiedName",
            "Label": "FullyQualifiedName",
            "Category": "",
            "Description": "",
            "Attributes": 1,
            "ValueType": "System.String"
          },
          "Value": "Calc.Unit.Test.CalculadoraJurosUnitTest.SomarJuros2_Exception"
        },
        {
          "Key": {
            "Id": "TestCase.ExecutorUri",
            "Label": "Executor Uri",
            "Category": "",
            "Description": "",
            "Attributes": 1,
            "ValueType": "System.Uri"
          },
          "Value": "executor://MSTestAdapter/v2"
        },
        {
          "Key": {
            "Id": "TestCase.Source",
            "Label": "Source",
            "Category": "",
            "Description": "",
            "Attributes": 0,
            "ValueType": "System.String"
          },
          "Value": "C:\\Users\\Cliente\\source\\repos\\Calculadora\\Calc.Unit.Test\\bin\\Debug\\Calc.Unit.Test.dll"
        },
        {
          "Key": {
            "Id": "TestCase.CodeFilePath",
            "Label": "File Path",
            "Category": "",
            "Description": "",
            "Attributes": 0,
            "ValueType": "System.String"
          },
          "Value": null
        },
        {
          "Key": {
            "Id": "TestCase.DisplayName",
            "Label": "Name",
            "Category": "",
            "Description": "",
            "Attributes": 0,
            "ValueType": "System.String"
          },
          "Value": "SomarJuros2_Exception"
        },
        {
          "Key": {
            "Id": "TestCase.Id",
            "Label": "Id",
            "Category": "",
            "Description": "",
            "Attributes": 1,
            "ValueType": "System.Guid"
          },
          "Value": "72b6a49a-f71b-4056-9d9e-ad13a5c9f0d2"
        },
        {
          "Key": {
            "Id": "TestCase.LineNumber",
            "Label": "Line Number",
            "Category": "",
            "Description": "",
            "Attributes": 1,
            "ValueType": "System.Int32"
          },
          "Value": -1
        },
        {
          "Key": {
            "Id": "MSTestDiscoverer.TestClassName",
            "Label": "ClassName",
            "Category": "",
            "Description": "",
            "Attributes": 1,
            "ValueType": "System.String"
          },
          "Value": "Calc.Unit.Test.CalculadoraJurosUnitTest"
        },
        {
          "Key": {
            "Id": "TestObject.Traits",
            "Label": "Características",
            "Category": "",
            "Description": "",
            "Attributes": 5,
            "ValueType": "System.Collections.Generic.KeyValuePair`2[[System.String],[System.String]][]"
          },
          "Value": []
        }
      ]
    }
  ],
  "RunSettings": "<RunSettings>\r\n  <RunConfiguration>\r\n    <DisableAppDomain>true</DisableAppDomain>\r\n    <MaxCpuCount>1</MaxCpuCount>\r\n    <TargetFrameworkVersion>.NETFramework,Version=v4.6</TargetFrameworkVersion>\r\n    <TestSessionTimeout>7877</TestSessionTimeout>\r\n    <DesignMode>false</DesignMode>\r\n    <BatchSize>1</BatchSize>\r\n    <TargetPlatform>X86</TargetPlatform>\r\n    <CollectSourceInformation>True</CollectSourceInformation>\r\n  </RunConfiguration>\r\n  <InProcDataCollectionRunSettings>\r\n    <InProcDataCollectors>\r\n      <InProcDataCollector friendlyName=\"StrykerCoverage\" uri=\"https://stryker-mutator.io/\" codebase=\"C:\\Users\\Cliente\\.dotnet\\tools\\.store\\dotnet-stryker\\0.19.0\\dotnet-stryker\\0.19.0\\tools\\netcoreapp3.1\\any\\Stryker.DataCollector.dll\" assemblyQualifiedName=\"Stryker.DataCollector.CoverageCollector, Stryker.DataCollector, Version=0.16.1.0, Culture=neutral, PublicKeyToken=null\">\r\n        <Configuration>\r\n          <Parameters>\r\n            <Mutant id=\"4\" tests=\"51c62726-77c4-ae4f-e60d-439c608401fd,72b6a49a-f71b-4056-9d9e-ad13a5c9f0d2\" />\r\n            <Mutant id=\"0\" tests=\"68dedd4b-3da6-9474-35ab-19a75362a2f7\" />\r\n            <Mutant id=\"1\" tests=\"be316bd3-820f-9a10-ea16-e92564c61c39\" />\r\n            <Mutant id=\"2\" tests=\"c525d128-58e3-1627-690a-792292d84a1c\" />\r\n            <Mutant id=\"3\" tests=\"c4e64bae-a42a-81dc-6b93-3216b7d9a786\" />\r\n            <MutantControl name=\"StrykerQvtBuQjxd8sbjk1.MutantControl\" />\r\n          </Parameters>\r\n        </Configuration>\r\n      </InProcDataCollector>\r\n    </InProcDataCollectors>\r\n  </InProcDataCollectionRunSettings>\r\n  <LoggerRunSettings>\r\n    <Loggers>\r\n      <Logger friendlyName=\"Console\" uri=\"logger://microsoft/TestPlatform/ConsoleLogger/v1\" assemblyQualifiedName=\"Microsoft.VisualStudio.TestPlatform.CommandLine.Internal.ConsoleLogger, vstest.console, Version=15.0.0.0, Culture=neutral, PublicKeyToken=b03f5f7f11d50a3a\" codeBase=\"C:\\Users\\Cliente\\AppData\\Local\\Temp\\05szxyx1.0mq\\.vstest\\tools\\net451\\vstest.console.exe\" enabled=\"True\" />\r\n    </Loggers>\r\n  </LoggerRunSettings>\r\n</RunSettings>",
  "TestExecutionContext": {
    "FrequencyOfRunStatsChangeEvent": 1,
    "RunStatsChangeEventTimeout": "00:00:01.5000000",
    "InIsolation": false,
    "KeepAlive": false,
    "AreTestCaseLevelEventsRequired": false,
    "IsDebug": false,
    "TestCaseFilter": null,
    "FilterOptions": null
  },
  "Package": null
}
TpTrace Information: 0 : 8300, 10, 2020/09/18, 18:31:27.451, 48583014829, testhost.x86.exe, Execution started.
TpTrace Information: 0 : 8300, 5, 2020/09/18, 18:31:27.469, 48583188673, testhost.x86.exe, AssemblyResolver.ctor: Creating AssemblyResolver with searchDirectories C:\Users\Cliente\AppData\Local\Temp\05szxyx1.0mq\.vstest\tools\net451\Extensions,C:\Users\Cliente\source\repos\Calculadora\Calc.Unit.Test\bin\Debug,C:\Users\Cliente\AppData\Local\Temp\05szxyx1.0mq\.vstest\tools\net451
TpTrace Information: 0 : 8300, 5, 2020/09/18, 18:31:27.472, 48583225496, testhost.x86.exe, AssemblyResolver.AddSearchDirectories: Adding more searchDirectories C:\Users\Cliente\AppData\Local\Temp\05szxyx1.0mq\.vstest\tools\net451\Extensions,C:\Users\Cliente\AppData\Local\Temp\05szxyx1.0mq\.vstest\tools\net451
TpTrace Information: 0 : 8300, 5, 2020/09/18, 18:31:27.472, 48583227052, testhost.x86.exe, AssemblyResolver.AddSearchDirectories: Adding more searchDirectories C:\Users\Cliente\AppData\Local\Temp\05szxyx1.0mq\.vstest\tools\net451\Extensions,C:\Users\Cliente\AppData\Local\Temp\05szxyx1.0mq\.vstest\tools\net451
TpTrace Information: 0 : 8300, 5, 2020/09/18, 18:31:27.473, 48583227987, testhost.x86.exe, AssemblyResolver.AddSearchDirectories: Adding more searchDirectories C:\Users\Cliente\AppData\Local\Temp\05szxyx1.0mq\.vstest\tools\net451\Extensions,C:\Users\Cliente\AppData\Local\Temp\05szxyx1.0mq\.vstest\tools\net451
TpTrace Information: 0 : 8300, 5, 2020/09/18, 18:31:27.473, 48583228841, testhost.x86.exe, AssemblyResolver.AddSearchDirectories: Adding more searchDirectories C:\Users\Cliente\AppData\Local\Temp\05szxyx1.0mq\.vstest\tools\net451\Extensions,C:\Users\Cliente\AppData\Local\Temp\05szxyx1.0mq\.vstest\tools\net451
TpTrace Information: 0 : 8300, 5, 2020/09/18, 18:31:27.473, 48583229728, testhost.x86.exe, AssemblyResolver.AddSearchDirectories: Adding more searchDirectories C:\Users\Cliente\source\repos\Calculadora\Calc.Unit.Test\bin\Debug,C:\Users\Cliente\AppData\Local\Temp\05szxyx1.0mq\.vstest\tools\net451
TpTrace Information: 0 : 8300, 5, 2020/09/18, 18:31:27.551, 48584009496, testhost.x86.exe, AssemblyResolver.AddSearchDirectories: Adding more searchDirectories C:\Users\Cliente\AppData\Local\Temp\05szxyx1.0mq\.vstest\tools\net451\Extensions,C:\Users\Cliente\source\repos\Calculadora\Calc.Unit.Test\bin\Debug,C:\Users\Cliente\AppData\Local\Temp\05szxyx1.0mq\.vstest\tools\net451
TpTrace Information: 0 : 8300, 5, 2020/09/18, 18:31:27.551, 48584011149, testhost.x86.exe, AssemblyResolver.AddSearchDirectories: Adding more searchDirectories C:\Users\Cliente\AppData\Local\Temp\05szxyx1.0mq\.vstest\tools\net451\Extensions,C:\Users\Cliente\AppData\Local\Temp\05szxyx1.0mq\.vstest\tools\net451
TpTrace Information: 0 : 8300, 5, 2020/09/18, 18:31:27.551, 48584012094, testhost.x86.exe, AssemblyResolver.AddSearchDirectories: Adding more searchDirectories C:\Users\Cliente\AppData\Local\Temp\05szxyx1.0mq\.vstest\tools\net451\Extensions,C:\Users\Cliente\AppData\Local\Temp\05szxyx1.0mq\.vstest\tools\net451
TpTrace Information: 0 : 8300, 5, 2020/09/18, 18:31:27.551, 48584012896, testhost.x86.exe, AssemblyResolver.AddSearchDirectories: Adding more searchDirectories C:\Users\Cliente\AppData\Local\Temp\05szxyx1.0mq\.vstest\tools\net451\Extensions,C:\Users\Cliente\AppData\Local\Temp\05szxyx1.0mq\.vstest\tools\net451
TpTrace Information: 0 : 8300, 5, 2020/09/18, 18:31:27.551, 48584013727, testhost.x86.exe, AssemblyResolver.AddSearchDirectories: Adding more searchDirectories C:\Users\Cliente\AppData\Local\Temp\05szxyx1.0mq\.vstest\tools\net451\Extensions,C:\Users\Cliente\AppData\Local\Temp\05szxyx1.0mq\.vstest\tools\net451
TpTrace Information: 0 : 8300, 5, 2020/09/18, 18:31:27.551, 48584014534, testhost.x86.exe, AssemblyResolver.AddSearchDirectories: Adding more searchDirectories C:\Users\Cliente\source\repos\Calculadora\Calc.Unit.Test\bin\Debug,C:\Users\Cliente\AppData\Local\Temp\05szxyx1.0mq\.vstest\tools\net451
TpTrace Information: 0 : 8300, 5, 2020/09/18, 18:31:27.566, 48584165460, testhost.x86.exe, TestPluginManager.CreateTestExtension: Attempting to load test extension: Microsoft.VisualStudio.TestPlatform.MSTest.TestAdapter.MSTestExecutor
TpTrace Information: 0 : 8300, 5, 2020/09/18, 18:31:27.576, 48584260494, testhost.x86.exe, AssemblyResolver.AddSearchDirectories: Adding more searchDirectories C:\Users\Cliente\AppData\Local\Temp\05szxyx1.0mq\.vstest\tools\net451\Extensions,C:\Users\Cliente\source\repos\Calculadora\Calc.Unit.Test\bin\Debug,C:\Users\Cliente\AppData\Local\Temp\05szxyx1.0mq\.vstest\tools\net451
TpTrace Information: 0 : 8300, 5, 2020/09/18, 18:31:27.576, 48584262278, testhost.x86.exe, AssemblyResolver.AddSearchDirectories: Adding more searchDirectories C:\Users\Cliente\AppData\Local\Temp\05szxyx1.0mq\.vstest\tools\net451\Extensions,C:\Users\Cliente\AppData\Local\Temp\05szxyx1.0mq\.vstest\tools\net451
TpTrace Information: 0 : 8300, 5, 2020/09/18, 18:31:27.576, 48584263173, testhost.x86.exe, AssemblyResolver.AddSearchDirectories: Adding more searchDirectories C:\Users\Cliente\AppData\Local\Temp\05szxyx1.0mq\.vstest\tools\net451\Extensions,C:\Users\Cliente\AppData\Local\Temp\05szxyx1.0mq\.vstest\tools\net451
TpTrace Information: 0 : 8300, 5, 2020/09/18, 18:31:27.576, 48584263967, testhost.x86.exe, AssemblyResolver.AddSearchDirectories: Adding more searchDirectories C:\Users\Cliente\AppData\Local\Temp\05szxyx1.0mq\.vstest\tools\net451\Extensions,C:\Users\Cliente\AppData\Local\Temp\05szxyx1.0mq\.vstest\tools\net451
TpTrace Information: 0 : 8300, 5, 2020/09/18, 18:31:27.576, 48584264792, testhost.x86.exe, AssemblyResolver.AddSearchDirectories: Adding more searchDirectories C:\Users\Cliente\AppData\Local\Temp\05szxyx1.0mq\.vstest\tools\net451\Extensions,C:\Users\Cliente\AppData\Local\Temp\05szxyx1.0mq\.vstest\tools\net451
TpTrace Information: 0 : 8300, 5, 2020/09/18, 18:31:27.576, 48584266139, testhost.x86.exe, AssemblyResolver.AddSearchDirectories: Adding more searchDirectories C:\Users\Cliente\source\repos\Calculadora\Calc.Unit.Test\bin\Debug,C:\Users\Cliente\AppData\Local\Temp\05szxyx1.0mq\.vstest\tools\net451
TpTrace Information: 0 : 8300, 5, 2020/09/18, 18:31:27.578, 48584279306, testhost.x86.exe, TestExecutorService: Loaded the extensions
TpTrace Information: 0 : 8300, 13, 2020/09/18, 18:31:27.997, 48588463493, testhost.x86.exe, CollectSourceInformation value Found : True 
TpTrace Information: 0 : 8300, 13, 2020/09/18, 18:31:28.017, 48588671356, testhost.x86.exe, AssemblyResolver.OnResolve: Microsoft.VisualStudio.TestPlatform.MSTestAdapter.PlatformServices.resources, Version=14.0.0.0, Culture=pt-BR, PublicKeyToken=b03f5f7f11d50a3a: Resolving assembly.
TpTrace Information: 0 : 8300, 13, 2020/09/18, 18:31:28.018, 48588675010, testhost.x86.exe, AssemblyResolver.OnResolve: Microsoft.VisualStudio.TestPlatform.MSTestAdapter.PlatformServices.resources, Version=14.0.0.0, Culture=pt-BR, PublicKeyToken=b03f5f7f11d50a3a: Failed to load assembly.
TpTrace Information: 0 : 8300, 13, 2020/09/18, 18:31:28.018, 48588676577, testhost.x86.exe, AssemblyResolver.OnResolve: Microsoft.VisualStudio.TestPlatform.MSTestAdapter.PlatformServices.resources, Version=14.0.0.0, Culture=pt-BR, PublicKeyToken=b03f5f7f11d50a3a: Resolving assembly.
TpTrace Information: 0 : 8300, 13, 2020/09/18, 18:31:28.018, 48588677271, testhost.x86.exe, AssemblyResolver.OnResolve: Microsoft.VisualStudio.TestPlatform.MSTestAdapter.PlatformServices.resources, Version=14.0.0.0, Culture=pt-BR, PublicKeyToken=b03f5f7f11d50a3a: Resolved from cache.
TpTrace Information: 0 : 8300, 13, 2020/09/18, 18:31:28.020, 48588698318, testhost.x86.exe, AssemblyResolver.OnResolve: Microsoft.VisualStudio.TestPlatform.MSTestAdapter.PlatformServices.resources, Version=14.0.0.0, Culture=pt, PublicKeyToken=b03f5f7f11d50a3a: Resolving assembly.
TpTrace Information: 0 : 8300, 13, 2020/09/18, 18:31:28.020, 48588701352, testhost.x86.exe, AssemblyResolver.OnResolve: Microsoft.VisualStudio.TestPlatform.MSTestAdapter.PlatformServices.resources, Version=14.0.0.0, Culture=pt, PublicKeyToken=b03f5f7f11d50a3a: Failed to load assembly.
TpTrace Information: 0 : 8300, 13, 2020/09/18, 18:31:28.037, 48588865348, testhost.x86.exe, MSTestExecutor: Changed the working directory to C:\Users\Cliente\source\repos\Calculadora\Calc.Unit.Test\bin\Debug
TpTrace Information: 0 : 8300, 13, 2020/09/18, 18:31:28.039, 48588886724, testhost.x86.exe, DesktopTestSourceHost.GetResolutionPaths(): Not running in portable mode
TpTrace Information: 0 : 8300, 13, 2020/09/18, 18:31:28.047, 48588970428, testhost.x86.exe, DesktopTestSourceHost.SetupHost(): Creating assembly resolver with resolution paths C:\Users\Cliente\source\repos\Calculadora\Calc.Unit.Test\bin\Debug,C:\Users\Cliente\AppData\Local\Temp\05szxyx1.0mq\.vstest\tools\net451.
TpTrace Information: 0 : 8300, 13, 2020/09/18, 18:31:28.050, 48589001350, testhost.x86.exe, Created unit-test runner C:\Users\Cliente\source\repos\Calculadora\Calc.Unit.Test\bin\Debug\Calc.Unit.Test.dll
TpTrace Information: 0 : 8300, 13, 2020/09/18, 18:31:28.065, 48589149890, testhost.x86.exe, Sending test run statistics
TpTrace Information: 0 : 8300, 13, 2020/09/18, 18:31:28.091, 48589411104, testhost.x86.exe, Executing test Somar
TpTrace Information: 0 : 8300, 13, 2020/09/18, 18:31:28.145, 48589948696, testhost.x86.exe, AssemblyResolver.OnResolve: Microsoft.VisualStudio.TestPlatform.TestFramework.resources, Version=14.0.0.0, Culture=pt-BR, PublicKeyToken=b03f5f7f11d50a3a: Resolving assembly.
TpTrace Information: 0 : 8300, 13, 2020/09/18, 18:31:28.146, 48589951934, testhost.x86.exe, AssemblyResolver.OnResolve: Microsoft.VisualStudio.TestPlatform.TestFramework.resources, Version=14.0.0.0, Culture=pt-BR, PublicKeyToken=b03f5f7f11d50a3a: Failed to load assembly.
TpTrace Information: 0 : 8300, 13, 2020/09/18, 18:31:28.148, 48589973429, testhost.x86.exe, AssemblyResolver: Resolving assembly: Microsoft.VisualStudio.TestPlatform.TestFramework.resources, Version=14.0.0.0, Culture=pt-BR, PublicKeyToken=b03f5f7f11d50a3a.
TpTrace Information: 0 : 8300, 13, 2020/09/18, 18:31:28.148, 48589978470, testhost.x86.exe, AssemblyResolver: Resolving assembly after applying policy: Microsoft.VisualStudio.TestPlatform.TestFramework.resources, Version=14.0.0.0, Culture=pt-BR, PublicKeyToken=b03f5f7f11d50a3a.
TpTrace Information: 0 : 8300, 13, 2020/09/18, 18:31:28.152, 48590011984, testhost.x86.exe, AssemblyResolver.OnResolve: Microsoft.VisualStudio.TestPlatform.TestFramework.resources, Version=14.0.0.0, Culture=pt-BR, PublicKeyToken=b03f5f7f11d50a3a: Resolving assembly.
TpTrace Information: 0 : 8300, 13, 2020/09/18, 18:31:28.152, 48590012965, testhost.x86.exe, AssemblyResolver.OnResolve: Microsoft.VisualStudio.TestPlatform.TestFramework.resources, Version=14.0.0.0, Culture=pt-BR, PublicKeyToken=b03f5f7f11d50a3a: Resolved from cache.
TpTrace Information: 0 : 8300, 13, 2020/09/18, 18:31:28.152, 48590013648, testhost.x86.exe, AssemblyResolver: Resolving assembly: Microsoft.VisualStudio.TestPlatform.TestFramework.resources, Version=14.0.0.0, Culture=pt-BR, PublicKeyToken=b03f5f7f11d50a3a.
TpTrace Information: 0 : 8300, 13, 2020/09/18, 18:31:28.152, 48590015003, testhost.x86.exe, AssemblyResolver: Resolving assembly after applying policy: Microsoft.VisualStudio.TestPlatform.TestFramework.resources, Version=14.0.0.0, Culture=pt-BR, PublicKeyToken=b03f5f7f11d50a3a.
TpTrace Information: 0 : 8300, 13, 2020/09/18, 18:31:28.152, 48590016890, testhost.x86.exe, AssemblyResolver: Resolved: Microsoft.VisualStudio.TestPlatform.TestFramework.resources, Version=14.0.0.0, Culture=pt-BR, PublicKeyToken=b03f5f7f11d50a3a.
TpTrace Information: 0 : 8300, 13, 2020/09/18, 18:31:28.177, 48590265518, testhost.x86.exe, AssemblyResolver: Microsoft.VisualStudio.TestPlatform.TestFramework.resources, Version=14.0.0.0, Culture=pt-BR, PublicKeyToken=b03f5f7f11d50a3a: Failed to load assembly. Reason:System.IO.FileNotFoundException: Não foi possível carregar arquivo ou assembly 'Microsoft.VisualStudio.TestPlatform.TestFramework.resources, Version=14.0.0.0, Culture=pt-BR, PublicKeyToken=b03f5f7f11d50a3a' ou uma de suas dependências. O sistema não pode encontrar o arquivo especificado.
Nome do arquivo: 'Microsoft.VisualStudio.TestPlatform.TestFramework.resources, Version=14.0.0.0, Culture=pt-BR, PublicKeyToken=b03f5f7f11d50a3a'
   em System.Reflection.RuntimeAssembly._nLoad(AssemblyName fileName, String codeBase, Evidence assemblySecurity, RuntimeAssembly locationHint, StackCrawlMark& stackMark, IntPtr pPrivHostBinder, Boolean throwOnFileNotFound, Boolean forIntrospection, Boolean suppressSecurityChecks)
   em System.Reflection.RuntimeAssembly.nLoad(AssemblyName fileName, String codeBase, Evidence assemblySecurity, RuntimeAssembly locationHint, StackCrawlMark& stackMark, IntPtr pPrivHostBinder, Boolean throwOnFileNotFound, Boolean forIntrospection, Boolean suppressSecurityChecks)
   em System.Reflection.RuntimeAssembly.InternalLoadAssemblyName(AssemblyName assemblyRef, Evidence assemblySecurity, RuntimeAssembly reqAssembly, StackCrawlMark& stackMark, IntPtr pPrivHostBinder, Boolean throwOnFileNotFound, Boolean forIntrospection, Boolean suppressSecurityChecks)
   em System.Reflection.RuntimeAssembly.InternalLoad(String assemblyString, Evidence assemblySecurity, StackCrawlMark& stackMark, IntPtr pPrivHostBinder, Boolean forIntrospection)
   em System.Reflection.RuntimeAssembly.InternalLoad(String assemblyString, Evidence assemblySecurity, StackCrawlMark& stackMark, Boolean forIntrospection)
   em System.Reflection.Assembly.Load(String assemblyString)
   em Microsoft.VisualStudio.TestPlatform.MSTestAdapter.PlatformServices.AssemblyResolver.OnResolveInternal(Object senderAppDomain, ResolveEventArgs args, Boolean isReflectionOnly)

AVI: o log de associações de assembly está desativado.
Para ativar o log de  falhas de assembly, defina o valor do Registro [HKLM\Software\Microsoft\Fusion!EnableLog] (DWORD) como 1.
Observação: há alguma penalidade para o desempenho associada ao log de falha de associação de assembly.
Para desativar esse recurso, remova o valor do Registro [HKLM\Software\Microsoft\Fusion!EnableLog].
 
TpTrace Information: 0 : 8300, 13, 2020/09/18, 18:31:28.177, 48590268088, testhost.x86.exe, AssemblyResolver.OnResolve: Microsoft.VisualStudio.TestPlatform.TestFramework.resources, Version=14.0.0.0, Culture=pt-BR, PublicKeyToken=b03f5f7f11d50a3a: Resolving assembly.
TpTrace Information: 0 : 8300, 13, 2020/09/18, 18:31:28.177, 48590268837, testhost.x86.exe, AssemblyResolver.OnResolve: Microsoft.VisualStudio.TestPlatform.TestFramework.resources, Version=14.0.0.0, Culture=pt-BR, PublicKeyToken=b03f5f7f11d50a3a: Resolved from cache.
TpTrace Information: 0 : 8300, 13, 2020/09/18, 18:31:28.177, 48590269513, testhost.x86.exe, AssemblyResolver: Resolving assembly: Microsoft.VisualStudio.TestPlatform.TestFramework.resources, Version=14.0.0.0, Culture=pt-BR, PublicKeyToken=b03f5f7f11d50a3a.
TpTrace Information: 0 : 8300, 13, 2020/09/18, 18:31:28.177, 48590270898, testhost.x86.exe, AssemblyResolver: Resolving assembly after applying policy: Microsoft.VisualStudio.TestPlatform.TestFramework.resources, Version=14.0.0.0, Culture=pt-BR, PublicKeyToken=b03f5f7f11d50a3a.
TpTrace Information: 0 : 8300, 13, 2020/09/18, 18:31:28.178, 48590277641, testhost.x86.exe, AssemblyResolver: Resolved: Microsoft.VisualStudio.TestPlatform.TestFramework.resources, Version=14.0.0.0, Culture=pt-BR, PublicKeyToken=b03f5f7f11d50a3a.
TpTrace Information: 0 : 8300, 13, 2020/09/18, 18:31:28.192, 48590419547, testhost.x86.exe, AssemblyResolver.OnResolve: Microsoft.VisualStudio.TestPlatform.TestFramework.resources, Version=14.0.0.0, Culture=pt, PublicKeyToken=b03f5f7f11d50a3a: Resolving assembly.
TpTrace Information: 0 : 8300, 13, 2020/09/18, 18:31:28.193, 48590422827, testhost.x86.exe, AssemblyResolver.OnResolve: Microsoft.VisualStudio.TestPlatform.TestFramework.resources, Version=14.0.0.0, Culture=pt, PublicKeyToken=b03f5f7f11d50a3a: Failed to load assembly.
TpTrace Information: 0 : 8300, 13, 2020/09/18, 18:31:28.193, 48590423609, testhost.x86.exe, AssemblyResolver: Resolving assembly: Microsoft.VisualStudio.TestPlatform.TestFramework.resources, Version=14.0.0.0, Culture=pt, PublicKeyToken=b03f5f7f11d50a3a.
TpTrace Information: 0 : 8300, 13, 2020/09/18, 18:31:28.193, 48590425599, testhost.x86.exe, AssemblyResolver: Resolving assembly after applying policy: Microsoft.VisualStudio.TestPlatform.TestFramework.resources, Version=14.0.0.0, Culture=pt, PublicKeyToken=b03f5f7f11d50a3a.
TpTrace Information: 0 : 8300, 13, 2020/09/18, 18:31:28.193, 48590430012, testhost.x86.exe, AssemblyResolver.OnResolve: Microsoft.VisualStudio.TestPlatform.TestFramework.resources, Version=14.0.0.0, Culture=pt, PublicKeyToken=b03f5f7f11d50a3a: Resolving assembly.
TpTrace Information: 0 : 8300, 13, 2020/09/18, 18:31:28.193, 48590430724, testhost.x86.exe, AssemblyResolver.OnResolve: Microsoft.VisualStudio.TestPlatform.TestFramework.resources, Version=14.0.0.0, Culture=pt, PublicKeyToken=b03f5f7f11d50a3a: Resolved from cache.
TpTrace Information: 0 : 8300, 13, 2020/09/18, 18:31:28.194, 48590431378, testhost.x86.exe, AssemblyResolver: Resolving assembly: Microsoft.VisualStudio.TestPlatform.TestFramework.resources, Version=14.0.0.0, Culture=pt, PublicKeyToken=b03f5f7f11d50a3a.
TpTrace Information: 0 : 8300, 13, 2020/09/18, 18:31:28.194, 48590432715, testhost.x86.exe, AssemblyResolver: Resolving assembly after applying policy: Microsoft.VisualStudio.TestPlatform.TestFramework.resources, Version=14.0.0.0, Culture=pt, PublicKeyToken=b03f5f7f11d50a3a.
TpTrace Information: 0 : 8300, 13, 2020/09/18, 18:31:28.194, 48590433401, testhost.x86.exe, AssemblyResolver: Resolved: Microsoft.VisualStudio.TestPlatform.TestFramework.resources, Version=14.0.0.0, Culture=pt, PublicKeyToken=b03f5f7f11d50a3a.
TpTrace Information: 0 : 8300, 13, 2020/09/18, 18:31:28.194, 48590435953, testhost.x86.exe, AssemblyResolver: Microsoft.VisualStudio.TestPlatform.TestFramework.resources, Version=14.0.0.0, Culture=pt, PublicKeyToken=b03f5f7f11d50a3a: Failed to load assembly. Reason:System.IO.FileLoadException: Não foi possível carregar arquivo ou assembly 'Microsoft.VisualStudio.TestPlatform.TestFramework.resources, Version=14.0.0.0, Culture=pt, PublicKeyToken=b03f5f7f11d50a3a' ou uma de suas dependências. A definição do manifesto do assembly localizado não corresponde à referência do assembly. (Exceção de HRESULT: 0x80131040)
Nome do arquivo: 'Microsoft.VisualStudio.TestPlatform.TestFramework.resources, Version=14.0.0.0, Culture=pt, PublicKeyToken=b03f5f7f11d50a3a'
   em System.Reflection.RuntimeAssembly._nLoad(AssemblyName fileName, String codeBase, Evidence assemblySecurity, RuntimeAssembly locationHint, StackCrawlMark& stackMark, IntPtr pPrivHostBinder, Boolean throwOnFileNotFound, Boolean forIntrospection, Boolean suppressSecurityChecks)
   em System.Reflection.RuntimeAssembly.nLoad(AssemblyName fileName, String codeBase, Evidence assemblySecurity, RuntimeAssembly locationHint, StackCrawlMark& stackMark, IntPtr pPrivHostBinder, Boolean throwOnFileNotFound, Boolean forIntrospection, Boolean suppressSecurityChecks)
   em System.Reflection.RuntimeAssembly.InternalLoadAssemblyName(AssemblyName assemblyRef, Evidence assemblySecurity, RuntimeAssembly reqAssembly, StackCrawlMark& stackMark, IntPtr pPrivHostBinder, Boolean throwOnFileNotFound, Boolean forIntrospection, Boolean suppressSecurityChecks)
   em System.Reflection.RuntimeAssembly.InternalLoad(String assemblyString, Evidence assemblySecurity, StackCrawlMark& stackMark, IntPtr pPrivHostBinder, Boolean forIntrospection)
   em System.Reflection.RuntimeAssembly.InternalLoad(String assemblyString, Evidence assemblySecurity, StackCrawlMark& stackMark, Boolean forIntrospection)
   em System.Reflection.Assembly.Load(String assemblyString)
   em Microsoft.VisualStudio.TestPlatform.MSTestAdapter.PlatformServices.AssemblyResolver.OnResolveInternal(Object senderAppDomain, ResolveEventArgs args, Boolean isReflectionOnly)

AVI: o log de associações de assembly está desativado.
Para ativar o log de  falhas de assembly, defina o valor do Registro [HKLM\Software\Microsoft\Fusion!EnableLog] (DWORD) como 1.
Observação: há alguma penalidade para o desempenho associada ao log de falha de associação de assembly.
Para desativar esse recurso, remova o valor do Registro [HKLM\Software\Microsoft\Fusion!EnableLog].
 
TpTrace Information: 0 : 8300, 13, 2020/09/18, 18:31:28.211, 48590607004, testhost.x86.exe, Executed test Somar
TpTrace Warning: 0 : 8300, 13, 2020/09/18, 18:31:28.216, 48590659892, testhost.x86.exe, TestRunCache: InProgressTests is null
TpTrace Information: 0 : 8300, 13, 2020/09/18, 18:31:28.218, 48590677661, testhost.x86.exe, MSTestExecutor:Test Calc.Unit.Test.CalculadoraUnitTest.Somar failed. ErrorMessage:Assert.AreEqual failed. Expected:<0>. Actual:<20>. , ErrorStackTrace:   em Calc.Unit.Test.CalculadoraUnitTest.Somar() na C:\Users\Cliente\source\repos\Calculadora\Calc.Unit.Test\CalculadoraUnitTest.cs:linha 23
.
TpTrace Warning: 0 : 8300, 13, 2020/09/18, 18:31:28.220, 48590692693, testhost.x86.exe, No DataCollection Data set for the test case 68dedd4b-3da6-9474-35ab-19a75362a2f7
TpTrace Warning: 0 : 8300, 13, 2020/09/18, 18:31:28.222, 48590712469, testhost.x86.exe, TestRunCache: InProgressTests is null
TpTrace Warning: 0 : 8300, 13, 2020/09/18, 18:31:28.222, 48590713304, testhost.x86.exe, TestRunCache: No test found corresponding to testResult '' in inProgress list.
TpTrace Information: 0 : 8300, 13, 2020/09/18, 18:31:28.222, 48590714981, testhost.x86.exe, Sending test run statistics
TpTrace Information: 0 : 8300, 13, 2020/09/18, 18:31:28.232, 48590810643, testhost.x86.exe, Sending test run statistics
TpTrace Information: 0 : 8300, 13, 2020/09/18, 18:31:28.232, 48590814209, testhost.x86.exe, Executing test Subtrair
TpTrace Information: 0 : 8300, 13, 2020/09/18, 18:31:28.233, 48590828414, testhost.x86.exe, Executed test Subtrair
TpTrace Warning: 0 : 8300, 13, 2020/09/18, 18:31:28.233, 48590829623, testhost.x86.exe, TestRunCache: InProgressTests is null
TpTrace Information: 0 : 8300, 13, 2020/09/18, 18:31:28.233, 48590830548, testhost.x86.exe, MSTestExecutor:Test Calc.Unit.Test.CalculadoraUnitTest.Subtrair failed. ErrorMessage:Assert.AreEqual failed. Expected:<30>. Actual:<10>. , ErrorStackTrace:   em Calc.Unit.Test.CalculadoraUnitTest.Subtrair() na C:\Users\Cliente\source\repos\Calculadora\Calc.Unit.Test\CalculadoraUnitTest.cs:linha 38
.
TpTrace Warning: 0 : 8300, 13, 2020/09/18, 18:31:28.234, 48590833293, testhost.x86.exe, No DataCollection Data set for the test case be316bd3-820f-9a10-ea16-e92564c61c39
TpTrace Warning: 0 : 8300, 13, 2020/09/18, 18:31:28.234, 48590835469, testhost.x86.exe, TestRunCache: InProgressTests is null
TpTrace Warning: 0 : 8300, 13, 2020/09/18, 18:31:28.234, 48590836252, testhost.x86.exe, TestRunCache: No test found corresponding to testResult '' in inProgress list.
TpTrace Information: 0 : 8300, 13, 2020/09/18, 18:31:28.234, 48590836874, testhost.x86.exe, Sending test run statistics
TpTrace Information: 0 : 8300, 13, 2020/09/18, 18:31:28.234, 48590840406, testhost.x86.exe, Sending test run statistics
TpTrace Information: 0 : 8300, 13, 2020/09/18, 18:31:28.235, 48590843640, testhost.x86.exe, Executing test Dividir
TpTrace Information: 0 : 8300, 13, 2020/09/18, 18:31:28.236, 48590855406, testhost.x86.exe, Executed test Dividir
TpTrace Warning: 0 : 8300, 13, 2020/09/18, 18:31:28.236, 48590856337, testhost.x86.exe, TestRunCache: InProgressTests is null
TpTrace Information: 0 : 8300, 13, 2020/09/18, 18:31:28.236, 48590857141, testhost.x86.exe, MSTestExecutor:Test Calc.Unit.Test.CalculadoraUnitTest.Dividir failed. ErrorMessage:Assert.AreEqual failed. Expected:<200>. Actual:<2>. , ErrorStackTrace:   em Calc.Unit.Test.CalculadoraUnitTest.Dividir() na C:\Users\Cliente\source\repos\Calculadora\Calc.Unit.Test\CalculadoraUnitTest.cs:linha 53
.
TpTrace Warning: 0 : 8300, 13, 2020/09/18, 18:31:28.236, 48590857926, testhost.x86.exe, No DataCollection Data set for the test case c4e64bae-a42a-81dc-6b93-3216b7d9a786
TpTrace Warning: 0 : 8300, 13, 2020/09/18, 18:31:28.236, 48590858596, testhost.x86.exe, TestRunCache: InProgressTests is null
TpTrace Warning: 0 : 8300, 13, 2020/09/18, 18:31:28.236, 48590859313, testhost.x86.exe, TestRunCache: No test found corresponding to testResult '' in inProgress list.
TpTrace Information: 0 : 8300, 13, 2020/09/18, 18:31:28.237, 48590866204, testhost.x86.exe, Sending test run statistics
TpTrace Information: 0 : 8300, 13, 2020/09/18, 18:31:28.238, 48590879071, testhost.x86.exe, Sending test run statistics
TpTrace Information: 0 : 8300, 13, 2020/09/18, 18:31:28.239, 48590882030, testhost.x86.exe, Executing test Multiplicacao
TpTrace Information: 0 : 8300, 13, 2020/09/18, 18:31:28.240, 48590894605, testhost.x86.exe, Executed test Multiplicacao
TpTrace Warning: 0 : 8300, 13, 2020/09/18, 18:31:28.240, 48590895527, testhost.x86.exe, TestRunCache: InProgressTests is null
TpTrace Information: 0 : 8300, 13, 2020/09/18, 18:31:28.240, 48590896350, testhost.x86.exe, MSTestExecutor:Test Calc.Unit.Test.CalculadoraUnitTest.Multiplicacao failed. ErrorMessage:Assert.AreEqual failed. Expected:<2>. Actual:<200>. , ErrorStackTrace:   em Calc.Unit.Test.CalculadoraUnitTest.Multiplicacao() na C:\Users\Cliente\source\repos\Calculadora\Calc.Unit.Test\CalculadoraUnitTest.cs:linha 68
.
TpTrace Warning: 0 : 8300, 13, 2020/09/18, 18:31:28.240, 48590897195, testhost.x86.exe, No DataCollection Data set for the test case c525d128-58e3-1627-690a-792292d84a1c
TpTrace Warning: 0 : 8300, 13, 2020/09/18, 18:31:28.240, 48590897842, testhost.x86.exe, TestRunCache: InProgressTests is null
TpTrace Warning: 0 : 8300, 13, 2020/09/18, 18:31:28.240, 48590898483, testhost.x86.exe, TestRunCache: No test found corresponding to testResult '' in inProgress list.
TpTrace Information: 0 : 8300, 13, 2020/09/18, 18:31:28.240, 48590899093, testhost.x86.exe, Sending test run statistics
TpTrace Information: 0 : 8300, 13, 2020/09/18, 18:31:28.241, 48590902600, testhost.x86.exe, Sending test run statistics
TpTrace Information: 0 : 8300, 13, 2020/09/18, 18:31:28.241, 48590904809, testhost.x86.exe, Executing test SomarJuros
TpTrace Information: 0 : 8300, 13, 2020/09/18, 18:31:28.466, 48593162543, testhost.x86.exe, AssemblyResolver.OnResolve: Moq.resources, Version=4.12.0.0, Culture=pt-BR, PublicKeyToken=69f491c39445e920: Resolving assembly.
TpTrace Information: 0 : 8300, 13, 2020/09/18, 18:31:28.466, 48593166404, testhost.x86.exe, AssemblyResolver.OnResolve: Moq.resources, Version=4.12.0.0, Culture=pt-BR, PublicKeyToken=69f491c39445e920: Failed to load assembly.
TpTrace Information: 0 : 8300, 13, 2020/09/18, 18:31:28.466, 48593167299, testhost.x86.exe, AssemblyResolver: Resolving assembly: Moq.resources, Version=4.12.0.0, Culture=pt-BR, PublicKeyToken=69f491c39445e920.
TpTrace Information: 0 : 8300, 13, 2020/09/18, 18:31:28.467, 48593169728, testhost.x86.exe, AssemblyResolver: Resolving assembly after applying policy: Moq.resources, Version=4.12.0.0, Culture=pt-BR, PublicKeyToken=69f491c39445e920.
TpTrace Information: 0 : 8300, 13, 2020/09/18, 18:31:28.467, 48593173907, testhost.x86.exe, AssemblyResolver.OnResolve: Moq.resources, Version=4.12.0.0, Culture=pt-BR, PublicKeyToken=69f491c39445e920: Resolving assembly.
TpTrace Information: 0 : 8300, 13, 2020/09/18, 18:31:28.467, 48593174682, testhost.x86.exe, AssemblyResolver.OnResolve: Moq.resources, Version=4.12.0.0, Culture=pt-BR, PublicKeyToken=69f491c39445e920: Resolved from cache.
TpTrace Information: 0 : 8300, 13, 2020/09/18, 18:31:28.467, 48593175327, testhost.x86.exe, AssemblyResolver: Resolving assembly: Moq.resources, Version=4.12.0.0, Culture=pt-BR, PublicKeyToken=69f491c39445e920.
TpTrace Information: 0 : 8300, 13, 2020/09/18, 18:31:28.467, 48593176593, testhost.x86.exe, AssemblyResolver: Resolving assembly after applying policy: Moq.resources, Version=4.12.0.0, Culture=pt-BR, PublicKeyToken=69f491c39445e920.
TpTrace Information: 0 : 8300, 13, 2020/09/18, 18:31:28.467, 48593177276, testhost.x86.exe, AssemblyResolver: Resolved: Moq.resources, Version=4.12.0.0, Culture=pt-BR, PublicKeyToken=69f491c39445e920.
TpTrace Information: 0 : 8300, 13, 2020/09/18, 18:31:28.468, 48593179979, testhost.x86.exe, AssemblyResolver: Moq.resources, Version=4.12.0.0, Culture=pt-BR, PublicKeyToken=69f491c39445e920: Failed to load assembly. Reason:System.IO.FileNotFoundException: Não foi possível carregar arquivo ou assembly 'Moq.resources, Version=4.12.0.0, Culture=pt-BR, PublicKeyToken=69f491c39445e920' ou uma de suas dependências. O sistema não pode encontrar o arquivo especificado.
Nome do arquivo: 'Moq.resources, Version=4.12.0.0, Culture=pt-BR, PublicKeyToken=69f491c39445e920'
   em System.Reflection.RuntimeAssembly._nLoad(AssemblyName fileName, String codeBase, Evidence assemblySecurity, RuntimeAssembly locationHint, StackCrawlMark& stackMark, IntPtr pPrivHostBinder, Boolean throwOnFileNotFound, Boolean forIntrospection, Boolean suppressSecurityChecks)
   em System.Reflection.RuntimeAssembly.nLoad(AssemblyName fileName, String codeBase, Evidence assemblySecurity, RuntimeAssembly locationHint, StackCrawlMark& stackMark, IntPtr pPrivHostBinder, Boolean throwOnFileNotFound, Boolean forIntrospection, Boolean suppressSecurityChecks)
   em System.Reflection.RuntimeAssembly.InternalLoadAssemblyName(AssemblyName assemblyRef, Evidence assemblySecurity, RuntimeAssembly reqAssembly, StackCrawlMark& stackMark, IntPtr pPrivHostBinder, Boolean throwOnFileNotFound, Boolean forIntrospection, Boolean suppressSecurityChecks)
   em System.Reflection.RuntimeAssembly.InternalLoad(String assemblyString, Evidence assemblySecurity, StackCrawlMark& stackMark, IntPtr pPrivHostBinder, Boolean forIntrospection)
   em System.Reflection.RuntimeAssembly.InternalLoad(String assemblyString, Evidence assemblySecurity, StackCrawlMark& stackMark, Boolean forIntrospection)
   em System.Reflection.Assembly.Load(String assemblyString)
   em Microsoft.VisualStudio.TestPlatform.MSTestAdapter.PlatformServices.AssemblyResolver.OnResolveInternal(Object senderAppDomain, ResolveEventArgs args, Boolean isReflectionOnly)

AVI: o log de associações de assembly está desativado.
Para ativar o log de  falhas de assembly, defina o valor do Registro [HKLM\Software\Microsoft\Fusion!EnableLog] (DWORD) como 1.
Observação: há alguma penalidade para o desempenho associada ao log de falha de associação de assembly.
Para desativar esse recurso, remova o valor do Registro [HKLM\Software\Microsoft\Fusion!EnableLog].
 
TpTrace Information: 0 : 8300, 13, 2020/09/18, 18:31:28.468, 48593181858, testhost.x86.exe, AssemblyResolver.OnResolve: Moq.resources, Version=4.12.0.0, Culture=pt-BR, PublicKeyToken=69f491c39445e920: Resolving assembly.
TpTrace Information: 0 : 8300, 13, 2020/09/18, 18:31:28.468, 48593182595, testhost.x86.exe, AssemblyResolver.OnResolve: Moq.resources, Version=4.12.0.0, Culture=pt-BR, PublicKeyToken=69f491c39445e920: Resolved from cache.
TpTrace Information: 0 : 8300, 13, 2020/09/18, 18:31:28.468, 48593183214, testhost.x86.exe, AssemblyResolver: Resolving assembly: Moq.resources, Version=4.12.0.0, Culture=pt-BR, PublicKeyToken=69f491c39445e920.
TpTrace Information: 0 : 8300, 13, 2020/09/18, 18:31:28.468, 48593184410, testhost.x86.exe, AssemblyResolver: Resolving assembly after applying policy: Moq.resources, Version=4.12.0.0, Culture=pt-BR, PublicKeyToken=69f491c39445e920.
TpTrace Information: 0 : 8300, 13, 2020/09/18, 18:31:28.468, 48593185118, testhost.x86.exe, AssemblyResolver: Resolved: Moq.resources, Version=4.12.0.0, Culture=pt-BR, PublicKeyToken=69f491c39445e920.
TpTrace Information: 0 : 8300, 13, 2020/09/18, 18:31:28.469, 48593195515, testhost.x86.exe, AssemblyResolver.OnResolve: Moq.resources, Version=4.12.0.0, Culture=pt, PublicKeyToken=69f491c39445e920: Resolving assembly.
TpTrace Information: 0 : 8300, 13, 2020/09/18, 18:31:28.469, 48593198182, testhost.x86.exe, AssemblyResolver.OnResolve: Moq.resources, Version=4.12.0.0, Culture=pt, PublicKeyToken=69f491c39445e920: Failed to load assembly.
TpTrace Information: 0 : 8300, 13, 2020/09/18, 18:31:28.469, 48593199006, testhost.x86.exe, AssemblyResolver: Resolving assembly: Moq.resources, Version=4.12.0.0, Culture=pt, PublicKeyToken=69f491c39445e920.
TpTrace Information: 0 : 8300, 13, 2020/09/18, 18:31:28.470, 48593200805, testhost.x86.exe, AssemblyResolver: Resolving assembly after applying policy: Moq.resources, Version=4.12.0.0, Culture=pt, PublicKeyToken=69f491c39445e920.
TpTrace Information: 0 : 8300, 13, 2020/09/18, 18:31:28.470, 48593204559, testhost.x86.exe, AssemblyResolver.OnResolve: Moq.resources, Version=4.12.0.0, Culture=pt, PublicKeyToken=69f491c39445e920: Resolving assembly.
TpTrace Information: 0 : 8300, 13, 2020/09/18, 18:31:28.470, 48593205250, testhost.x86.exe, AssemblyResolver.OnResolve: Moq.resources, Version=4.12.0.0, Culture=pt, PublicKeyToken=69f491c39445e920: Resolved from cache.
TpTrace Information: 0 : 8300, 13, 2020/09/18, 18:31:28.470, 48593205914, testhost.x86.exe, AssemblyResolver: Resolving assembly: Moq.resources, Version=4.12.0.0, Culture=pt, PublicKeyToken=69f491c39445e920.
TpTrace Information: 0 : 8300, 13, 2020/09/18, 18:31:28.470, 48593207100, testhost.x86.exe, AssemblyResolver: Resolving assembly after applying policy: Moq.resources, Version=4.12.0.0, Culture=pt, PublicKeyToken=69f491c39445e920.
TpTrace Information: 0 : 8300, 13, 2020/09/18, 18:31:28.470, 48593207770, testhost.x86.exe, AssemblyResolver: Resolved: Moq.resources, Version=4.12.0.0, Culture=pt, PublicKeyToken=69f491c39445e920.
TpTrace Information: 0 : 8300, 13, 2020/09/18, 18:31:28.471, 48593210259, testhost.x86.exe, AssemblyResolver: Moq.resources, Version=4.12.0.0, Culture=pt, PublicKeyToken=69f491c39445e920: Failed to load assembly. Reason:System.IO.FileNotFoundException: Não foi possível carregar arquivo ou assembly 'Moq.resources, Version=4.12.0.0, Culture=pt, PublicKeyToken=69f491c39445e920' ou uma de suas dependências. O sistema não pode encontrar o arquivo especificado.
Nome do arquivo: 'Moq.resources, Version=4.12.0.0, Culture=pt, PublicKeyToken=69f491c39445e920'
   em System.Reflection.RuntimeAssembly._nLoad(AssemblyName fileName, String codeBase, Evidence assemblySecurity, RuntimeAssembly locationHint, StackCrawlMark& stackMark, IntPtr pPrivHostBinder, Boolean throwOnFileNotFound, Boolean forIntrospection, Boolean suppressSecurityChecks)
   em System.Reflection.RuntimeAssembly.nLoad(AssemblyName fileName, String codeBase, Evidence assemblySecurity, RuntimeAssembly locationHint, StackCrawlMark& stackMark, IntPtr pPrivHostBinder, Boolean throwOnFileNotFound, Boolean forIntrospection, Boolean suppressSecurityChecks)
   em System.Reflection.RuntimeAssembly.InternalLoadAssemblyName(AssemblyName assemblyRef, Evidence assemblySecurity, RuntimeAssembly reqAssembly, StackCrawlMark& stackMark, IntPtr pPrivHostBinder, Boolean throwOnFileNotFound, Boolean forIntrospection, Boolean suppressSecurityChecks)
   em System.Reflection.RuntimeAssembly.InternalLoad(String assemblyString, Evidence assemblySecurity, StackCrawlMark& stackMark, IntPtr pPrivHostBinder, Boolean forIntrospection)
   em System.Reflection.RuntimeAssembly.InternalLoad(String assemblyString, Evidence assemblySecurity, StackCrawlMark& stackMark, Boolean forIntrospection)
   em System.Reflection.Assembly.Load(String assemblyString)
   em Microsoft.VisualStudio.TestPlatform.MSTestAdapter.PlatformServices.AssemblyResolver.OnResolveInternal(Object senderAppDomain, ResolveEventArgs args, Boolean isReflectionOnly)

AVI: o log de associações de assembly está desativado.
Para ativar o log de  falhas de assembly, defina o valor do Registro [HKLM\Software\Microsoft\Fusion!EnableLog] (DWORD) como 1.
Observação: há alguma penalidade para o desempenho associada ao log de falha de associação de assembly.
Para desativar esse recurso, remova o valor do Registro [HKLM\Software\Microsoft\Fusion!EnableLog].
 
TpTrace Information: 0 : 8300, 13, 2020/09/18, 18:31:28.471, 48593212169, testhost.x86.exe, AssemblyResolver.OnResolve: Moq.resources, Version=4.12.0.0, Culture=pt, PublicKeyToken=69f491c39445e920: Resolving assembly.
TpTrace Information: 0 : 8300, 13, 2020/09/18, 18:31:28.471, 48593212853, testhost.x86.exe, AssemblyResolver.OnResolve: Moq.resources, Version=4.12.0.0, Culture=pt, PublicKeyToken=69f491c39445e920: Resolved from cache.
TpTrace Information: 0 : 8300, 13, 2020/09/18, 18:31:28.471, 48593213467, testhost.x86.exe, AssemblyResolver: Resolving assembly: Moq.resources, Version=4.12.0.0, Culture=pt, PublicKeyToken=69f491c39445e920.
TpTrace Information: 0 : 8300, 13, 2020/09/18, 18:31:28.471, 48593214689, testhost.x86.exe, AssemblyResolver: Resolving assembly after applying policy: Moq.resources, Version=4.12.0.0, Culture=pt, PublicKeyToken=69f491c39445e920.
TpTrace Information: 0 : 8300, 13, 2020/09/18, 18:31:28.471, 48593215352, testhost.x86.exe, AssemblyResolver: Resolved: Moq.resources, Version=4.12.0.0, Culture=pt, PublicKeyToken=69f491c39445e920.
TpTrace Information: 0 : 8300, 13, 2020/09/18, 18:31:28.475, 48593251403, testhost.x86.exe, AssemblyResolver.OnResolve: Microsoft.VisualStudio.TestPlatform.MSTest.TestAdapter.resources, Version=14.0.0.0, Culture=pt-BR, PublicKeyToken=b03f5f7f11d50a3a: Resolving assembly.
TpTrace Information: 0 : 8300, 13, 2020/09/18, 18:31:28.475, 48593254800, testhost.x86.exe, AssemblyResolver.OnResolve: Microsoft.VisualStudio.TestPlatform.MSTest.TestAdapter.resources, Version=14.0.0.0, Culture=pt-BR, PublicKeyToken=b03f5f7f11d50a3a: Failed to load assembly.
TpTrace Information: 0 : 8300, 13, 2020/09/18, 18:31:28.475, 48593255547, testhost.x86.exe, AssemblyResolver: Resolving assembly: Microsoft.VisualStudio.TestPlatform.MSTest.TestAdapter.resources, Version=14.0.0.0, Culture=pt-BR, PublicKeyToken=b03f5f7f11d50a3a.
TpTrace Information: 0 : 8300, 13, 2020/09/18, 18:31:28.475, 48593257515, testhost.x86.exe, AssemblyResolver: Resolving assembly after applying policy: Microsoft.VisualStudio.TestPlatform.MSTest.TestAdapter.resources, Version=14.0.0.0, Culture=pt-BR, PublicKeyToken=b03f5f7f11d50a3a.
TpTrace Information: 0 : 8300, 13, 2020/09/18, 18:31:28.476, 48593262344, testhost.x86.exe, AssemblyResolver.OnResolve: Microsoft.VisualStudio.TestPlatform.MSTest.TestAdapter.resources, Version=14.0.0.0, Culture=pt-BR, PublicKeyToken=b03f5f7f11d50a3a: Resolving assembly.
TpTrace Information: 0 : 8300, 13, 2020/09/18, 18:31:28.476, 48593263080, testhost.x86.exe, AssemblyResolver.OnResolve: Microsoft.VisualStudio.TestPlatform.MSTest.TestAdapter.resources, Version=14.0.0.0, Culture=pt-BR, PublicKeyToken=b03f5f7f11d50a3a: Resolved from cache.
TpTrace Information: 0 : 8300, 13, 2020/09/18, 18:31:28.476, 48593263720, testhost.x86.exe, AssemblyResolver: Resolving assembly: Microsoft.VisualStudio.TestPlatform.MSTest.TestAdapter.resources, Version=14.0.0.0, Culture=pt-BR, PublicKeyToken=b03f5f7f11d50a3a.
TpTrace Information: 0 : 8300, 13, 2020/09/18, 18:31:28.476, 48593265101, testhost.x86.exe, AssemblyResolver: Resolving assembly after applying policy: Microsoft.VisualStudio.TestPlatform.MSTest.TestAdapter.resources, Version=14.0.0.0, Culture=pt-BR, PublicKeyToken=b03f5f7f11d50a3a.
TpTrace Information: 0 : 8300, 13, 2020/09/18, 18:31:28.476, 48593265781, testhost.x86.exe, AssemblyResolver: Resolved: Microsoft.VisualStudio.TestPlatform.MSTest.TestAdapter.resources, Version=14.0.0.0, Culture=pt-BR, PublicKeyToken=b03f5f7f11d50a3a.
TpTrace Information: 0 : 8300, 13, 2020/09/18, 18:31:28.476, 48593268597, testhost.x86.exe, AssemblyResolver: Microsoft.VisualStudio.TestPlatform.MSTest.TestAdapter.resources, Version=14.0.0.0, Culture=pt-BR, PublicKeyToken=b03f5f7f11d50a3a: Failed to load assembly. Reason:System.IO.FileNotFoundException: Não foi possível carregar arquivo ou assembly 'Microsoft.VisualStudio.TestPlatform.MSTest.TestAdapter.resources, Version=14.0.0.0, Culture=pt-BR, PublicKeyToken=b03f5f7f11d50a3a' ou uma de suas dependências. O sistema não pode encontrar o arquivo especificado.
Nome do arquivo: 'Microsoft.VisualStudio.TestPlatform.MSTest.TestAdapter.resources, Version=14.0.0.0, Culture=pt-BR, PublicKeyToken=b03f5f7f11d50a3a'
   em System.Reflection.RuntimeAssembly._nLoad(AssemblyName fileName, String codeBase, Evidence assemblySecurity, RuntimeAssembly locationHint, StackCrawlMark& stackMark, IntPtr pPrivHostBinder, Boolean throwOnFileNotFound, Boolean forIntrospection, Boolean suppressSecurityChecks)
   em System.Reflection.RuntimeAssembly.nLoad(AssemblyName fileName, String codeBase, Evidence assemblySecurity, RuntimeAssembly locationHint, StackCrawlMark& stackMark, IntPtr pPrivHostBinder, Boolean throwOnFileNotFound, Boolean forIntrospection, Boolean suppressSecurityChecks)
   em System.Reflection.RuntimeAssembly.InternalLoadAssemblyName(AssemblyName assemblyRef, Evidence assemblySecurity, RuntimeAssembly reqAssembly, StackCrawlMark& stackMark, IntPtr pPrivHostBinder, Boolean throwOnFileNotFound, Boolean forIntrospection, Boolean suppressSecurityChecks)
   em System.Reflection.RuntimeAssembly.InternalLoad(String assemblyString, Evidence assemblySecurity, StackCrawlMark& stackMark, IntPtr pPrivHostBinder, Boolean forIntrospection)
   em System.Reflection.RuntimeAssembly.InternalLoad(String assemblyString, Evidence assemblySecurity, StackCrawlMark& stackMark, Boolean forIntrospection)
   em System.Reflection.Assembly.Load(String assemblyString)
   em Microsoft.VisualStudio.TestPlatform.MSTestAdapter.PlatformServices.AssemblyResolver.OnResolveInternal(Object senderAppDomain, ResolveEventArgs args, Boolean isReflectionOnly)

AVI: o log de associações de assembly está desativado.
Para ativar o log de  falhas de assembly, defina o valor do Registro [HKLM\Software\Microsoft\Fusion!EnableLog] (DWORD) como 1.
Observação: há alguma penalidade para o desempenho associada ao log de falha de associação de assembly.
Para desativar esse recurso, remova o valor do Registro [HKLM\Software\Microsoft\Fusion!EnableLog].
 
TpTrace Information: 0 : 8300, 13, 2020/09/18, 18:31:28.477, 48593270271, testhost.x86.exe, AssemblyResolver.OnResolve: Microsoft.VisualStudio.TestPlatform.MSTest.TestAdapter.resources, Version=14.0.0.0, Culture=pt-BR, PublicKeyToken=b03f5f7f11d50a3a: Resolving assembly.
TpTrace Information: 0 : 8300, 13, 2020/09/18, 18:31:28.477, 48593271005, testhost.x86.exe, AssemblyResolver.OnResolve: Microsoft.VisualStudio.TestPlatform.MSTest.TestAdapter.resources, Version=14.0.0.0, Culture=pt-BR, PublicKeyToken=b03f5f7f11d50a3a: Resolved from cache.
TpTrace Information: 0 : 8300, 13, 2020/09/18, 18:31:28.477, 48593271643, testhost.x86.exe, AssemblyResolver: Resolving assembly: Microsoft.VisualStudio.TestPlatform.MSTest.TestAdapter.resources, Version=14.0.0.0, Culture=pt-BR, PublicKeyToken=b03f5f7f11d50a3a.
TpTrace Information: 0 : 8300, 13, 2020/09/18, 18:31:28.477, 48593273057, testhost.x86.exe, AssemblyResolver: Resolving assembly after applying policy: Microsoft.VisualStudio.TestPlatform.MSTest.TestAdapter.resources, Version=14.0.0.0, Culture=pt-BR, PublicKeyToken=b03f5f7f11d50a3a.
TpTrace Information: 0 : 8300, 13, 2020/09/18, 18:31:28.477, 48593273734, testhost.x86.exe, AssemblyResolver: Resolved: Microsoft.VisualStudio.TestPlatform.MSTest.TestAdapter.resources, Version=14.0.0.0, Culture=pt-BR, PublicKeyToken=b03f5f7f11d50a3a.
TpTrace Information: 0 : 8300, 13, 2020/09/18, 18:31:28.496, 48593468458, testhost.x86.exe, AssemblyResolver.OnResolve: Microsoft.VisualStudio.TestPlatform.MSTest.TestAdapter.resources, Version=14.0.0.0, Culture=pt, PublicKeyToken=b03f5f7f11d50a3a: Resolving assembly.
TpTrace Information: 0 : 8300, 13, 2020/09/18, 18:31:28.497, 48593471839, testhost.x86.exe, AssemblyResolver.OnResolve: Microsoft.VisualStudio.TestPlatform.MSTest.TestAdapter.resources, Version=14.0.0.0, Culture=pt, PublicKeyToken=b03f5f7f11d50a3a: Failed to load assembly.
TpTrace Information: 0 : 8300, 13, 2020/09/18, 18:31:28.497, 48593472613, testhost.x86.exe, AssemblyResolver: Resolving assembly: Microsoft.VisualStudio.TestPlatform.MSTest.TestAdapter.resources, Version=14.0.0.0, Culture=pt, PublicKeyToken=b03f5f7f11d50a3a.
TpTrace Information: 0 : 8300, 13, 2020/09/18, 18:31:28.497, 48593474749, testhost.x86.exe, AssemblyResolver: Resolving assembly after applying policy: Microsoft.VisualStudio.TestPlatform.MSTest.TestAdapter.resources, Version=14.0.0.0, Culture=pt, PublicKeyToken=b03f5f7f11d50a3a.
TpTrace Information: 0 : 8300, 13, 2020/09/18, 18:31:28.498, 48593479030, testhost.x86.exe, AssemblyResolver.OnResolve: Microsoft.VisualStudio.TestPlatform.MSTest.TestAdapter.resources, Version=14.0.0.0, Culture=pt, PublicKeyToken=b03f5f7f11d50a3a: Resolving assembly.
TpTrace Information: 0 : 8300, 13, 2020/09/18, 18:31:28.498, 48593480096, testhost.x86.exe, AssemblyResolver.OnResolve: Microsoft.VisualStudio.TestPlatform.MSTest.TestAdapter.resources, Version=14.0.0.0, Culture=pt, PublicKeyToken=b03f5f7f11d50a3a: Resolved from cache.
TpTrace Information: 0 : 8300, 13, 2020/09/18, 18:31:28.498, 48593481163, testhost.x86.exe, AssemblyResolver: Resolving assembly: Microsoft.VisualStudio.TestPlatform.MSTest.TestAdapter.resources, Version=14.0.0.0, Culture=pt, PublicKeyToken=b03f5f7f11d50a3a.
TpTrace Information: 0 : 8300, 13, 2020/09/18, 18:31:28.498, 48593482648, testhost.x86.exe, AssemblyResolver: Resolving assembly after applying policy: Microsoft.VisualStudio.TestPlatform.MSTest.TestAdapter.resources, Version=14.0.0.0, Culture=pt, PublicKeyToken=b03f5f7f11d50a3a.
TpTrace Information: 0 : 8300, 13, 2020/09/18, 18:31:28.498, 48593483408, testhost.x86.exe, AssemblyResolver: Resolved: Microsoft.VisualStudio.TestPlatform.MSTest.TestAdapter.resources, Version=14.0.0.0, Culture=pt, PublicKeyToken=b03f5f7f11d50a3a.
TpTrace Information: 0 : 8300, 13, 2020/09/18, 18:31:28.498, 48593487303, testhost.x86.exe, AssemblyResolver: Microsoft.VisualStudio.TestPlatform.MSTest.TestAdapter.resources, Version=14.0.0.0, Culture=pt, PublicKeyToken=b03f5f7f11d50a3a: Failed to load assembly. Reason:System.IO.FileLoadException: Não foi possível carregar arquivo ou assembly 'Microsoft.VisualStudio.TestPlatform.MSTest.TestAdapter.resources, Version=14.0.0.0, Culture=pt, PublicKeyToken=b03f5f7f11d50a3a' ou uma de suas dependências. A definição do manifesto do assembly localizado não corresponde à referência do assembly. (Exceção de HRESULT: 0x80131040)
Nome do arquivo: 'Microsoft.VisualStudio.TestPlatform.MSTest.TestAdapter.resources, Version=14.0.0.0, Culture=pt, PublicKeyToken=b03f5f7f11d50a3a'
   em System.Reflection.RuntimeAssembly._nLoad(AssemblyName fileName, String codeBase, Evidence assemblySecurity, RuntimeAssembly locationHint, StackCrawlMark& stackMark, IntPtr pPrivHostBinder, Boolean throwOnFileNotFound, Boolean forIntrospection, Boolean suppressSecurityChecks)
   em System.Reflection.RuntimeAssembly.nLoad(AssemblyName fileName, String codeBase, Evidence assemblySecurity, RuntimeAssembly locationHint, StackCrawlMark& stackMark, IntPtr pPrivHostBinder, Boolean throwOnFileNotFound, Boolean forIntrospection, Boolean suppressSecurityChecks)
   em System.Reflection.RuntimeAssembly.InternalLoadAssemblyName(AssemblyName assemblyRef, Evidence assemblySecurity, RuntimeAssembly reqAssembly, StackCrawlMark& stackMark, IntPtr pPrivHostBinder, Boolean throwOnFileNotFound, Boolean forIntrospection, Boolean suppressSecurityChecks)
   em System.Reflection.RuntimeAssembly.InternalLoad(String assemblyString, Evidence assemblySecurity, StackCrawlMark& stackMark, IntPtr pPrivHostBinder, Boolean forIntrospection)
   em System.Reflection.RuntimeAssembly.InternalLoad(String assemblyString, Evidence assemblySecurity, StackCrawlMark& stackMark, Boolean forIntrospection)
   em System.Reflection.Assembly.Load(String assemblyString)
   em Microsoft.VisualStudio.TestPlatform.MSTestAdapter.PlatformServices.AssemblyResolver.OnResolveInternal(Object senderAppDomain, ResolveEventArgs args, Boolean isReflectionOnly)

AVI: o log de associações de assembly está desativado.
Para ativar o log de  falhas de assembly, defina o valor do Registro [HKLM\Software\Microsoft\Fusion!EnableLog] (DWORD) como 1.
Observação: há alguma penalidade para o desempenho associada ao log de falha de associação de assembly.
Para desativar esse recurso, remova o valor do Registro [HKLM\Software\Microsoft\Fusion!EnableLog].
 
TpTrace Information: 0 : 8300, 13, 2020/09/18, 18:31:28.506, 48593565863, testhost.x86.exe, Executed test SomarJuros
TpTrace Warning: 0 : 8300, 13, 2020/09/18, 18:31:28.506, 48593567253, testhost.x86.exe, TestRunCache: InProgressTests is null
TpTrace Information: 0 : 8300, 13, 2020/09/18, 18:31:28.506, 48593568167, testhost.x86.exe, MSTestExecutor:Test Calc.Unit.Test.CalculadoraJurosUnitTest.SomarJuros failed. ErrorMessage:Test method Calc.Unit.Test.CalculadoraJurosUnitTest.SomarJuros threw exception: 
Moq.MockException: ICalculadora.Somar(10, 100) invocation failed with mock behavior Strict.
All invocations on the mock must have a corresponding setup., ErrorStackTrace:    em Moq.Mock.Moq.IInterceptor.Intercept(Invocation invocation)
   em Moq.CastleProxyFactory.Interceptor.Intercept(IInvocation invocation)
   em Castle.DynamicProxy.AbstractInvocation.Proceed()
   em Castle.Proxies.ICalculadoraProxy.Somar(Double primeiroNumero, Double segundoNumero)
   em Calc.Business.CalculadoraJuros.SomarJuros(Double valor, Double jurosEmPorcentagem)
   em Calc.Unit.Test.CalculadoraJurosUnitTest.SomarJuros() na C:\Users\Cliente\source\repos\Calculadora\Calc.Unit.Test\CalculadoraJurosUnitTest.cs:linha 39
.
TpTrace Warning: 0 : 8300, 13, 2020/09/18, 18:31:28.507, 48593569230, testhost.x86.exe, No DataCollection Data set for the test case 51c62726-77c4-ae4f-e60d-439c608401fd
TpTrace Warning: 0 : 8300, 13, 2020/09/18, 18:31:28.507, 48593570079, testhost.x86.exe, TestRunCache: InProgressTests is null
TpTrace Warning: 0 : 8300, 13, 2020/09/18, 18:31:28.507, 48593570767, testhost.x86.exe, TestRunCache: No test found corresponding to testResult '' in inProgress list.
TpTrace Information: 0 : 8300, 13, 2020/09/18, 18:31:28.507, 48593571388, testhost.x86.exe, Sending test run statistics
TpTrace Information: 0 : 8300, 13, 2020/09/18, 18:31:28.509, 48593589439, testhost.x86.exe, Sending test run statistics
TpTrace Information: 0 : 8300, 13, 2020/09/18, 18:31:28.509, 48593592053, testhost.x86.exe, Executing test SomarJuros2_Exception
TpTrace Information: 0 : 8300, 13, 2020/09/18, 18:31:28.536, 48593864094, testhost.x86.exe, Executed test SomarJuros2_Exception
TpTrace Warning: 0 : 8300, 13, 2020/09/18, 18:31:28.536, 48593865197, testhost.x86.exe, TestRunCache: InProgressTests is null
TpTrace Information: 0 : 8300, 13, 2020/09/18, 18:31:28.536, 48593866425, testhost.x86.exe, MSTestExecutor:Test Calc.Unit.Test.CalculadoraJurosUnitTest.SomarJuros2_Exception failed. ErrorMessage:Test method Calc.Unit.Test.CalculadoraJurosUnitTest.SomarJuros2_Exception threw exception: 
Moq.MockException: 
Expected invocation on the mock once, but was 0 times: _ => _.Somar(10, 1)

Performed invocations:

   Mock<ICalculadora:2> (_):

      ICalculadora.Somar(10, 100)
, ErrorStackTrace:    em Moq.Mock.Verify(Mock mock, LambdaExpression expression, Times times, String failMessage)
   em Moq.Mock`1.Verify[TResult](Expression`1 expression, Func`1 times)
   em Calc.Unit.Test.CalculadoraJurosUnitTest.SomarJuros2_Exception() na C:\Users\Cliente\source\repos\Calculadora\Calc.Unit.Test\CalculadoraJurosUnitTest.cs:linha 64
.
TpTrace Warning: 0 : 8300, 13, 2020/09/18, 18:31:28.536, 48593867313, testhost.x86.exe, No DataCollection Data set for the test case 72b6a49a-f71b-4056-9d9e-ad13a5c9f0d2
TpTrace Warning: 0 : 8300, 13, 2020/09/18, 18:31:28.536, 48593868055, testhost.x86.exe, TestRunCache: InProgressTests is null
TpTrace Warning: 0 : 8300, 13, 2020/09/18, 18:31:28.536, 48593868654, testhost.x86.exe, TestRunCache: No test found corresponding to testResult '' in inProgress list.
TpTrace Information: 0 : 8300, 13, 2020/09/18, 18:31:28.537, 48593869516, testhost.x86.exe, Sending test run statistics
TpTrace Information: 0 : 8300, 13, 2020/09/18, 18:31:28.539, 48593889826, testhost.x86.exe, Executing cleanup methods.
TpTrace Information: 0 : 8300, 13, 2020/09/18, 18:31:28.541, 48593914247, testhost.x86.exe, Executed cleanup methods.
TpTrace Information: 0 : 8300, 13, 2020/09/18, 18:31:28.541, 48593915269, testhost.x86.exe, Executed tests belonging to source C:\Users\Cliente\source\repos\Calculadora\Calc.Unit.Test\bin\Debug\Calc.Unit.Test.dll
TpTrace Information: 0 : 8300, 5, 2020/09/18, 18:31:28.546, 48593966525, testhost.x86.exe, Sending test run complete
TpTrace Information: 0 : 8300, 10, 2020/09/18, 18:31:28.557, 48594074807, testhost.x86.exe, TestRequestHandler.ProcessRequests: received message: (TestSession.Terminate) -> null
TpTrace Information: 0 : 8300, 10, 2020/09/18, 18:31:28.557, 48594076001, testhost.x86.exe, Session End message received from server. Closing the connection.
TpTrace Information: 0 : 8300, 10, 2020/09/18, 18:31:28.558, 48594080079, testhost.x86.exe, SocketClient.Stop: Stop communication from server endpoint: 127.0.0.1:050594
TpTrace Information: 0 : 8300, 10, 2020/09/18, 18:31:28.558, 48594080909, testhost.x86.exe, SocketClient: Stop: Cancellation requested. Stopping message loop.
TpTrace Information: 0 : 8300, 10, 2020/09/18, 18:31:28.558, 48594082949, testhost.x86.exe, Closing the connection !
TpTrace Information: 0 : 8300, 10, 2020/09/18, 18:31:28.558, 48594086344, testhost.x86.exe, SocketClient.PrivateStop: Stop communication from server endpoint: 127.0.0.1:050594, error:
TpTrace Information: 0 : 8300, 1, 2020/09/18, 18:31:28.559, 48594097559, testhost.x86.exe, SocketClient.Stop: Stop communication from server endpoint: 127.0.0.1:050594
