TpTrace Information: 0 : 2920, 1, 2020/09/18, 22:05:18.722, 176812925321, testhost.x86.exe, DefaultEngineInvoker.Invoke: Testhost process started with args :[--port, 52207],[--endpoint, 127.0.0.1:052207],[--role, client],[--parentprocessid, 1976],[--diag, C:\Users\Cliente\source\repos\Calculadora\Calc.Unit.Test\StrykerOutput\2020-09-18.22-04-51\logs\VsTest-log.host.20-09-18_22-05-18_03926_9.txt],[--tracelevel, 3],[--telemetryoptedin, false]
TpTrace Information: 0 : 2920, 1, 2020/09/18, 22:05:18.730, 176812987329, testhost.x86.exe, DefaultEngineInvoker: Using Application Configuration: '<?xml version="1.0" encoding="utf-8"?>
<configuration>
  <startup useLegacyV2RuntimeActivationPolicy="true">
    <supportedRuntime version="v4.0" sku=".NETFramework,Version=v4.0" />
  </startup>
  <runtime>
    <legacyUnhandledExceptionPolicy enabled="1" />
    <legacyCorruptedStateExceptionsPolicy enabled="true" />
    <!-- To get stacktrace information for portable and embedded pdbs when net472 installed on machine.
          More details https://github.com/dotnet/designs/blob/master/accepted/diagnostics/debugging-with-symbols-and-sources.md#stack-traces -->
    <AppContextSwitchOverrides value="Switch.System.Diagnostics.IgnorePortablePDBsInStackTraces=false" />
    <assemblyBinding xmlns="urn:schemas-microsoft-com:asm.v1">
      <probing privatePath="Extensions" />
      <!-- Test adapters compiled against version 11-14, need to be redirected to version 15. -->
      <dependentAssembly>
        <assemblyIdentity name="Microsoft.VisualStudio.TestPlatform.ObjectModel" publicKeyToken="b03f5f7f11d50a3a" culture="neutral" />
        <bindingRedirect oldVersion="11.0.0.0-14.0.0.0" newVersion="15.0.0.0" />
      </dependentAssembly>
      <dependentAssembly>
        <assemblyIdentity name="Microsoft.VisualStudio.TestWindow.Interfaces" publicKeyToken="b03f5f7f11d50a3a" culture="neutral" />
        <bindingRedirect oldVersion="11.0.0.0-15.0.0.0" newVersion="16.0.0.0" />
      </dependentAssembly>
      <dependentAssembly>
        <assemblyIdentity name="Microsoft.VisualStudio.QualityTools.UnitTestFramework" publicKeyToken="b03f5f7f11d50a3a" culture="neutral" />
        <bindingRedirect oldVersion="10.1.0.0" newVersion="10.0.0.0" />
      </dependentAssembly>
      <dependentAssembly>
        <assemblyIdentity name="Microsoft.VisualStudio.QualityTools.Resource" publicKeyToken="b03f5f7f11d50a3a" culture="neutral" />
        <bindingRedirect oldVersion="10.0.0.0-15.0.0.0" newVersion="16.0.0.0" />
      </dependentAssembly>
      <dependentAssembly>
        <assemblyIdentity name="Microsoft.VisualStudio.QualityTools.ControllerObject" publicKeyToken="b03f5f7f11d50a3a" culture="neutral" />
        <bindingRedirect oldVersion="10.0.0.0-15.0.0.0" newVersion="16.0.0.0" />
      </dependentAssembly>
      <dependentAssembly>
        <assemblyIdentity name="Microsoft.VisualStudio.QualityTools.ExecutionCommon" publicKeyToken="b03f5f7f11d50a3a" culture="neutral" />
        <bindingRedirect oldVersion="10.0.0.0-15.0.0.0" newVersion="16.0.0.0" />
      </dependentAssembly>
      <dependentAssembly>
        <assemblyIdentity name="Microsoft.VisualStudio.QualityTools.Common" publicKeyToken="b03f5f7f11d50a3a" culture="neutral" />
        <bindingRedirect oldVersion="10.0.0.0-15.0.0.0" newVersion="16.0.0.0" />
      </dependentAssembly>
      <dependentAssembly>
        <assemblyIdentity name="Microsoft.VisualStudio.QualityTools.Tips.UnitTest.ObjectModel" publicKeyToken="b03f5f7f11d50a3a" culture="neutral" />
        <bindingRedirect oldVersion="10.0.0.0-15.0.0.0" newVersion="16.0.0.0" />
      </dependentAssembly>
    </assemblyBinding>
  </runtime>
  <system.diagnostics>
    <switches>
      <add name="TpTraceLevel" value="0" />
    </switches>
  </system.diagnostics>
  <appSettings>
    <!--<add key="ExecutionThreadApartmentState" value ="MTA"/>-->
    <!--<add key="TraceLogMaxFileSizeInKb" value ="10240"/>-->
    <!-- MsTest Adapter Specific AppSettings -->
    <!-- This flag is added to support test execution for net35 tests through TMI adapter. -->
    <add key="TestProjectRetargetTo35Allowed" value="true" />
  </appSettings>
</configuration>'
TpTrace Information: 0 : 2920, 1, 2020/09/18, 22:05:18.731, 176812996288, testhost.x86.exe, DefaultEngineInvoker.SetParentProcessExitCallback: Monitoring parent process with id: '1976'
TpTrace Information: 0 : 2920, 1, 2020/09/18, 22:05:18.769, 176813380280, testhost.x86.exe, DefaultEngineInvoker.GetConnectionInfo: Initialize communication on endpoint address: '127.0.0.1:052207'
TpTrace Information: 0 : 2920, 1, 2020/09/18, 22:05:18.868, 176814370927, testhost.x86.exe, SocketClient.Start: connecting to server endpoint: 127.0.0.1:052207
TpTrace Information: 0 : 2920, 1, 2020/09/18, 22:05:18.887, 176814556664, testhost.x86.exe, DefaultEngineInvoker.Invoke: Start Request Processing.
TpTrace Information: 0 : 2920, 10, 2020/09/18, 22:05:18.917, 176814853518, testhost.x86.exe, SocketClient.OnServerConnected: connected to server endpoint: 127.0.0.1:052207
TpTrace Information: 0 : 2920, 7, 2020/09/18, 22:05:18.919, 176814875149, testhost.x86.exe, DefaultEngineInvoker.StartProcessingAsync: Connected to vstest.console, Starting process requests.
TpTrace Information: 0 : 2920, 10, 2020/09/18, 22:05:19.199, 176817667326, testhost.x86.exe, TestRequestHandler.ProcessRequests: received message: (ProtocolVersion) -> 3
TpTrace Information: 0 : 2920, 10, 2020/09/18, 22:05:19.285, 176818536302, testhost.x86.exe, TestRequestHandler.ProcessRequests: received message: (TestExecution.Initialize) -> [
  "C:\\Users\\Cliente\\AppData\\Local\\Temp\\owzb2eix.iax\\.vstest\\tools\\net451\\Extensions\\Microsoft.TestPlatform.Extensions.BlameDataCollector.dll",
  "C:\\Users\\Cliente\\AppData\\Local\\Temp\\owzb2eix.iax\\.vstest\\tools\\net451\\Extensions\\Microsoft.TestPlatform.TestHostRuntimeProvider.dll",
  "C:\\Users\\Cliente\\AppData\\Local\\Temp\\owzb2eix.iax\\.vstest\\tools\\net451\\Extensions\\Microsoft.VisualStudio.TestPlatform.Extensions.Html.TestLogger.dll",
  "C:\\Users\\Cliente\\AppData\\Local\\Temp\\owzb2eix.iax\\.vstest\\tools\\net451\\Extensions\\Microsoft.VisualStudio.TestPlatform.Extensions.Trx.TestLogger.dll",
  "C:\\Users\\Cliente\\source\\repos\\Calculadora\\Calc.Unit.Test\\bin\\Debug\\Microsoft.VisualStudio.TestPlatform.MSTest.TestAdapter.dll"
]
TpTrace Information: 0 : 2920, 10, 2020/09/18, 22:05:19.285, 176818538076, testhost.x86.exe, Execution Session Initialize.
TpTrace Information: 0 : 2920, 5, 2020/09/18, 22:05:19.326, 176818949924, testhost.x86.exe, AssemblyResolver.ctor: Creating AssemblyResolver with searchDirectories C:\Users\Cliente\AppData\Local\Temp\owzb2eix.iax\.vstest\tools\net451\Extensions,C:\Users\Cliente\source\repos\Calculadora\Calc.Unit.Test\bin\Debug,C:\Users\Cliente\AppData\Local\Temp\owzb2eix.iax\.vstest\tools\net451
TpTrace Information: 0 : 2920, 10, 2020/09/18, 22:05:19.327, 176818961504, testhost.x86.exe, TestRequestHandler.ProcessRequests: received message: (TestExecution.StartWithTests) -> {
  "Tests": [
    {
      "Properties": [
        {
          "Key": {
            "Id": "TestCase.FullyQualifiedName",
            "Label": "FullyQualifiedName",
            "Category": "",
            "Description": "",
            "Attributes": 1,
            "ValueType": "System.String"
          },
          "Value": "Calc.Unit.Test.CalculadoraUnitTest.Somar"
        },
        {
          "Key": {
            "Id": "TestCase.ExecutorUri",
            "Label": "Executor Uri",
            "Category": "",
            "Description": "",
            "Attributes": 1,
            "ValueType": "System.Uri"
          },
          "Value": "executor://MSTestAdapter/v2"
        },
        {
          "Key": {
            "Id": "TestCase.Source",
            "Label": "Source",
            "Category": "",
            "Description": "",
            "Attributes": 0,
            "ValueType": "System.String"
          },
          "Value": "C:\\Users\\Cliente\\source\\repos\\Calculadora\\Calc.Unit.Test\\bin\\Debug\\Calc.Unit.Test.dll"
        },
        {
          "Key": {
            "Id": "TestCase.CodeFilePath",
            "Label": "File Path",
            "Category": "",
            "Description": "",
            "Attributes": 0,
            "ValueType": "System.String"
          },
          "Value": null
        },
        {
          "Key": {
            "Id": "TestCase.DisplayName",
            "Label": "Name",
            "Category": "",
            "Description": "",
            "Attributes": 0,
            "ValueType": "System.String"
          },
          "Value": "Somar"
        },
        {
          "Key": {
            "Id": "TestCase.Id",
            "Label": "Id",
            "Category": "",
            "Description": "",
            "Attributes": 1,
            "ValueType": "System.Guid"
          },
          "Value": "68dedd4b-3da6-9474-35ab-19a75362a2f7"
        },
        {
          "Key": {
            "Id": "TestCase.LineNumber",
            "Label": "Line Number",
            "Category": "",
            "Description": "",
            "Attributes": 1,
            "ValueType": "System.Int32"
          },
          "Value": -1
        },
        {
          "Key": {
            "Id": "MSTestDiscoverer.TestClassName",
            "Label": "ClassName",
            "Category": "",
            "Description": "",
            "Attributes": 1,
            "ValueType": "System.String"
          },
          "Value": "Calc.Unit.Test.CalculadoraUnitTest"
        },
        {
          "Key": {
            "Id": "TestObject.Traits",
            "Label": "Características",
            "Category": "",
            "Description": "",
            "Attributes": 5,
            "ValueType": "System.Collections.Generic.KeyValuePair`2[[System.String],[System.String]][]"
          },
          "Value": []
        }
      ]
    },
    {
      "Properties": [
        {
          "Key": {
            "Id": "TestCase.FullyQualifiedName",
            "Label": "FullyQualifiedName",
            "Category": "",
            "Description": "",
            "Attributes": 1,
            "ValueType": "System.String"
          },
          "Value": "Calc.Unit.Test.CalculadoraUnitTest.Subtrair"
        },
        {
          "Key": {
            "Id": "TestCase.ExecutorUri",
            "Label": "Executor Uri",
            "Category": "",
            "Description": "",
            "Attributes": 1,
            "ValueType": "System.Uri"
          },
          "Value": "executor://MSTestAdapter/v2"
        },
        {
          "Key": {
            "Id": "TestCase.Source",
            "Label": "Source",
            "Category": "",
            "Description": "",
            "Attributes": 0,
            "ValueType": "System.String"
          },
          "Value": "C:\\Users\\Cliente\\source\\repos\\Calculadora\\Calc.Unit.Test\\bin\\Debug\\Calc.Unit.Test.dll"
        },
        {
          "Key": {
            "Id": "TestCase.CodeFilePath",
            "Label": "File Path",
            "Category": "",
            "Description": "",
            "Attributes": 0,
            "ValueType": "System.String"
          },
          "Value": null
        },
        {
          "Key": {
            "Id": "TestCase.DisplayName",
            "Label": "Name",
            "Category": "",
            "Description": "",
            "Attributes": 0,
            "ValueType": "System.String"
          },
          "Value": "Subtrair"
        },
        {
          "Key": {
            "Id": "TestCase.Id",
            "Label": "Id",
            "Category": "",
            "Description": "",
            "Attributes": 1,
            "ValueType": "System.Guid"
          },
          "Value": "be316bd3-820f-9a10-ea16-e92564c61c39"
        },
        {
          "Key": {
            "Id": "TestCase.LineNumber",
            "Label": "Line Number",
            "Category": "",
            "Description": "",
            "Attributes": 1,
            "ValueType": "System.Int32"
          },
          "Value": -1
        },
        {
          "Key": {
            "Id": "MSTestDiscoverer.TestClassName",
            "Label": "ClassName",
            "Category": "",
            "Description": "",
            "Attributes": 1,
            "ValueType": "System.String"
          },
          "Value": "Calc.Unit.Test.CalculadoraUnitTest"
        },
        {
          "Key": {
            "Id": "TestObject.Traits",
            "Label": "Características",
            "Category": "",
            "Description": "",
            "Attributes": 5,
            "ValueType": "System.Collections.Generic.KeyValuePair`2[[System.String],[System.String]][]"
          },
          "Value": []
        }
      ]
    },
    {
      "Properties": [
        {
          "Key": {
            "Id": "TestCase.FullyQualifiedName",
            "Label": "FullyQualifiedName",
            "Category": "",
            "Description": "",
            "Attributes": 1,
            "ValueType": "System.String"
          },
          "Value": "Calc.Unit.Test.CalculadoraUnitTest.Dividir"
        },
        {
          "Key": {
            "Id": "TestCase.ExecutorUri",
            "Label": "Executor Uri",
            "Category": "",
            "Description": "",
            "Attributes": 1,
            "ValueType": "System.Uri"
          },
          "Value": "executor://MSTestAdapter/v2"
        },
        {
          "Key": {
            "Id": "TestCase.Source",
            "Label": "Source",
            "Category": "",
            "Description": "",
            "Attributes": 0,
            "ValueType": "System.String"
          },
          "Value": "C:\\Users\\Cliente\\source\\repos\\Calculadora\\Calc.Unit.Test\\bin\\Debug\\Calc.Unit.Test.dll"
        },
        {
          "Key": {
            "Id": "TestCase.CodeFilePath",
            "Label": "File Path",
            "Category": "",
            "Description": "",
            "Attributes": 0,
            "ValueType": "System.String"
          },
          "Value": null
        },
        {
          "Key": {
            "Id": "TestCase.DisplayName",
            "Label": "Name",
            "Category": "",
            "Description": "",
            "Attributes": 0,
            "ValueType": "System.String"
          },
          "Value": "Dividir"
        },
        {
          "Key": {
            "Id": "TestCase.Id",
            "Label": "Id",
            "Category": "",
            "Description": "",
            "Attributes": 1,
            "ValueType": "System.Guid"
          },
          "Value": "c4e64bae-a42a-81dc-6b93-3216b7d9a786"
        },
        {
          "Key": {
            "Id": "TestCase.LineNumber",
            "Label": "Line Number",
            "Category": "",
            "Description": "",
            "Attributes": 1,
            "ValueType": "System.Int32"
          },
          "Value": -1
        },
        {
          "Key": {
            "Id": "MSTestDiscoverer.TestClassName",
            "Label": "ClassName",
            "Category": "",
            "Description": "",
            "Attributes": 1,
            "ValueType": "System.String"
          },
          "Value": "Calc.Unit.Test.CalculadoraUnitTest"
        },
        {
          "Key": {
            "Id": "TestObject.Traits",
            "Label": "Características",
            "Category": "",
            "Description": "",
            "Attributes": 5,
            "ValueType": "System.Collections.Generic.KeyValuePair`2[[System.String],[System.String]][]"
          },
          "Value": []
        }
      ]
    },
    {
      "Properties": [
        {
          "Key": {
            "Id": "TestCase.FullyQualifiedName",
            "Label": "FullyQualifiedName",
            "Category": "",
            "Description": "",
            "Attributes": 1,
            "ValueType": "System.String"
          },
          "Value": "Calc.Unit.Test.CalculadoraUnitTest.Multiplicacao"
        },
        {
          "Key": {
            "Id": "TestCase.ExecutorUri",
            "Label": "Executor Uri",
            "Category": "",
            "Description": "",
            "Attributes": 1,
            "ValueType": "System.Uri"
          },
          "Value": "executor://MSTestAdapter/v2"
        },
        {
          "Key": {
            "Id": "TestCase.Source",
            "Label": "Source",
            "Category": "",
            "Description": "",
            "Attributes": 0,
            "ValueType": "System.String"
          },
          "Value": "C:\\Users\\Cliente\\source\\repos\\Calculadora\\Calc.Unit.Test\\bin\\Debug\\Calc.Unit.Test.dll"
        },
        {
          "Key": {
            "Id": "TestCase.CodeFilePath",
            "Label": "File Path",
            "Category": "",
            "Description": "",
            "Attributes": 0,
            "ValueType": "System.String"
          },
          "Value": null
        },
        {
          "Key": {
            "Id": "TestCase.DisplayName",
            "Label": "Name",
            "Category": "",
            "Description": "",
            "Attributes": 0,
            "ValueType": "System.String"
          },
          "Value": "Multiplicacao"
        },
        {
          "Key": {
            "Id": "TestCase.Id",
            "Label": "Id",
            "Category": "",
            "Description": "",
            "Attributes": 1,
            "ValueType": "System.Guid"
          },
          "Value": "c525d128-58e3-1627-690a-792292d84a1c"
        },
        {
          "Key": {
            "Id": "TestCase.LineNumber",
            "Label": "Line Number",
            "Category": "",
            "Description": "",
            "Attributes": 1,
            "ValueType": "System.Int32"
          },
          "Value": -1
        },
        {
          "Key": {
            "Id": "MSTestDiscoverer.TestClassName",
            "Label": "ClassName",
            "Category": "",
            "Description": "",
            "Attributes": 1,
            "ValueType": "System.String"
          },
          "Value": "Calc.Unit.Test.CalculadoraUnitTest"
        },
        {
          "Key": {
            "Id": "TestObject.Traits",
            "Label": "Características",
            "Category": "",
            "Description": "",
            "Attributes": 5,
            "ValueType": "System.Collections.Generic.KeyValuePair`2[[System.String],[System.String]][]"
          },
          "Value": []
        }
      ]
    },
    {
      "Properties": [
        {
          "Key": {
            "Id": "TestCase.FullyQualifiedName",
            "Label": "FullyQualifiedName",
            "Category": "",
            "Description": "",
            "Attributes": 1,
            "ValueType": "System.String"
          },
          "Value": "Calc.Unit.Test.CalculadoraJurosUnitTest.SomarJuros"
        },
        {
          "Key": {
            "Id": "TestCase.ExecutorUri",
            "Label": "Executor Uri",
            "Category": "",
            "Description": "",
            "Attributes": 1,
            "ValueType": "System.Uri"
          },
          "Value": "executor://MSTestAdapter/v2"
        },
        {
          "Key": {
            "Id": "TestCase.Source",
            "Label": "Source",
            "Category": "",
            "Description": "",
            "Attributes": 0,
            "ValueType": "System.String"
          },
          "Value": "C:\\Users\\Cliente\\source\\repos\\Calculadora\\Calc.Unit.Test\\bin\\Debug\\Calc.Unit.Test.dll"
        },
        {
          "Key": {
            "Id": "TestCase.CodeFilePath",
            "Label": "File Path",
            "Category": "",
            "Description": "",
            "Attributes": 0,
            "ValueType": "System.String"
          },
          "Value": null
        },
        {
          "Key": {
            "Id": "TestCase.DisplayName",
            "Label": "Name",
            "Category": "",
            "Description": "",
            "Attributes": 0,
            "ValueType": "System.String"
          },
          "Value": "SomarJuros"
        },
        {
          "Key": {
            "Id": "TestCase.Id",
            "Label": "Id",
            "Category": "",
            "Description": "",
            "Attributes": 1,
            "ValueType": "System.Guid"
          },
          "Value": "51c62726-77c4-ae4f-e60d-439c608401fd"
        },
        {
          "Key": {
            "Id": "TestCase.LineNumber",
            "Label": "Line Number",
            "Category": "",
            "Description": "",
            "Attributes": 1,
            "ValueType": "System.Int32"
          },
          "Value": -1
        },
        {
          "Key": {
            "Id": "MSTestDiscoverer.TestClassName",
            "Label": "ClassName",
            "Category": "",
            "Description": "",
            "Attributes": 1,
            "ValueType": "System.String"
          },
          "Value": "Calc.Unit.Test.CalculadoraJurosUnitTest"
        },
        {
          "Key": {
            "Id": "TestObject.Traits",
            "Label": "Características",
            "Category": "",
            "Description": "",
            "Attributes": 5,
            "ValueType": "System.Collections.Generic.KeyValuePair`2[[System.String],[System.String]][]"
          },
          "Value": []
        }
      ]
    },
    {
      "Properties": [
        {
          "Key": {
            "Id": "TestCase.FullyQualifiedName",
            "Label": "FullyQualifiedName",
            "Category": "",
            "Description": "",
            "Attributes": 1,
            "ValueType": "System.String"
          },
          "Value": "Calc.Unit.Test.CalculadoraJurosUnitTest.SomarJuros2_Exception"
        },
        {
          "Key": {
            "Id": "TestCase.ExecutorUri",
            "Label": "Executor Uri",
            "Category": "",
            "Description": "",
            "Attributes": 1,
            "ValueType": "System.Uri"
          },
          "Value": "executor://MSTestAdapter/v2"
        },
        {
          "Key": {
            "Id": "TestCase.Source",
            "Label": "Source",
            "Category": "",
            "Description": "",
            "Attributes": 0,
            "ValueType": "System.String"
          },
          "Value": "C:\\Users\\Cliente\\source\\repos\\Calculadora\\Calc.Unit.Test\\bin\\Debug\\Calc.Unit.Test.dll"
        },
        {
          "Key": {
            "Id": "TestCase.CodeFilePath",
            "Label": "File Path",
            "Category": "",
            "Description": "",
            "Attributes": 0,
            "ValueType": "System.String"
          },
          "Value": null
        },
        {
          "Key": {
            "Id": "TestCase.DisplayName",
            "Label": "Name",
            "Category": "",
            "Description": "",
            "Attributes": 0,
            "ValueType": "System.String"
          },
          "Value": "SomarJuros2_Exception"
        },
        {
          "Key": {
            "Id": "TestCase.Id",
            "Label": "Id",
            "Category": "",
            "Description": "",
            "Attributes": 1,
            "ValueType": "System.Guid"
          },
          "Value": "72b6a49a-f71b-4056-9d9e-ad13a5c9f0d2"
        },
        {
          "Key": {
            "Id": "TestCase.LineNumber",
            "Label": "Line Number",
            "Category": "",
            "Description": "",
            "Attributes": 1,
            "ValueType": "System.Int32"
          },
          "Value": -1
        },
        {
          "Key": {
            "Id": "MSTestDiscoverer.TestClassName",
            "Label": "ClassName",
            "Category": "",
            "Description": "",
            "Attributes": 1,
            "ValueType": "System.String"
          },
          "Value": "Calc.Unit.Test.CalculadoraJurosUnitTest"
        },
        {
          "Key": {
            "Id": "TestObject.Traits",
            "Label": "Características",
            "Category": "",
            "Description": "",
            "Attributes": 5,
            "ValueType": "System.Collections.Generic.KeyValuePair`2[[System.String],[System.String]][]"
          },
          "Value": []
        }
      ]
    },
    {
      "Properties": [
        {
          "Key": {
            "Id": "TestCase.FullyQualifiedName",
            "Label": "FullyQualifiedName",
            "Category": "",
            "Description": "",
            "Attributes": 1,
            "ValueType": "System.String"
          },
          "Value": "Calc.Unit.Test.ValidadorUnitTest.MaiorQueUm_True"
        },
        {
          "Key": {
            "Id": "TestCase.ExecutorUri",
            "Label": "Executor Uri",
            "Category": "",
            "Description": "",
            "Attributes": 1,
            "ValueType": "System.Uri"
          },
          "Value": "executor://MSTestAdapter/v2"
        },
        {
          "Key": {
            "Id": "TestCase.Source",
            "Label": "Source",
            "Category": "",
            "Description": "",
            "Attributes": 0,
            "ValueType": "System.String"
          },
          "Value": "C:\\Users\\Cliente\\source\\repos\\Calculadora\\Calc.Unit.Test\\bin\\Debug\\Calc.Unit.Test.dll"
        },
        {
          "Key": {
            "Id": "TestCase.CodeFilePath",
            "Label": "File Path",
            "Category": "",
            "Description": "",
            "Attributes": 0,
            "ValueType": "System.String"
          },
          "Value": null
        },
        {
          "Key": {
            "Id": "TestCase.DisplayName",
            "Label": "Name",
            "Category": "",
            "Description": "",
            "Attributes": 0,
            "ValueType": "System.String"
          },
          "Value": "MaiorQueUm_True"
        },
        {
          "Key": {
            "Id": "TestCase.Id",
            "Label": "Id",
            "Category": "",
            "Description": "",
            "Attributes": 1,
            "ValueType": "System.Guid"
          },
          "Value": "49d9270c-51e7-a470-809d-61f600a99513"
        },
        {
          "Key": {
            "Id": "TestCase.LineNumber",
            "Label": "Line Number",
            "Category": "",
            "Description": "",
            "Attributes": 1,
            "ValueType": "System.Int32"
          },
          "Value": -1
        },
        {
          "Key": {
            "Id": "MSTestDiscoverer.TestClassName",
            "Label": "ClassName",
            "Category": "",
            "Description": "",
            "Attributes": 1,
            "ValueType": "System.String"
          },
          "Value": "Calc.Unit.Test.ValidadorUnitTest"
        },
        {
          "Key": {
            "Id": "TestObject.Traits",
            "Label": "Características",
            "Category": "",
            "Description": "",
            "Attributes": 5,
            "ValueType": "System.Collections.Generic.KeyValuePair`2[[System.String],[System.String]][]"
          },
          "Value": []
        }
      ]
    },
    {
      "Properties": [
        {
          "Key": {
            "Id": "TestCase.FullyQualifiedName",
            "Label": "FullyQualifiedName",
            "Category": "",
            "Description": "",
            "Attributes": 1,
            "ValueType": "System.String"
          },
          "Value": "Calc.Unit.Test.ValidadorUnitTest.MaiorQueUm_False"
        },
        {
          "Key": {
            "Id": "TestCase.ExecutorUri",
            "Label": "Executor Uri",
            "Category": "",
            "Description": "",
            "Attributes": 1,
            "ValueType": "System.Uri"
          },
          "Value": "executor://MSTestAdapter/v2"
        },
        {
          "Key": {
            "Id": "TestCase.Source",
            "Label": "Source",
            "Category": "",
            "Description": "",
            "Attributes": 0,
            "ValueType": "System.String"
          },
          "Value": "C:\\Users\\Cliente\\source\\repos\\Calculadora\\Calc.Unit.Test\\bin\\Debug\\Calc.Unit.Test.dll"
        },
        {
          "Key": {
            "Id": "TestCase.CodeFilePath",
            "Label": "File Path",
            "Category": "",
            "Description": "",
            "Attributes": 0,
            "ValueType": "System.String"
          },
          "Value": null
        },
        {
          "Key": {
            "Id": "TestCase.DisplayName",
            "Label": "Name",
            "Category": "",
            "Description": "",
            "Attributes": 0,
            "ValueType": "System.String"
          },
          "Value": "MaiorQueUm_False"
        },
        {
          "Key": {
            "Id": "TestCase.Id",
            "Label": "Id",
            "Category": "",
            "Description": "",
            "Attributes": 1,
            "ValueType": "System.Guid"
          },
          "Value": "cb485da0-7510-085b-f424-bb8b690b548f"
        },
        {
          "Key": {
            "Id": "TestCase.LineNumber",
            "Label": "Line Number",
            "Category": "",
            "Description": "",
            "Attributes": 1,
            "ValueType": "System.Int32"
          },
          "Value": -1
        },
        {
          "Key": {
            "Id": "MSTestDiscoverer.TestClassName",
            "Label": "ClassName",
            "Category": "",
            "Description": "",
            "Attributes": 1,
            "ValueType": "System.String"
          },
          "Value": "Calc.Unit.Test.ValidadorUnitTest"
        },
        {
          "Key": {
            "Id": "TestObject.Traits",
            "Label": "Características",
            "Category": "",
            "Description": "",
            "Attributes": 5,
            "ValueType": "System.Collections.Generic.KeyValuePair`2[[System.String],[System.String]][]"
          },
          "Value": []
        }
      ]
    },
    {
      "Properties": [
        {
          "Key": {
            "Id": "TestCase.FullyQualifiedName",
            "Label": "FullyQualifiedName",
            "Category": "",
            "Description": "",
            "Attributes": 1,
            "ValueType": "System.String"
          },
          "Value": "Calc.Unit.Test.ValidadorUnitTest.MaiorQueUm"
        },
        {
          "Key": {
            "Id": "TestCase.ExecutorUri",
            "Label": "Executor Uri",
            "Category": "",
            "Description": "",
            "Attributes": 1,
            "ValueType": "System.Uri"
          },
          "Value": "executor://MSTestAdapter/v2"
        },
        {
          "Key": {
            "Id": "TestCase.Source",
            "Label": "Source",
            "Category": "",
            "Description": "",
            "Attributes": 0,
            "ValueType": "System.String"
          },
          "Value": "C:\\Users\\Cliente\\source\\repos\\Calculadora\\Calc.Unit.Test\\bin\\Debug\\Calc.Unit.Test.dll"
        },
        {
          "Key": {
            "Id": "TestCase.CodeFilePath",
            "Label": "File Path",
            "Category": "",
            "Description": "",
            "Attributes": 0,
            "ValueType": "System.String"
          },
          "Value": null
        },
        {
          "Key": {
            "Id": "TestCase.DisplayName",
            "Label": "Name",
            "Category": "",
            "Description": "",
            "Attributes": 0,
            "ValueType": "System.String"
          },
          "Value": "MaiorQueUm"
        },
        {
          "Key": {
            "Id": "TestCase.Id",
            "Label": "Id",
            "Category": "",
            "Description": "",
            "Attributes": 1,
            "ValueType": "System.Guid"
          },
          "Value": "62a66921-a5a7-38df-0917-c4d8bc23e418"
        },
        {
          "Key": {
            "Id": "TestCase.LineNumber",
            "Label": "Line Number",
            "Category": "",
            "Description": "",
            "Attributes": 1,
            "ValueType": "System.Int32"
          },
          "Value": -1
        },
        {
          "Key": {
            "Id": "MSTestDiscoverer.TestClassName",
            "Label": "ClassName",
            "Category": "",
            "Description": "",
            "Attributes": 1,
            "ValueType": "System.String"
          },
          "Value": "Calc.Unit.Test.ValidadorUnitTest"
        },
        {
          "Key": {
            "Id": "TestObject.Traits",
            "Label": "Características",
            "Category": "",
            "Description": "",
            "Attributes": 5,
            "ValueType": "System.Collections.Generic.KeyValuePair`2[[System.String],[System.String]][]"
          },
          "Value": []
        }
      ]
    }
  ],
  "RunSettings": "<RunSettings>\r\n  <RunConfiguration>\r\n    <DisableAppDomain>true</DisableAppDomain>\r\n    <MaxCpuCount>1</MaxCpuCount>\r\n    <TargetFrameworkVersion>.NETFramework,Version=v4.6</TargetFrameworkVersion>\r\n    <TestSessionTimeout>9239</TestSessionTimeout>\r\n    <DesignMode>false</DesignMode>\r\n    <BatchSize>1</BatchSize>\r\n    <TargetPlatform>X86</TargetPlatform>\r\n    <CollectSourceInformation>True</CollectSourceInformation>\r\n  </RunConfiguration>\r\n  <InProcDataCollectionRunSettings>\r\n    <InProcDataCollectors>\r\n      <InProcDataCollector friendlyName=\"StrykerCoverage\" uri=\"https://stryker-mutator.io/\" codebase=\"C:\\Users\\Cliente\\.dotnet\\tools\\.store\\dotnet-stryker\\0.19.0\\dotnet-stryker\\0.19.0\\tools\\netcoreapp3.1\\any\\Stryker.DataCollector.dll\" assemblyQualifiedName=\"Stryker.DataCollector.CoverageCollector, Stryker.DataCollector, Version=0.16.1.0, Culture=neutral, PublicKeyToken=null\">\r\n        <Configuration>\r\n          <Parameters>\r\n            <Mutant id=\"6\" tests=\"49d9270c-51e7-a470-809d-61f600a99513,cb485da0-7510-085b-f424-bb8b690b548f,62a66921-a5a7-38df-0917-c4d8bc23e418\" />\r\n            <Mutant id=\"4\" tests=\"51c62726-77c4-ae4f-e60d-439c608401fd,72b6a49a-f71b-4056-9d9e-ad13a5c9f0d2\" />\r\n            <Mutant id=\"0\" tests=\"68dedd4b-3da6-9474-35ab-19a75362a2f7\" />\r\n            <Mutant id=\"1\" tests=\"be316bd3-820f-9a10-ea16-e92564c61c39\" />\r\n            <Mutant id=\"2\" tests=\"c525d128-58e3-1627-690a-792292d84a1c\" />\r\n            <Mutant id=\"3\" tests=\"c4e64bae-a42a-81dc-6b93-3216b7d9a786\" />\r\n            <MutantControl name=\"StrykerSfVG6ApDYU4yz2X.MutantControl\" />\r\n          </Parameters>\r\n        </Configuration>\r\n      </InProcDataCollector>\r\n    </InProcDataCollectors>\r\n  </InProcDataCollectionRunSettings>\r\n  <LoggerRunSettings>\r\n    <Loggers>\r\n      <Logger friendlyName=\"Console\" uri=\"logger://microsoft/TestPlatform/ConsoleLogger/v1\" assemblyQualifiedName=\"Microsoft.VisualStudio.TestPlatform.CommandLine.Internal.ConsoleLogger, vstest.console, Version=15.0.0.0, Culture=neutral, PublicKeyToken=b03f5f7f11d50a3a\" codeBase=\"C:\\Users\\Cliente\\AppData\\Local\\Temp\\owzb2eix.iax\\.vstest\\tools\\net451\\vstest.console.exe\" enabled=\"True\" />\r\n    </Loggers>\r\n  </LoggerRunSettings>\r\n</RunSettings>",
  "TestExecutionContext": {
    "FrequencyOfRunStatsChangeEvent": 1,
    "RunStatsChangeEventTimeout": "00:00:01.5000000",
    "InIsolation": false,
    "KeepAlive": false,
    "AreTestCaseLevelEventsRequired": false,
    "IsDebug": false,
    "TestCaseFilter": null,
    "FilterOptions": null
  },
  "Package": null
}
TpTrace Information: 0 : 2920, 10, 2020/09/18, 22:05:19.328, 176818968090, testhost.x86.exe, Execution started.
TpTrace Information: 0 : 2920, 5, 2020/09/18, 22:05:19.330, 176818985632, testhost.x86.exe, AssemblyResolver.AddSearchDirectories: Adding more searchDirectories C:\Users\Cliente\AppData\Local\Temp\owzb2eix.iax\.vstest\tools\net451\Extensions,C:\Users\Cliente\AppData\Local\Temp\owzb2eix.iax\.vstest\tools\net451
TpTrace Information: 0 : 2920, 5, 2020/09/18, 22:05:19.330, 176818987230, testhost.x86.exe, AssemblyResolver.AddSearchDirectories: Adding more searchDirectories C:\Users\Cliente\AppData\Local\Temp\owzb2eix.iax\.vstest\tools\net451\Extensions,C:\Users\Cliente\AppData\Local\Temp\owzb2eix.iax\.vstest\tools\net451
TpTrace Information: 0 : 2920, 5, 2020/09/18, 22:05:19.330, 176818988276, testhost.x86.exe, AssemblyResolver.AddSearchDirectories: Adding more searchDirectories C:\Users\Cliente\AppData\Local\Temp\owzb2eix.iax\.vstest\tools\net451\Extensions,C:\Users\Cliente\AppData\Local\Temp\owzb2eix.iax\.vstest\tools\net451
TpTrace Information: 0 : 2920, 5, 2020/09/18, 22:05:19.330, 176818989176, testhost.x86.exe, AssemblyResolver.AddSearchDirectories: Adding more searchDirectories C:\Users\Cliente\AppData\Local\Temp\owzb2eix.iax\.vstest\tools\net451\Extensions,C:\Users\Cliente\AppData\Local\Temp\owzb2eix.iax\.vstest\tools\net451
TpTrace Information: 0 : 2920, 5, 2020/09/18, 22:05:19.330, 176818990022, testhost.x86.exe, AssemblyResolver.AddSearchDirectories: Adding more searchDirectories C:\Users\Cliente\source\repos\Calculadora\Calc.Unit.Test\bin\Debug,C:\Users\Cliente\AppData\Local\Temp\owzb2eix.iax\.vstest\tools\net451
TpTrace Information: 0 : 2920, 5, 2020/09/18, 22:05:19.525, 176820934033, testhost.x86.exe, AssemblyResolver.AddSearchDirectories: Adding more searchDirectories C:\Users\Cliente\AppData\Local\Temp\owzb2eix.iax\.vstest\tools\net451\Extensions,C:\Users\Cliente\source\repos\Calculadora\Calc.Unit.Test\bin\Debug,C:\Users\Cliente\AppData\Local\Temp\owzb2eix.iax\.vstest\tools\net451
TpTrace Information: 0 : 2920, 5, 2020/09/18, 22:05:19.525, 176820939404, testhost.x86.exe, AssemblyResolver.AddSearchDirectories: Adding more searchDirectories C:\Users\Cliente\AppData\Local\Temp\owzb2eix.iax\.vstest\tools\net451\Extensions,C:\Users\Cliente\AppData\Local\Temp\owzb2eix.iax\.vstest\tools\net451
TpTrace Information: 0 : 2920, 5, 2020/09/18, 22:05:19.525, 176820940842, testhost.x86.exe, AssemblyResolver.AddSearchDirectories: Adding more searchDirectories C:\Users\Cliente\AppData\Local\Temp\owzb2eix.iax\.vstest\tools\net451\Extensions,C:\Users\Cliente\AppData\Local\Temp\owzb2eix.iax\.vstest\tools\net451
TpTrace Information: 0 : 2920, 5, 2020/09/18, 22:05:19.526, 176820942462, testhost.x86.exe, AssemblyResolver.AddSearchDirectories: Adding more searchDirectories C:\Users\Cliente\AppData\Local\Temp\owzb2eix.iax\.vstest\tools\net451\Extensions,C:\Users\Cliente\AppData\Local\Temp\owzb2eix.iax\.vstest\tools\net451
TpTrace Information: 0 : 2920, 5, 2020/09/18, 22:05:19.526, 176820943817, testhost.x86.exe, AssemblyResolver.AddSearchDirectories: Adding more searchDirectories C:\Users\Cliente\AppData\Local\Temp\owzb2eix.iax\.vstest\tools\net451\Extensions,C:\Users\Cliente\AppData\Local\Temp\owzb2eix.iax\.vstest\tools\net451
TpTrace Information: 0 : 2920, 5, 2020/09/18, 22:05:19.526, 176820944783, testhost.x86.exe, AssemblyResolver.AddSearchDirectories: Adding more searchDirectories C:\Users\Cliente\source\repos\Calculadora\Calc.Unit.Test\bin\Debug,C:\Users\Cliente\AppData\Local\Temp\owzb2eix.iax\.vstest\tools\net451
TpTrace Information: 0 : 2920, 5, 2020/09/18, 22:05:19.543, 176821116646, testhost.x86.exe, TestPluginManager.CreateTestExtension: Attempting to load test extension: Microsoft.VisualStudio.TestPlatform.MSTest.TestAdapter.MSTestExecutor
TpTrace Information: 0 : 2920, 5, 2020/09/18, 22:05:19.554, 176821229116, testhost.x86.exe, AssemblyResolver.AddSearchDirectories: Adding more searchDirectories C:\Users\Cliente\AppData\Local\Temp\owzb2eix.iax\.vstest\tools\net451\Extensions,C:\Users\Cliente\source\repos\Calculadora\Calc.Unit.Test\bin\Debug,C:\Users\Cliente\AppData\Local\Temp\owzb2eix.iax\.vstest\tools\net451
TpTrace Information: 0 : 2920, 5, 2020/09/18, 22:05:19.554, 176821231164, testhost.x86.exe, AssemblyResolver.AddSearchDirectories: Adding more searchDirectories C:\Users\Cliente\AppData\Local\Temp\owzb2eix.iax\.vstest\tools\net451\Extensions,C:\Users\Cliente\AppData\Local\Temp\owzb2eix.iax\.vstest\tools\net451
TpTrace Information: 0 : 2920, 5, 2020/09/18, 22:05:19.555, 176821232373, testhost.x86.exe, AssemblyResolver.AddSearchDirectories: Adding more searchDirectories C:\Users\Cliente\AppData\Local\Temp\owzb2eix.iax\.vstest\tools\net451\Extensions,C:\Users\Cliente\AppData\Local\Temp\owzb2eix.iax\.vstest\tools\net451
TpTrace Information: 0 : 2920, 5, 2020/09/18, 22:05:19.555, 176821233308, testhost.x86.exe, AssemblyResolver.AddSearchDirectories: Adding more searchDirectories C:\Users\Cliente\AppData\Local\Temp\owzb2eix.iax\.vstest\tools\net451\Extensions,C:\Users\Cliente\AppData\Local\Temp\owzb2eix.iax\.vstest\tools\net451
TpTrace Information: 0 : 2920, 5, 2020/09/18, 22:05:19.555, 176821234196, testhost.x86.exe, AssemblyResolver.AddSearchDirectories: Adding more searchDirectories C:\Users\Cliente\AppData\Local\Temp\owzb2eix.iax\.vstest\tools\net451\Extensions,C:\Users\Cliente\AppData\Local\Temp\owzb2eix.iax\.vstest\tools\net451
TpTrace Information: 0 : 2920, 5, 2020/09/18, 22:05:19.555, 176821235044, testhost.x86.exe, AssemblyResolver.AddSearchDirectories: Adding more searchDirectories C:\Users\Cliente\source\repos\Calculadora\Calc.Unit.Test\bin\Debug,C:\Users\Cliente\AppData\Local\Temp\owzb2eix.iax\.vstest\tools\net451
TpTrace Information: 0 : 2920, 5, 2020/09/18, 22:05:19.557, 176821254608, testhost.x86.exe, TestExecutorService: Loaded the extensions
TpTrace Information: 0 : 2920, 14, 2020/09/18, 22:05:20.246, 176828141763, testhost.x86.exe, CollectSourceInformation value Found : True 
TpTrace Information: 0 : 2920, 14, 2020/09/18, 22:05:20.281, 176828494156, testhost.x86.exe, AssemblyResolver.OnResolve: Microsoft.VisualStudio.TestPlatform.MSTestAdapter.PlatformServices.resources, Version=14.0.0.0, Culture=pt-BR, PublicKeyToken=b03f5f7f11d50a3a: Resolving assembly.
TpTrace Information: 0 : 2920, 14, 2020/09/18, 22:05:20.282, 176828501235, testhost.x86.exe, AssemblyResolver.OnResolve: Microsoft.VisualStudio.TestPlatform.MSTestAdapter.PlatformServices.resources, Version=14.0.0.0, Culture=pt-BR, PublicKeyToken=b03f5f7f11d50a3a: Failed to load assembly.
TpTrace Information: 0 : 2920, 14, 2020/09/18, 22:05:20.283, 176828510880, testhost.x86.exe, AssemblyResolver.OnResolve: Microsoft.VisualStudio.TestPlatform.MSTestAdapter.PlatformServices.resources, Version=14.0.0.0, Culture=pt-BR, PublicKeyToken=b03f5f7f11d50a3a: Resolving assembly.
TpTrace Information: 0 : 2920, 14, 2020/09/18, 22:05:20.283, 176828512198, testhost.x86.exe, AssemblyResolver.OnResolve: Microsoft.VisualStudio.TestPlatform.MSTestAdapter.PlatformServices.resources, Version=14.0.0.0, Culture=pt-BR, PublicKeyToken=b03f5f7f11d50a3a: Resolved from cache.
TpTrace Information: 0 : 2920, 14, 2020/09/18, 22:05:20.287, 176828549717, testhost.x86.exe, AssemblyResolver.OnResolve: Microsoft.VisualStudio.TestPlatform.MSTestAdapter.PlatformServices.resources, Version=14.0.0.0, Culture=pt, PublicKeyToken=b03f5f7f11d50a3a: Resolving assembly.
TpTrace Information: 0 : 2920, 14, 2020/09/18, 22:05:20.287, 176828555053, testhost.x86.exe, AssemblyResolver.OnResolve: Microsoft.VisualStudio.TestPlatform.MSTestAdapter.PlatformServices.resources, Version=14.0.0.0, Culture=pt, PublicKeyToken=b03f5f7f11d50a3a: Failed to load assembly.
TpTrace Information: 0 : 2920, 14, 2020/09/18, 22:05:20.310, 176828784242, testhost.x86.exe, MSTestExecutor: Changed the working directory to C:\Users\Cliente\source\repos\Calculadora\Calc.Unit.Test\bin\Debug
TpTrace Information: 0 : 2920, 14, 2020/09/18, 22:05:20.313, 176828809952, testhost.x86.exe, DesktopTestSourceHost.GetResolutionPaths(): Not running in portable mode
TpTrace Information: 0 : 2920, 14, 2020/09/18, 22:05:20.323, 176828908886, testhost.x86.exe, DesktopTestSourceHost.SetupHost(): Creating assembly resolver with resolution paths C:\Users\Cliente\source\repos\Calculadora\Calc.Unit.Test\bin\Debug,C:\Users\Cliente\AppData\Local\Temp\owzb2eix.iax\.vstest\tools\net451.
TpTrace Information: 0 : 2920, 14, 2020/09/18, 22:05:20.326, 176828940710, testhost.x86.exe, Created unit-test runner C:\Users\Cliente\source\repos\Calculadora\Calc.Unit.Test\bin\Debug\Calc.Unit.Test.dll
TpTrace Information: 0 : 2920, 14, 2020/09/18, 22:05:20.359, 176829269899, testhost.x86.exe, Sending test run statistics
TpTrace Information: 0 : 2920, 14, 2020/09/18, 22:05:20.399, 176829668488, testhost.x86.exe, Executing test Somar
TpTrace Information: 0 : 2920, 14, 2020/09/18, 22:05:20.464, 176830322288, testhost.x86.exe, AssemblyResolver.OnResolve: Microsoft.VisualStudio.TestPlatform.TestFramework.resources, Version=14.0.0.0, Culture=pt-BR, PublicKeyToken=b03f5f7f11d50a3a: Resolving assembly.
TpTrace Information: 0 : 2920, 14, 2020/09/18, 22:05:20.464, 176830326215, testhost.x86.exe, AssemblyResolver.OnResolve: Microsoft.VisualStudio.TestPlatform.TestFramework.resources, Version=14.0.0.0, Culture=pt-BR, PublicKeyToken=b03f5f7f11d50a3a: Failed to load assembly.
TpTrace Information: 0 : 2920, 14, 2020/09/18, 22:05:20.467, 176830351827, testhost.x86.exe, AssemblyResolver: Resolving assembly: Microsoft.VisualStudio.TestPlatform.TestFramework.resources, Version=14.0.0.0, Culture=pt-BR, PublicKeyToken=b03f5f7f11d50a3a.
TpTrace Information: 0 : 2920, 14, 2020/09/18, 22:05:20.468, 176830356361, testhost.x86.exe, AssemblyResolver: Resolving assembly after applying policy: Microsoft.VisualStudio.TestPlatform.TestFramework.resources, Version=14.0.0.0, Culture=pt-BR, PublicKeyToken=b03f5f7f11d50a3a.
TpTrace Information: 0 : 2920, 14, 2020/09/18, 22:05:20.473, 176830413434, testhost.x86.exe, AssemblyResolver.OnResolve: Microsoft.VisualStudio.TestPlatform.TestFramework.resources, Version=14.0.0.0, Culture=pt-BR, PublicKeyToken=b03f5f7f11d50a3a: Resolving assembly.
TpTrace Information: 0 : 2920, 14, 2020/09/18, 22:05:20.473, 176830414833, testhost.x86.exe, AssemblyResolver.OnResolve: Microsoft.VisualStudio.TestPlatform.TestFramework.resources, Version=14.0.0.0, Culture=pt-BR, PublicKeyToken=b03f5f7f11d50a3a: Resolved from cache.
TpTrace Information: 0 : 2920, 14, 2020/09/18, 22:05:20.473, 176830415740, testhost.x86.exe, AssemblyResolver: Resolving assembly: Microsoft.VisualStudio.TestPlatform.TestFramework.resources, Version=14.0.0.0, Culture=pt-BR, PublicKeyToken=b03f5f7f11d50a3a.
TpTrace Information: 0 : 2920, 14, 2020/09/18, 22:05:20.474, 176830417798, testhost.x86.exe, AssemblyResolver: Resolving assembly after applying policy: Microsoft.VisualStudio.TestPlatform.TestFramework.resources, Version=14.0.0.0, Culture=pt-BR, PublicKeyToken=b03f5f7f11d50a3a.
TpTrace Information: 0 : 2920, 14, 2020/09/18, 22:05:20.474, 176830420043, testhost.x86.exe, AssemblyResolver: Resolved: Microsoft.VisualStudio.TestPlatform.TestFramework.resources, Version=14.0.0.0, Culture=pt-BR, PublicKeyToken=b03f5f7f11d50a3a.
TpTrace Information: 0 : 2920, 14, 2020/09/18, 22:05:20.510, 176830779235, testhost.x86.exe, AssemblyResolver: Microsoft.VisualStudio.TestPlatform.TestFramework.resources, Version=14.0.0.0, Culture=pt-BR, PublicKeyToken=b03f5f7f11d50a3a: Failed to load assembly. Reason:System.IO.FileNotFoundException: Não foi possível carregar arquivo ou assembly 'Microsoft.VisualStudio.TestPlatform.TestFramework.resources, Version=14.0.0.0, Culture=pt-BR, PublicKeyToken=b03f5f7f11d50a3a' ou uma de suas dependências. O sistema não pode encontrar o arquivo especificado.
Nome do arquivo: 'Microsoft.VisualStudio.TestPlatform.TestFramework.resources, Version=14.0.0.0, Culture=pt-BR, PublicKeyToken=b03f5f7f11d50a3a'
   em System.Reflection.RuntimeAssembly._nLoad(AssemblyName fileName, String codeBase, Evidence assemblySecurity, RuntimeAssembly locationHint, StackCrawlMark& stackMark, IntPtr pPrivHostBinder, Boolean throwOnFileNotFound, Boolean forIntrospection, Boolean suppressSecurityChecks)
   em System.Reflection.RuntimeAssembly.nLoad(AssemblyName fileName, String codeBase, Evidence assemblySecurity, RuntimeAssembly locationHint, StackCrawlMark& stackMark, IntPtr pPrivHostBinder, Boolean throwOnFileNotFound, Boolean forIntrospection, Boolean suppressSecurityChecks)
   em System.Reflection.RuntimeAssembly.InternalLoadAssemblyName(AssemblyName assemblyRef, Evidence assemblySecurity, RuntimeAssembly reqAssembly, StackCrawlMark& stackMark, IntPtr pPrivHostBinder, Boolean throwOnFileNotFound, Boolean forIntrospection, Boolean suppressSecurityChecks)
   em System.Reflection.RuntimeAssembly.InternalLoad(String assemblyString, Evidence assemblySecurity, StackCrawlMark& stackMark, IntPtr pPrivHostBinder, Boolean forIntrospection)
   em System.Reflection.RuntimeAssembly.InternalLoad(String assemblyString, Evidence assemblySecurity, StackCrawlMark& stackMark, Boolean forIntrospection)
   em System.Reflection.Assembly.Load(String assemblyString)
   em Microsoft.VisualStudio.TestPlatform.MSTestAdapter.PlatformServices.AssemblyResolver.OnResolveInternal(Object senderAppDomain, ResolveEventArgs args, Boolean isReflectionOnly)

AVI: o log de associações de assembly está desativado.
Para ativar o log de  falhas de assembly, defina o valor do Registro [HKLM\Software\Microsoft\Fusion!EnableLog] (DWORD) como 1.
Observação: há alguma penalidade para o desempenho associada ao log de falha de associação de assembly.
Para desativar esse recurso, remova o valor do Registro [HKLM\Software\Microsoft\Fusion!EnableLog].
 
TpTrace Information: 0 : 2920, 14, 2020/09/18, 22:05:20.510, 176830784562, testhost.x86.exe, AssemblyResolver.OnResolve: Microsoft.VisualStudio.TestPlatform.TestFramework.resources, Version=14.0.0.0, Culture=pt-BR, PublicKeyToken=b03f5f7f11d50a3a: Resolving assembly.
TpTrace Information: 0 : 2920, 14, 2020/09/18, 22:05:20.510, 176830785680, testhost.x86.exe, AssemblyResolver.OnResolve: Microsoft.VisualStudio.TestPlatform.TestFramework.resources, Version=14.0.0.0, Culture=pt-BR, PublicKeyToken=b03f5f7f11d50a3a: Resolved from cache.
TpTrace Information: 0 : 2920, 14, 2020/09/18, 22:05:20.511, 176830786485, testhost.x86.exe, AssemblyResolver: Resolving assembly: Microsoft.VisualStudio.TestPlatform.TestFramework.resources, Version=14.0.0.0, Culture=pt-BR, PublicKeyToken=b03f5f7f11d50a3a.
TpTrace Information: 0 : 2920, 14, 2020/09/18, 22:05:20.511, 176830788008, testhost.x86.exe, AssemblyResolver: Resolving assembly after applying policy: Microsoft.VisualStudio.TestPlatform.TestFramework.resources, Version=14.0.0.0, Culture=pt-BR, PublicKeyToken=b03f5f7f11d50a3a.
TpTrace Information: 0 : 2920, 14, 2020/09/18, 22:05:20.511, 176830788904, testhost.x86.exe, AssemblyResolver: Resolved: Microsoft.VisualStudio.TestPlatform.TestFramework.resources, Version=14.0.0.0, Culture=pt-BR, PublicKeyToken=b03f5f7f11d50a3a.
TpTrace Information: 0 : 2920, 14, 2020/09/18, 22:05:20.537, 176831055059, testhost.x86.exe, AssemblyResolver.OnResolve: Microsoft.VisualStudio.TestPlatform.TestFramework.resources, Version=14.0.0.0, Culture=pt, PublicKeyToken=b03f5f7f11d50a3a: Resolving assembly.
TpTrace Information: 0 : 2920, 14, 2020/09/18, 22:05:20.538, 176831064549, testhost.x86.exe, AssemblyResolver.OnResolve: Microsoft.VisualStudio.TestPlatform.TestFramework.resources, Version=14.0.0.0, Culture=pt, PublicKeyToken=b03f5f7f11d50a3a: Failed to load assembly.
TpTrace Information: 0 : 2920, 14, 2020/09/18, 22:05:20.538, 176831065672, testhost.x86.exe, AssemblyResolver: Resolving assembly: Microsoft.VisualStudio.TestPlatform.TestFramework.resources, Version=14.0.0.0, Culture=pt, PublicKeyToken=b03f5f7f11d50a3a.
TpTrace Information: 0 : 2920, 14, 2020/09/18, 22:05:20.539, 176831068489, testhost.x86.exe, AssemblyResolver: Resolving assembly after applying policy: Microsoft.VisualStudio.TestPlatform.TestFramework.resources, Version=14.0.0.0, Culture=pt, PublicKeyToken=b03f5f7f11d50a3a.
TpTrace Information: 0 : 2920, 14, 2020/09/18, 22:05:20.539, 176831073347, testhost.x86.exe, AssemblyResolver.OnResolve: Microsoft.VisualStudio.TestPlatform.TestFramework.resources, Version=14.0.0.0, Culture=pt, PublicKeyToken=b03f5f7f11d50a3a: Resolving assembly.
TpTrace Information: 0 : 2920, 14, 2020/09/18, 22:05:20.539, 176831074104, testhost.x86.exe, AssemblyResolver.OnResolve: Microsoft.VisualStudio.TestPlatform.TestFramework.resources, Version=14.0.0.0, Culture=pt, PublicKeyToken=b03f5f7f11d50a3a: Resolved from cache.
TpTrace Information: 0 : 2920, 14, 2020/09/18, 22:05:20.539, 176831074803, testhost.x86.exe, AssemblyResolver: Resolving assembly: Microsoft.VisualStudio.TestPlatform.TestFramework.resources, Version=14.0.0.0, Culture=pt, PublicKeyToken=b03f5f7f11d50a3a.
TpTrace Information: 0 : 2920, 14, 2020/09/18, 22:05:20.540, 176831076955, testhost.x86.exe, AssemblyResolver: Resolving assembly after applying policy: Microsoft.VisualStudio.TestPlatform.TestFramework.resources, Version=14.0.0.0, Culture=pt, PublicKeyToken=b03f5f7f11d50a3a.
TpTrace Information: 0 : 2920, 14, 2020/09/18, 22:05:20.540, 176831077687, testhost.x86.exe, AssemblyResolver: Resolved: Microsoft.VisualStudio.TestPlatform.TestFramework.resources, Version=14.0.0.0, Culture=pt, PublicKeyToken=b03f5f7f11d50a3a.
TpTrace Information: 0 : 2920, 14, 2020/09/18, 22:05:20.540, 176831081083, testhost.x86.exe, AssemblyResolver: Microsoft.VisualStudio.TestPlatform.TestFramework.resources, Version=14.0.0.0, Culture=pt, PublicKeyToken=b03f5f7f11d50a3a: Failed to load assembly. Reason:System.IO.FileLoadException: Não foi possível carregar arquivo ou assembly 'Microsoft.VisualStudio.TestPlatform.TestFramework.resources, Version=14.0.0.0, Culture=pt, PublicKeyToken=b03f5f7f11d50a3a' ou uma de suas dependências. A definição do manifesto do assembly localizado não corresponde à referência do assembly. (Exceção de HRESULT: 0x80131040)
Nome do arquivo: 'Microsoft.VisualStudio.TestPlatform.TestFramework.resources, Version=14.0.0.0, Culture=pt, PublicKeyToken=b03f5f7f11d50a3a'
   em System.Reflection.RuntimeAssembly._nLoad(AssemblyName fileName, String codeBase, Evidence assemblySecurity, RuntimeAssembly locationHint, StackCrawlMark& stackMark, IntPtr pPrivHostBinder, Boolean throwOnFileNotFound, Boolean forIntrospection, Boolean suppressSecurityChecks)
   em System.Reflection.RuntimeAssembly.nLoad(AssemblyName fileName, String codeBase, Evidence assemblySecurity, RuntimeAssembly locationHint, StackCrawlMark& stackMark, IntPtr pPrivHostBinder, Boolean throwOnFileNotFound, Boolean forIntrospection, Boolean suppressSecurityChecks)
   em System.Reflection.RuntimeAssembly.InternalLoadAssemblyName(AssemblyName assemblyRef, Evidence assemblySecurity, RuntimeAssembly reqAssembly, StackCrawlMark& stackMark, IntPtr pPrivHostBinder, Boolean throwOnFileNotFound, Boolean forIntrospection, Boolean suppressSecurityChecks)
   em System.Reflection.RuntimeAssembly.InternalLoad(String assemblyString, Evidence assemblySecurity, StackCrawlMark& stackMark, IntPtr pPrivHostBinder, Boolean forIntrospection)
   em System.Reflection.RuntimeAssembly.InternalLoad(String assemblyString, Evidence assemblySecurity, StackCrawlMark& stackMark, Boolean forIntrospection)
   em System.Reflection.Assembly.Load(String assemblyString)
   em Microsoft.VisualStudio.TestPlatform.MSTestAdapter.PlatformServices.AssemblyResolver.OnResolveInternal(Object senderAppDomain, ResolveEventArgs args, Boolean isReflectionOnly)

AVI: o log de associações de assembly está desativado.
Para ativar o log de  falhas de assembly, defina o valor do Registro [HKLM\Software\Microsoft\Fusion!EnableLog] (DWORD) como 1.
Observação: há alguma penalidade para o desempenho associada ao log de falha de associação de assembly.
Para desativar esse recurso, remova o valor do Registro [HKLM\Software\Microsoft\Fusion!EnableLog].
 
TpTrace Information: 0 : 2920, 14, 2020/09/18, 22:05:20.560, 176831284683, testhost.x86.exe, Executed test Somar
TpTrace Warning: 0 : 2920, 14, 2020/09/18, 22:05:20.567, 176831348336, testhost.x86.exe, TestRunCache: InProgressTests is null
TpTrace Information: 0 : 2920, 14, 2020/09/18, 22:05:20.569, 176831367123, testhost.x86.exe, MSTestExecutor:Test Calc.Unit.Test.CalculadoraUnitTest.Somar failed. ErrorMessage:Assert.AreEqual failed. Expected:<0>. Actual:<20>. , ErrorStackTrace:   em Calc.Unit.Test.CalculadoraUnitTest.Somar() na C:\Users\Cliente\source\repos\Calculadora\Calc.Unit.Test\CalculadoraUnitTest.cs:linha 22
.
TpTrace Warning: 0 : 2920, 14, 2020/09/18, 22:05:20.570, 176831382946, testhost.x86.exe, No DataCollection Data set for the test case 68dedd4b-3da6-9474-35ab-19a75362a2f7
TpTrace Warning: 0 : 2920, 14, 2020/09/18, 22:05:20.577, 176831451903, testhost.x86.exe, TestRunCache: InProgressTests is null
TpTrace Warning: 0 : 2920, 14, 2020/09/18, 22:05:20.578, 176831460303, testhost.x86.exe, TestRunCache: No test found corresponding to testResult '' in inProgress list.
TpTrace Information: 0 : 2920, 14, 2020/09/18, 22:05:20.578, 176831463209, testhost.x86.exe, Sending test run statistics
TpTrace Information: 0 : 2920, 14, 2020/09/18, 22:05:20.608, 176831756799, testhost.x86.exe, Sending test run statistics
TpTrace Information: 0 : 2920, 14, 2020/09/18, 22:05:20.609, 176831771315, testhost.x86.exe, Executing test Subtrair
TpTrace Information: 0 : 2920, 14, 2020/09/18, 22:05:20.615, 176831826081, testhost.x86.exe, Executed test Subtrair
TpTrace Warning: 0 : 2920, 14, 2020/09/18, 22:05:20.615, 176831827644, testhost.x86.exe, TestRunCache: InProgressTests is null
TpTrace Information: 0 : 2920, 14, 2020/09/18, 22:05:20.615, 176831828865, testhost.x86.exe, MSTestExecutor:Test Calc.Unit.Test.CalculadoraUnitTest.Subtrair failed. ErrorMessage:Assert.AreEqual failed. Expected:<30>. Actual:<10>. , ErrorStackTrace:   em Calc.Unit.Test.CalculadoraUnitTest.Subtrair() na C:\Users\Cliente\source\repos\Calculadora\Calc.Unit.Test\CalculadoraUnitTest.cs:linha 37
.
TpTrace Warning: 0 : 2920, 14, 2020/09/18, 22:05:20.615, 176831829913, testhost.x86.exe, No DataCollection Data set for the test case be316bd3-820f-9a10-ea16-e92564c61c39
TpTrace Warning: 0 : 2920, 14, 2020/09/18, 22:05:20.615, 176831831853, testhost.x86.exe, TestRunCache: InProgressTests is null
TpTrace Warning: 0 : 2920, 14, 2020/09/18, 22:05:20.615, 176831832590, testhost.x86.exe, TestRunCache: No test found corresponding to testResult '' in inProgress list.
TpTrace Information: 0 : 2920, 14, 2020/09/18, 22:05:20.615, 176831833238, testhost.x86.exe, Sending test run statistics
TpTrace Information: 0 : 2920, 14, 2020/09/18, 22:05:20.616, 176831837806, testhost.x86.exe, Sending test run statistics
TpTrace Information: 0 : 2920, 14, 2020/09/18, 22:05:20.616, 176831840381, testhost.x86.exe, Executing test Dividir
TpTrace Information: 0 : 2920, 14, 2020/09/18, 22:05:20.617, 176831852441, testhost.x86.exe, Executed test Dividir
TpTrace Warning: 0 : 2920, 14, 2020/09/18, 22:05:20.617, 176831853301, testhost.x86.exe, TestRunCache: InProgressTests is null
TpTrace Information: 0 : 2920, 14, 2020/09/18, 22:05:20.617, 176831854262, testhost.x86.exe, MSTestExecutor:Test Calc.Unit.Test.CalculadoraUnitTest.Dividir failed. ErrorMessage:Assert.AreEqual failed. Expected:<200>. Actual:<2>. , ErrorStackTrace:   em Calc.Unit.Test.CalculadoraUnitTest.Dividir() na C:\Users\Cliente\source\repos\Calculadora\Calc.Unit.Test\CalculadoraUnitTest.cs:linha 52
.
TpTrace Warning: 0 : 2920, 14, 2020/09/18, 22:05:20.617, 176831855028, testhost.x86.exe, No DataCollection Data set for the test case c4e64bae-a42a-81dc-6b93-3216b7d9a786
TpTrace Warning: 0 : 2920, 14, 2020/09/18, 22:05:20.618, 176831856059, testhost.x86.exe, TestRunCache: InProgressTests is null
TpTrace Warning: 0 : 2920, 14, 2020/09/18, 22:05:20.618, 176831856675, testhost.x86.exe, TestRunCache: No test found corresponding to testResult '' in inProgress list.
TpTrace Information: 0 : 2920, 14, 2020/09/18, 22:05:20.618, 176831857279, testhost.x86.exe, Sending test run statistics
TpTrace Information: 0 : 2920, 14, 2020/09/18, 22:05:20.618, 176831861186, testhost.x86.exe, Sending test run statistics
TpTrace Information: 0 : 2920, 14, 2020/09/18, 22:05:20.618, 176831863646, testhost.x86.exe, Executing test Multiplicacao
TpTrace Information: 0 : 2920, 14, 2020/09/18, 22:05:20.620, 176831877729, testhost.x86.exe, Executed test Multiplicacao
TpTrace Warning: 0 : 2920, 14, 2020/09/18, 22:05:20.620, 176831879246, testhost.x86.exe, TestRunCache: InProgressTests is null
TpTrace Information: 0 : 2920, 14, 2020/09/18, 22:05:20.620, 176831880169, testhost.x86.exe, MSTestExecutor:Test Calc.Unit.Test.CalculadoraUnitTest.Multiplicacao failed. ErrorMessage:Assert.AreEqual failed. Expected:<2>. Actual:<200>. , ErrorStackTrace:   em Calc.Unit.Test.CalculadoraUnitTest.Multiplicacao() na C:\Users\Cliente\source\repos\Calculadora\Calc.Unit.Test\CalculadoraUnitTest.cs:linha 67
.
TpTrace Warning: 0 : 2920, 14, 2020/09/18, 22:05:20.620, 176831881023, testhost.x86.exe, No DataCollection Data set for the test case c525d128-58e3-1627-690a-792292d84a1c
TpTrace Warning: 0 : 2920, 14, 2020/09/18, 22:05:20.620, 176831881736, testhost.x86.exe, TestRunCache: InProgressTests is null
TpTrace Warning: 0 : 2920, 14, 2020/09/18, 22:05:20.620, 176831882730, testhost.x86.exe, TestRunCache: No test found corresponding to testResult '' in inProgress list.
TpTrace Information: 0 : 2920, 14, 2020/09/18, 22:05:20.620, 176831883651, testhost.x86.exe, Sending test run statistics
TpTrace Information: 0 : 2920, 14, 2020/09/18, 22:05:20.622, 176831901407, testhost.x86.exe, Sending test run statistics
TpTrace Information: 0 : 2920, 14, 2020/09/18, 22:05:20.623, 176831910433, testhost.x86.exe, Executing test SomarJuros
TpTrace Information: 0 : 2920, 14, 2020/09/18, 22:05:21.075, 176836440896, testhost.x86.exe, AssemblyResolver.OnResolve: Moq.resources, Version=4.12.0.0, Culture=pt-BR, PublicKeyToken=69f491c39445e920: Resolving assembly.
TpTrace Information: 0 : 2920, 14, 2020/09/18, 22:05:21.076, 176836449829, testhost.x86.exe, AssemblyResolver.OnResolve: Moq.resources, Version=4.12.0.0, Culture=pt-BR, PublicKeyToken=69f491c39445e920: Failed to load assembly.
TpTrace Information: 0 : 2920, 14, 2020/09/18, 22:05:21.076, 176836451118, testhost.x86.exe, AssemblyResolver: Resolving assembly: Moq.resources, Version=4.12.0.0, Culture=pt-BR, PublicKeyToken=69f491c39445e920.
TpTrace Information: 0 : 2920, 14, 2020/09/18, 22:05:21.077, 176836453479, testhost.x86.exe, AssemblyResolver: Resolving assembly after applying policy: Moq.resources, Version=4.12.0.0, Culture=pt-BR, PublicKeyToken=69f491c39445e920.
TpTrace Information: 0 : 2920, 14, 2020/09/18, 22:05:21.077, 176836457975, testhost.x86.exe, AssemblyResolver.OnResolve: Moq.resources, Version=4.12.0.0, Culture=pt-BR, PublicKeyToken=69f491c39445e920: Resolving assembly.
TpTrace Information: 0 : 2920, 14, 2020/09/18, 22:05:21.077, 176836458749, testhost.x86.exe, AssemblyResolver.OnResolve: Moq.resources, Version=4.12.0.0, Culture=pt-BR, PublicKeyToken=69f491c39445e920: Resolved from cache.
TpTrace Information: 0 : 2920, 14, 2020/09/18, 22:05:21.077, 176836459414, testhost.x86.exe, AssemblyResolver: Resolving assembly: Moq.resources, Version=4.12.0.0, Culture=pt-BR, PublicKeyToken=69f491c39445e920.
TpTrace Information: 0 : 2920, 14, 2020/09/18, 22:05:21.077, 176836460785, testhost.x86.exe, AssemblyResolver: Resolving assembly after applying policy: Moq.resources, Version=4.12.0.0, Culture=pt-BR, PublicKeyToken=69f491c39445e920.
TpTrace Information: 0 : 2920, 14, 2020/09/18, 22:05:21.077, 176836461474, testhost.x86.exe, AssemblyResolver: Resolved: Moq.resources, Version=4.12.0.0, Culture=pt-BR, PublicKeyToken=69f491c39445e920.
TpTrace Information: 0 : 2920, 14, 2020/09/18, 22:05:21.078, 176836464805, testhost.x86.exe, AssemblyResolver: Moq.resources, Version=4.12.0.0, Culture=pt-BR, PublicKeyToken=69f491c39445e920: Failed to load assembly. Reason:System.IO.FileNotFoundException: Não foi possível carregar arquivo ou assembly 'Moq.resources, Version=4.12.0.0, Culture=pt-BR, PublicKeyToken=69f491c39445e920' ou uma de suas dependências. O sistema não pode encontrar o arquivo especificado.
Nome do arquivo: 'Moq.resources, Version=4.12.0.0, Culture=pt-BR, PublicKeyToken=69f491c39445e920'
   em System.Reflection.RuntimeAssembly._nLoad(AssemblyName fileName, String codeBase, Evidence assemblySecurity, RuntimeAssembly locationHint, StackCrawlMark& stackMark, IntPtr pPrivHostBinder, Boolean throwOnFileNotFound, Boolean forIntrospection, Boolean suppressSecurityChecks)
   em System.Reflection.RuntimeAssembly.nLoad(AssemblyName fileName, String codeBase, Evidence assemblySecurity, RuntimeAssembly locationHint, StackCrawlMark& stackMark, IntPtr pPrivHostBinder, Boolean throwOnFileNotFound, Boolean forIntrospection, Boolean suppressSecurityChecks)
   em System.Reflection.RuntimeAssembly.InternalLoadAssemblyName(AssemblyName assemblyRef, Evidence assemblySecurity, RuntimeAssembly reqAssembly, StackCrawlMark& stackMark, IntPtr pPrivHostBinder, Boolean throwOnFileNotFound, Boolean forIntrospection, Boolean suppressSecurityChecks)
   em System.Reflection.RuntimeAssembly.InternalLoad(String assemblyString, Evidence assemblySecurity, StackCrawlMark& stackMark, IntPtr pPrivHostBinder, Boolean forIntrospection)
   em System.Reflection.RuntimeAssembly.InternalLoad(String assemblyString, Evidence assemblySecurity, StackCrawlMark& stackMark, Boolean forIntrospection)
   em System.Reflection.Assembly.Load(String assemblyString)
   em Microsoft.VisualStudio.TestPlatform.MSTestAdapter.PlatformServices.AssemblyResolver.OnResolveInternal(Object senderAppDomain, ResolveEventArgs args, Boolean isReflectionOnly)

AVI: o log de associações de assembly está desativado.
Para ativar o log de  falhas de assembly, defina o valor do Registro [HKLM\Software\Microsoft\Fusion!EnableLog] (DWORD) como 1.
Observação: há alguma penalidade para o desempenho associada ao log de falha de associação de assembly.
Para desativar esse recurso, remova o valor do Registro [HKLM\Software\Microsoft\Fusion!EnableLog].
 
TpTrace Information: 0 : 2920, 14, 2020/09/18, 22:05:21.078, 176836467947, testhost.x86.exe, AssemblyResolver.OnResolve: Moq.resources, Version=4.12.0.0, Culture=pt-BR, PublicKeyToken=69f491c39445e920: Resolving assembly.
TpTrace Information: 0 : 2920, 14, 2020/09/18, 22:05:21.078, 176836468690, testhost.x86.exe, AssemblyResolver.OnResolve: Moq.resources, Version=4.12.0.0, Culture=pt-BR, PublicKeyToken=69f491c39445e920: Resolved from cache.
TpTrace Information: 0 : 2920, 14, 2020/09/18, 22:05:21.078, 176836469318, testhost.x86.exe, AssemblyResolver: Resolving assembly: Moq.resources, Version=4.12.0.0, Culture=pt-BR, PublicKeyToken=69f491c39445e920.
TpTrace Information: 0 : 2920, 14, 2020/09/18, 22:05:21.078, 176836470631, testhost.x86.exe, AssemblyResolver: Resolving assembly after applying policy: Moq.resources, Version=4.12.0.0, Culture=pt-BR, PublicKeyToken=69f491c39445e920.
TpTrace Information: 0 : 2920, 14, 2020/09/18, 22:05:21.078, 176836471298, testhost.x86.exe, AssemblyResolver: Resolved: Moq.resources, Version=4.12.0.0, Culture=pt-BR, PublicKeyToken=69f491c39445e920.
TpTrace Information: 0 : 2920, 14, 2020/09/18, 22:05:21.080, 176836482610, testhost.x86.exe, AssemblyResolver.OnResolve: Moq.resources, Version=4.12.0.0, Culture=pt, PublicKeyToken=69f491c39445e920: Resolving assembly.
TpTrace Information: 0 : 2920, 14, 2020/09/18, 22:05:21.080, 176836485632, testhost.x86.exe, AssemblyResolver.OnResolve: Moq.resources, Version=4.12.0.0, Culture=pt, PublicKeyToken=69f491c39445e920: Failed to load assembly.
TpTrace Information: 0 : 2920, 14, 2020/09/18, 22:05:21.080, 176836486388, testhost.x86.exe, AssemblyResolver: Resolving assembly: Moq.resources, Version=4.12.0.0, Culture=pt, PublicKeyToken=69f491c39445e920.
TpTrace Information: 0 : 2920, 14, 2020/09/18, 22:05:21.080, 176836488335, testhost.x86.exe, AssemblyResolver: Resolving assembly after applying policy: Moq.resources, Version=4.12.0.0, Culture=pt, PublicKeyToken=69f491c39445e920.
TpTrace Information: 0 : 2920, 14, 2020/09/18, 22:05:21.080, 176836492408, testhost.x86.exe, AssemblyResolver.OnResolve: Moq.resources, Version=4.12.0.0, Culture=pt, PublicKeyToken=69f491c39445e920: Resolving assembly.
TpTrace Information: 0 : 2920, 14, 2020/09/18, 22:05:21.081, 176836493235, testhost.x86.exe, AssemblyResolver.OnResolve: Moq.resources, Version=4.12.0.0, Culture=pt, PublicKeyToken=69f491c39445e920: Resolved from cache.
TpTrace Information: 0 : 2920, 14, 2020/09/18, 22:05:21.081, 176836493880, testhost.x86.exe, AssemblyResolver: Resolving assembly: Moq.resources, Version=4.12.0.0, Culture=pt, PublicKeyToken=69f491c39445e920.
TpTrace Information: 0 : 2920, 14, 2020/09/18, 22:05:21.081, 176836495622, testhost.x86.exe, AssemblyResolver: Resolving assembly after applying policy: Moq.resources, Version=4.12.0.0, Culture=pt, PublicKeyToken=69f491c39445e920.
TpTrace Information: 0 : 2920, 14, 2020/09/18, 22:05:21.081, 176836496550, testhost.x86.exe, AssemblyResolver: Resolved: Moq.resources, Version=4.12.0.0, Culture=pt, PublicKeyToken=69f491c39445e920.
TpTrace Information: 0 : 2920, 14, 2020/09/18, 22:05:21.081, 176836499587, testhost.x86.exe, AssemblyResolver: Moq.resources, Version=4.12.0.0, Culture=pt, PublicKeyToken=69f491c39445e920: Failed to load assembly. Reason:System.IO.FileNotFoundException: Não foi possível carregar arquivo ou assembly 'Moq.resources, Version=4.12.0.0, Culture=pt, PublicKeyToken=69f491c39445e920' ou uma de suas dependências. O sistema não pode encontrar o arquivo especificado.
Nome do arquivo: 'Moq.resources, Version=4.12.0.0, Culture=pt, PublicKeyToken=69f491c39445e920'
   em System.Reflection.RuntimeAssembly._nLoad(AssemblyName fileName, String codeBase, Evidence assemblySecurity, RuntimeAssembly locationHint, StackCrawlMark& stackMark, IntPtr pPrivHostBinder, Boolean throwOnFileNotFound, Boolean forIntrospection, Boolean suppressSecurityChecks)
   em System.Reflection.RuntimeAssembly.nLoad(AssemblyName fileName, String codeBase, Evidence assemblySecurity, RuntimeAssembly locationHint, StackCrawlMark& stackMark, IntPtr pPrivHostBinder, Boolean throwOnFileNotFound, Boolean forIntrospection, Boolean suppressSecurityChecks)
   em System.Reflection.RuntimeAssembly.InternalLoadAssemblyName(AssemblyName assemblyRef, Evidence assemblySecurity, RuntimeAssembly reqAssembly, StackCrawlMark& stackMark, IntPtr pPrivHostBinder, Boolean throwOnFileNotFound, Boolean forIntrospection, Boolean suppressSecurityChecks)
   em System.Reflection.RuntimeAssembly.InternalLoad(String assemblyString, Evidence assemblySecurity, StackCrawlMark& stackMark, IntPtr pPrivHostBinder, Boolean forIntrospection)
   em System.Reflection.RuntimeAssembly.InternalLoad(String assemblyString, Evidence assemblySecurity, StackCrawlMark& stackMark, Boolean forIntrospection)
   em System.Reflection.Assembly.Load(String assemblyString)
   em Microsoft.VisualStudio.TestPlatform.MSTestAdapter.PlatformServices.AssemblyResolver.OnResolveInternal(Object senderAppDomain, ResolveEventArgs args, Boolean isReflectionOnly)

AVI: o log de associações de assembly está desativado.
Para ativar o log de  falhas de assembly, defina o valor do Registro [HKLM\Software\Microsoft\Fusion!EnableLog] (DWORD) como 1.
Observação: há alguma penalidade para o desempenho associada ao log de falha de associação de assembly.
Para desativar esse recurso, remova o valor do Registro [HKLM\Software\Microsoft\Fusion!EnableLog].
 
TpTrace Information: 0 : 2920, 14, 2020/09/18, 22:05:21.081, 176836501974, testhost.x86.exe, AssemblyResolver.OnResolve: Moq.resources, Version=4.12.0.0, Culture=pt, PublicKeyToken=69f491c39445e920: Resolving assembly.
TpTrace Information: 0 : 2920, 14, 2020/09/18, 22:05:21.082, 176836503014, testhost.x86.exe, AssemblyResolver.OnResolve: Moq.resources, Version=4.12.0.0, Culture=pt, PublicKeyToken=69f491c39445e920: Resolved from cache.
TpTrace Information: 0 : 2920, 14, 2020/09/18, 22:05:21.082, 176836503717, testhost.x86.exe, AssemblyResolver: Resolving assembly: Moq.resources, Version=4.12.0.0, Culture=pt, PublicKeyToken=69f491c39445e920.
TpTrace Information: 0 : 2920, 14, 2020/09/18, 22:05:21.082, 176836504989, testhost.x86.exe, AssemblyResolver: Resolving assembly after applying policy: Moq.resources, Version=4.12.0.0, Culture=pt, PublicKeyToken=69f491c39445e920.
TpTrace Information: 0 : 2920, 14, 2020/09/18, 22:05:21.082, 176836505780, testhost.x86.exe, AssemblyResolver: Resolved: Moq.resources, Version=4.12.0.0, Culture=pt, PublicKeyToken=69f491c39445e920.
TpTrace Information: 0 : 2920, 14, 2020/09/18, 22:05:21.086, 176836550199, testhost.x86.exe, AssemblyResolver.OnResolve: Microsoft.VisualStudio.TestPlatform.MSTest.TestAdapter.resources, Version=14.0.0.0, Culture=pt-BR, PublicKeyToken=b03f5f7f11d50a3a: Resolving assembly.
TpTrace Information: 0 : 2920, 14, 2020/09/18, 22:05:21.087, 176836553829, testhost.x86.exe, AssemblyResolver.OnResolve: Microsoft.VisualStudio.TestPlatform.MSTest.TestAdapter.resources, Version=14.0.0.0, Culture=pt-BR, PublicKeyToken=b03f5f7f11d50a3a: Failed to load assembly.
TpTrace Information: 0 : 2920, 14, 2020/09/18, 22:05:21.087, 176836554781, testhost.x86.exe, AssemblyResolver: Resolving assembly: Microsoft.VisualStudio.TestPlatform.MSTest.TestAdapter.resources, Version=14.0.0.0, Culture=pt-BR, PublicKeyToken=b03f5f7f11d50a3a.
TpTrace Information: 0 : 2920, 14, 2020/09/18, 22:05:21.087, 176836557022, testhost.x86.exe, AssemblyResolver: Resolving assembly after applying policy: Microsoft.VisualStudio.TestPlatform.MSTest.TestAdapter.resources, Version=14.0.0.0, Culture=pt-BR, PublicKeyToken=b03f5f7f11d50a3a.
TpTrace Information: 0 : 2920, 14, 2020/09/18, 22:05:21.087, 176836562172, testhost.x86.exe, AssemblyResolver.OnResolve: Microsoft.VisualStudio.TestPlatform.MSTest.TestAdapter.resources, Version=14.0.0.0, Culture=pt-BR, PublicKeyToken=b03f5f7f11d50a3a: Resolving assembly.
TpTrace Information: 0 : 2920, 14, 2020/09/18, 22:05:21.088, 176836564368, testhost.x86.exe, AssemblyResolver.OnResolve: Microsoft.VisualStudio.TestPlatform.MSTest.TestAdapter.resources, Version=14.0.0.0, Culture=pt-BR, PublicKeyToken=b03f5f7f11d50a3a: Resolved from cache.
TpTrace Information: 0 : 2920, 14, 2020/09/18, 22:05:21.088, 176836565157, testhost.x86.exe, AssemblyResolver: Resolving assembly: Microsoft.VisualStudio.TestPlatform.MSTest.TestAdapter.resources, Version=14.0.0.0, Culture=pt-BR, PublicKeyToken=b03f5f7f11d50a3a.
TpTrace Information: 0 : 2920, 14, 2020/09/18, 22:05:21.088, 176836566634, testhost.x86.exe, AssemblyResolver: Resolving assembly after applying policy: Microsoft.VisualStudio.TestPlatform.MSTest.TestAdapter.resources, Version=14.0.0.0, Culture=pt-BR, PublicKeyToken=b03f5f7f11d50a3a.
TpTrace Information: 0 : 2920, 14, 2020/09/18, 22:05:21.088, 176836567400, testhost.x86.exe, AssemblyResolver: Resolved: Microsoft.VisualStudio.TestPlatform.MSTest.TestAdapter.resources, Version=14.0.0.0, Culture=pt-BR, PublicKeyToken=b03f5f7f11d50a3a.
TpTrace Information: 0 : 2920, 14, 2020/09/18, 22:05:21.088, 176836570660, testhost.x86.exe, AssemblyResolver: Microsoft.VisualStudio.TestPlatform.MSTest.TestAdapter.resources, Version=14.0.0.0, Culture=pt-BR, PublicKeyToken=b03f5f7f11d50a3a: Failed to load assembly. Reason:System.IO.FileNotFoundException: Não foi possível carregar arquivo ou assembly 'Microsoft.VisualStudio.TestPlatform.MSTest.TestAdapter.resources, Version=14.0.0.0, Culture=pt-BR, PublicKeyToken=b03f5f7f11d50a3a' ou uma de suas dependências. O sistema não pode encontrar o arquivo especificado.
Nome do arquivo: 'Microsoft.VisualStudio.TestPlatform.MSTest.TestAdapter.resources, Version=14.0.0.0, Culture=pt-BR, PublicKeyToken=b03f5f7f11d50a3a'
   em System.Reflection.RuntimeAssembly._nLoad(AssemblyName fileName, String codeBase, Evidence assemblySecurity, RuntimeAssembly locationHint, StackCrawlMark& stackMark, IntPtr pPrivHostBinder, Boolean throwOnFileNotFound, Boolean forIntrospection, Boolean suppressSecurityChecks)
   em System.Reflection.RuntimeAssembly.nLoad(AssemblyName fileName, String codeBase, Evidence assemblySecurity, RuntimeAssembly locationHint, StackCrawlMark& stackMark, IntPtr pPrivHostBinder, Boolean throwOnFileNotFound, Boolean forIntrospection, Boolean suppressSecurityChecks)
   em System.Reflection.RuntimeAssembly.InternalLoadAssemblyName(AssemblyName assemblyRef, Evidence assemblySecurity, RuntimeAssembly reqAssembly, StackCrawlMark& stackMark, IntPtr pPrivHostBinder, Boolean throwOnFileNotFound, Boolean forIntrospection, Boolean suppressSecurityChecks)
   em System.Reflection.RuntimeAssembly.InternalLoad(String assemblyString, Evidence assemblySecurity, StackCrawlMark& stackMark, IntPtr pPrivHostBinder, Boolean forIntrospection)
   em System.Reflection.RuntimeAssembly.InternalLoad(String assemblyString, Evidence assemblySecurity, StackCrawlMark& stackMark, Boolean forIntrospection)
   em System.Reflection.Assembly.Load(String assemblyString)
   em Microsoft.VisualStudio.TestPlatform.MSTestAdapter.PlatformServices.AssemblyResolver.OnResolveInternal(Object senderAppDomain, ResolveEventArgs args, Boolean isReflectionOnly)

AVI: o log de associações de assembly está desativado.
Para ativar o log de  falhas de assembly, defina o valor do Registro [HKLM\Software\Microsoft\Fusion!EnableLog] (DWORD) como 1.
Observação: há alguma penalidade para o desempenho associada ao log de falha de associação de assembly.
Para desativar esse recurso, remova o valor do Registro [HKLM\Software\Microsoft\Fusion!EnableLog].
 
TpTrace Information: 0 : 2920, 14, 2020/09/18, 22:05:21.089, 176836572581, testhost.x86.exe, AssemblyResolver.OnResolve: Microsoft.VisualStudio.TestPlatform.MSTest.TestAdapter.resources, Version=14.0.0.0, Culture=pt-BR, PublicKeyToken=b03f5f7f11d50a3a: Resolving assembly.
TpTrace Information: 0 : 2920, 14, 2020/09/18, 22:05:21.089, 176836573288, testhost.x86.exe, AssemblyResolver.OnResolve: Microsoft.VisualStudio.TestPlatform.MSTest.TestAdapter.resources, Version=14.0.0.0, Culture=pt-BR, PublicKeyToken=b03f5f7f11d50a3a: Resolved from cache.
TpTrace Information: 0 : 2920, 14, 2020/09/18, 22:05:21.089, 176836573963, testhost.x86.exe, AssemblyResolver: Resolving assembly: Microsoft.VisualStudio.TestPlatform.MSTest.TestAdapter.resources, Version=14.0.0.0, Culture=pt-BR, PublicKeyToken=b03f5f7f11d50a3a.
TpTrace Information: 0 : 2920, 14, 2020/09/18, 22:05:21.089, 176836575308, testhost.x86.exe, AssemblyResolver: Resolving assembly after applying policy: Microsoft.VisualStudio.TestPlatform.MSTest.TestAdapter.resources, Version=14.0.0.0, Culture=pt-BR, PublicKeyToken=b03f5f7f11d50a3a.
TpTrace Information: 0 : 2920, 14, 2020/09/18, 22:05:21.089, 176836575973, testhost.x86.exe, AssemblyResolver: Resolved: Microsoft.VisualStudio.TestPlatform.MSTest.TestAdapter.resources, Version=14.0.0.0, Culture=pt-BR, PublicKeyToken=b03f5f7f11d50a3a.
TpTrace Information: 0 : 2920, 14, 2020/09/18, 22:05:21.126, 176836948052, testhost.x86.exe, AssemblyResolver.OnResolve: Microsoft.VisualStudio.TestPlatform.MSTest.TestAdapter.resources, Version=14.0.0.0, Culture=pt, PublicKeyToken=b03f5f7f11d50a3a: Resolving assembly.
TpTrace Information: 0 : 2920, 14, 2020/09/18, 22:05:21.126, 176836951796, testhost.x86.exe, AssemblyResolver.OnResolve: Microsoft.VisualStudio.TestPlatform.MSTest.TestAdapter.resources, Version=14.0.0.0, Culture=pt, PublicKeyToken=b03f5f7f11d50a3a: Failed to load assembly.
TpTrace Information: 0 : 2920, 14, 2020/09/18, 22:05:21.127, 176836952866, testhost.x86.exe, AssemblyResolver: Resolving assembly: Microsoft.VisualStudio.TestPlatform.MSTest.TestAdapter.resources, Version=14.0.0.0, Culture=pt, PublicKeyToken=b03f5f7f11d50a3a.
TpTrace Information: 0 : 2920, 14, 2020/09/18, 22:05:21.127, 176836955212, testhost.x86.exe, AssemblyResolver: Resolving assembly after applying policy: Microsoft.VisualStudio.TestPlatform.MSTest.TestAdapter.resources, Version=14.0.0.0, Culture=pt, PublicKeyToken=b03f5f7f11d50a3a.
TpTrace Information: 0 : 2920, 14, 2020/09/18, 22:05:21.127, 176836959810, testhost.x86.exe, AssemblyResolver.OnResolve: Microsoft.VisualStudio.TestPlatform.MSTest.TestAdapter.resources, Version=14.0.0.0, Culture=pt, PublicKeyToken=b03f5f7f11d50a3a: Resolving assembly.
TpTrace Information: 0 : 2920, 14, 2020/09/18, 22:05:21.127, 176836960781, testhost.x86.exe, AssemblyResolver.OnResolve: Microsoft.VisualStudio.TestPlatform.MSTest.TestAdapter.resources, Version=14.0.0.0, Culture=pt, PublicKeyToken=b03f5f7f11d50a3a: Resolved from cache.
TpTrace Information: 0 : 2920, 14, 2020/09/18, 22:05:21.127, 176836961434, testhost.x86.exe, AssemblyResolver: Resolving assembly: Microsoft.VisualStudio.TestPlatform.MSTest.TestAdapter.resources, Version=14.0.0.0, Culture=pt, PublicKeyToken=b03f5f7f11d50a3a.
TpTrace Information: 0 : 2920, 14, 2020/09/18, 22:05:21.128, 176836963519, testhost.x86.exe, AssemblyResolver: Resolving assembly after applying policy: Microsoft.VisualStudio.TestPlatform.MSTest.TestAdapter.resources, Version=14.0.0.0, Culture=pt, PublicKeyToken=b03f5f7f11d50a3a.
TpTrace Information: 0 : 2920, 14, 2020/09/18, 22:05:21.128, 176836964449, testhost.x86.exe, AssemblyResolver: Resolved: Microsoft.VisualStudio.TestPlatform.MSTest.TestAdapter.resources, Version=14.0.0.0, Culture=pt, PublicKeyToken=b03f5f7f11d50a3a.
TpTrace Information: 0 : 2920, 14, 2020/09/18, 22:05:21.128, 176836967662, testhost.x86.exe, AssemblyResolver: Microsoft.VisualStudio.TestPlatform.MSTest.TestAdapter.resources, Version=14.0.0.0, Culture=pt, PublicKeyToken=b03f5f7f11d50a3a: Failed to load assembly. Reason:System.IO.FileLoadException: Não foi possível carregar arquivo ou assembly 'Microsoft.VisualStudio.TestPlatform.MSTest.TestAdapter.resources, Version=14.0.0.0, Culture=pt, PublicKeyToken=b03f5f7f11d50a3a' ou uma de suas dependências. A definição do manifesto do assembly localizado não corresponde à referência do assembly. (Exceção de HRESULT: 0x80131040)
Nome do arquivo: 'Microsoft.VisualStudio.TestPlatform.MSTest.TestAdapter.resources, Version=14.0.0.0, Culture=pt, PublicKeyToken=b03f5f7f11d50a3a'
   em System.Reflection.RuntimeAssembly._nLoad(AssemblyName fileName, String codeBase, Evidence assemblySecurity, RuntimeAssembly locationHint, StackCrawlMark& stackMark, IntPtr pPrivHostBinder, Boolean throwOnFileNotFound, Boolean forIntrospection, Boolean suppressSecurityChecks)
   em System.Reflection.RuntimeAssembly.nLoad(AssemblyName fileName, String codeBase, Evidence assemblySecurity, RuntimeAssembly locationHint, StackCrawlMark& stackMark, IntPtr pPrivHostBinder, Boolean throwOnFileNotFound, Boolean forIntrospection, Boolean suppressSecurityChecks)
   em System.Reflection.RuntimeAssembly.InternalLoadAssemblyName(AssemblyName assemblyRef, Evidence assemblySecurity, RuntimeAssembly reqAssembly, StackCrawlMark& stackMark, IntPtr pPrivHostBinder, Boolean throwOnFileNotFound, Boolean forIntrospection, Boolean suppressSecurityChecks)
   em System.Reflection.RuntimeAssembly.InternalLoad(String assemblyString, Evidence assemblySecurity, StackCrawlMark& stackMark, IntPtr pPrivHostBinder, Boolean forIntrospection)
   em System.Reflection.RuntimeAssembly.InternalLoad(String assemblyString, Evidence assemblySecurity, StackCrawlMark& stackMark, Boolean forIntrospection)
   em System.Reflection.Assembly.Load(String assemblyString)
   em Microsoft.VisualStudio.TestPlatform.MSTestAdapter.PlatformServices.AssemblyResolver.OnResolveInternal(Object senderAppDomain, ResolveEventArgs args, Boolean isReflectionOnly)

AVI: o log de associações de assembly está desativado.
Para ativar o log de  falhas de assembly, defina o valor do Registro [HKLM\Software\Microsoft\Fusion!EnableLog] (DWORD) como 1.
Observação: há alguma penalidade para o desempenho associada ao log de falha de associação de assembly.
Para desativar esse recurso, remova o valor do Registro [HKLM\Software\Microsoft\Fusion!EnableLog].
 
TpTrace Information: 0 : 2920, 14, 2020/09/18, 22:05:21.140, 176837084863, testhost.x86.exe, Executed test SomarJuros
TpTrace Warning: 0 : 2920, 14, 2020/09/18, 22:05:21.140, 176837087484, testhost.x86.exe, TestRunCache: InProgressTests is null
TpTrace Information: 0 : 2920, 14, 2020/09/18, 22:05:21.140, 176837088952, testhost.x86.exe, MSTestExecutor:Test Calc.Unit.Test.CalculadoraJurosUnitTest.SomarJuros failed. ErrorMessage:Test method Calc.Unit.Test.CalculadoraJurosUnitTest.SomarJuros threw exception: 
Moq.MockException: ICalculadora.Somar(10, 100) invocation failed with mock behavior Strict.
All invocations on the mock must have a corresponding setup., ErrorStackTrace:    em Moq.Mock.Moq.IInterceptor.Intercept(Invocation invocation)
   em Moq.CastleProxyFactory.Interceptor.Intercept(IInvocation invocation)
   em Castle.DynamicProxy.AbstractInvocation.Proceed()
   em Castle.Proxies.ICalculadoraProxy.Somar(Double primeiroNumero, Double segundoNumero)
   em Calc.Business.CalculadoraJuros.SomarJuros(Double valor, Double jurosEmPorcentagem)
   em Calc.Unit.Test.CalculadoraJurosUnitTest.SomarJuros() na C:\Users\Cliente\source\repos\Calculadora\Calc.Unit.Test\CalculadoraJurosUnitTest.cs:linha 39
.
TpTrace Warning: 0 : 2920, 14, 2020/09/18, 22:05:21.140, 176837090261, testhost.x86.exe, No DataCollection Data set for the test case 51c62726-77c4-ae4f-e60d-439c608401fd
TpTrace Warning: 0 : 2920, 14, 2020/09/18, 22:05:21.140, 176837091125, testhost.x86.exe, TestRunCache: InProgressTests is null
TpTrace Warning: 0 : 2920, 14, 2020/09/18, 22:05:21.140, 176837091766, testhost.x86.exe, TestRunCache: No test found corresponding to testResult '' in inProgress list.
TpTrace Information: 0 : 2920, 14, 2020/09/18, 22:05:21.141, 176837092427, testhost.x86.exe, Sending test run statistics
TpTrace Information: 0 : 2920, 14, 2020/09/18, 22:05:21.141, 176837096938, testhost.x86.exe, Sending test run statistics
TpTrace Information: 0 : 2920, 14, 2020/09/18, 22:05:21.141, 176837099549, testhost.x86.exe, Executing test SomarJuros2_Exception
TpTrace Information: 0 : 2920, 14, 2020/09/18, 22:05:21.194, 176837623141, testhost.x86.exe, Executed test SomarJuros2_Exception
TpTrace Warning: 0 : 2920, 14, 2020/09/18, 22:05:21.194, 176837624411, testhost.x86.exe, TestRunCache: InProgressTests is null
TpTrace Information: 0 : 2920, 14, 2020/09/18, 22:05:21.194, 176837628919, testhost.x86.exe, MSTestExecutor:Test Calc.Unit.Test.CalculadoraJurosUnitTest.SomarJuros2_Exception failed. ErrorMessage:Test method Calc.Unit.Test.CalculadoraJurosUnitTest.SomarJuros2_Exception threw exception: 
Moq.MockException: 
Expected invocation on the mock once, but was 0 times: _ => _.Somar(10, 1)

Performed invocations:

   Mock<ICalculadora:2> (_):

      ICalculadora.Somar(10, 100)
, ErrorStackTrace:    em Moq.Mock.Verify(Mock mock, LambdaExpression expression, Times times, String failMessage)
   em Moq.Mock`1.Verify[TResult](Expression`1 expression, Func`1 times)
   em Calc.Unit.Test.CalculadoraJurosUnitTest.SomarJuros2_Exception() na C:\Users\Cliente\source\repos\Calculadora\Calc.Unit.Test\CalculadoraJurosUnitTest.cs:linha 64
.
TpTrace Warning: 0 : 2920, 14, 2020/09/18, 22:05:21.194, 176837630111, testhost.x86.exe, No DataCollection Data set for the test case 72b6a49a-f71b-4056-9d9e-ad13a5c9f0d2
TpTrace Warning: 0 : 2920, 14, 2020/09/18, 22:05:21.194, 176837630828, testhost.x86.exe, TestRunCache: InProgressTests is null
TpTrace Warning: 0 : 2920, 14, 2020/09/18, 22:05:21.194, 176837631453, testhost.x86.exe, TestRunCache: No test found corresponding to testResult '' in inProgress list.
TpTrace Information: 0 : 2920, 14, 2020/09/18, 22:05:21.195, 176837632489, testhost.x86.exe, Sending test run statistics
TpTrace Information: 0 : 2920, 14, 2020/09/18, 22:05:21.195, 176837638703, testhost.x86.exe, Sending test run statistics
TpTrace Information: 0 : 2920, 14, 2020/09/18, 22:05:21.196, 176837642079, testhost.x86.exe, Executing test MaiorQueUm_True
TpTrace Information: 0 : 2920, 14, 2020/09/18, 22:05:21.201, 176837695326, testhost.x86.exe, Executed test MaiorQueUm_True
TpTrace Warning: 0 : 2920, 14, 2020/09/18, 22:05:21.201, 176837696634, testhost.x86.exe, TestRunCache: InProgressTests is null
TpTrace Information: 0 : 2920, 14, 2020/09/18, 22:05:21.201, 176837697750, testhost.x86.exe, MSTestExecutor:Test Calc.Unit.Test.ValidadorUnitTest.MaiorQueUm_True failed. ErrorMessage:Assert.AreEqual failed. Expected:<False>. Actual:<True>. , ErrorStackTrace:   em Calc.Unit.Test.ValidadorUnitTest.MaiorQueUm_True() na C:\Users\Cliente\source\repos\Calculadora\Calc.Unit.Test\ValidadorUnitTest.cs:linha 29
.
TpTrace Warning: 0 : 2920, 14, 2020/09/18, 22:05:21.201, 176837698591, testhost.x86.exe, No DataCollection Data set for the test case 49d9270c-51e7-a470-809d-61f600a99513
TpTrace Warning: 0 : 2920, 14, 2020/09/18, 22:05:21.201, 176837699341, testhost.x86.exe, TestRunCache: InProgressTests is null
TpTrace Warning: 0 : 2920, 14, 2020/09/18, 22:05:21.201, 176837699951, testhost.x86.exe, TestRunCache: No test found corresponding to testResult '' in inProgress list.
TpTrace Information: 0 : 2920, 14, 2020/09/18, 22:05:21.201, 176837700627, testhost.x86.exe, Sending test run statistics
TpTrace Information: 0 : 2920, 14, 2020/09/18, 22:05:21.202, 176837711348, testhost.x86.exe, Sending test run statistics
TpTrace Information: 0 : 2920, 14, 2020/09/18, 22:05:21.203, 176837714631, testhost.x86.exe, Executing test MaiorQueUm_False
TpTrace Information: 0 : 2920, 14, 2020/09/18, 22:05:21.205, 176837732803, testhost.x86.exe, Executed test MaiorQueUm_False
TpTrace Warning: 0 : 2920, 14, 2020/09/18, 22:05:21.205, 176837733782, testhost.x86.exe, TestRunCache: InProgressTests is null
TpTrace Information: 0 : 2920, 14, 2020/09/18, 22:05:21.205, 176837734769, testhost.x86.exe, MSTestExecutor:Test Calc.Unit.Test.ValidadorUnitTest.MaiorQueUm_False failed. ErrorMessage:Assert.AreEqual failed. Expected:<True>. Actual:<False>. , ErrorStackTrace:   em Calc.Unit.Test.ValidadorUnitTest.MaiorQueUm_False() na C:\Users\Cliente\source\repos\Calculadora\Calc.Unit.Test\ValidadorUnitTest.cs:linha 42
.
TpTrace Warning: 0 : 2920, 14, 2020/09/18, 22:05:21.205, 176837735577, testhost.x86.exe, No DataCollection Data set for the test case cb485da0-7510-085b-f424-bb8b690b548f
TpTrace Warning: 0 : 2920, 14, 2020/09/18, 22:05:21.205, 176837736384, testhost.x86.exe, TestRunCache: InProgressTests is null
TpTrace Warning: 0 : 2920, 14, 2020/09/18, 22:05:21.205, 176837736992, testhost.x86.exe, TestRunCache: No test found corresponding to testResult '' in inProgress list.
TpTrace Information: 0 : 2920, 14, 2020/09/18, 22:05:21.205, 176837737613, testhost.x86.exe, Sending test run statistics
TpTrace Information: 0 : 2920, 14, 2020/09/18, 22:05:21.207, 176837759113, testhost.x86.exe, Sending test run statistics
TpTrace Information: 0 : 2920, 14, 2020/09/18, 22:05:21.208, 176837763668, testhost.x86.exe, Executing test MaiorQueUm
TpTrace Information: 0 : 2920, 14, 2020/09/18, 22:05:21.210, 176837784976, testhost.x86.exe, Executed test MaiorQueUm
TpTrace Warning: 0 : 2920, 14, 2020/09/18, 22:05:21.210, 176837786079, testhost.x86.exe, TestRunCache: InProgressTests is null
TpTrace Information: 0 : 2920, 14, 2020/09/18, 22:05:21.210, 176837787051, testhost.x86.exe, MSTestExecutor:Test Calc.Unit.Test.ValidadorUnitTest.MaiorQueUm failed. ErrorMessage:Assert.AreEqual failed. Expected:<False>. Actual:<True>. , ErrorStackTrace:   em Calc.Unit.Test.ValidadorUnitTest.MaiorQueUm() na C:\Users\Cliente\source\repos\Calculadora\Calc.Unit.Test\ValidadorUnitTest.cs:linha 55
.
TpTrace Warning: 0 : 2920, 14, 2020/09/18, 22:05:21.210, 176837787988, testhost.x86.exe, No DataCollection Data set for the test case 62a66921-a5a7-38df-0917-c4d8bc23e418
TpTrace Warning: 0 : 2920, 14, 2020/09/18, 22:05:21.210, 176837788784, testhost.x86.exe, TestRunCache: InProgressTests is null
TpTrace Warning: 0 : 2920, 14, 2020/09/18, 22:05:21.210, 176837789398, testhost.x86.exe, TestRunCache: No test found corresponding to testResult '' in inProgress list.
TpTrace Information: 0 : 2920, 14, 2020/09/18, 22:05:21.210, 176837790008, testhost.x86.exe, Sending test run statistics
TpTrace Information: 0 : 2920, 14, 2020/09/18, 22:05:21.215, 176837840553, testhost.x86.exe, Executing cleanup methods.
TpTrace Information: 0 : 2920, 14, 2020/09/18, 22:05:21.218, 176837867902, testhost.x86.exe, Executed cleanup methods.
TpTrace Information: 0 : 2920, 14, 2020/09/18, 22:05:21.218, 176837869233, testhost.x86.exe, Executed tests belonging to source C:\Users\Cliente\source\repos\Calculadora\Calc.Unit.Test\bin\Debug\Calc.Unit.Test.dll
TpTrace Information: 0 : 2920, 5, 2020/09/18, 22:05:21.264, 176838327770, testhost.x86.exe, Sending test run complete
TpTrace Information: 0 : 2920, 10, 2020/09/18, 22:05:21.281, 176838501134, testhost.x86.exe, TestRequestHandler.ProcessRequests: received message: (TestSession.Terminate) -> null
TpTrace Information: 0 : 2920, 10, 2020/09/18, 22:05:21.282, 176838502651, testhost.x86.exe, Session End message received from server. Closing the connection.
TpTrace Information: 0 : 2920, 10, 2020/09/18, 22:05:21.282, 176838507307, testhost.x86.exe, SocketClient.Stop: Stop communication from server endpoint: 127.0.0.1:052207
TpTrace Information: 0 : 2920, 10, 2020/09/18, 22:05:21.282, 176838508166, testhost.x86.exe, SocketClient: Stop: Cancellation requested. Stopping message loop.
TpTrace Information: 0 : 2920, 10, 2020/09/18, 22:05:21.282, 176838510026, testhost.x86.exe, Closing the connection !
TpTrace Information: 0 : 2920, 10, 2020/09/18, 22:05:21.283, 176838513570, testhost.x86.exe, SocketClient.PrivateStop: Stop communication from server endpoint: 127.0.0.1:052207, error:
TpTrace Information: 0 : 2920, 1, 2020/09/18, 22:05:21.294, 176838623930, testhost.x86.exe, SocketClient.Stop: Stop communication from server endpoint: 127.0.0.1:052207
