TpTrace Information: 0 : 3008, 1, 2020/09/18, 22:05:23.056, 176856258195, testhost.x86.exe, DefaultEngineInvoker.Invoke: Testhost process started with args :[--port, 52214],[--endpoint, 127.0.0.1:052214],[--role, client],[--parentprocessid, 3704],[--diag, C:\Users\Cliente\source\repos\Calculadora\Calc.Unit.Test\StrykerOutput\2020-09-18.22-04-51\logs\VsTest-log.host.20-09-18_22-05-22_34810_10.txt],[--tracelevel, 3],[--telemetryoptedin, false]
TpTrace Information: 0 : 3008, 1, 2020/09/18, 22:05:23.066, 176856344352, testhost.x86.exe, DefaultEngineInvoker: Using Application Configuration: '<?xml version="1.0" encoding="utf-8"?>
<configuration>
  <startup useLegacyV2RuntimeActivationPolicy="true">
    <supportedRuntime version="v4.0" sku=".NETFramework,Version=v4.0" />
  </startup>
  <runtime>
    <legacyUnhandledExceptionPolicy enabled="1" />
    <legacyCorruptedStateExceptionsPolicy enabled="true" />
    <!-- To get stacktrace information for portable and embedded pdbs when net472 installed on machine.
          More details https://github.com/dotnet/designs/blob/master/accepted/diagnostics/debugging-with-symbols-and-sources.md#stack-traces -->
    <AppContextSwitchOverrides value="Switch.System.Diagnostics.IgnorePortablePDBsInStackTraces=false" />
    <assemblyBinding xmlns="urn:schemas-microsoft-com:asm.v1">
      <probing privatePath="Extensions" />
      <!-- Test adapters compiled against version 11-14, need to be redirected to version 15. -->
      <dependentAssembly>
        <assemblyIdentity name="Microsoft.VisualStudio.TestPlatform.ObjectModel" publicKeyToken="b03f5f7f11d50a3a" culture="neutral" />
        <bindingRedirect oldVersion="11.0.0.0-14.0.0.0" newVersion="15.0.0.0" />
      </dependentAssembly>
      <dependentAssembly>
        <assemblyIdentity name="Microsoft.VisualStudio.TestWindow.Interfaces" publicKeyToken="b03f5f7f11d50a3a" culture="neutral" />
        <bindingRedirect oldVersion="11.0.0.0-15.0.0.0" newVersion="16.0.0.0" />
      </dependentAssembly>
      <dependentAssembly>
        <assemblyIdentity name="Microsoft.VisualStudio.QualityTools.UnitTestFramework" publicKeyToken="b03f5f7f11d50a3a" culture="neutral" />
        <bindingRedirect oldVersion="10.1.0.0" newVersion="10.0.0.0" />
      </dependentAssembly>
      <dependentAssembly>
        <assemblyIdentity name="Microsoft.VisualStudio.QualityTools.Resource" publicKeyToken="b03f5f7f11d50a3a" culture="neutral" />
        <bindingRedirect oldVersion="10.0.0.0-15.0.0.0" newVersion="16.0.0.0" />
      </dependentAssembly>
      <dependentAssembly>
        <assemblyIdentity name="Microsoft.VisualStudio.QualityTools.ControllerObject" publicKeyToken="b03f5f7f11d50a3a" culture="neutral" />
        <bindingRedirect oldVersion="10.0.0.0-15.0.0.0" newVersion="16.0.0.0" />
      </dependentAssembly>
      <dependentAssembly>
        <assemblyIdentity name="Microsoft.VisualStudio.QualityTools.ExecutionCommon" publicKeyToken="b03f5f7f11d50a3a" culture="neutral" />
        <bindingRedirect oldVersion="10.0.0.0-15.0.0.0" newVersion="16.0.0.0" />
      </dependentAssembly>
      <dependentAssembly>
        <assemblyIdentity name="Microsoft.VisualStudio.QualityTools.Common" publicKeyToken="b03f5f7f11d50a3a" culture="neutral" />
        <bindingRedirect oldVersion="10.0.0.0-15.0.0.0" newVersion="16.0.0.0" />
      </dependentAssembly>
      <dependentAssembly>
        <assemblyIdentity name="Microsoft.VisualStudio.QualityTools.Tips.UnitTest.ObjectModel" publicKeyToken="b03f5f7f11d50a3a" culture="neutral" />
        <bindingRedirect oldVersion="10.0.0.0-15.0.0.0" newVersion="16.0.0.0" />
      </dependentAssembly>
    </assemblyBinding>
  </runtime>
  <system.diagnostics>
    <switches>
      <add name="TpTraceLevel" value="0" />
    </switches>
  </system.diagnostics>
  <appSettings>
    <!--<add key="ExecutionThreadApartmentState" value ="MTA"/>-->
    <!--<add key="TraceLogMaxFileSizeInKb" value ="10240"/>-->
    <!-- MsTest Adapter Specific AppSettings -->
    <!-- This flag is added to support test execution for net35 tests through TMI adapter. -->
    <add key="TestProjectRetargetTo35Allowed" value="true" />
  </appSettings>
</configuration>'
TpTrace Information: 0 : 3008, 1, 2020/09/18, 22:05:23.067, 176856352879, testhost.x86.exe, DefaultEngineInvoker.SetParentProcessExitCallback: Monitoring parent process with id: '3704'
TpTrace Information: 0 : 3008, 1, 2020/09/18, 22:05:23.103, 176856716968, testhost.x86.exe, DefaultEngineInvoker.GetConnectionInfo: Initialize communication on endpoint address: '127.0.0.1:052214'
TpTrace Information: 0 : 3008, 1, 2020/09/18, 22:05:23.166, 176857341485, testhost.x86.exe, SocketClient.Start: connecting to server endpoint: 127.0.0.1:052214
TpTrace Information: 0 : 3008, 1, 2020/09/18, 22:05:23.185, 176857533988, testhost.x86.exe, DefaultEngineInvoker.Invoke: Start Request Processing.
TpTrace Information: 0 : 3008, 10, 2020/09/18, 22:05:23.198, 176857665153, testhost.x86.exe, SocketClient.OnServerConnected: connected to server endpoint: 127.0.0.1:052214
TpTrace Information: 0 : 3008, 7, 2020/09/18, 22:05:23.200, 176857686779, testhost.x86.exe, DefaultEngineInvoker.StartProcessingAsync: Connected to vstest.console, Starting process requests.
TpTrace Information: 0 : 3008, 10, 2020/09/18, 22:05:23.468, 176860365712, testhost.x86.exe, TestRequestHandler.ProcessRequests: received message: (ProtocolVersion) -> 3
TpTrace Information: 0 : 3008, 10, 2020/09/18, 22:05:23.536, 176861046224, testhost.x86.exe, TestRequestHandler.ProcessRequests: received message: (TestExecution.Initialize) -> [
  "C:\\Users\\Cliente\\AppData\\Local\\Temp\\owzb2eix.iax\\.vstest\\tools\\net451\\Extensions\\Microsoft.TestPlatform.Extensions.BlameDataCollector.dll",
  "C:\\Users\\Cliente\\AppData\\Local\\Temp\\owzb2eix.iax\\.vstest\\tools\\net451\\Extensions\\Microsoft.TestPlatform.TestHostRuntimeProvider.dll",
  "C:\\Users\\Cliente\\AppData\\Local\\Temp\\owzb2eix.iax\\.vstest\\tools\\net451\\Extensions\\Microsoft.VisualStudio.TestPlatform.Extensions.Html.TestLogger.dll",
  "C:\\Users\\Cliente\\AppData\\Local\\Temp\\owzb2eix.iax\\.vstest\\tools\\net451\\Extensions\\Microsoft.VisualStudio.TestPlatform.Extensions.Trx.TestLogger.dll",
  "C:\\Users\\Cliente\\source\\repos\\Calculadora\\Calc.Unit.Test\\bin\\Debug\\Microsoft.VisualStudio.TestPlatform.MSTest.TestAdapter.dll"
]
TpTrace Information: 0 : 3008, 10, 2020/09/18, 22:05:23.537, 176861048116, testhost.x86.exe, Execution Session Initialize.
TpTrace Information: 0 : 3008, 10, 2020/09/18, 22:05:23.559, 176861271303, testhost.x86.exe, TestRequestHandler.ProcessRequests: received message: (TestExecution.StartWithTests) -> {
  "Tests": [
    {
      "Properties": [
        {
          "Key": {
            "Id": "TestCase.FullyQualifiedName",
            "Label": "FullyQualifiedName",
            "Category": "",
            "Description": "",
            "Attributes": 1,
            "ValueType": "System.String"
          },
          "Value": "Calc.Unit.Test.ValidadorUnitTest.MaiorQueUm_True"
        },
        {
          "Key": {
            "Id": "TestCase.ExecutorUri",
            "Label": "Executor Uri",
            "Category": "",
            "Description": "",
            "Attributes": 1,
            "ValueType": "System.Uri"
          },
          "Value": "executor://MSTestAdapter/v2"
        },
        {
          "Key": {
            "Id": "TestCase.Source",
            "Label": "Source",
            "Category": "",
            "Description": "",
            "Attributes": 0,
            "ValueType": "System.String"
          },
          "Value": "C:\\Users\\Cliente\\source\\repos\\Calculadora\\Calc.Unit.Test\\bin\\Debug\\Calc.Unit.Test.dll"
        },
        {
          "Key": {
            "Id": "TestCase.CodeFilePath",
            "Label": "File Path",
            "Category": "",
            "Description": "",
            "Attributes": 0,
            "ValueType": "System.String"
          },
          "Value": null
        },
        {
          "Key": {
            "Id": "TestCase.DisplayName",
            "Label": "Name",
            "Category": "",
            "Description": "",
            "Attributes": 0,
            "ValueType": "System.String"
          },
          "Value": "MaiorQueUm_True"
        },
        {
          "Key": {
            "Id": "TestCase.Id",
            "Label": "Id",
            "Category": "",
            "Description": "",
            "Attributes": 1,
            "ValueType": "System.Guid"
          },
          "Value": "49d9270c-51e7-a470-809d-61f600a99513"
        },
        {
          "Key": {
            "Id": "TestCase.LineNumber",
            "Label": "Line Number",
            "Category": "",
            "Description": "",
            "Attributes": 1,
            "ValueType": "System.Int32"
          },
          "Value": -1
        },
        {
          "Key": {
            "Id": "MSTestDiscoverer.TestClassName",
            "Label": "ClassName",
            "Category": "",
            "Description": "",
            "Attributes": 1,
            "ValueType": "System.String"
          },
          "Value": "Calc.Unit.Test.ValidadorUnitTest"
        },
        {
          "Key": {
            "Id": "TestObject.Traits",
            "Label": "Características",
            "Category": "",
            "Description": "",
            "Attributes": 5,
            "ValueType": "System.Collections.Generic.KeyValuePair`2[[System.String],[System.String]][]"
          },
          "Value": []
        }
      ]
    },
    {
      "Properties": [
        {
          "Key": {
            "Id": "TestCase.FullyQualifiedName",
            "Label": "FullyQualifiedName",
            "Category": "",
            "Description": "",
            "Attributes": 1,
            "ValueType": "System.String"
          },
          "Value": "Calc.Unit.Test.ValidadorUnitTest.MaiorQueUm_False"
        },
        {
          "Key": {
            "Id": "TestCase.ExecutorUri",
            "Label": "Executor Uri",
            "Category": "",
            "Description": "",
            "Attributes": 1,
            "ValueType": "System.Uri"
          },
          "Value": "executor://MSTestAdapter/v2"
        },
        {
          "Key": {
            "Id": "TestCase.Source",
            "Label": "Source",
            "Category": "",
            "Description": "",
            "Attributes": 0,
            "ValueType": "System.String"
          },
          "Value": "C:\\Users\\Cliente\\source\\repos\\Calculadora\\Calc.Unit.Test\\bin\\Debug\\Calc.Unit.Test.dll"
        },
        {
          "Key": {
            "Id": "TestCase.CodeFilePath",
            "Label": "File Path",
            "Category": "",
            "Description": "",
            "Attributes": 0,
            "ValueType": "System.String"
          },
          "Value": null
        },
        {
          "Key": {
            "Id": "TestCase.DisplayName",
            "Label": "Name",
            "Category": "",
            "Description": "",
            "Attributes": 0,
            "ValueType": "System.String"
          },
          "Value": "MaiorQueUm_False"
        },
        {
          "Key": {
            "Id": "TestCase.Id",
            "Label": "Id",
            "Category": "",
            "Description": "",
            "Attributes": 1,
            "ValueType": "System.Guid"
          },
          "Value": "cb485da0-7510-085b-f424-bb8b690b548f"
        },
        {
          "Key": {
            "Id": "TestCase.LineNumber",
            "Label": "Line Number",
            "Category": "",
            "Description": "",
            "Attributes": 1,
            "ValueType": "System.Int32"
          },
          "Value": -1
        },
        {
          "Key": {
            "Id": "MSTestDiscoverer.TestClassName",
            "Label": "ClassName",
            "Category": "",
            "Description": "",
            "Attributes": 1,
            "ValueType": "System.String"
          },
          "Value": "Calc.Unit.Test.ValidadorUnitTest"
        },
        {
          "Key": {
            "Id": "TestObject.Traits",
            "Label": "Características",
            "Category": "",
            "Description": "",
            "Attributes": 5,
            "ValueType": "System.Collections.Generic.KeyValuePair`2[[System.String],[System.String]][]"
          },
          "Value": []
        }
      ]
    },
    {
      "Properties": [
        {
          "Key": {
            "Id": "TestCase.FullyQualifiedName",
            "Label": "FullyQualifiedName",
            "Category": "",
            "Description": "",
            "Attributes": 1,
            "ValueType": "System.String"
          },
          "Value": "Calc.Unit.Test.ValidadorUnitTest.MaiorQueUm"
        },
        {
          "Key": {
            "Id": "TestCase.ExecutorUri",
            "Label": "Executor Uri",
            "Category": "",
            "Description": "",
            "Attributes": 1,
            "ValueType": "System.Uri"
          },
          "Value": "executor://MSTestAdapter/v2"
        },
        {
          "Key": {
            "Id": "TestCase.Source",
            "Label": "Source",
            "Category": "",
            "Description": "",
            "Attributes": 0,
            "ValueType": "System.String"
          },
          "Value": "C:\\Users\\Cliente\\source\\repos\\Calculadora\\Calc.Unit.Test\\bin\\Debug\\Calc.Unit.Test.dll"
        },
        {
          "Key": {
            "Id": "TestCase.CodeFilePath",
            "Label": "File Path",
            "Category": "",
            "Description": "",
            "Attributes": 0,
            "ValueType": "System.String"
          },
          "Value": null
        },
        {
          "Key": {
            "Id": "TestCase.DisplayName",
            "Label": "Name",
            "Category": "",
            "Description": "",
            "Attributes": 0,
            "ValueType": "System.String"
          },
          "Value": "MaiorQueUm"
        },
        {
          "Key": {
            "Id": "TestCase.Id",
            "Label": "Id",
            "Category": "",
            "Description": "",
            "Attributes": 1,
            "ValueType": "System.Guid"
          },
          "Value": "62a66921-a5a7-38df-0917-c4d8bc23e418"
        },
        {
          "Key": {
            "Id": "TestCase.LineNumber",
            "Label": "Line Number",
            "Category": "",
            "Description": "",
            "Attributes": 1,
            "ValueType": "System.Int32"
          },
          "Value": -1
        },
        {
          "Key": {
            "Id": "MSTestDiscoverer.TestClassName",
            "Label": "ClassName",
            "Category": "",
            "Description": "",
            "Attributes": 1,
            "ValueType": "System.String"
          },
          "Value": "Calc.Unit.Test.ValidadorUnitTest"
        },
        {
          "Key": {
            "Id": "TestObject.Traits",
            "Label": "Características",
            "Category": "",
            "Description": "",
            "Attributes": 5,
            "ValueType": "System.Collections.Generic.KeyValuePair`2[[System.String],[System.String]][]"
          },
          "Value": []
        }
      ]
    }
  ],
  "RunSettings": "<RunSettings>\r\n  <RunConfiguration>\r\n    <DisableAppDomain>true</DisableAppDomain>\r\n    <MaxCpuCount>1</MaxCpuCount>\r\n    <TargetFrameworkVersion>.NETFramework,Version=v4.6</TargetFrameworkVersion>\r\n    <TestSessionTimeout>9239</TestSessionTimeout>\r\n    <DesignMode>false</DesignMode>\r\n    <BatchSize>1</BatchSize>\r\n    <TargetPlatform>X86</TargetPlatform>\r\n    <CollectSourceInformation>True</CollectSourceInformation>\r\n  </RunConfiguration>\r\n  <InProcDataCollectionRunSettings>\r\n    <InProcDataCollectors>\r\n      <InProcDataCollector friendlyName=\"StrykerCoverage\" uri=\"https://stryker-mutator.io/\" codebase=\"C:\\Users\\Cliente\\.dotnet\\tools\\.store\\dotnet-stryker\\0.19.0\\dotnet-stryker\\0.19.0\\tools\\netcoreapp3.1\\any\\Stryker.DataCollector.dll\" assemblyQualifiedName=\"Stryker.DataCollector.CoverageCollector, Stryker.DataCollector, Version=0.16.1.0, Culture=neutral, PublicKeyToken=null\">\r\n        <Configuration>\r\n          <Parameters>\r\n            <Mutant id=\"9\" tests=\"49d9270c-51e7-a470-809d-61f600a99513,62a66921-a5a7-38df-0917-c4d8bc23e418\" />\r\n            <Mutant id=\"10\" tests=\"cb485da0-7510-085b-f424-bb8b690b548f\" />\r\n            <MutantControl name=\"StrykerSfVG6ApDYU4yz2X.MutantControl\" />\r\n          </Parameters>\r\n        </Configuration>\r\n      </InProcDataCollector>\r\n    </InProcDataCollectors>\r\n  </InProcDataCollectionRunSettings>\r\n  <LoggerRunSettings>\r\n    <Loggers>\r\n      <Logger friendlyName=\"Console\" uri=\"logger://microsoft/TestPlatform/ConsoleLogger/v1\" assemblyQualifiedName=\"Microsoft.VisualStudio.TestPlatform.CommandLine.Internal.ConsoleLogger, vstest.console, Version=15.0.0.0, Culture=neutral, PublicKeyToken=b03f5f7f11d50a3a\" codeBase=\"C:\\Users\\Cliente\\AppData\\Local\\Temp\\owzb2eix.iax\\.vstest\\tools\\net451\\vstest.console.exe\" enabled=\"True\" />\r\n    </Loggers>\r\n  </LoggerRunSettings>\r\n</RunSettings>",
  "TestExecutionContext": {
    "FrequencyOfRunStatsChangeEvent": 1,
    "RunStatsChangeEventTimeout": "00:00:01.5000000",
    "InIsolation": false,
    "KeepAlive": false,
    "AreTestCaseLevelEventsRequired": false,
    "IsDebug": false,
    "TestCaseFilter": null,
    "FilterOptions": null
  },
  "Package": null
}
TpTrace Information: 0 : 3008, 10, 2020/09/18, 22:05:23.559, 176861275351, testhost.x86.exe, Execution started.
TpTrace Information: 0 : 3008, 5, 2020/09/18, 22:05:23.577, 176861455240, testhost.x86.exe, AssemblyResolver.ctor: Creating AssemblyResolver with searchDirectories C:\Users\Cliente\AppData\Local\Temp\owzb2eix.iax\.vstest\tools\net451\Extensions,C:\Users\Cliente\source\repos\Calculadora\Calc.Unit.Test\bin\Debug,C:\Users\Cliente\AppData\Local\Temp\owzb2eix.iax\.vstest\tools\net451
TpTrace Information: 0 : 3008, 5, 2020/09/18, 22:05:23.581, 176861492852, testhost.x86.exe, AssemblyResolver.AddSearchDirectories: Adding more searchDirectories C:\Users\Cliente\AppData\Local\Temp\owzb2eix.iax\.vstest\tools\net451\Extensions,C:\Users\Cliente\AppData\Local\Temp\owzb2eix.iax\.vstest\tools\net451
TpTrace Information: 0 : 3008, 5, 2020/09/18, 22:05:23.581, 176861494891, testhost.x86.exe, AssemblyResolver.AddSearchDirectories: Adding more searchDirectories C:\Users\Cliente\AppData\Local\Temp\owzb2eix.iax\.vstest\tools\net451\Extensions,C:\Users\Cliente\AppData\Local\Temp\owzb2eix.iax\.vstest\tools\net451
TpTrace Information: 0 : 3008, 5, 2020/09/18, 22:05:23.581, 176861495915, testhost.x86.exe, AssemblyResolver.AddSearchDirectories: Adding more searchDirectories C:\Users\Cliente\AppData\Local\Temp\owzb2eix.iax\.vstest\tools\net451\Extensions,C:\Users\Cliente\AppData\Local\Temp\owzb2eix.iax\.vstest\tools\net451
TpTrace Information: 0 : 3008, 5, 2020/09/18, 22:05:23.581, 176861496831, testhost.x86.exe, AssemblyResolver.AddSearchDirectories: Adding more searchDirectories C:\Users\Cliente\AppData\Local\Temp\owzb2eix.iax\.vstest\tools\net451\Extensions,C:\Users\Cliente\AppData\Local\Temp\owzb2eix.iax\.vstest\tools\net451
TpTrace Information: 0 : 3008, 5, 2020/09/18, 22:05:23.582, 176861497981, testhost.x86.exe, AssemblyResolver.AddSearchDirectories: Adding more searchDirectories C:\Users\Cliente\source\repos\Calculadora\Calc.Unit.Test\bin\Debug,C:\Users\Cliente\AppData\Local\Temp\owzb2eix.iax\.vstest\tools\net451
TpTrace Information: 0 : 3008, 5, 2020/09/18, 22:05:23.707, 176862750847, testhost.x86.exe, AssemblyResolver.AddSearchDirectories: Adding more searchDirectories C:\Users\Cliente\AppData\Local\Temp\owzb2eix.iax\.vstest\tools\net451\Extensions,C:\Users\Cliente\source\repos\Calculadora\Calc.Unit.Test\bin\Debug,C:\Users\Cliente\AppData\Local\Temp\owzb2eix.iax\.vstest\tools\net451
TpTrace Information: 0 : 3008, 5, 2020/09/18, 22:05:23.707, 176862752887, testhost.x86.exe, AssemblyResolver.AddSearchDirectories: Adding more searchDirectories C:\Users\Cliente\AppData\Local\Temp\owzb2eix.iax\.vstest\tools\net451\Extensions,C:\Users\Cliente\AppData\Local\Temp\owzb2eix.iax\.vstest\tools\net451
TpTrace Information: 0 : 3008, 5, 2020/09/18, 22:05:23.707, 176862754139, testhost.x86.exe, AssemblyResolver.AddSearchDirectories: Adding more searchDirectories C:\Users\Cliente\AppData\Local\Temp\owzb2eix.iax\.vstest\tools\net451\Extensions,C:\Users\Cliente\AppData\Local\Temp\owzb2eix.iax\.vstest\tools\net451
TpTrace Information: 0 : 3008, 5, 2020/09/18, 22:05:23.707, 176862755112, testhost.x86.exe, AssemblyResolver.AddSearchDirectories: Adding more searchDirectories C:\Users\Cliente\AppData\Local\Temp\owzb2eix.iax\.vstest\tools\net451\Extensions,C:\Users\Cliente\AppData\Local\Temp\owzb2eix.iax\.vstest\tools\net451
TpTrace Information: 0 : 3008, 5, 2020/09/18, 22:05:23.707, 176862755969, testhost.x86.exe, AssemblyResolver.AddSearchDirectories: Adding more searchDirectories C:\Users\Cliente\AppData\Local\Temp\owzb2eix.iax\.vstest\tools\net451\Extensions,C:\Users\Cliente\AppData\Local\Temp\owzb2eix.iax\.vstest\tools\net451
TpTrace Information: 0 : 3008, 5, 2020/09/18, 22:05:23.708, 176862757243, testhost.x86.exe, AssemblyResolver.AddSearchDirectories: Adding more searchDirectories C:\Users\Cliente\source\repos\Calculadora\Calc.Unit.Test\bin\Debug,C:\Users\Cliente\AppData\Local\Temp\owzb2eix.iax\.vstest\tools\net451
TpTrace Information: 0 : 3008, 5, 2020/09/18, 22:05:23.758, 176863260771, testhost.x86.exe, TestPluginManager.CreateTestExtension: Attempting to load test extension: Microsoft.VisualStudio.TestPlatform.MSTest.TestAdapter.MSTestExecutor
TpTrace Information: 0 : 3008, 5, 2020/09/18, 22:05:23.767, 176863352737, testhost.x86.exe, AssemblyResolver.AddSearchDirectories: Adding more searchDirectories C:\Users\Cliente\AppData\Local\Temp\owzb2eix.iax\.vstest\tools\net451\Extensions,C:\Users\Cliente\source\repos\Calculadora\Calc.Unit.Test\bin\Debug,C:\Users\Cliente\AppData\Local\Temp\owzb2eix.iax\.vstest\tools\net451
TpTrace Information: 0 : 3008, 5, 2020/09/18, 22:05:23.767, 176863354534, testhost.x86.exe, AssemblyResolver.AddSearchDirectories: Adding more searchDirectories C:\Users\Cliente\AppData\Local\Temp\owzb2eix.iax\.vstest\tools\net451\Extensions,C:\Users\Cliente\AppData\Local\Temp\owzb2eix.iax\.vstest\tools\net451
TpTrace Information: 0 : 3008, 5, 2020/09/18, 22:05:23.767, 176863355590, testhost.x86.exe, AssemblyResolver.AddSearchDirectories: Adding more searchDirectories C:\Users\Cliente\AppData\Local\Temp\owzb2eix.iax\.vstest\tools\net451\Extensions,C:\Users\Cliente\AppData\Local\Temp\owzb2eix.iax\.vstest\tools\net451
TpTrace Information: 0 : 3008, 5, 2020/09/18, 22:05:23.768, 176863356495, testhost.x86.exe, AssemblyResolver.AddSearchDirectories: Adding more searchDirectories C:\Users\Cliente\AppData\Local\Temp\owzb2eix.iax\.vstest\tools\net451\Extensions,C:\Users\Cliente\AppData\Local\Temp\owzb2eix.iax\.vstest\tools\net451
TpTrace Information: 0 : 3008, 5, 2020/09/18, 22:05:23.768, 176863357408, testhost.x86.exe, AssemblyResolver.AddSearchDirectories: Adding more searchDirectories C:\Users\Cliente\AppData\Local\Temp\owzb2eix.iax\.vstest\tools\net451\Extensions,C:\Users\Cliente\AppData\Local\Temp\owzb2eix.iax\.vstest\tools\net451
TpTrace Information: 0 : 3008, 5, 2020/09/18, 22:05:23.768, 176863358281, testhost.x86.exe, AssemblyResolver.AddSearchDirectories: Adding more searchDirectories C:\Users\Cliente\source\repos\Calculadora\Calc.Unit.Test\bin\Debug,C:\Users\Cliente\AppData\Local\Temp\owzb2eix.iax\.vstest\tools\net451
TpTrace Information: 0 : 3008, 5, 2020/09/18, 22:05:23.774, 176863416229, testhost.x86.exe, TestExecutorService: Loaded the extensions
TpTrace Information: 0 : 3008, 14, 2020/09/18, 22:05:24.490, 176870577213, testhost.x86.exe, CollectSourceInformation value Found : True 
TpTrace Information: 0 : 3008, 14, 2020/09/18, 22:05:24.529, 176870974935, testhost.x86.exe, AssemblyResolver.OnResolve: Microsoft.VisualStudio.TestPlatform.MSTestAdapter.PlatformServices.resources, Version=14.0.0.0, Culture=pt-BR, PublicKeyToken=b03f5f7f11d50a3a: Resolving assembly.
TpTrace Information: 0 : 3008, 14, 2020/09/18, 22:05:24.530, 176870981632, testhost.x86.exe, AssemblyResolver.OnResolve: Microsoft.VisualStudio.TestPlatform.MSTestAdapter.PlatformServices.resources, Version=14.0.0.0, Culture=pt-BR, PublicKeyToken=b03f5f7f11d50a3a: Failed to load assembly.
TpTrace Information: 0 : 3008, 14, 2020/09/18, 22:05:24.530, 176870983619, testhost.x86.exe, AssemblyResolver.OnResolve: Microsoft.VisualStudio.TestPlatform.MSTestAdapter.PlatformServices.resources, Version=14.0.0.0, Culture=pt-BR, PublicKeyToken=b03f5f7f11d50a3a: Resolving assembly.
TpTrace Information: 0 : 3008, 14, 2020/09/18, 22:05:24.530, 176870984407, testhost.x86.exe, AssemblyResolver.OnResolve: Microsoft.VisualStudio.TestPlatform.MSTestAdapter.PlatformServices.resources, Version=14.0.0.0, Culture=pt-BR, PublicKeyToken=b03f5f7f11d50a3a: Resolved from cache.
TpTrace Information: 0 : 3008, 14, 2020/09/18, 22:05:24.534, 176871019423, testhost.x86.exe, AssemblyResolver.OnResolve: Microsoft.VisualStudio.TestPlatform.MSTestAdapter.PlatformServices.resources, Version=14.0.0.0, Culture=pt, PublicKeyToken=b03f5f7f11d50a3a: Resolving assembly.
TpTrace Information: 0 : 3008, 14, 2020/09/18, 22:05:24.534, 176871024321, testhost.x86.exe, AssemblyResolver.OnResolve: Microsoft.VisualStudio.TestPlatform.MSTestAdapter.PlatformServices.resources, Version=14.0.0.0, Culture=pt, PublicKeyToken=b03f5f7f11d50a3a: Failed to load assembly.
TpTrace Information: 0 : 3008, 14, 2020/09/18, 22:05:24.557, 176871253684, testhost.x86.exe, MSTestExecutor: Changed the working directory to C:\Users\Cliente\source\repos\Calculadora\Calc.Unit.Test\bin\Debug
TpTrace Information: 0 : 3008, 14, 2020/09/18, 22:05:24.560, 176871278702, testhost.x86.exe, DesktopTestSourceHost.GetResolutionPaths(): Not running in portable mode
TpTrace Information: 0 : 3008, 14, 2020/09/18, 22:05:24.575, 176871428634, testhost.x86.exe, DesktopTestSourceHost.SetupHost(): Creating assembly resolver with resolution paths C:\Users\Cliente\source\repos\Calculadora\Calc.Unit.Test\bin\Debug,C:\Users\Cliente\AppData\Local\Temp\owzb2eix.iax\.vstest\tools\net451.
TpTrace Information: 0 : 3008, 14, 2020/09/18, 22:05:24.579, 176871467643, testhost.x86.exe, Created unit-test runner C:\Users\Cliente\source\repos\Calculadora\Calc.Unit.Test\bin\Debug\Calc.Unit.Test.dll
TpTrace Information: 0 : 3008, 14, 2020/09/18, 22:05:24.612, 176871797653, testhost.x86.exe, Sending test run statistics
TpTrace Information: 0 : 3008, 14, 2020/09/18, 22:05:24.662, 176872297065, testhost.x86.exe, Executing test MaiorQueUm_True
TpTrace Information: 0 : 3008, 14, 2020/09/18, 22:05:24.740, 176873084033, testhost.x86.exe, AssemblyResolver.OnResolve: Microsoft.VisualStudio.TestPlatform.TestFramework.resources, Version=14.0.0.0, Culture=pt-BR, PublicKeyToken=b03f5f7f11d50a3a: Resolving assembly.
TpTrace Information: 0 : 3008, 14, 2020/09/18, 22:05:24.741, 176873088176, testhost.x86.exe, AssemblyResolver.OnResolve: Microsoft.VisualStudio.TestPlatform.TestFramework.resources, Version=14.0.0.0, Culture=pt-BR, PublicKeyToken=b03f5f7f11d50a3a: Failed to load assembly.
TpTrace Information: 0 : 3008, 14, 2020/09/18, 22:05:24.743, 176873114912, testhost.x86.exe, AssemblyResolver: Resolving assembly: Microsoft.VisualStudio.TestPlatform.TestFramework.resources, Version=14.0.0.0, Culture=pt-BR, PublicKeyToken=b03f5f7f11d50a3a.
TpTrace Information: 0 : 3008, 14, 2020/09/18, 22:05:24.744, 176873120173, testhost.x86.exe, AssemblyResolver: Resolving assembly after applying policy: Microsoft.VisualStudio.TestPlatform.TestFramework.resources, Version=14.0.0.0, Culture=pt-BR, PublicKeyToken=b03f5f7f11d50a3a.
TpTrace Information: 0 : 3008, 14, 2020/09/18, 22:05:24.747, 176873150865, testhost.x86.exe, AssemblyResolver.OnResolve: Microsoft.VisualStudio.TestPlatform.TestFramework.resources, Version=14.0.0.0, Culture=pt-BR, PublicKeyToken=b03f5f7f11d50a3a: Resolving assembly.
TpTrace Information: 0 : 3008, 14, 2020/09/18, 22:05:24.747, 176873151958, testhost.x86.exe, AssemblyResolver.OnResolve: Microsoft.VisualStudio.TestPlatform.TestFramework.resources, Version=14.0.0.0, Culture=pt-BR, PublicKeyToken=b03f5f7f11d50a3a: Resolved from cache.
TpTrace Information: 0 : 3008, 14, 2020/09/18, 22:05:24.747, 176873152840, testhost.x86.exe, AssemblyResolver: Resolving assembly: Microsoft.VisualStudio.TestPlatform.TestFramework.resources, Version=14.0.0.0, Culture=pt-BR, PublicKeyToken=b03f5f7f11d50a3a.
TpTrace Information: 0 : 3008, 14, 2020/09/18, 22:05:24.747, 176873154346, testhost.x86.exe, AssemblyResolver: Resolving assembly after applying policy: Microsoft.VisualStudio.TestPlatform.TestFramework.resources, Version=14.0.0.0, Culture=pt-BR, PublicKeyToken=b03f5f7f11d50a3a.
TpTrace Information: 0 : 3008, 14, 2020/09/18, 22:05:24.748, 176873156708, testhost.x86.exe, AssemblyResolver: Resolved: Microsoft.VisualStudio.TestPlatform.TestFramework.resources, Version=14.0.0.0, Culture=pt-BR, PublicKeyToken=b03f5f7f11d50a3a.
TpTrace Information: 0 : 3008, 14, 2020/09/18, 22:05:24.777, 176873450480, testhost.x86.exe, AssemblyResolver: Microsoft.VisualStudio.TestPlatform.TestFramework.resources, Version=14.0.0.0, Culture=pt-BR, PublicKeyToken=b03f5f7f11d50a3a: Failed to load assembly. Reason:System.IO.FileNotFoundException: Não foi possível carregar arquivo ou assembly 'Microsoft.VisualStudio.TestPlatform.TestFramework.resources, Version=14.0.0.0, Culture=pt-BR, PublicKeyToken=b03f5f7f11d50a3a' ou uma de suas dependências. O sistema não pode encontrar o arquivo especificado.
Nome do arquivo: 'Microsoft.VisualStudio.TestPlatform.TestFramework.resources, Version=14.0.0.0, Culture=pt-BR, PublicKeyToken=b03f5f7f11d50a3a'
   em System.Reflection.RuntimeAssembly._nLoad(AssemblyName fileName, String codeBase, Evidence assemblySecurity, RuntimeAssembly locationHint, StackCrawlMark& stackMark, IntPtr pPrivHostBinder, Boolean throwOnFileNotFound, Boolean forIntrospection, Boolean suppressSecurityChecks)
   em System.Reflection.RuntimeAssembly.nLoad(AssemblyName fileName, String codeBase, Evidence assemblySecurity, RuntimeAssembly locationHint, StackCrawlMark& stackMark, IntPtr pPrivHostBinder, Boolean throwOnFileNotFound, Boolean forIntrospection, Boolean suppressSecurityChecks)
   em System.Reflection.RuntimeAssembly.InternalLoadAssemblyName(AssemblyName assemblyRef, Evidence assemblySecurity, RuntimeAssembly reqAssembly, StackCrawlMark& stackMark, IntPtr pPrivHostBinder, Boolean throwOnFileNotFound, Boolean forIntrospection, Boolean suppressSecurityChecks)
   em System.Reflection.RuntimeAssembly.InternalLoad(String assemblyString, Evidence assemblySecurity, StackCrawlMark& stackMark, IntPtr pPrivHostBinder, Boolean forIntrospection)
   em System.Reflection.RuntimeAssembly.InternalLoad(String assemblyString, Evidence assemblySecurity, StackCrawlMark& stackMark, Boolean forIntrospection)
   em System.Reflection.Assembly.Load(String assemblyString)
   em Microsoft.VisualStudio.TestPlatform.MSTestAdapter.PlatformServices.AssemblyResolver.OnResolveInternal(Object senderAppDomain, ResolveEventArgs args, Boolean isReflectionOnly)

AVI: o log de associações de assembly está desativado.
Para ativar o log de  falhas de assembly, defina o valor do Registro [HKLM\Software\Microsoft\Fusion!EnableLog] (DWORD) como 1.
Observação: há alguma penalidade para o desempenho associada ao log de falha de associação de assembly.
Para desativar esse recurso, remova o valor do Registro [HKLM\Software\Microsoft\Fusion!EnableLog].
 
TpTrace Information: 0 : 3008, 14, 2020/09/18, 22:05:24.777, 176873453566, testhost.x86.exe, AssemblyResolver.OnResolve: Microsoft.VisualStudio.TestPlatform.TestFramework.resources, Version=14.0.0.0, Culture=pt-BR, PublicKeyToken=b03f5f7f11d50a3a: Resolving assembly.
TpTrace Information: 0 : 3008, 14, 2020/09/18, 22:05:24.777, 176873454534, testhost.x86.exe, AssemblyResolver.OnResolve: Microsoft.VisualStudio.TestPlatform.TestFramework.resources, Version=14.0.0.0, Culture=pt-BR, PublicKeyToken=b03f5f7f11d50a3a: Resolved from cache.
TpTrace Information: 0 : 3008, 14, 2020/09/18, 22:05:24.778, 176873456697, testhost.x86.exe, AssemblyResolver: Resolving assembly: Microsoft.VisualStudio.TestPlatform.TestFramework.resources, Version=14.0.0.0, Culture=pt-BR, PublicKeyToken=b03f5f7f11d50a3a.
TpTrace Information: 0 : 3008, 14, 2020/09/18, 22:05:24.778, 176873458426, testhost.x86.exe, AssemblyResolver: Resolving assembly after applying policy: Microsoft.VisualStudio.TestPlatform.TestFramework.resources, Version=14.0.0.0, Culture=pt-BR, PublicKeyToken=b03f5f7f11d50a3a.
TpTrace Information: 0 : 3008, 14, 2020/09/18, 22:05:24.778, 176873459231, testhost.x86.exe, AssemblyResolver: Resolved: Microsoft.VisualStudio.TestPlatform.TestFramework.resources, Version=14.0.0.0, Culture=pt-BR, PublicKeyToken=b03f5f7f11d50a3a.
TpTrace Information: 0 : 3008, 14, 2020/09/18, 22:05:24.780, 176873483119, testhost.x86.exe, AssemblyResolver.OnResolve: Microsoft.VisualStudio.TestPlatform.TestFramework.resources, Version=14.0.0.0, Culture=pt, PublicKeyToken=b03f5f7f11d50a3a: Resolving assembly.
TpTrace Information: 0 : 3008, 14, 2020/09/18, 22:05:24.781, 176873486717, testhost.x86.exe, AssemblyResolver.OnResolve: Microsoft.VisualStudio.TestPlatform.TestFramework.resources, Version=14.0.0.0, Culture=pt, PublicKeyToken=b03f5f7f11d50a3a: Failed to load assembly.
TpTrace Information: 0 : 3008, 14, 2020/09/18, 22:05:24.781, 176873487642, testhost.x86.exe, AssemblyResolver: Resolving assembly: Microsoft.VisualStudio.TestPlatform.TestFramework.resources, Version=14.0.0.0, Culture=pt, PublicKeyToken=b03f5f7f11d50a3a.
TpTrace Information: 0 : 3008, 14, 2020/09/18, 22:05:24.781, 176873489945, testhost.x86.exe, AssemblyResolver: Resolving assembly after applying policy: Microsoft.VisualStudio.TestPlatform.TestFramework.resources, Version=14.0.0.0, Culture=pt, PublicKeyToken=b03f5f7f11d50a3a.
TpTrace Information: 0 : 3008, 14, 2020/09/18, 22:05:24.782, 176873495357, testhost.x86.exe, AssemblyResolver.OnResolve: Microsoft.VisualStudio.TestPlatform.TestFramework.resources, Version=14.0.0.0, Culture=pt, PublicKeyToken=b03f5f7f11d50a3a: Resolving assembly.
TpTrace Information: 0 : 3008, 14, 2020/09/18, 22:05:24.782, 176873496195, testhost.x86.exe, AssemblyResolver.OnResolve: Microsoft.VisualStudio.TestPlatform.TestFramework.resources, Version=14.0.0.0, Culture=pt, PublicKeyToken=b03f5f7f11d50a3a: Resolved from cache.
TpTrace Information: 0 : 3008, 14, 2020/09/18, 22:05:24.782, 176873496881, testhost.x86.exe, AssemblyResolver: Resolving assembly: Microsoft.VisualStudio.TestPlatform.TestFramework.resources, Version=14.0.0.0, Culture=pt, PublicKeyToken=b03f5f7f11d50a3a.
TpTrace Information: 0 : 3008, 14, 2020/09/18, 22:05:24.782, 176873498288, testhost.x86.exe, AssemblyResolver: Resolving assembly after applying policy: Microsoft.VisualStudio.TestPlatform.TestFramework.resources, Version=14.0.0.0, Culture=pt, PublicKeyToken=b03f5f7f11d50a3a.
TpTrace Information: 0 : 3008, 14, 2020/09/18, 22:05:24.782, 176873499005, testhost.x86.exe, AssemblyResolver: Resolved: Microsoft.VisualStudio.TestPlatform.TestFramework.resources, Version=14.0.0.0, Culture=pt, PublicKeyToken=b03f5f7f11d50a3a.
TpTrace Information: 0 : 3008, 14, 2020/09/18, 22:05:24.782, 176873502220, testhost.x86.exe, AssemblyResolver: Microsoft.VisualStudio.TestPlatform.TestFramework.resources, Version=14.0.0.0, Culture=pt, PublicKeyToken=b03f5f7f11d50a3a: Failed to load assembly. Reason:System.IO.FileLoadException: Não foi possível carregar arquivo ou assembly 'Microsoft.VisualStudio.TestPlatform.TestFramework.resources, Version=14.0.0.0, Culture=pt, PublicKeyToken=b03f5f7f11d50a3a' ou uma de suas dependências. A definição do manifesto do assembly localizado não corresponde à referência do assembly. (Exceção de HRESULT: 0x80131040)
Nome do arquivo: 'Microsoft.VisualStudio.TestPlatform.TestFramework.resources, Version=14.0.0.0, Culture=pt, PublicKeyToken=b03f5f7f11d50a3a'
   em System.Reflection.RuntimeAssembly._nLoad(AssemblyName fileName, String codeBase, Evidence assemblySecurity, RuntimeAssembly locationHint, StackCrawlMark& stackMark, IntPtr pPrivHostBinder, Boolean throwOnFileNotFound, Boolean forIntrospection, Boolean suppressSecurityChecks)
   em System.Reflection.RuntimeAssembly.nLoad(AssemblyName fileName, String codeBase, Evidence assemblySecurity, RuntimeAssembly locationHint, StackCrawlMark& stackMark, IntPtr pPrivHostBinder, Boolean throwOnFileNotFound, Boolean forIntrospection, Boolean suppressSecurityChecks)
   em System.Reflection.RuntimeAssembly.InternalLoadAssemblyName(AssemblyName assemblyRef, Evidence assemblySecurity, RuntimeAssembly reqAssembly, StackCrawlMark& stackMark, IntPtr pPrivHostBinder, Boolean throwOnFileNotFound, Boolean forIntrospection, Boolean suppressSecurityChecks)
   em System.Reflection.RuntimeAssembly.InternalLoad(String assemblyString, Evidence assemblySecurity, StackCrawlMark& stackMark, IntPtr pPrivHostBinder, Boolean forIntrospection)
   em System.Reflection.RuntimeAssembly.InternalLoad(String assemblyString, Evidence assemblySecurity, StackCrawlMark& stackMark, Boolean forIntrospection)
   em System.Reflection.Assembly.Load(String assemblyString)
   em Microsoft.VisualStudio.TestPlatform.MSTestAdapter.PlatformServices.AssemblyResolver.OnResolveInternal(Object senderAppDomain, ResolveEventArgs args, Boolean isReflectionOnly)

AVI: o log de associações de assembly está desativado.
Para ativar o log de  falhas de assembly, defina o valor do Registro [HKLM\Software\Microsoft\Fusion!EnableLog] (DWORD) como 1.
Observação: há alguma penalidade para o desempenho associada ao log de falha de associação de assembly.
Para desativar esse recurso, remova o valor do Registro [HKLM\Software\Microsoft\Fusion!EnableLog].
 
TpTrace Information: 0 : 3008, 14, 2020/09/18, 22:05:24.803, 176873709983, testhost.x86.exe, Executed test MaiorQueUm_True
TpTrace Warning: 0 : 3008, 14, 2020/09/18, 22:05:24.810, 176873776451, testhost.x86.exe, TestRunCache: InProgressTests is null
TpTrace Information: 0 : 3008, 14, 2020/09/18, 22:05:24.811, 176873793687, testhost.x86.exe, MSTestExecutor:Test Calc.Unit.Test.ValidadorUnitTest.MaiorQueUm_True failed. ErrorMessage:Assert.AreEqual failed. Expected:<False>. Actual:<True>. , ErrorStackTrace:   em Calc.Unit.Test.ValidadorUnitTest.MaiorQueUm_True() na C:\Users\Cliente\source\repos\Calculadora\Calc.Unit.Test\ValidadorUnitTest.cs:linha 29
.
TpTrace Warning: 0 : 3008, 14, 2020/09/18, 22:05:24.813, 176873810281, testhost.x86.exe, No DataCollection Data set for the test case 49d9270c-51e7-a470-809d-61f600a99513
TpTrace Warning: 0 : 3008, 14, 2020/09/18, 22:05:24.815, 176873833235, testhost.x86.exe, TestRunCache: InProgressTests is null
TpTrace Warning: 0 : 3008, 14, 2020/09/18, 22:05:24.816, 176873834675, testhost.x86.exe, TestRunCache: No test found corresponding to testResult '' in inProgress list.
TpTrace Information: 0 : 3008, 14, 2020/09/18, 22:05:24.816, 176873836601, testhost.x86.exe, Sending test run statistics
TpTrace Information: 0 : 3008, 14, 2020/09/18, 22:05:24.837, 176874047917, testhost.x86.exe, Sending test run statistics
TpTrace Information: 0 : 3008, 14, 2020/09/18, 22:05:24.839, 176874073217, testhost.x86.exe, Executing test MaiorQueUm_False
TpTrace Information: 0 : 3008, 14, 2020/09/18, 22:05:24.841, 176874090297, testhost.x86.exe, Executed test MaiorQueUm_False
TpTrace Warning: 0 : 3008, 14, 2020/09/18, 22:05:24.841, 176874093049, testhost.x86.exe, TestRunCache: InProgressTests is null
TpTrace Information: 0 : 3008, 14, 2020/09/18, 22:05:24.841, 176874094262, testhost.x86.exe, MSTestExecutor:Test Calc.Unit.Test.ValidadorUnitTest.MaiorQueUm_False failed. ErrorMessage:Assert.AreEqual failed. Expected:<True>. Actual:<False>. , ErrorStackTrace:   em Calc.Unit.Test.ValidadorUnitTest.MaiorQueUm_False() na C:\Users\Cliente\source\repos\Calculadora\Calc.Unit.Test\ValidadorUnitTest.cs:linha 42
.
TpTrace Warning: 0 : 3008, 14, 2020/09/18, 22:05:24.842, 176874096389, testhost.x86.exe, No DataCollection Data set for the test case cb485da0-7510-085b-f424-bb8b690b548f
TpTrace Warning: 0 : 3008, 14, 2020/09/18, 22:05:24.842, 176874098868, testhost.x86.exe, TestRunCache: InProgressTests is null
TpTrace Warning: 0 : 3008, 14, 2020/09/18, 22:05:24.842, 176874099773, testhost.x86.exe, TestRunCache: No test found corresponding to testResult '' in inProgress list.
TpTrace Information: 0 : 3008, 14, 2020/09/18, 22:05:24.842, 176874100522, testhost.x86.exe, Sending test run statistics
TpTrace Information: 0 : 3008, 14, 2020/09/18, 22:05:24.843, 176874112131, testhost.x86.exe, Sending test run statistics
TpTrace Information: 0 : 3008, 14, 2020/09/18, 22:05:24.844, 176874115253, testhost.x86.exe, Executing test MaiorQueUm
TpTrace Information: 0 : 3008, 14, 2020/09/18, 22:05:24.846, 176874135680, testhost.x86.exe, Executed test MaiorQueUm
TpTrace Warning: 0 : 3008, 14, 2020/09/18, 22:05:24.846, 176874136661, testhost.x86.exe, TestRunCache: InProgressTests is null
TpTrace Information: 0 : 3008, 14, 2020/09/18, 22:05:24.846, 176874137593, testhost.x86.exe, MSTestExecutor:Test Calc.Unit.Test.ValidadorUnitTest.MaiorQueUm failed. ErrorMessage:Assert.AreEqual failed. Expected:<False>. Actual:<True>. , ErrorStackTrace:   em Calc.Unit.Test.ValidadorUnitTest.MaiorQueUm() na C:\Users\Cliente\source\repos\Calculadora\Calc.Unit.Test\ValidadorUnitTest.cs:linha 55
.
TpTrace Warning: 0 : 3008, 14, 2020/09/18, 22:05:24.846, 176874138398, testhost.x86.exe, No DataCollection Data set for the test case 62a66921-a5a7-38df-0917-c4d8bc23e418
TpTrace Warning: 0 : 3008, 14, 2020/09/18, 22:05:24.846, 176874139122, testhost.x86.exe, TestRunCache: InProgressTests is null
TpTrace Warning: 0 : 3008, 14, 2020/09/18, 22:05:24.846, 176874139748, testhost.x86.exe, TestRunCache: No test found corresponding to testResult '' in inProgress list.
TpTrace Information: 0 : 3008, 14, 2020/09/18, 22:05:24.846, 176874140384, testhost.x86.exe, Sending test run statistics
TpTrace Information: 0 : 3008, 14, 2020/09/18, 22:05:24.847, 176874150066, testhost.x86.exe, Executing cleanup methods.
TpTrace Information: 0 : 3008, 10, 2020/09/18, 22:05:24.848, 176874163557, testhost.x86.exe, TestRequestHandler.ProcessRequests: received message: (TestExecution.Cancel) -> null
TpTrace Information: 0 : 3008, 14, 2020/09/18, 22:05:24.851, 176874186000, testhost.x86.exe, Executed cleanup methods.
TpTrace Information: 0 : 3008, 14, 2020/09/18, 22:05:24.851, 176874187286, testhost.x86.exe, Executed tests belonging to source C:\Users\Cliente\source\repos\Calculadora\Calc.Unit.Test\bin\Debug\Calc.Unit.Test.dll
TpTrace Information: 0 : 3008, 5, 2020/09/18, 22:05:24.857, 176874251495, testhost.x86.exe, Sending test run complete
TpTrace Information: 0 : 3008, 10, 2020/09/18, 22:05:24.870, 176874382228, testhost.x86.exe, TestRequestHandler.ProcessRequests: received message: (TestSession.Terminate) -> null
TpTrace Information: 0 : 3008, 10, 2020/09/18, 22:05:24.870, 176874383820, testhost.x86.exe, Session End message received from server. Closing the connection.
TpTrace Information: 0 : 3008, 10, 2020/09/18, 22:05:24.871, 176874388069, testhost.x86.exe, SocketClient.Stop: Stop communication from server endpoint: 127.0.0.1:052214
TpTrace Information: 0 : 3008, 10, 2020/09/18, 22:05:24.871, 176874388967, testhost.x86.exe, SocketClient: Stop: Cancellation requested. Stopping message loop.
TpTrace Information: 0 : 3008, 10, 2020/09/18, 22:05:24.871, 176874390808, testhost.x86.exe, Closing the connection !
TpTrace Information: 0 : 3008, 10, 2020/09/18, 22:05:24.871, 176874394163, testhost.x86.exe, SocketClient.PrivateStop: Stop communication from server endpoint: 127.0.0.1:052214, error:
TpTrace Information: 0 : 3008, 1, 2020/09/18, 22:05:24.875, 176874424490, testhost.x86.exe, SocketClient.Stop: Stop communication from server endpoint: 127.0.0.1:052214
