TpTrace Information: 0 : 5212, 1, 2020/09/18, 21:49:08.108, 167106807130, vstest.console.exe, AssemblyResolver.ctor: Creating AssemblyResolver with searchDirectories C:\Users\Cliente\AppData\Local\Temp\lvvfmy5f.erb\.vstest\tools\net451\Extensions,C:\Users\Cliente\AppData\Local\Temp\lvvfmy5f.erb\.vstest\tools\net451
TpTrace Information: 0 : 5212, 1, 2020/09/18, 21:49:08.117, 167106861765, vstest.console.exe, AssemblyResolver.AddSearchDirectories: Adding more searchDirectories C:\Users\Cliente\AppData\Local\Temp\lvvfmy5f.erb\.vstest\tools\net451\Extensions,C:\Users\Cliente\AppData\Local\Temp\lvvfmy5f.erb\.vstest\tools\net451
TpTrace Information: 0 : 5212, 1, 2020/09/18, 21:49:08.118, 167106867526, vstest.console.exe, AssemblyResolver.AddSearchDirectories: Adding more searchDirectories C:\Users\Cliente\AppData\Local\Temp\lvvfmy5f.erb\.vstest\tools\net451\Extensions,C:\Users\Cliente\AppData\Local\Temp\lvvfmy5f.erb\.vstest\tools\net451
TpTrace Information: 0 : 5212, 1, 2020/09/18, 21:49:08.118, 167106869049, vstest.console.exe, AssemblyResolver.AddSearchDirectories: Adding more searchDirectories C:\Users\Cliente\AppData\Local\Temp\lvvfmy5f.erb\.vstest\tools\net451\Extensions,C:\Users\Cliente\AppData\Local\Temp\lvvfmy5f.erb\.vstest\tools\net451
TpTrace Information: 0 : 5212, 1, 2020/09/18, 21:49:08.118, 167106870082, vstest.console.exe, AssemblyResolver.AddSearchDirectories: Adding more searchDirectories C:\Users\Cliente\AppData\Local\Temp\lvvfmy5f.erb\.vstest\tools\net451\Extensions,C:\Users\Cliente\AppData\Local\Temp\lvvfmy5f.erb\.vstest\tools\net451
TpTrace Information: 0 : 5212, 1, 2020/09/18, 21:49:08.125, 167106935286, vstest.console.exe, AssemblyResolver.OnResolve: Microsoft.TestPlatform.Extensions.BlameDataCollector: Resolving assembly.
TpTrace Information: 0 : 5212, 1, 2020/09/18, 21:49:08.146, 167107144550, vstest.console.exe, AssemblyResolver.OnResolve: Resolved assembly: Microsoft.TestPlatform.Extensions.BlameDataCollector, from path: C:\Users\Cliente\AppData\Local\Temp\lvvfmy5f.erb\.vstest\tools\net451\Extensions\Microsoft.TestPlatform.Extensions.BlameDataCollector.dll
TpTrace Information: 0 : 5212, 1, 2020/09/18, 21:49:08.150, 167107186202, vstest.console.exe, AssemblyResolver.OnResolve: Microsoft.TestPlatform.TestHostRuntimeProvider: Resolving assembly.
TpTrace Information: 0 : 5212, 1, 2020/09/18, 21:49:08.176, 167107448099, vstest.console.exe, AssemblyResolver.OnResolve: Resolved assembly: Microsoft.TestPlatform.TestHostRuntimeProvider, from path: C:\Users\Cliente\AppData\Local\Temp\lvvfmy5f.erb\.vstest\tools\net451\Extensions\Microsoft.TestPlatform.TestHostRuntimeProvider.dll
TpTrace Information: 0 : 5212, 1, 2020/09/18, 21:49:08.179, 167107481851, vstest.console.exe, AssemblyResolver.OnResolve: Microsoft.VisualStudio.TestPlatform.Extensions.Html.TestLogger: Resolving assembly.
TpTrace Information: 0 : 5212, 1, 2020/09/18, 21:49:08.197, 167107659875, vstest.console.exe, AssemblyResolver.OnResolve: Resolved assembly: Microsoft.VisualStudio.TestPlatform.Extensions.Html.TestLogger, from path: C:\Users\Cliente\AppData\Local\Temp\lvvfmy5f.erb\.vstest\tools\net451\Extensions\Microsoft.VisualStudio.TestPlatform.Extensions.Html.TestLogger.dll
TpTrace Information: 0 : 5212, 1, 2020/09/18, 21:49:08.198, 167107672304, vstest.console.exe, AssemblyResolver.OnResolve: Microsoft.VisualStudio.TestPlatform.Extensions.Trx.TestLogger: Resolving assembly.
TpTrace Information: 0 : 5212, 1, 2020/09/18, 21:49:08.209, 167107777680, vstest.console.exe, AssemblyResolver.OnResolve: Resolved assembly: Microsoft.VisualStudio.TestPlatform.Extensions.Trx.TestLogger, from path: C:\Users\Cliente\AppData\Local\Temp\lvvfmy5f.erb\.vstest\tools\net451\Extensions\Microsoft.VisualStudio.TestPlatform.Extensions.Trx.TestLogger.dll
TpTrace Information: 0 : 5212, 1, 2020/09/18, 21:49:08.270, 167108387620, vstest.console.exe, Trying to connect to server on port : 52124
TpTrace Information: 0 : 5212, 1, 2020/09/18, 21:49:08.273, 167108415657, vstest.console.exe, Trying to connect to server on socket : 127.0.0.1:52124 
TpTrace Information: 0 : 5212, 4, 2020/09/18, 21:49:08.297, 167108658079, vstest.console.exe, Connected to the server successfully 
TpTrace Information: 0 : 5212, 4, 2020/09/18, 21:49:08.297, 167108660130, vstest.console.exe, Using the buffer size of 16384 bytes
TpTrace Information: 0 : 5212, 1, 2020/09/18, 21:49:08.578, 167111465643, vstest.console.exe, DesignModeClient.ProcessRequests: Processing Message: (ProtocolVersion) -> 3
TpTrace Information: 0 : 5212, 1, 2020/09/18, 21:49:08.611, 167111799783, vstest.console.exe, DesignModeClient.ProcessRequests: Processing Message: (Extensions.Initialize) -> [
  "C:\\Users\\Cliente\\source\\repos\\Calculadora\\Calc.Unit.Test\\bin\\Debug",
  "C:\\Users\\Cliente\\AppData\\Local\\Temp\\lvvfmy5f.erb\\.vstest\\tools\\net451\\Extensions"
]
TpTrace Information: 0 : 5212, 1, 2020/09/18, 21:49:08.629, 167111973969, vstest.console.exe, TestRequestManager.InitializeExtensions: Initialize extensions started.
TpTrace Information: 0 : 5212, 1, 2020/09/18, 21:49:08.631, 167111997007, vstest.console.exe, TestRequestManager.InitializeExtensions: Initialize extensions completed.
TpTrace Information: 0 : 5212, 1, 2020/09/18, 21:49:08.637, 167112058073, vstest.console.exe, DesignModeClient.ProcessRequests: Processing Message: (TestDiscovery.Start) -> {
  "Sources": [
    "C:\\Users\\Cliente\\source\\repos\\Calculadora\\Calc.Unit.Test\\bin\\Debug\\Calc.Unit.Test.dll"
  ],
  "RunSettings": "<RunSettings>\r\n <RunConfiguration>\r\n<DisableAppDomain>true</DisableAppDomain>\r\n  <MaxCpuCount>1</MaxCpuCount>\r\n  <TargetFrameworkVersion>.NETFramework,Version=v4.6</TargetFrameworkVersion>\r\n<DesignMode>false</DesignMode>\r\n<BatchSize>1</BatchSize>\r\n </RunConfiguration>\r\n</RunSettings>",
  "TestPlatformOptions": null
}
TpTrace Information: 0 : 5212, 6, 2020/09/18, 21:49:08.648, 167112161691, vstest.console.exe, TestRequestManager.DiscoverTests: Discovery tests started.
TpTrace Information: 0 : 5212, 6, 2020/09/18, 21:49:08.788, 167113566299, vstest.console.exe, AssemblyMetadataProvider.GetFrameWork: Determined framework:'.NETFramework,Version=v4.6.1' for source: 'C:\Users\Cliente\source\repos\Calculadora\Calc.Unit.Test\bin\Debug\Calc.Unit.Test.dll'
TpTrace Information: 0 : 5212, 6, 2020/09/18, 21:49:08.789, 167113571261, vstest.console.exe, Determined framework for all sources: .NETFramework,Version=v4.6.1
TpTrace Information: 0 : 5212, 6, 2020/09/18, 21:49:08.796, 167113644611, vstest.console.exe, AssemblyMetadataProvider.GetArchitecture: Determined architecture:AnyCPU info for assembly: C:\Users\Cliente\source\repos\Calculadora\Calc.Unit.Test\bin\Debug\Calc.Unit.Test.dll
TpTrace Information: 0 : 5212, 6, 2020/09/18, 21:49:08.798, 167113661863, vstest.console.exe, Determined platform for all sources: X86
TpTrace Warning: 0 : 5212, 6, 2020/09/18, 21:49:08.806, 167113740662, vstest.console.exe, A execução de teste usará DLLs criadas para a estrutura .NETFramework,Version=v4.6 e a plataforma X86. As seguintes DLLs não farão parte da execução: 
Calc.Unit.Test.dll é compilado para Framework .NETFramework,Version=v4.6.1 e Platform AnyCPU.
Acesse http://go.microsoft.com/fwlink/?LinkID=236877&clcid=0x409 para obter mais detalhes sobre como gerenciar essas configurações.

TpTrace Information: 0 : 5212, 6, 2020/09/18, 21:49:08.809, 167113776555, vstest.console.exe, Compatible sources list : 
TpTrace Information: 0 : 5212, 6, 2020/09/18, 21:49:08.809, 167113778397, vstest.console.exe, 
TpTrace Information: 0 : 5212, 6, 2020/09/18, 21:49:08.816, 167113839809, vstest.console.exe, TestRequestManager.DiscoverTests: Synchronization context taken
TpTrace Information: 0 : 5212, 6, 2020/09/18, 21:49:08.859, 167114277659, vstest.console.exe, AssemblyResolver.OnResolve: Microsoft.TestPlatform.TestHostRuntimeProvider, Version=15.0.0.0, Culture=neutral, PublicKeyToken=b03f5f7f11d50a3a: Resolving assembly.
TpTrace Information: 0 : 5212, 6, 2020/09/18, 21:49:08.861, 167114294503, vstest.console.exe, AssemblyResolver.OnResolve: Resolved assembly: Microsoft.TestPlatform.TestHostRuntimeProvider, Version=15.0.0.0, Culture=neutral, PublicKeyToken=b03f5f7f11d50a3a, from path: C:\Users\Cliente\AppData\Local\Temp\lvvfmy5f.erb\.vstest\tools\net451\Extensions\Microsoft.TestPlatform.TestHostRuntimeProvider.dll
TpTrace Information: 0 : 5212, 6, 2020/09/18, 21:49:08.862, 167114304434, vstest.console.exe, TestPluginManager.CreateTestExtension: Attempting to load test extension: Microsoft.VisualStudio.TestPlatform.CrossPlatEngine.Hosting.DefaultTestHostManager
TpTrace Information: 0 : 5212, 6, 2020/09/18, 21:49:08.867, 167114348914, vstest.console.exe, InferRunSettingsHelper.IsTestSettingsEnabled: Unable to navigate to RunSettings/MSTest. Current node: RunSettings
TpTrace Information: 0 : 5212, 6, 2020/09/18, 21:49:08.882, 167114505329, vstest.console.exe, DiscoveryRequest.DiscoverAsync: Started.
TpTrace Information: 0 : 5212, 7, 2020/09/18, 21:49:08.887, 167114557610, vstest.console.exe, SocketServer.Start: Listening on endpoint : 127.0.0.1:52126
TpTrace Information: 0 : 5212, 7, 2020/09/18, 21:49:09.836, 167124046087, vstest.console.exe, DiscoveryRequest.SendDiscoveryMessage: Completed.
TpTrace Information: 0 : 5212, 9, 2020/09/18, 21:49:09.863, 167124321315, vstest.console.exe, DiscoveryRequest.SendDiscoveryMessage: Completed.
TpTrace Information: 0 : 5212, 9, 2020/09/18, 21:49:10.490, 167130587181, vstest.console.exe, DiscoveryRequest.SendDiscoveredTests: Completed.
TpTrace Information: 0 : 5212, 9, 2020/09/18, 21:49:10.491, 167130596906, vstest.console.exe, DiscoveryRequest.SendDiscoveredTests: Completed.
TpTrace Information: 0 : 5212, 9, 2020/09/18, 21:49:10.492, 167130604087, vstest.console.exe, DiscoveryRequest.SendDiscoveredTests: Completed.
TpTrace Information: 0 : 5212, 9, 2020/09/18, 21:49:10.497, 167130649404, vstest.console.exe, DiscoveryRequest.SendDiscoveredTests: Completed.
TpTrace Information: 0 : 5212, 9, 2020/09/18, 21:49:10.497, 167130656568, vstest.console.exe, DiscoveryRequest.SendDiscoveredTests: Completed.
TpTrace Information: 0 : 5212, 9, 2020/09/18, 21:49:10.498, 167130662753, vstest.console.exe, DiscoveryRequest.SendDiscoveredTests: Completed.
TpTrace Information: 0 : 5212, 9, 2020/09/18, 21:49:10.498, 167130668599, vstest.console.exe, DiscoveryRequest.SendDiscoveredTests: Completed.
TpTrace Information: 0 : 5212, 9, 2020/09/18, 21:49:10.499, 167130674539, vstest.console.exe, DiscoveryRequest.SendDiscoveredTests: Completed.
TpTrace Warning: 0 : 5212, 9, 2020/09/18, 21:49:10.604, 167131720459, vstest.console.exe, ProxyOperationManager: Timed out waiting for test host to exit. Will terminate process.
TpTrace Warning: 0 : 5212, 10, 2020/09/18, 21:49:10.619, 167131873752, vstest.console.exe, TestHostManagerCallbacks.ErrorReceivedCallback Test host standard error line: 
TpTrace Information: 0 : 5212, 9, 2020/09/18, 21:49:10.619, 167131877582, vstest.console.exe, DiscoveryRequest.SendDiscoveredTests: Completed.
TpTrace Information: 0 : 5212, 9, 2020/09/18, 21:49:10.630, 167131980660, vstest.console.exe, DiscoveryRequest.DiscoveryComplete: Completed.
TpTrace Information: 0 : 5212, 9, 2020/09/18, 21:49:10.630, 167131985279, vstest.console.exe, SocketServer.Stop: Stop server endPoint: 127.0.0.1:52126
TpTrace Information: 0 : 5212, 9, 2020/09/18, 21:49:10.630, 167131986269, vstest.console.exe, SocketServer.Stop: Cancellation requested. Stopping message loop.
TpTrace Information: 0 : 5212, 6, 2020/09/18, 21:49:10.630, 167131987373, vstest.console.exe, DiscoveryRequest.Dispose: Completed.
TpTrace Information: 0 : 5212, 6, 2020/09/18, 21:49:10.631, 167131988297, vstest.console.exe, TestRequestManager.DiscoverTests: Discovery tests completed.
TpTrace Information: 0 : 5212, 9, 2020/09/18, 21:49:10.631, 167131990514, vstest.console.exe, SocketServer.PrivateStop: Stop server endPoint: 127.0.0.1:52126 error: 
TpTrace Information: 0 : 5212, 9, 2020/09/18, 21:49:10.631, 167131995206, vstest.console.exe, SocketServer.Stop: Raise disconnected event endPoint: 127.0.0.1:52126 error: 
TpTrace Information: 0 : 5212, 1, 2020/09/18, 21:49:10.649, 167132173982, vstest.console.exe, DesignModeClient.ProcessRequests: Processing Message: (TestSession.Terminate) -> null
TpTrace Information: 0 : 5212, 1, 2020/09/18, 21:49:10.649, 167132175793, vstest.console.exe, DesignModeClient: Session End message received from server. Closing the connection.
TpTrace Information: 0 : 6452, 1, 2020/09/18, 21:49:11.023, 167135920829, vstest.console.exe, AssemblyResolver.ctor: Creating AssemblyResolver with searchDirectories C:\Users\Cliente\AppData\Local\Temp\lvvfmy5f.erb\.vstest\tools\net451\Extensions,C:\Users\Cliente\AppData\Local\Temp\lvvfmy5f.erb\.vstest\tools\net451
TpTrace Information: 0 : 6452, 1, 2020/09/18, 21:49:11.028, 167135955890, vstest.console.exe, AssemblyResolver.AddSearchDirectories: Adding more searchDirectories C:\Users\Cliente\AppData\Local\Temp\lvvfmy5f.erb\.vstest\tools\net451\Extensions,C:\Users\Cliente\AppData\Local\Temp\lvvfmy5f.erb\.vstest\tools\net451
TpTrace Information: 0 : 6452, 1, 2020/09/18, 21:49:11.028, 167135957581, vstest.console.exe, AssemblyResolver.AddSearchDirectories: Adding more searchDirectories C:\Users\Cliente\AppData\Local\Temp\lvvfmy5f.erb\.vstest\tools\net451\Extensions,C:\Users\Cliente\AppData\Local\Temp\lvvfmy5f.erb\.vstest\tools\net451
TpTrace Information: 0 : 6452, 1, 2020/09/18, 21:49:11.028, 167135958599, vstest.console.exe, AssemblyResolver.AddSearchDirectories: Adding more searchDirectories C:\Users\Cliente\AppData\Local\Temp\lvvfmy5f.erb\.vstest\tools\net451\Extensions,C:\Users\Cliente\AppData\Local\Temp\lvvfmy5f.erb\.vstest\tools\net451
TpTrace Information: 0 : 6452, 1, 2020/09/18, 21:49:11.028, 167135959555, vstest.console.exe, AssemblyResolver.AddSearchDirectories: Adding more searchDirectories C:\Users\Cliente\AppData\Local\Temp\lvvfmy5f.erb\.vstest\tools\net451\Extensions,C:\Users\Cliente\AppData\Local\Temp\lvvfmy5f.erb\.vstest\tools\net451
TpTrace Information: 0 : 6452, 1, 2020/09/18, 21:49:11.033, 167136008503, vstest.console.exe, AssemblyResolver.OnResolve: Microsoft.TestPlatform.Extensions.BlameDataCollector: Resolving assembly.
TpTrace Information: 0 : 6452, 1, 2020/09/18, 21:49:11.048, 167136161656, vstest.console.exe, AssemblyResolver.OnResolve: Resolved assembly: Microsoft.TestPlatform.Extensions.BlameDataCollector, from path: C:\Users\Cliente\AppData\Local\Temp\lvvfmy5f.erb\.vstest\tools\net451\Extensions\Microsoft.TestPlatform.Extensions.BlameDataCollector.dll
TpTrace Information: 0 : 6452, 1, 2020/09/18, 21:49:11.052, 167136197935, vstest.console.exe, AssemblyResolver.OnResolve: Microsoft.TestPlatform.TestHostRuntimeProvider: Resolving assembly.
TpTrace Information: 0 : 6452, 1, 2020/09/18, 21:49:11.056, 167136242159, vstest.console.exe, AssemblyResolver.OnResolve: Resolved assembly: Microsoft.TestPlatform.TestHostRuntimeProvider, from path: C:\Users\Cliente\AppData\Local\Temp\lvvfmy5f.erb\.vstest\tools\net451\Extensions\Microsoft.TestPlatform.TestHostRuntimeProvider.dll
TpTrace Information: 0 : 6452, 1, 2020/09/18, 21:49:11.060, 167136275888, vstest.console.exe, AssemblyResolver.OnResolve: Microsoft.VisualStudio.TestPlatform.Extensions.Html.TestLogger: Resolving assembly.
TpTrace Information: 0 : 6452, 1, 2020/09/18, 21:49:11.064, 167136319547, vstest.console.exe, AssemblyResolver.OnResolve: Resolved assembly: Microsoft.VisualStudio.TestPlatform.Extensions.Html.TestLogger, from path: C:\Users\Cliente\AppData\Local\Temp\lvvfmy5f.erb\.vstest\tools\net451\Extensions\Microsoft.VisualStudio.TestPlatform.Extensions.Html.TestLogger.dll
TpTrace Information: 0 : 6452, 1, 2020/09/18, 21:49:11.065, 167136329899, vstest.console.exe, AssemblyResolver.OnResolve: Microsoft.VisualStudio.TestPlatform.Extensions.Trx.TestLogger: Resolving assembly.
TpTrace Information: 0 : 6452, 1, 2020/09/18, 21:49:11.069, 167136370455, vstest.console.exe, AssemblyResolver.OnResolve: Resolved assembly: Microsoft.VisualStudio.TestPlatform.Extensions.Trx.TestLogger, from path: C:\Users\Cliente\AppData\Local\Temp\lvvfmy5f.erb\.vstest\tools\net451\Extensions\Microsoft.VisualStudio.TestPlatform.Extensions.Trx.TestLogger.dll
TpTrace Information: 0 : 6452, 1, 2020/09/18, 21:49:11.121, 167136887282, vstest.console.exe, Trying to connect to server on port : 52129
TpTrace Information: 0 : 6452, 1, 2020/09/18, 21:49:11.124, 167136915545, vstest.console.exe, Trying to connect to server on socket : 127.0.0.1:52129 
TpTrace Information: 0 : 6452, 4, 2020/09/18, 21:49:11.140, 167137080455, vstest.console.exe, Connected to the server successfully 
TpTrace Information: 0 : 6452, 4, 2020/09/18, 21:49:11.140, 167137081840, vstest.console.exe, Using the buffer size of 16384 bytes
TpTrace Information: 0 : 6452, 1, 2020/09/18, 21:49:11.326, 167138938994, vstest.console.exe, DesignModeClient.ProcessRequests: Processing Message: (ProtocolVersion) -> 3
TpTrace Information: 0 : 6452, 1, 2020/09/18, 21:49:11.345, 167139127349, vstest.console.exe, DesignModeClient.ProcessRequests: Processing Message: (Extensions.Initialize) -> [
  "C:\\Users\\Cliente\\source\\repos\\Calculadora\\Calc.Unit.Test\\bin\\Debug",
  "C:\\Users\\Cliente\\AppData\\Local\\Temp\\lvvfmy5f.erb\\.vstest\\tools\\net451\\Extensions"
]
TpTrace Information: 0 : 6452, 1, 2020/09/18, 21:49:11.359, 167139265600, vstest.console.exe, TestRequestManager.InitializeExtensions: Initialize extensions started.
TpTrace Information: 0 : 6452, 1, 2020/09/18, 21:49:11.361, 167139287015, vstest.console.exe, TestRequestManager.InitializeExtensions: Initialize extensions completed.
TpTrace Information: 0 : 6452, 1, 2020/09/18, 21:49:11.393, 167139609108, vstest.console.exe, DesignModeClient.ProcessRequests: Processing Message: (TestExecution.GetTestRunnerProcessStartInfoForRunAll) -> {
  "Sources": [
    "C:\\Users\\Cliente\\source\\repos\\Calculadora\\Calc.Unit.Test\\bin\\Debug\\Calc.Unit.Test.dll"
  ],
  "TestCases": null,
  "RunSettings": "<RunSettings>\r\n <RunConfiguration>\r\n<DisableAppDomain>true</DisableAppDomain>\r\n  <MaxCpuCount>1</MaxCpuCount>\r\n  <TargetFrameworkVersion>.NETFramework,Version=v4.6</TargetFrameworkVersion>\r\n<DesignMode>false</DesignMode>\r\n<BatchSize>1</BatchSize>\r\n </RunConfiguration>\r\n</RunSettings>",
  "KeepAlive": false,
  "DebuggingEnabled": false,
  "TestPlatformOptions": null
}
TpTrace Information: 0 : 6452, 6, 2020/09/18, 21:49:11.405, 167139724924, vstest.console.exe, TestRequestManager.RunTests: run tests started.
TpTrace Information: 0 : 6452, 6, 2020/09/18, 21:49:11.509, 167140777735, vstest.console.exe, AssemblyMetadataProvider.GetFrameWork: Determined framework:'.NETFramework,Version=v4.6.1' for source: 'C:\Users\Cliente\source\repos\Calculadora\Calc.Unit.Test\bin\Debug\Calc.Unit.Test.dll'
TpTrace Information: 0 : 6452, 6, 2020/09/18, 21:49:11.509, 167140781725, vstest.console.exe, Determined framework for all sources: .NETFramework,Version=v4.6.1
TpTrace Information: 0 : 6452, 6, 2020/09/18, 21:49:11.514, 167140825261, vstest.console.exe, AssemblyMetadataProvider.GetArchitecture: Determined architecture:AnyCPU info for assembly: C:\Users\Cliente\source\repos\Calculadora\Calc.Unit.Test\bin\Debug\Calc.Unit.Test.dll
TpTrace Information: 0 : 6452, 6, 2020/09/18, 21:49:11.516, 167140842877, vstest.console.exe, Determined platform for all sources: X86
TpTrace Warning: 0 : 6452, 6, 2020/09/18, 21:49:11.524, 167140924405, vstest.console.exe, A execução de teste usará DLLs criadas para a estrutura .NETFramework,Version=v4.6 e a plataforma X86. As seguintes DLLs não farão parte da execução: 
Calc.Unit.Test.dll é compilado para Framework .NETFramework,Version=v4.6.1 e Platform AnyCPU.
Acesse http://go.microsoft.com/fwlink/?LinkID=236877&clcid=0x409 para obter mais detalhes sobre como gerenciar essas configurações.

TpTrace Information: 0 : 6452, 6, 2020/09/18, 21:49:11.527, 167140958488, vstest.console.exe, Compatible sources list : 
TpTrace Information: 0 : 6452, 6, 2020/09/18, 21:49:11.527, 167140960025, vstest.console.exe, 
TpTrace Information: 0 : 6452, 6, 2020/09/18, 21:49:11.534, 167141024502, vstest.console.exe, InferRunSettingsHelper.IsTestSettingsEnabled: Unable to navigate to RunSettings/MSTest. Current node: RunSettings
TpTrace Information: 0 : 6452, 6, 2020/09/18, 21:49:11.572, 167141408076, vstest.console.exe, AssemblyResolver.OnResolve: Microsoft.TestPlatform.TestHostRuntimeProvider, Version=15.0.0.0, Culture=neutral, PublicKeyToken=b03f5f7f11d50a3a: Resolving assembly.
TpTrace Information: 0 : 6452, 6, 2020/09/18, 21:49:11.574, 167141425808, vstest.console.exe, AssemblyResolver.OnResolve: Resolved assembly: Microsoft.TestPlatform.TestHostRuntimeProvider, Version=15.0.0.0, Culture=neutral, PublicKeyToken=b03f5f7f11d50a3a, from path: C:\Users\Cliente\AppData\Local\Temp\lvvfmy5f.erb\.vstest\tools\net451\Extensions\Microsoft.TestPlatform.TestHostRuntimeProvider.dll
TpTrace Information: 0 : 6452, 6, 2020/09/18, 21:49:11.575, 167141437402, vstest.console.exe, TestPluginManager.CreateTestExtension: Attempting to load test extension: Microsoft.VisualStudio.TestPlatform.CrossPlatEngine.Hosting.DefaultTestHostManager
TpTrace Information: 0 : 6452, 6, 2020/09/18, 21:49:11.580, 167141489048, vstest.console.exe, InferRunSettingsHelper.IsTestSettingsEnabled: Unable to navigate to RunSettings/MSTest. Current node: RunSettings
TpTrace Information: 0 : 6452, 6, 2020/09/18, 21:49:11.592, 167141605820, vstest.console.exe, TestRunRequest.ExecuteAsync: Starting run with settings:TestRunCriteria:
   KeepAlive=False,FrequencyOfRunStatsChangeEvent=1,RunStatsChangeEventTimeout=00:00:01.5000000,TestCaseFilter=,TestExecutorLauncher=Microsoft.VisualStudio.TestPlatform.Client.DesignMode.DesignModeTestHostLauncher
   Settingsxml=<RunSettings>
  <RunConfiguration>
    <DisableAppDomain>true</DisableAppDomain>
    <MaxCpuCount>1</MaxCpuCount>
    <TargetFrameworkVersion>.NETFramework,Version=v4.6</TargetFrameworkVersion>
    <DesignMode>false</DesignMode>
    <BatchSize>1</BatchSize>
    <TargetPlatform>X86</TargetPlatform>
    <CollectSourceInformation>True</CollectSourceInformation>
  </RunConfiguration>
  <LoggerRunSettings>
    <Loggers>
      <Logger friendlyName="Console" uri="logger://microsoft/TestPlatform/ConsoleLogger/v1" assemblyQualifiedName="Microsoft.VisualStudio.TestPlatform.CommandLine.Internal.ConsoleLogger, vstest.console, Version=15.0.0.0, Culture=neutral, PublicKeyToken=b03f5f7f11d50a3a" codeBase="C:\Users\Cliente\AppData\Local\Temp\lvvfmy5f.erb\.vstest\tools\net451\vstest.console.exe" enabled="True" />
    </Loggers>
  </LoggerRunSettings>
</RunSettings>

TpTrace Information: 0 : 6452, 6, 2020/09/18, 21:49:11.597, 167141659732, vstest.console.exe, ProxyParallelExecutionManager: Triggering test run for next source: C:\Users\Cliente\source\repos\Calculadora\Calc.Unit.Test\bin\Debug\Calc.Unit.Test.dll
TpTrace Information: 0 : 6452, 6, 2020/09/18, 21:49:11.598, 167141666779, vstest.console.exe, TestRunRequest.ExecuteAsync: Started.
TpTrace Information: 0 : 6452, 7, 2020/09/18, 21:49:11.605, 167141735066, vstest.console.exe, SocketServer.Start: Listening on endpoint : 127.0.0.1:52131
TpTrace Information: 0 : 6452, 1, 2020/09/18, 21:49:11.647, 167142153755, vstest.console.exe, DesignModeClient.ProcessRequests: Processing Message: (TestExecution.CustomTestHostLaunchCallback) -> {
  "HostProcessId": 12020,
  "ErrorMessage": null
}
TpTrace Information: 0 : 6452, 7, 2020/09/18, 21:49:12.377, 167149460165, vstest.console.exe, TestRunRequest:SendTestRunMessage: Completed.
TpTrace Information: 0 : 6452, 9, 2020/09/18, 21:49:12.393, 167149618010, vstest.console.exe, TestRunRequest:SendTestRunMessage: Completed.
TpTrace Information: 0 : 6452, 9, 2020/09/18, 21:49:13.025, 167155928570, vstest.console.exe, TestRunRequest:SendTestRunStatsChange: Completed.
TpTrace Information: 0 : 6452, 9, 2020/09/18, 21:49:13.124, 167156921418, vstest.console.exe, TestRunRequest:SendTestRunStatsChange: Completed.
TpTrace Information: 0 : 6452, 9, 2020/09/18, 21:49:13.125, 167156929857, vstest.console.exe, TestRunRequest:SendTestRunStatsChange: Completed.
TpTrace Information: 0 : 6452, 9, 2020/09/18, 21:49:13.126, 167156942092, vstest.console.exe, TestRunRequest:SendTestRunStatsChange: Completed.
TpTrace Information: 0 : 6452, 9, 2020/09/18, 21:49:13.127, 167156948890, vstest.console.exe, TestRunRequest:SendTestRunStatsChange: Completed.
TpTrace Information: 0 : 6452, 9, 2020/09/18, 21:49:13.128, 167156960876, vstest.console.exe, TestRunRequest:SendTestRunStatsChange: Completed.
TpTrace Information: 0 : 6452, 9, 2020/09/18, 21:49:13.129, 167156967324, vstest.console.exe, TestRunRequest:SendTestRunStatsChange: Completed.
TpTrace Information: 0 : 6452, 9, 2020/09/18, 21:49:13.130, 167156978988, vstest.console.exe, TestRunRequest:SendTestRunStatsChange: Completed.
TpTrace Information: 0 : 6452, 9, 2020/09/18, 21:49:13.134, 167157019845, vstest.console.exe, TestRunRequest:SendTestRunStatsChange: Completed.
TpTrace Information: 0 : 6452, 9, 2020/09/18, 21:49:13.585, 167161534795, vstest.console.exe, TestRunRequest:SendTestRunStatsChange: Completed.
TpTrace Information: 0 : 6452, 9, 2020/09/18, 21:49:13.586, 167161542414, vstest.console.exe, TestRunRequest:SendTestRunStatsChange: Completed.
TpTrace Information: 0 : 6452, 9, 2020/09/18, 21:49:13.598, 167161666082, vstest.console.exe, TestRunRequest:SendTestRunStatsChange: Completed.
TpTrace Information: 0 : 6452, 9, 2020/09/18, 21:49:13.599, 167161681170, vstest.console.exe, TestRunRequest:SendTestRunStatsChange: Completed.
TpTrace Information: 0 : 6452, 9, 2020/09/18, 21:49:13.603, 167161721314, vstest.console.exe, TestRunRequest:SendTestRunStatsChange: Completed.
TpTrace Information: 0 : 6452, 9, 2020/09/18, 21:49:13.604, 167161728782, vstest.console.exe, TestRunRequest:SendTestRunStatsChange: Completed.
TpTrace Information: 0 : 6452, 9, 2020/09/18, 21:49:13.606, 167161750517, vstest.console.exe, TestRunRequest:SendTestRunStatsChange: Completed.
TpTrace Warning: 0 : 6452, 9, 2020/09/18, 21:49:13.744, 167163121342, vstest.console.exe, ProxyOperationManager: Timed out waiting for test host to exit. Will terminate process.
TpTrace Error: 0 : 6452, 5, 2020/09/18, 21:49:13.765, 167163334745, vstest.console.exe, TestHostManagerCallbacks.ExitCallBack: Testhost processId: 12020 exited with exitcode: -1 error: ''
TpTrace Information: 0 : 6452, 9, 2020/09/18, 21:49:13.767, 167163354742, vstest.console.exe, TestRunRequest:SendTestRunStatsChange: Completed.
TpTrace Information: 0 : 6452, 9, 2020/09/18, 21:49:13.789, 167163572211, vstest.console.exe, TestRunRequest:TestRunComplete: Completed.
TpTrace Information: 0 : 6452, 9, 2020/09/18, 21:49:13.789, 167163578005, vstest.console.exe, SocketServer.Stop: Stop server endPoint: 127.0.0.1:52131
TpTrace Information: 0 : 6452, 9, 2020/09/18, 21:49:13.789, 167163579099, vstest.console.exe, SocketServer.Stop: Cancellation requested. Stopping message loop.
TpTrace Information: 0 : 6452, 6, 2020/09/18, 21:49:13.790, 167163582874, vstest.console.exe, TestRunRequest.Dispose: Completed.
TpTrace Information: 0 : 6452, 6, 2020/09/18, 21:49:13.790, 167163583830, vstest.console.exe, TestRequestManager.RunTests: run tests completed.
TpTrace Information: 0 : 6452, 9, 2020/09/18, 21:49:13.791, 167163591520, vstest.console.exe, SocketServer.PrivateStop: Stop server endPoint: 127.0.0.1:52131 error: 
TpTrace Information: 0 : 6452, 9, 2020/09/18, 21:49:13.791, 167163596382, vstest.console.exe, SocketServer.Stop: Raise disconnected event endPoint: 127.0.0.1:52131 error: 
TpTrace Information: 0 : 6452, 1, 2020/09/18, 21:49:17.279, 167198482358, vstest.console.exe, DesignModeClient.ProcessRequests: Processing Message: (TestExecution.GetTestRunnerProcessStartInfoForRunAll) -> {
  "Sources": [
    "C:\\Users\\Cliente\\source\\repos\\Calculadora\\Calc.Unit.Test\\bin\\Debug\\Calc.Unit.Test.dll"
  ],
  "TestCases": null,
  "RunSettings": "<RunSettings>\r\n <RunConfiguration>\r\n<DisableAppDomain>true</DisableAppDomain>\r\n  <MaxCpuCount>1</MaxCpuCount>\r\n  <TargetFrameworkVersion>.NETFramework,Version=v4.6</TargetFrameworkVersion>\r\n<DesignMode>false</DesignMode>\r\n<BatchSize>1</BatchSize>\r\n </RunConfiguration><InProcDataCollectionRunSettings><InProcDataCollectors><InProcDataCollector friendlyName=\"StrykerCoverage\" uri=\"https://stryker-mutator.io/\" codebase=\"C:\\Users\\Cliente\\.dotnet\\tools\\.store\\dotnet-stryker\\0.19.0\\dotnet-stryker\\0.19.0\\tools\\netcoreapp3.1\\any\\Stryker.DataCollector.dll\" assemblyQualifiedName=\"Stryker.DataCollector.CoverageCollector, Stryker.DataCollector, Version=0.16.1.0, Culture=neutral, PublicKeyToken=null\">\r\n<Configuration><Parameters><Coverage/><MutantControl  name='Strykerh9X3opY23xk7x61.MutantControl'/></Parameters></Configuration></InProcDataCollector></InProcDataCollectors></InProcDataCollectionRunSettings>\r\n</RunSettings>",
  "KeepAlive": false,
  "DebuggingEnabled": false,
  "TestPlatformOptions": null
}
TpTrace Information: 0 : 6452, 10, 2020/09/18, 21:49:17.280, 167198485317, vstest.console.exe, TestRequestManager.RunTests: run tests started.
TpTrace Information: 0 : 6452, 10, 2020/09/18, 21:49:17.280, 167198490949, vstest.console.exe, AssemblyMetadataProvider.GetFrameWork: Determined framework:'.NETFramework,Version=v4.6.1' for source: 'C:\Users\Cliente\source\repos\Calculadora\Calc.Unit.Test\bin\Debug\Calc.Unit.Test.dll'
TpTrace Information: 0 : 6452, 10, 2020/09/18, 21:49:17.280, 167198492296, vstest.console.exe, Determined framework for all sources: .NETFramework,Version=v4.6.1
TpTrace Information: 0 : 6452, 10, 2020/09/18, 21:49:17.282, 167198505901, vstest.console.exe, AssemblyMetadataProvider.GetArchitecture: Determined architecture:AnyCPU info for assembly: C:\Users\Cliente\source\repos\Calculadora\Calc.Unit.Test\bin\Debug\Calc.Unit.Test.dll
TpTrace Information: 0 : 6452, 10, 2020/09/18, 21:49:17.282, 167198507089, vstest.console.exe, Determined platform for all sources: X86
TpTrace Warning: 0 : 6452, 10, 2020/09/18, 21:49:17.282, 167198508627, vstest.console.exe, A execução de teste usará DLLs criadas para a estrutura .NETFramework,Version=v4.6 e a plataforma X86. As seguintes DLLs não farão parte da execução: 
Calc.Unit.Test.dll é compilado para Framework .NETFramework,Version=v4.6.1 e Platform AnyCPU.
Acesse http://go.microsoft.com/fwlink/?LinkID=236877&clcid=0x409 para obter mais detalhes sobre como gerenciar essas configurações.

TpTrace Information: 0 : 6452, 10, 2020/09/18, 21:49:17.282, 167198510671, vstest.console.exe, Compatible sources list : 
TpTrace Information: 0 : 6452, 10, 2020/09/18, 21:49:17.282, 167198511458, vstest.console.exe, 
TpTrace Information: 0 : 6452, 10, 2020/09/18, 21:49:17.283, 167198514167, vstest.console.exe, InferRunSettingsHelper.IsTestSettingsEnabled: Unable to navigate to RunSettings/MSTest. Current node: RunSettings
TpTrace Information: 0 : 6452, 10, 2020/09/18, 21:49:17.292, 167198611106, vstest.console.exe, InferRunSettingsHelper.IsTestSettingsEnabled: Unable to navigate to RunSettings/MSTest. Current node: RunSettings
TpTrace Information: 0 : 6452, 10, 2020/09/18, 21:49:17.293, 167198616083, vstest.console.exe, TestRunRequest.ExecuteAsync: Starting run with settings:TestRunCriteria:
   KeepAlive=False,FrequencyOfRunStatsChangeEvent=1,RunStatsChangeEventTimeout=00:00:01.5000000,TestCaseFilter=,TestExecutorLauncher=Microsoft.VisualStudio.TestPlatform.Client.DesignMode.DesignModeTestHostLauncher
   Settingsxml=<RunSettings>
  <RunConfiguration>
    <DisableAppDomain>true</DisableAppDomain>
    <MaxCpuCount>1</MaxCpuCount>
    <TargetFrameworkVersion>.NETFramework,Version=v4.6</TargetFrameworkVersion>
    <DesignMode>false</DesignMode>
    <BatchSize>1</BatchSize>
    <TargetPlatform>X86</TargetPlatform>
    <CollectSourceInformation>True</CollectSourceInformation>
  </RunConfiguration>
  <InProcDataCollectionRunSettings>
    <InProcDataCollectors>
      <InProcDataCollector friendlyName="StrykerCoverage" uri="https://stryker-mutator.io/" codebase="C:\Users\Cliente\.dotnet\tools\.store\dotnet-stryker\0.19.0\dotnet-stryker\0.19.0\tools\netcoreapp3.1\any\Stryker.DataCollector.dll" assemblyQualifiedName="Stryker.DataCollector.CoverageCollector, Stryker.DataCollector, Version=0.16.1.0, Culture=neutral, PublicKeyToken=null">
        <Configuration>
          <Parameters>
            <Coverage />
            <MutantControl name="Strykerh9X3opY23xk7x61.MutantControl" />
          </Parameters>
        </Configuration>
      </InProcDataCollector>
    </InProcDataCollectors>
  </InProcDataCollectionRunSettings>
  <LoggerRunSettings>
    <Loggers>
      <Logger friendlyName="Console" uri="logger://microsoft/TestPlatform/ConsoleLogger/v1" assemblyQualifiedName="Microsoft.VisualStudio.TestPlatform.CommandLine.Internal.ConsoleLogger, vstest.console, Version=15.0.0.0, Culture=neutral, PublicKeyToken=b03f5f7f11d50a3a" codeBase="C:\Users\Cliente\AppData\Local\Temp\lvvfmy5f.erb\.vstest\tools\net451\vstest.console.exe" enabled="True" />
    </Loggers>
  </LoggerRunSettings>
</RunSettings>

TpTrace Information: 0 : 6452, 10, 2020/09/18, 21:49:17.293, 167198618484, vstest.console.exe, ProxyParallelExecutionManager: Triggering test run for next source: C:\Users\Cliente\source\repos\Calculadora\Calc.Unit.Test\bin\Debug\Calc.Unit.Test.dll
TpTrace Information: 0 : 6452, 10, 2020/09/18, 21:49:17.293, 167198619480, vstest.console.exe, TestRunRequest.ExecuteAsync: Started.
TpTrace Information: 0 : 6452, 7, 2020/09/18, 21:49:17.294, 167198625222, vstest.console.exe, SocketServer.Start: Listening on endpoint : 127.0.0.1:52133
TpTrace Information: 0 : 6452, 1, 2020/09/18, 21:49:17.306, 167198745959, vstest.console.exe, DesignModeClient.ProcessRequests: Processing Message: (TestExecution.CustomTestHostLaunchCallback) -> {
  "HostProcessId": 12148,
  "ErrorMessage": null
}
TpTrace Information: 0 : 6452, 7, 2020/09/18, 21:49:18.075, 167206433130, vstest.console.exe, TestRunRequest:SendTestRunMessage: Completed.
TpTrace Information: 0 : 6452, 9, 2020/09/18, 21:49:18.094, 167206625426, vstest.console.exe, TestRunRequest:SendTestRunMessage: Completed.
TpTrace Information: 0 : 6452, 9, 2020/09/18, 21:49:18.799, 167213679877, vstest.console.exe, TestRunRequest:SendTestRunStatsChange: Completed.
TpTrace Information: 0 : 6452, 9, 2020/09/18, 21:49:18.879, 167214478601, vstest.console.exe, TestRunRequest:SendTestRunStatsChange: Completed.
TpTrace Information: 0 : 6452, 9, 2020/09/18, 21:49:18.880, 167214486516, vstest.console.exe, TestRunRequest:SendTestRunStatsChange: Completed.
TpTrace Information: 0 : 6452, 9, 2020/09/18, 21:49:18.888, 167214571520, vstest.console.exe, TestRunRequest:SendTestRunStatsChange: Completed.
TpTrace Information: 0 : 6452, 9, 2020/09/18, 21:49:18.890, 167214590752, vstest.console.exe, TestRunRequest:SendTestRunStatsChange: Completed.
TpTrace Information: 0 : 6452, 9, 2020/09/18, 21:49:18.894, 167214623285, vstest.console.exe, TestRunRequest:SendTestRunStatsChange: Completed.
TpTrace Information: 0 : 6452, 9, 2020/09/18, 21:49:18.894, 167214629961, vstest.console.exe, TestRunRequest:SendTestRunStatsChange: Completed.
TpTrace Information: 0 : 6452, 9, 2020/09/18, 21:49:18.896, 167214643275, vstest.console.exe, TestRunRequest:SendTestRunStatsChange: Completed.
TpTrace Information: 0 : 6452, 9, 2020/09/18, 21:49:18.896, 167214649790, vstest.console.exe, TestRunRequest:SendTestRunStatsChange: Completed.
TpTrace Information: 0 : 6452, 9, 2020/09/18, 21:49:19.171, 167217393653, vstest.console.exe, TestRunRequest:SendTestRunStatsChange: Completed.
TpTrace Information: 0 : 6452, 9, 2020/09/18, 21:49:19.171, 167217400972, vstest.console.exe, TestRunRequest:SendTestRunStatsChange: Completed.
TpTrace Information: 0 : 6452, 9, 2020/09/18, 21:49:19.185, 167217537929, vstest.console.exe, TestRunRequest:SendTestRunStatsChange: Completed.
TpTrace Information: 0 : 6452, 9, 2020/09/18, 21:49:19.186, 167217545622, vstest.console.exe, TestRunRequest:SendTestRunStatsChange: Completed.
TpTrace Information: 0 : 6452, 9, 2020/09/18, 21:49:19.191, 167217597598, vstest.console.exe, TestRunRequest:SendTestRunStatsChange: Completed.
TpTrace Information: 0 : 6452, 9, 2020/09/18, 21:49:19.192, 167217604474, vstest.console.exe, TestRunRequest:SendTestRunStatsChange: Completed.
TpTrace Information: 0 : 6452, 9, 2020/09/18, 21:49:19.193, 167217619641, vstest.console.exe, TestRunRequest:SendTestRunStatsChange: Completed.
TpTrace Warning: 0 : 6452, 9, 2020/09/18, 21:49:19.319, 167218870948, vstest.console.exe, ProxyOperationManager: Timed out waiting for test host to exit. Will terminate process.
TpTrace Information: 0 : 6452, 9, 2020/09/18, 21:49:19.319, 167218879242, vstest.console.exe, TestRunRequest:SendTestRunStatsChange: Completed.
TpTrace Information: 0 : 6452, 9, 2020/09/18, 21:49:19.321, 167218895174, vstest.console.exe, TestRunRequest:TestRunComplete: Completed.
TpTrace Information: 0 : 6452, 10, 2020/09/18, 21:49:19.321, 167218898505, vstest.console.exe, TestRunRequest.Dispose: Completed.
TpTrace Information: 0 : 6452, 9, 2020/09/18, 21:49:19.321, 167218899265, vstest.console.exe, SocketServer.Stop: Stop server endPoint: 127.0.0.1:52133
TpTrace Information: 0 : 6452, 10, 2020/09/18, 21:49:19.321, 167218899313, vstest.console.exe, TestRequestManager.RunTests: run tests completed.
TpTrace Information: 0 : 6452, 9, 2020/09/18, 21:49:19.321, 167218900146, vstest.console.exe, SocketServer.Stop: Cancellation requested. Stopping message loop.
TpTrace Information: 0 : 6452, 9, 2020/09/18, 21:49:19.322, 167218901883, vstest.console.exe, SocketServer.PrivateStop: Stop server endPoint: 127.0.0.1:52133 error: 
TpTrace Information: 0 : 6452, 9, 2020/09/18, 21:49:19.322, 167218904500, vstest.console.exe, SocketServer.Stop: Raise disconnected event endPoint: 127.0.0.1:52133 error: 
TpTrace Error: 0 : 6452, 5, 2020/09/18, 21:49:19.340, 167219089711, vstest.console.exe, TestHostManagerCallbacks.ExitCallBack: Testhost processId: 12148 exited with exitcode: -1 error: ''
TpTrace Information: 0 : 6452, 1, 2020/09/18, 21:49:19.384, 167219525533, vstest.console.exe, DesignModeClient.ProcessRequests: Processing Message: (TestExecution.GetTestRunnerProcessStartInfoForRunSelected) -> {
  "Sources": null,
  "TestCases": [
    {
      "Properties": [
        {
          "Key": {
            "Id": "TestCase.FullyQualifiedName",
            "Label": "FullyQualifiedName",
            "Category": "",
            "Description": "",
            "Attributes": 1,
            "ValueType": "System.String"
          },
          "Value": "Calc.Unit.Test.CalculadoraUnitTest.Somar"
        },
        {
          "Key": {
            "Id": "TestCase.ExecutorUri",
            "Label": "Executor Uri",
            "Category": "",
            "Description": "",
            "Attributes": 1,
            "ValueType": "System.Uri"
          },
          "Value": "executor://MSTestAdapter/v2"
        },
        {
          "Key": {
            "Id": "TestCase.Source",
            "Label": "Source",
            "Category": "",
            "Description": "",
            "Attributes": 0,
            "ValueType": "System.String"
          },
          "Value": "C:\\Users\\Cliente\\source\\repos\\Calculadora\\Calc.Unit.Test\\bin\\Debug\\Calc.Unit.Test.dll"
        },
        {
          "Key": {
            "Id": "TestCase.CodeFilePath",
            "Label": "File Path",
            "Category": "",
            "Description": "",
            "Attributes": 0,
            "ValueType": "System.String"
          },
          "Value": null
        },
        {
          "Key": {
            "Id": "TestCase.DisplayName",
            "Label": "Name",
            "Category": "",
            "Description": "",
            "Attributes": 0,
            "ValueType": "System.String"
          },
          "Value": "Somar"
        },
        {
          "Key": {
            "Id": "TestCase.Id",
            "Label": "Id",
            "Category": "",
            "Description": "",
            "Attributes": 1,
            "ValueType": "System.Guid"
          },
          "Value": "68dedd4b-3da6-9474-35ab-19a75362a2f7"
        },
        {
          "Key": {
            "Id": "TestCase.LineNumber",
            "Label": "Line Number",
            "Category": "",
            "Description": "",
            "Attributes": 1,
            "ValueType": "System.Int32"
          },
          "Value": -1
        },
        {
          "Key": {
            "Id": "MSTestDiscoverer.TestClassName",
            "Label": "ClassName",
            "Category": "",
            "Description": "",
            "Attributes": 1,
            "ValueType": "System.String"
          },
          "Value": "Calc.Unit.Test.CalculadoraUnitTest"
        },
        {
          "Key": {
            "Id": "TestObject.Traits",
            "Label": "Características",
            "Category": "",
            "Description": "",
            "Attributes": 5,
            "ValueType": "System.Collections.Generic.KeyValuePair`2[[System.String],[System.String]][]"
          },
          "Value": []
        }
      ]
    },
    {
      "Properties": [
        {
          "Key": {
            "Id": "TestCase.FullyQualifiedName",
            "Label": "FullyQualifiedName",
            "Category": "",
            "Description": "",
            "Attributes": 1,
            "ValueType": "System.String"
          },
          "Value": "Calc.Unit.Test.CalculadoraUnitTest.Subtrair"
        },
        {
          "Key": {
            "Id": "TestCase.ExecutorUri",
            "Label": "Executor Uri",
            "Category": "",
            "Description": "",
            "Attributes": 1,
            "ValueType": "System.Uri"
          },
          "Value": "executor://MSTestAdapter/v2"
        },
        {
          "Key": {
            "Id": "TestCase.Source",
            "Label": "Source",
            "Category": "",
            "Description": "",
            "Attributes": 0,
            "ValueType": "System.String"
          },
          "Value": "C:\\Users\\Cliente\\source\\repos\\Calculadora\\Calc.Unit.Test\\bin\\Debug\\Calc.Unit.Test.dll"
        },
        {
          "Key": {
            "Id": "TestCase.CodeFilePath",
            "Label": "File Path",
            "Category": "",
            "Description": "",
            "Attributes": 0,
            "ValueType": "System.String"
          },
          "Value": null
        },
        {
          "Key": {
            "Id": "TestCase.DisplayName",
            "Label": "Name",
            "Category": "",
            "Description": "",
            "Attributes": 0,
            "ValueType": "System.String"
          },
          "Value": "Subtrair"
        },
        {
          "Key": {
            "Id": "TestCase.Id",
            "Label": "Id",
            "Category": "",
            "Description": "",
            "Attributes": 1,
            "ValueType": "System.Guid"
          },
          "Value": "be316bd3-820f-9a10-ea16-e92564c61c39"
        },
        {
          "Key": {
            "Id": "TestCase.LineNumber",
            "Label": "Line Number",
            "Category": "",
            "Description": "",
            "Attributes": 1,
            "ValueType": "System.Int32"
          },
          "Value": -1
        },
        {
          "Key": {
            "Id": "MSTestDiscoverer.TestClassName",
            "Label": "ClassName",
            "Category": "",
            "Description": "",
            "Attributes": 1,
            "ValueType": "System.String"
          },
          "Value": "Calc.Unit.Test.CalculadoraUnitTest"
        },
        {
          "Key": {
            "Id": "TestObject.Traits",
            "Label": "Características",
            "Category": "",
            "Description": "",
            "Attributes": 5,
            "ValueType": "System.Collections.Generic.KeyValuePair`2[[System.String],[System.String]][]"
          },
          "Value": []
        }
      ]
    },
    {
      "Properties": [
        {
          "Key": {
            "Id": "TestCase.FullyQualifiedName",
            "Label": "FullyQualifiedName",
            "Category": "",
            "Description": "",
            "Attributes": 1,
            "ValueType": "System.String"
          },
          "Value": "Calc.Unit.Test.CalculadoraUnitTest.Dividir"
        },
        {
          "Key": {
            "Id": "TestCase.ExecutorUri",
            "Label": "Executor Uri",
            "Category": "",
            "Description": "",
            "Attributes": 1,
            "ValueType": "System.Uri"
          },
          "Value": "executor://MSTestAdapter/v2"
        },
        {
          "Key": {
            "Id": "TestCase.Source",
            "Label": "Source",
            "Category": "",
            "Description": "",
            "Attributes": 0,
            "ValueType": "System.String"
          },
          "Value": "C:\\Users\\Cliente\\source\\repos\\Calculadora\\Calc.Unit.Test\\bin\\Debug\\Calc.Unit.Test.dll"
        },
        {
          "Key": {
            "Id": "TestCase.CodeFilePath",
            "Label": "File Path",
            "Category": "",
            "Description": "",
            "Attributes": 0,
            "ValueType": "System.String"
          },
          "Value": null
        },
        {
          "Key": {
            "Id": "TestCase.DisplayName",
            "Label": "Name",
            "Category": "",
            "Description": "",
            "Attributes": 0,
            "ValueType": "System.String"
          },
          "Value": "Dividir"
        },
        {
          "Key": {
            "Id": "TestCase.Id",
            "Label": "Id",
            "Category": "",
            "Description": "",
            "Attributes": 1,
            "ValueType": "System.Guid"
          },
          "Value": "c4e64bae-a42a-81dc-6b93-3216b7d9a786"
        },
        {
          "Key": {
            "Id": "TestCase.LineNumber",
            "Label": "Line Number",
            "Category": "",
            "Description": "",
            "Attributes": 1,
            "ValueType": "System.Int32"
          },
          "Value": -1
        },
        {
          "Key": {
            "Id": "MSTestDiscoverer.TestClassName",
            "Label": "ClassName",
            "Category": "",
            "Description": "",
            "Attributes": 1,
            "ValueType": "System.String"
          },
          "Value": "Calc.Unit.Test.CalculadoraUnitTest"
        },
        {
          "Key": {
            "Id": "TestObject.Traits",
            "Label": "Características",
            "Category": "",
            "Description": "",
            "Attributes": 5,
            "ValueType": "System.Collections.Generic.KeyValuePair`2[[System.String],[System.String]][]"
          },
          "Value": []
        }
      ]
    },
    {
      "Properties": [
        {
          "Key": {
            "Id": "TestCase.FullyQualifiedName",
            "Label": "FullyQualifiedName",
            "Category": "",
            "Description": "",
            "Attributes": 1,
            "ValueType": "System.String"
          },
          "Value": "Calc.Unit.Test.CalculadoraUnitTest.Multiplicacao"
        },
        {
          "Key": {
            "Id": "TestCase.ExecutorUri",
            "Label": "Executor Uri",
            "Category": "",
            "Description": "",
            "Attributes": 1,
            "ValueType": "System.Uri"
          },
          "Value": "executor://MSTestAdapter/v2"
        },
        {
          "Key": {
            "Id": "TestCase.Source",
            "Label": "Source",
            "Category": "",
            "Description": "",
            "Attributes": 0,
            "ValueType": "System.String"
          },
          "Value": "C:\\Users\\Cliente\\source\\repos\\Calculadora\\Calc.Unit.Test\\bin\\Debug\\Calc.Unit.Test.dll"
        },
        {
          "Key": {
            "Id": "TestCase.CodeFilePath",
            "Label": "File Path",
            "Category": "",
            "Description": "",
            "Attributes": 0,
            "ValueType": "System.String"
          },
          "Value": null
        },
        {
          "Key": {
            "Id": "TestCase.DisplayName",
            "Label": "Name",
            "Category": "",
            "Description": "",
            "Attributes": 0,
            "ValueType": "System.String"
          },
          "Value": "Multiplicacao"
        },
        {
          "Key": {
            "Id": "TestCase.Id",
            "Label": "Id",
            "Category": "",
            "Description": "",
            "Attributes": 1,
            "ValueType": "System.Guid"
          },
          "Value": "c525d128-58e3-1627-690a-792292d84a1c"
        },
        {
          "Key": {
            "Id": "TestCase.LineNumber",
            "Label": "Line Number",
            "Category": "",
            "Description": "",
            "Attributes": 1,
            "ValueType": "System.Int32"
          },
          "Value": -1
        },
        {
          "Key": {
            "Id": "MSTestDiscoverer.TestClassName",
            "Label": "ClassName",
            "Category": "",
            "Description": "",
            "Attributes": 1,
            "ValueType": "System.String"
          },
          "Value": "Calc.Unit.Test.CalculadoraUnitTest"
        },
        {
          "Key": {
            "Id": "TestObject.Traits",
            "Label": "Características",
            "Category": "",
            "Description": "",
            "Attributes": 5,
            "ValueType": "System.Collections.Generic.KeyValuePair`2[[System.String],[System.String]][]"
          },
          "Value": []
        }
      ]
    },
    {
      "Properties": [
        {
          "Key": {
            "Id": "TestCase.FullyQualifiedName",
            "Label": "FullyQualifiedName",
            "Category": "",
            "Description": "",
            "Attributes": 1,
            "ValueType": "System.String"
          },
          "Value": "Calc.Unit.Test.CalculadoraJurosUnitTest.SomarJuros"
        },
        {
          "Key": {
            "Id": "TestCase.ExecutorUri",
            "Label": "Executor Uri",
            "Category": "",
            "Description": "",
            "Attributes": 1,
            "ValueType": "System.Uri"
          },
          "Value": "executor://MSTestAdapter/v2"
        },
        {
          "Key": {
            "Id": "TestCase.Source",
            "Label": "Source",
            "Category": "",
            "Description": "",
            "Attributes": 0,
            "ValueType": "System.String"
          },
          "Value": "C:\\Users\\Cliente\\source\\repos\\Calculadora\\Calc.Unit.Test\\bin\\Debug\\Calc.Unit.Test.dll"
        },
        {
          "Key": {
            "Id": "TestCase.CodeFilePath",
            "Label": "File Path",
            "Category": "",
            "Description": "",
            "Attributes": 0,
            "ValueType": "System.String"
          },
          "Value": null
        },
        {
          "Key": {
            "Id": "TestCase.DisplayName",
            "Label": "Name",
            "Category": "",
            "Description": "",
            "Attributes": 0,
            "ValueType": "System.String"
          },
          "Value": "SomarJuros"
        },
        {
          "Key": {
            "Id": "TestCase.Id",
            "Label": "Id",
            "Category": "",
            "Description": "",
            "Attributes": 1,
            "ValueType": "System.Guid"
          },
          "Value": "51c62726-77c4-ae4f-e60d-439c608401fd"
        },
        {
          "Key": {
            "Id": "TestCase.LineNumber",
            "Label": "Line Number",
            "Category": "",
            "Description": "",
            "Attributes": 1,
            "ValueType": "System.Int32"
          },
          "Value": -1
        },
        {
          "Key": {
            "Id": "MSTestDiscoverer.TestClassName",
            "Label": "ClassName",
            "Category": "",
            "Description": "",
            "Attributes": 1,
            "ValueType": "System.String"
          },
          "Value": "Calc.Unit.Test.CalculadoraJurosUnitTest"
        },
        {
          "Key": {
            "Id": "TestObject.Traits",
            "Label": "Características",
            "Category": "",
            "Description": "",
            "Attributes": 5,
            "ValueType": "System.Collections.Generic.KeyValuePair`2[[System.String],[System.String]][]"
          },
          "Value": []
        }
      ]
    },
    {
      "Properties": [
        {
          "Key": {
            "Id": "TestCase.FullyQualifiedName",
            "Label": "FullyQualifiedName",
            "Category": "",
            "Description": "",
            "Attributes": 1,
            "ValueType": "System.String"
          },
          "Value": "Calc.Unit.Test.CalculadoraJurosUnitTest.SomarJuros2_Exception"
        },
        {
          "Key": {
            "Id": "TestCase.ExecutorUri",
            "Label": "Executor Uri",
            "Category": "",
            "Description": "",
            "Attributes": 1,
            "ValueType": "System.Uri"
          },
          "Value": "executor://MSTestAdapter/v2"
        },
        {
          "Key": {
            "Id": "TestCase.Source",
            "Label": "Source",
            "Category": "",
            "Description": "",
            "Attributes": 0,
            "ValueType": "System.String"
          },
          "Value": "C:\\Users\\Cliente\\source\\repos\\Calculadora\\Calc.Unit.Test\\bin\\Debug\\Calc.Unit.Test.dll"
        },
        {
          "Key": {
            "Id": "TestCase.CodeFilePath",
            "Label": "File Path",
            "Category": "",
            "Description": "",
            "Attributes": 0,
            "ValueType": "System.String"
          },
          "Value": null
        },
        {
          "Key": {
            "Id": "TestCase.DisplayName",
            "Label": "Name",
            "Category": "",
            "Description": "",
            "Attributes": 0,
            "ValueType": "System.String"
          },
          "Value": "SomarJuros2_Exception"
        },
        {
          "Key": {
            "Id": "TestCase.Id",
            "Label": "Id",
            "Category": "",
            "Description": "",
            "Attributes": 1,
            "ValueType": "System.Guid"
          },
          "Value": "72b6a49a-f71b-4056-9d9e-ad13a5c9f0d2"
        },
        {
          "Key": {
            "Id": "TestCase.LineNumber",
            "Label": "Line Number",
            "Category": "",
            "Description": "",
            "Attributes": 1,
            "ValueType": "System.Int32"
          },
          "Value": -1
        },
        {
          "Key": {
            "Id": "MSTestDiscoverer.TestClassName",
            "Label": "ClassName",
            "Category": "",
            "Description": "",
            "Attributes": 1,
            "ValueType": "System.String"
          },
          "Value": "Calc.Unit.Test.CalculadoraJurosUnitTest"
        },
        {
          "Key": {
            "Id": "TestObject.Traits",
            "Label": "Características",
            "Category": "",
            "Description": "",
            "Attributes": 5,
            "ValueType": "System.Collections.Generic.KeyValuePair`2[[System.String],[System.String]][]"
          },
          "Value": []
        }
      ]
    },
    {
      "Properties": [
        {
          "Key": {
            "Id": "TestCase.FullyQualifiedName",
            "Label": "FullyQualifiedName",
            "Category": "",
            "Description": "",
            "Attributes": 1,
            "ValueType": "System.String"
          },
          "Value": "Calc.Unit.Test.ValidadorUnitTest.MaiorQueUm_True"
        },
        {
          "Key": {
            "Id": "TestCase.ExecutorUri",
            "Label": "Executor Uri",
            "Category": "",
            "Description": "",
            "Attributes": 1,
            "ValueType": "System.Uri"
          },
          "Value": "executor://MSTestAdapter/v2"
        },
        {
          "Key": {
            "Id": "TestCase.Source",
            "Label": "Source",
            "Category": "",
            "Description": "",
            "Attributes": 0,
            "ValueType": "System.String"
          },
          "Value": "C:\\Users\\Cliente\\source\\repos\\Calculadora\\Calc.Unit.Test\\bin\\Debug\\Calc.Unit.Test.dll"
        },
        {
          "Key": {
            "Id": "TestCase.CodeFilePath",
            "Label": "File Path",
            "Category": "",
            "Description": "",
            "Attributes": 0,
            "ValueType": "System.String"
          },
          "Value": null
        },
        {
          "Key": {
            "Id": "TestCase.DisplayName",
            "Label": "Name",
            "Category": "",
            "Description": "",
            "Attributes": 0,
            "ValueType": "System.String"
          },
          "Value": "MaiorQueUm_True"
        },
        {
          "Key": {
            "Id": "TestCase.Id",
            "Label": "Id",
            "Category": "",
            "Description": "",
            "Attributes": 1,
            "ValueType": "System.Guid"
          },
          "Value": "49d9270c-51e7-a470-809d-61f600a99513"
        },
        {
          "Key": {
            "Id": "TestCase.LineNumber",
            "Label": "Line Number",
            "Category": "",
            "Description": "",
            "Attributes": 1,
            "ValueType": "System.Int32"
          },
          "Value": -1
        },
        {
          "Key": {
            "Id": "MSTestDiscoverer.TestClassName",
            "Label": "ClassName",
            "Category": "",
            "Description": "",
            "Attributes": 1,
            "ValueType": "System.String"
          },
          "Value": "Calc.Unit.Test.ValidadorUnitTest"
        },
        {
          "Key": {
            "Id": "TestObject.Traits",
            "Label": "Características",
            "Category": "",
            "Description": "",
            "Attributes": 5,
            "ValueType": "System.Collections.Generic.KeyValuePair`2[[System.String],[System.String]][]"
          },
          "Value": []
        }
      ]
    },
    {
      "Properties": [
        {
          "Key": {
            "Id": "TestCase.FullyQualifiedName",
            "Label": "FullyQualifiedName",
            "Category": "",
            "Description": "",
            "Attributes": 1,
            "ValueType": "System.String"
          },
          "Value": "Calc.Unit.Test.ValidadorUnitTest.MaiorQueUm_False"
        },
        {
          "Key": {
            "Id": "TestCase.ExecutorUri",
            "Label": "Executor Uri",
            "Category": "",
            "Description": "",
            "Attributes": 1,
            "ValueType": "System.Uri"
          },
          "Value": "executor://MSTestAdapter/v2"
        },
        {
          "Key": {
            "Id": "TestCase.Source",
            "Label": "Source",
            "Category": "",
            "Description": "",
            "Attributes": 0,
            "ValueType": "System.String"
          },
          "Value": "C:\\Users\\Cliente\\source\\repos\\Calculadora\\Calc.Unit.Test\\bin\\Debug\\Calc.Unit.Test.dll"
        },
        {
          "Key": {
            "Id": "TestCase.CodeFilePath",
            "Label": "File Path",
            "Category": "",
            "Description": "",
            "Attributes": 0,
            "ValueType": "System.String"
          },
          "Value": null
        },
        {
          "Key": {
            "Id": "TestCase.DisplayName",
            "Label": "Name",
            "Category": "",
            "Description": "",
            "Attributes": 0,
            "ValueType": "System.String"
          },
          "Value": "MaiorQueUm_False"
        },
        {
          "Key": {
            "Id": "TestCase.Id",
            "Label": "Id",
            "Category": "",
            "Description": "",
            "Attributes": 1,
            "ValueType": "System.Guid"
          },
          "Value": "cb485da0-7510-085b-f424-bb8b690b548f"
        },
        {
          "Key": {
            "Id": "TestCase.LineNumber",
            "Label": "Line Number",
            "Category": "",
            "Description": "",
            "Attributes": 1,
            "ValueType": "System.Int32"
          },
          "Value": -1
        },
        {
          "Key": {
            "Id": "MSTestDiscoverer.TestClassName",
            "Label": "ClassName",
            "Category": "",
            "Description": "",
            "Attributes": 1,
            "ValueType": "System.String"
          },
          "Value": "Calc.Unit.Test.ValidadorUnitTest"
        },
        {
          "Key": {
            "Id": "TestObject.Traits",
            "Label": "Características",
            "Category": "",
            "Description": "",
            "Attributes": 5,
            "ValueType": "System.Collections.Generic.KeyValuePair`2[[System.String],[System.String]][]"
          },
          "Value": []
        }
      ]
    }
  ],
  "RunSettings": "<RunSettings>\r\n <RunConfiguration>\r\n<DisableAppDomain>true</DisableAppDomain>\r\n  <MaxCpuCount>1</MaxCpuCount>\r\n  <TargetFrameworkVersion>.NETFramework,Version=v4.6</TargetFrameworkVersion><TestSessionTimeout>8651</TestSessionTimeout>\r\n\r\n<DesignMode>false</DesignMode>\r\n<BatchSize>1</BatchSize>\r\n </RunConfiguration><InProcDataCollectionRunSettings><InProcDataCollectors><InProcDataCollector friendlyName=\"StrykerCoverage\" uri=\"https://stryker-mutator.io/\" codebase=\"C:\\Users\\Cliente\\.dotnet\\tools\\.store\\dotnet-stryker\\0.19.0\\dotnet-stryker\\0.19.0\\tools\\netcoreapp3.1\\any\\Stryker.DataCollector.dll\" assemblyQualifiedName=\"Stryker.DataCollector.CoverageCollector, Stryker.DataCollector, Version=0.16.1.0, Culture=neutral, PublicKeyToken=null\">\r\n<Configuration><Parameters><Mutant id='4' tests='51c62726-77c4-ae4f-e60d-439c608401fd,72b6a49a-f71b-4056-9d9e-ad13a5c9f0d2'/><Mutant id='6' tests='49d9270c-51e7-a470-809d-61f600a99513,cb485da0-7510-085b-f424-bb8b690b548f'/><Mutant id='0' tests='68dedd4b-3da6-9474-35ab-19a75362a2f7'/><Mutant id='1' tests='be316bd3-820f-9a10-ea16-e92564c61c39'/><Mutant id='2' tests='c525d128-58e3-1627-690a-792292d84a1c'/><Mutant id='3' tests='c4e64bae-a42a-81dc-6b93-3216b7d9a786'/><MutantControl  name='Strykerh9X3opY23xk7x61.MutantControl'/></Parameters></Configuration></InProcDataCollector></InProcDataCollectors></InProcDataCollectionRunSettings>\r\n</RunSettings>",
  "KeepAlive": false,
  "DebuggingEnabled": false,
  "TestPlatformOptions": null
}
TpTrace Information: 0 : 6452, 6, 2020/09/18, 21:49:19.388, 167219568903, vstest.console.exe, TestRequestManager.RunTests: run tests started.
TpTrace Information: 0 : 6452, 6, 2020/09/18, 21:49:19.389, 167219575474, vstest.console.exe, AssemblyMetadataProvider.GetFrameWork: Determined framework:'.NETFramework,Version=v4.6.1' for source: 'C:\Users\Cliente\source\repos\Calculadora\Calc.Unit.Test\bin\Debug\Calc.Unit.Test.dll'
TpTrace Information: 0 : 6452, 6, 2020/09/18, 21:49:19.389, 167219576872, vstest.console.exe, Determined framework for all sources: .NETFramework,Version=v4.6.1
TpTrace Information: 0 : 6452, 6, 2020/09/18, 21:49:19.391, 167219592234, vstest.console.exe, AssemblyMetadataProvider.GetArchitecture: Determined architecture:AnyCPU info for assembly: C:\Users\Cliente\source\repos\Calculadora\Calc.Unit.Test\bin\Debug\Calc.Unit.Test.dll
TpTrace Information: 0 : 6452, 6, 2020/09/18, 21:49:19.391, 167219594156, vstest.console.exe, Determined platform for all sources: X86
TpTrace Warning: 0 : 6452, 6, 2020/09/18, 21:49:19.391, 167219595518, vstest.console.exe, A execução de teste usará DLLs criadas para a estrutura .NETFramework,Version=v4.6 e a plataforma X86. As seguintes DLLs não farão parte da execução: 
Calc.Unit.Test.dll é compilado para Framework .NETFramework,Version=v4.6.1 e Platform AnyCPU.
Acesse http://go.microsoft.com/fwlink/?LinkID=236877&clcid=0x409 para obter mais detalhes sobre como gerenciar essas configurações.

TpTrace Information: 0 : 6452, 6, 2020/09/18, 21:49:19.392, 167219600949, vstest.console.exe, Compatible sources list : 
TpTrace Information: 0 : 6452, 6, 2020/09/18, 21:49:19.392, 167219601891, vstest.console.exe, 
TpTrace Information: 0 : 6452, 6, 2020/09/18, 21:49:19.392, 167219604670, vstest.console.exe, InferRunSettingsHelper.IsTestSettingsEnabled: Unable to navigate to RunSettings/MSTest. Current node: RunSettings
TpTrace Information: 0 : 6452, 6, 2020/09/18, 21:49:19.400, 167219687910, vstest.console.exe, InferRunSettingsHelper.IsTestSettingsEnabled: Unable to navigate to RunSettings/MSTest. Current node: RunSettings
TpTrace Information: 0 : 6452, 6, 2020/09/18, 21:49:19.401, 167219691764, vstest.console.exe, TestRunRequest.ExecuteAsync: Starting run with settings:TestRunCriteria:
   KeepAlive=False,FrequencyOfRunStatsChangeEvent=1,RunStatsChangeEventTimeout=00:00:01.5000000,TestCaseFilter=,TestExecutorLauncher=Microsoft.VisualStudio.TestPlatform.Client.DesignMode.DesignModeTestHostLauncher
   Settingsxml=<RunSettings>
  <RunConfiguration>
    <DisableAppDomain>true</DisableAppDomain>
    <MaxCpuCount>1</MaxCpuCount>
    <TargetFrameworkVersion>.NETFramework,Version=v4.6</TargetFrameworkVersion>
    <TestSessionTimeout>8651</TestSessionTimeout>
    <DesignMode>false</DesignMode>
    <BatchSize>1</BatchSize>
    <TargetPlatform>X86</TargetPlatform>
    <CollectSourceInformation>True</CollectSourceInformation>
  </RunConfiguration>
  <InProcDataCollectionRunSettings>
    <InProcDataCollectors>
      <InProcDataCollector friendlyName="StrykerCoverage" uri="https://stryker-mutator.io/" codebase="C:\Users\Cliente\.dotnet\tools\.store\dotnet-stryker\0.19.0\dotnet-stryker\0.19.0\tools\netcoreapp3.1\any\Stryker.DataCollector.dll" assemblyQualifiedName="Stryker.DataCollector.CoverageCollector, Stryker.DataCollector, Version=0.16.1.0, Culture=neutral, PublicKeyToken=null">
        <Configuration>
          <Parameters>
            <Mutant id="4" tests="51c62726-77c4-ae4f-e60d-439c608401fd,72b6a49a-f71b-4056-9d9e-ad13a5c9f0d2" />
            <Mutant id="6" tests="49d9270c-51e7-a470-809d-61f600a99513,cb485da0-7510-085b-f424-bb8b690b548f" />
            <Mutant id="0" tests="68dedd4b-3da6-9474-35ab-19a75362a2f7" />
            <Mutant id="1" tests="be316bd3-820f-9a10-ea16-e92564c61c39" />
            <Mutant id="2" tests="c525d128-58e3-1627-690a-792292d84a1c" />
            <Mutant id="3" tests="c4e64bae-a42a-81dc-6b93-3216b7d9a786" />
            <MutantControl name="Strykerh9X3opY23xk7x61.MutantControl" />
          </Parameters>
        </Configuration>
      </InProcDataCollector>
    </InProcDataCollectors>
  </InProcDataCollectionRunSettings>
  <LoggerRunSettings>
    <Loggers>
      <Logger friendlyName="Console" uri="logger://microsoft/TestPlatform/ConsoleLogger/v1" assemblyQualifiedName="Microsoft.VisualStudio.TestPlatform.CommandLine.Internal.ConsoleLogger, vstest.console, Version=15.0.0.0, Culture=neutral, PublicKeyToken=b03f5f7f11d50a3a" codeBase="C:\Users\Cliente\AppData\Local\Temp\lvvfmy5f.erb\.vstest\tools\net451\vstest.console.exe" enabled="True" />
    </Loggers>
  </LoggerRunSettings>
</RunSettings>

TpTrace Information: 0 : 6452, 6, 2020/09/18, 21:49:19.408, 167219760652, vstest.console.exe, ProxyParallelExecutionManager: Triggering test run for next source: C:\Users\Cliente\source\repos\Calculadora\Calc.Unit.Test\bin\Debug\Calc.Unit.Test.dll
TpTrace Information: 0 : 6452, 6, 2020/09/18, 21:49:19.408, 167219764762, vstest.console.exe, TestRunRequest.ExecuteAsync: Started.
TpTrace Information: 0 : 6452, 7, 2020/09/18, 21:49:19.410, 167219783443, vstest.console.exe, SocketServer.Start: Listening on endpoint : 127.0.0.1:52136
TpTrace Information: 0 : 6452, 1, 2020/09/18, 21:49:19.431, 167219998702, vstest.console.exe, DesignModeClient.ProcessRequests: Processing Message: (TestExecution.CustomTestHostLaunchCallback) -> {
  "HostProcessId": 10316,
  "ErrorMessage": null
}
TpTrace Information: 0 : 6452, 7, 2020/09/18, 21:49:20.368, 167229361966, vstest.console.exe, TestRunRequest:SendTestRunMessage: Completed.
TpTrace Information: 0 : 6452, 9, 2020/09/18, 21:49:20.386, 167229541335, vstest.console.exe, TestRunRequest:SendTestRunMessage: Completed.
TpTrace Information: 0 : 6452, 9, 2020/09/18, 21:49:21.360, 167239281578, vstest.console.exe, TestRunRequest:SendTestRunStatsChange: Completed.
TpTrace Information: 0 : 6452, 9, 2020/09/18, 21:49:21.547, 167241154853, vstest.console.exe, TestRunRequest:SendTestRunStatsChange: Completed.
TpTrace Information: 0 : 6452, 9, 2020/09/18, 21:49:21.548, 167241161861, vstest.console.exe, TestRunRequest:SendTestRunStatsChange: Completed.
TpTrace Information: 0 : 6452, 9, 2020/09/18, 21:49:21.555, 167241229535, vstest.console.exe, TestRunRequest:SendTestRunStatsChange: Completed.
TpTrace Information: 0 : 6452, 9, 2020/09/18, 21:49:21.556, 167241236692, vstest.console.exe, TestRunRequest:SendTestRunStatsChange: Completed.
TpTrace Information: 0 : 6452, 9, 2020/09/18, 21:49:21.558, 167241261626, vstest.console.exe, TestRunRequest:SendTestRunStatsChange: Completed.
TpTrace Information: 0 : 6452, 9, 2020/09/18, 21:49:21.559, 167241268583, vstest.console.exe, TestRunRequest:SendTestRunStatsChange: Completed.
TpTrace Information: 0 : 6452, 9, 2020/09/18, 21:49:21.565, 167241335047, vstest.console.exe, TestRunRequest:SendTestRunStatsChange: Completed.
TpTrace Information: 0 : 6452, 9, 2020/09/18, 21:49:21.567, 167241349826, vstest.console.exe, TestRunRequest:SendTestRunStatsChange: Completed.
TpTrace Information: 0 : 6452, 9, 2020/09/18, 21:49:22.009, 167245766215, vstest.console.exe, TestRunRequest:SendTestRunStatsChange: Completed.
TpTrace Information: 0 : 6452, 9, 2020/09/18, 21:49:22.009, 167245772869, vstest.console.exe, TestRunRequest:SendTestRunStatsChange: Completed.
TpTrace Information: 0 : 6452, 9, 2020/09/18, 21:49:22.065, 167246332307, vstest.console.exe, TestRunRequest:SendTestRunStatsChange: Completed.
TpTrace Information: 0 : 6452, 9, 2020/09/18, 21:49:22.072, 167246398211, vstest.console.exe, TestRunRequest:SendTestRunStatsChange: Completed.
TpTrace Information: 0 : 6452, 9, 2020/09/18, 21:49:22.079, 167246473335, vstest.console.exe, TestRunRequest:SendTestRunStatsChange: Completed.
TpTrace Information: 0 : 6452, 9, 2020/09/18, 21:49:22.080, 167246480082, vstest.console.exe, TestRunRequest:SendTestRunStatsChange: Completed.
TpTrace Information: 0 : 6452, 9, 2020/09/18, 21:49:22.082, 167246496859, vstest.console.exe, TestRunRequest:SendTestRunStatsChange: Completed.
TpTrace Information: 0 : 6452, 1, 2020/09/18, 21:49:22.100, 167246679186, vstest.console.exe, DesignModeClient.ProcessRequests: Processing Message: (TestExecution.Cancel) -> null
TpTrace Information: 0 : 6452, 1, 2020/09/18, 21:49:22.100, 167246681980, vstest.console.exe, TestRequestManager.CancelTestRun: Sending cancel request.
TpTrace Information: 0 : 6452, 1, 2020/09/18, 21:49:22.106, 167246739089, vstest.console.exe, TestRunRequest.CancelAsync: Canceled.
TpTrace Warning: 0 : 6452, 9, 2020/09/18, 21:49:22.203, 167247723273, vstest.console.exe, ProxyOperationManager: Timed out waiting for test host to exit. Will terminate process.
TpTrace Information: 0 : 6452, 9, 2020/09/18, 21:49:22.204, 167247731853, vstest.console.exe, TestRunRequest:SendTestRunStatsChange: Completed.
TpTrace Information: 0 : 6452, 9, 2020/09/18, 21:49:22.221, 167247893953, vstest.console.exe, TestRunRequest:TestRunComplete: Completed.
TpTrace Information: 0 : 6452, 6, 2020/09/18, 21:49:22.221, 167247895714, vstest.console.exe, TestRunRequest.Dispose: Completed.
TpTrace Information: 0 : 6452, 6, 2020/09/18, 21:49:22.221, 167247896518, vstest.console.exe, TestRequestManager.RunTests: run tests completed.
TpTrace Information: 0 : 6452, 9, 2020/09/18, 21:49:22.221, 167247897432, vstest.console.exe, SocketServer.Stop: Stop server endPoint: 127.0.0.1:52136
TpTrace Information: 0 : 6452, 9, 2020/09/18, 21:49:22.221, 167247898129, vstest.console.exe, SocketServer.Stop: Cancellation requested. Stopping message loop.
TpTrace Information: 0 : 6452, 9, 2020/09/18, 21:49:22.221, 167247898781, vstest.console.exe, SocketServer.PrivateStop: Stop server endPoint: 127.0.0.1:52136 error: 
TpTrace Information: 0 : 6452, 9, 2020/09/18, 21:49:22.221, 167247901046, vstest.console.exe, SocketServer.Stop: Raise disconnected event endPoint: 127.0.0.1:52136 error: 
TpTrace Error: 0 : 6452, 5, 2020/09/18, 21:49:22.224, 167247932060, vstest.console.exe, TestHostManagerCallbacks.ExitCallBack: Testhost processId: 10316 exited with exitcode: -1 error: ''
TpTrace Information: 0 : 6452, 1, 2020/09/18, 21:49:22.225, 167247935680, vstest.console.exe, DesignModeClient.ProcessRequests: Processing Message: (TestExecution.GetTestRunnerProcessStartInfoForRunSelected) -> {
  "Sources": null,
  "TestCases": [
    {
      "Properties": [
        {
          "Key": {
            "Id": "TestCase.FullyQualifiedName",
            "Label": "FullyQualifiedName",
            "Category": "",
            "Description": "",
            "Attributes": 1,
            "ValueType": "System.String"
          },
          "Value": "Calc.Unit.Test.CalculadoraJurosUnitTest.SomarJuros"
        },
        {
          "Key": {
            "Id": "TestCase.ExecutorUri",
            "Label": "Executor Uri",
            "Category": "",
            "Description": "",
            "Attributes": 1,
            "ValueType": "System.Uri"
          },
          "Value": "executor://MSTestAdapter/v2"
        },
        {
          "Key": {
            "Id": "TestCase.Source",
            "Label": "Source",
            "Category": "",
            "Description": "",
            "Attributes": 0,
            "ValueType": "System.String"
          },
          "Value": "C:\\Users\\Cliente\\source\\repos\\Calculadora\\Calc.Unit.Test\\bin\\Debug\\Calc.Unit.Test.dll"
        },
        {
          "Key": {
            "Id": "TestCase.CodeFilePath",
            "Label": "File Path",
            "Category": "",
            "Description": "",
            "Attributes": 0,
            "ValueType": "System.String"
          },
          "Value": null
        },
        {
          "Key": {
            "Id": "TestCase.DisplayName",
            "Label": "Name",
            "Category": "",
            "Description": "",
            "Attributes": 0,
            "ValueType": "System.String"
          },
          "Value": "SomarJuros"
        },
        {
          "Key": {
            "Id": "TestCase.Id",
            "Label": "Id",
            "Category": "",
            "Description": "",
            "Attributes": 1,
            "ValueType": "System.Guid"
          },
          "Value": "51c62726-77c4-ae4f-e60d-439c608401fd"
        },
        {
          "Key": {
            "Id": "TestCase.LineNumber",
            "Label": "Line Number",
            "Category": "",
            "Description": "",
            "Attributes": 1,
            "ValueType": "System.Int32"
          },
          "Value": -1
        },
        {
          "Key": {
            "Id": "MSTestDiscoverer.TestClassName",
            "Label": "ClassName",
            "Category": "",
            "Description": "",
            "Attributes": 1,
            "ValueType": "System.String"
          },
          "Value": "Calc.Unit.Test.CalculadoraJurosUnitTest"
        },
        {
          "Key": {
            "Id": "TestObject.Traits",
            "Label": "Características",
            "Category": "",
            "Description": "",
            "Attributes": 5,
            "ValueType": "System.Collections.Generic.KeyValuePair`2[[System.String],[System.String]][]"
          },
          "Value": []
        }
      ]
    },
    {
      "Properties": [
        {
          "Key": {
            "Id": "TestCase.FullyQualifiedName",
            "Label": "FullyQualifiedName",
            "Category": "",
            "Description": "",
            "Attributes": 1,
            "ValueType": "System.String"
          },
          "Value": "Calc.Unit.Test.CalculadoraJurosUnitTest.SomarJuros2_Exception"
        },
        {
          "Key": {
            "Id": "TestCase.ExecutorUri",
            "Label": "Executor Uri",
            "Category": "",
            "Description": "",
            "Attributes": 1,
            "ValueType": "System.Uri"
          },
          "Value": "executor://MSTestAdapter/v2"
        },
        {
          "Key": {
            "Id": "TestCase.Source",
            "Label": "Source",
            "Category": "",
            "Description": "",
            "Attributes": 0,
            "ValueType": "System.String"
          },
          "Value": "C:\\Users\\Cliente\\source\\repos\\Calculadora\\Calc.Unit.Test\\bin\\Debug\\Calc.Unit.Test.dll"
        },
        {
          "Key": {
            "Id": "TestCase.CodeFilePath",
            "Label": "File Path",
            "Category": "",
            "Description": "",
            "Attributes": 0,
            "ValueType": "System.String"
          },
          "Value": null
        },
        {
          "Key": {
            "Id": "TestCase.DisplayName",
            "Label": "Name",
            "Category": "",
            "Description": "",
            "Attributes": 0,
            "ValueType": "System.String"
          },
          "Value": "SomarJuros2_Exception"
        },
        {
          "Key": {
            "Id": "TestCase.Id",
            "Label": "Id",
            "Category": "",
            "Description": "",
            "Attributes": 1,
            "ValueType": "System.Guid"
          },
          "Value": "72b6a49a-f71b-4056-9d9e-ad13a5c9f0d2"
        },
        {
          "Key": {
            "Id": "TestCase.LineNumber",
            "Label": "Line Number",
            "Category": "",
            "Description": "",
            "Attributes": 1,
            "ValueType": "System.Int32"
          },
          "Value": -1
        },
        {
          "Key": {
            "Id": "MSTestDiscoverer.TestClassName",
            "Label": "ClassName",
            "Category": "",
            "Description": "",
            "Attributes": 1,
            "ValueType": "System.String"
          },
          "Value": "Calc.Unit.Test.CalculadoraJurosUnitTest"
        },
        {
          "Key": {
            "Id": "TestObject.Traits",
            "Label": "Características",
            "Category": "",
            "Description": "",
            "Attributes": 5,
            "ValueType": "System.Collections.Generic.KeyValuePair`2[[System.String],[System.String]][]"
          },
          "Value": []
        }
      ]
    },
    {
      "Properties": [
        {
          "Key": {
            "Id": "TestCase.FullyQualifiedName",
            "Label": "FullyQualifiedName",
            "Category": "",
            "Description": "",
            "Attributes": 1,
            "ValueType": "System.String"
          },
          "Value": "Calc.Unit.Test.ValidadorUnitTest.MaiorQueUm_True"
        },
        {
          "Key": {
            "Id": "TestCase.ExecutorUri",
            "Label": "Executor Uri",
            "Category": "",
            "Description": "",
            "Attributes": 1,
            "ValueType": "System.Uri"
          },
          "Value": "executor://MSTestAdapter/v2"
        },
        {
          "Key": {
            "Id": "TestCase.Source",
            "Label": "Source",
            "Category": "",
            "Description": "",
            "Attributes": 0,
            "ValueType": "System.String"
          },
          "Value": "C:\\Users\\Cliente\\source\\repos\\Calculadora\\Calc.Unit.Test\\bin\\Debug\\Calc.Unit.Test.dll"
        },
        {
          "Key": {
            "Id": "TestCase.CodeFilePath",
            "Label": "File Path",
            "Category": "",
            "Description": "",
            "Attributes": 0,
            "ValueType": "System.String"
          },
          "Value": null
        },
        {
          "Key": {
            "Id": "TestCase.DisplayName",
            "Label": "Name",
            "Category": "",
            "Description": "",
            "Attributes": 0,
            "ValueType": "System.String"
          },
          "Value": "MaiorQueUm_True"
        },
        {
          "Key": {
            "Id": "TestCase.Id",
            "Label": "Id",
            "Category": "",
            "Description": "",
            "Attributes": 1,
            "ValueType": "System.Guid"
          },
          "Value": "49d9270c-51e7-a470-809d-61f600a99513"
        },
        {
          "Key": {
            "Id": "TestCase.LineNumber",
            "Label": "Line Number",
            "Category": "",
            "Description": "",
            "Attributes": 1,
            "ValueType": "System.Int32"
          },
          "Value": -1
        },
        {
          "Key": {
            "Id": "MSTestDiscoverer.TestClassName",
            "Label": "ClassName",
            "Category": "",
            "Description": "",
            "Attributes": 1,
            "ValueType": "System.String"
          },
          "Value": "Calc.Unit.Test.ValidadorUnitTest"
        },
        {
          "Key": {
            "Id": "TestObject.Traits",
            "Label": "Características",
            "Category": "",
            "Description": "",
            "Attributes": 5,
            "ValueType": "System.Collections.Generic.KeyValuePair`2[[System.String],[System.String]][]"
          },
          "Value": []
        }
      ]
    },
    {
      "Properties": [
        {
          "Key": {
            "Id": "TestCase.FullyQualifiedName",
            "Label": "FullyQualifiedName",
            "Category": "",
            "Description": "",
            "Attributes": 1,
            "ValueType": "System.String"
          },
          "Value": "Calc.Unit.Test.ValidadorUnitTest.MaiorQueUm_False"
        },
        {
          "Key": {
            "Id": "TestCase.ExecutorUri",
            "Label": "Executor Uri",
            "Category": "",
            "Description": "",
            "Attributes": 1,
            "ValueType": "System.Uri"
          },
          "Value": "executor://MSTestAdapter/v2"
        },
        {
          "Key": {
            "Id": "TestCase.Source",
            "Label": "Source",
            "Category": "",
            "Description": "",
            "Attributes": 0,
            "ValueType": "System.String"
          },
          "Value": "C:\\Users\\Cliente\\source\\repos\\Calculadora\\Calc.Unit.Test\\bin\\Debug\\Calc.Unit.Test.dll"
        },
        {
          "Key": {
            "Id": "TestCase.CodeFilePath",
            "Label": "File Path",
            "Category": "",
            "Description": "",
            "Attributes": 0,
            "ValueType": "System.String"
          },
          "Value": null
        },
        {
          "Key": {
            "Id": "TestCase.DisplayName",
            "Label": "Name",
            "Category": "",
            "Description": "",
            "Attributes": 0,
            "ValueType": "System.String"
          },
          "Value": "MaiorQueUm_False"
        },
        {
          "Key": {
            "Id": "TestCase.Id",
            "Label": "Id",
            "Category": "",
            "Description": "",
            "Attributes": 1,
            "ValueType": "System.Guid"
          },
          "Value": "cb485da0-7510-085b-f424-bb8b690b548f"
        },
        {
          "Key": {
            "Id": "TestCase.LineNumber",
            "Label": "Line Number",
            "Category": "",
            "Description": "",
            "Attributes": 1,
            "ValueType": "System.Int32"
          },
          "Value": -1
        },
        {
          "Key": {
            "Id": "MSTestDiscoverer.TestClassName",
            "Label": "ClassName",
            "Category": "",
            "Description": "",
            "Attributes": 1,
            "ValueType": "System.String"
          },
          "Value": "Calc.Unit.Test.ValidadorUnitTest"
        },
        {
          "Key": {
            "Id": "TestObject.Traits",
            "Label": "Características",
            "Category": "",
            "Description": "",
            "Attributes": 5,
            "ValueType": "System.Collections.Generic.KeyValuePair`2[[System.String],[System.String]][]"
          },
          "Value": []
        }
      ]
    }
  ],
  "RunSettings": "<RunSettings>\r\n <RunConfiguration>\r\n<DisableAppDomain>true</DisableAppDomain>\r\n  <MaxCpuCount>1</MaxCpuCount>\r\n  <TargetFrameworkVersion>.NETFramework,Version=v4.6</TargetFrameworkVersion><TestSessionTimeout>8651</TestSessionTimeout>\r\n\r\n<DesignMode>false</DesignMode>\r\n<BatchSize>1</BatchSize>\r\n </RunConfiguration><InProcDataCollectionRunSettings><InProcDataCollectors><InProcDataCollector friendlyName=\"StrykerCoverage\" uri=\"https://stryker-mutator.io/\" codebase=\"C:\\Users\\Cliente\\.dotnet\\tools\\.store\\dotnet-stryker\\0.19.0\\dotnet-stryker\\0.19.0\\tools\\netcoreapp3.1\\any\\Stryker.DataCollector.dll\" assemblyQualifiedName=\"Stryker.DataCollector.CoverageCollector, Stryker.DataCollector, Version=0.16.1.0, Culture=neutral, PublicKeyToken=null\">\r\n<Configuration><Parameters><Mutant id='5' tests='51c62726-77c4-ae4f-e60d-439c608401fd,72b6a49a-f71b-4056-9d9e-ad13a5c9f0d2'/><Mutant id='7' tests='49d9270c-51e7-a470-809d-61f600a99513,cb485da0-7510-085b-f424-bb8b690b548f'/><MutantControl  name='Strykerh9X3opY23xk7x61.MutantControl'/></Parameters></Configuration></InProcDataCollector></InProcDataCollectors></InProcDataCollectionRunSettings>\r\n</RunSettings>",
  "KeepAlive": false,
  "DebuggingEnabled": false,
  "TestPlatformOptions": null
}
TpTrace Information: 0 : 6452, 10, 2020/09/18, 21:49:22.226, 167247944397, vstest.console.exe, TestRequestManager.RunTests: run tests started.
TpTrace Information: 0 : 6452, 10, 2020/09/18, 21:49:22.226, 167247949393, vstest.console.exe, AssemblyMetadataProvider.GetFrameWork: Determined framework:'.NETFramework,Version=v4.6.1' for source: 'C:\Users\Cliente\source\repos\Calculadora\Calc.Unit.Test\bin\Debug\Calc.Unit.Test.dll'
TpTrace Information: 0 : 6452, 10, 2020/09/18, 21:49:22.226, 167247950581, vstest.console.exe, Determined framework for all sources: .NETFramework,Version=v4.6.1
TpTrace Information: 0 : 6452, 10, 2020/09/18, 21:49:22.228, 167247964895, vstest.console.exe, AssemblyMetadataProvider.GetArchitecture: Determined architecture:AnyCPU info for TpTrace Information: 0 : 13992, 10, 2020/09/18, 21:49:22.635, 167252034378, vstest.console.exe, TestRunRequest:SendTestRunStatsChange: Completed.
TpTrace Information: 0 : 13992, 10, 2020/09/18, 21:49:22.764, 167253325740, vstest.console.exe, TestRunRequest:SendTestRunStatsChange: Completed.
TpTrace Information: 0 : 13992, 10, 2020/09/18, 21:49:22.772, 167253410233, vstest.console.exe, TestRunRequest:SendTestRunStatsChange: Completed.
TpTrace Information: 0 : 13992, 10, 2020/09/18, 21:49:22.775, 167253440997, vstest.console.exe, TestRunRequest:SendTestRunStatsChange: Completed.
TpTrace Warning: 0 : 13992, 10, 2020/09/18, 21:49:22.909, 167254774371, vstest.console.exe, ProxyOperationManager: Timed out waiting for test host to exit. Will terminate process.
TpTrace Error: 0 : 13992, 5, 2020/09/18, 21:49:22.938, 167255067670, vstest.console.exe, TestHostManagerCallbacks.ExitCallBack: Testhost processId: 13984 exited with exitcode: -1 error: ''
TpTrace Information: 0 : 13992, 10, 2020/09/18, 21:49:22.939, 167255072030, vstest.console.exe, TestRunRequest:SendTestRunStatsChange: Completed.
TpTrace Information: 0 : 13992, 10, 2020/09/18, 21:49:22.966, 167255343284, vstest.console.exe, TestRunRequest:TestRunComplete: Completed.
TpTrace Information: 0 : 13992, 10, 2020/09/18, 21:49:22.966, 167255348717, vstest.console.exe, SocketServer.Stop: Stop server endPoint: 127.0.0.1:52139
TpTrace Information: 0 : 13992, 10, 2020/09/18, 21:49:22.966, 167255349753, vstest.console.exe, SocketServer.Stop: Cancellation requested. Stopping message loop.
TpTrace Information: 0 : 13992, 6, 2020/09/18, 21:49:22.967, 167255354071, vstest.console.exe, TestRunRequest.Dispose: Completed.
TpTrace Information: 0 : 13992, 10, 2020/09/18, 21:49:22.967, 167255354880, vstest.console.exe, SocketServer.PrivateStop: Stop server endPoint: 127.0.0.1:52139 error: 
TpTrace Information: 0 : 13992, 6, 2020/09/18, 21:49:22.967, 167255355067, vstest.console.exe, TestRequestManager.RunTests: run tests completed.
TpTrace Information: 0 : 13992, 10, 2020/09/18, 21:49:22.968, 167255362216, vstest.console.exe, SocketServer.Stop: Raise disconnected event endPoint: 127.0.0.1:52139 error: 
TpTrace Information: 0 : 13992, 1, 2020/09/18, 21:49:22.974, 167255428882, vstest.console.exe, DesignModeClient.ProcessRequests: Processing Message: (TestExecution.GetTestRunnerProcessStartInfoForRunSelected) -> {
  "Sources": null,
  "TestCases": [
    {
      "Properties": [
        {
          "Key": {
            "Id": "TestCase.FullyQualifiedName",
            "Label": "FullyQualifiedName",
            "Category": "",
            "Description": "",
            "Attributes": 1,
            "ValueType": "System.String"
          },
          "Value": "Calc.Unit.Test.ValidadorUnitTest.MaiorQueUm_True"
        },
        {
          "Key": {
            "Id": "TestCase.ExecutorUri",
            "Label": "Executor Uri",
            "Category": "",
            "Description": "",
            "Attributes": 1,
            "ValueType": "System.Uri"
          },
          "Value": "executor://MSTestAdapter/v2"
        },
        {
          "Key": {
            "Id": "TestCase.Source",
            "Label": "Source",
            "Category": "",
            "Description": "",
            "Attributes": 0,
            "ValueType": "System.String"
          },
          "Value": "C:\\Users\\Cliente\\source\\repos\\Calculadora\\Calc.Unit.Test\\bin\\Debug\\Calc.Unit.Test.dll"
        },
        {
          "Key": {
            "Id": "TestCase.CodeFilePath",
            "Label": "File Path",
            "Category": "",
            "Description": "",
            "Attributes": 0,
            "ValueType": "System.String"
          },
          "Value": null
        },
        {
          "Key": {
            "Id": "TestCase.DisplayName",
            "Label": "Name",
            "Category": "",
            "Description": "",
            "Attributes": 0,
            "ValueType": "System.String"
          },
          "Value": "MaiorQueUm_True"
        },
        {
          "Key": {
            "Id": "TestCase.Id",
            "Label": "Id",
            "Category": "",
            "Description": "",
            "Attributes": 1,
            "ValueType": "System.Guid"
          },
          "Value": "49d9270c-51e7-a470-809d-61f600a99513"
        },
TpTrace Information: 0 : 6452, 7, 2020/09/18, 21:49:23.241, 167258097706, vstest.console.exe, TestRunRequest:SendTestRunMessage: Completed.
TpTrace Information: 0 : 6452, 9, 2020/09/18, 21:49:23.263, 167258315492, vstest.console.exe, TestRunRequest:SendTestRunMessage: Completed.
TpTrace Information: 0 : 6452, 9, 2020/09/18, 21:49:24.287, 167268548471, vstest.console.exe, TestRunRequest:SendTestRunStatsChange: Completed.
TpTrace Information: 0 : 6452, 9, 2020/09/18, 21:49:24.748, 167273162611, vstest.console.exe, TestRunRequest:SendTestRunStatsChange: Completed.
TpTrace Information: 0 : 6452, 9, 2020/09/18, 21:49:24.749, 167273169527, vstest.console.exe, TestRunRequest:SendTestRunStatsChange: Completed.
TpTrace Information: 0 : 6452, 9, 2020/09/18, 21:49:24.784, 167273519196, vstest.console.exe, TestRunRequest:SendTestRunStatsChange: Completed.
TpTrace Information: 0 : 6452, 9, 2020/09/18, 21:49:24.785, 167273532243, vstest.console.exe, TestRunRequest:SendTestRunStatsChange: Completed.
TpTrace Information: 0 : 6452, 9, 2020/09/18, 21:49:24.806, 167273737518, vstest.console.exe, TestRunRequest:SendTestRunStatsChange: Completed.
TpTrace Information: 0 : 6452, 9, 2020/09/18, 21:49:24.807, 167273749692, vstest.console.exe, TestRunRequest:SendTestRunStatsChange: Completed.
TpTrace Information: 0 : 6452, 9, 2020/09/18, 21:49:24.810, 167273784601, vstest.console.exe, TestRunRequest:SendTestRunStatsChange: Completed.
TpTrace Information: 0 : 6452, 1, 2020/09/18, 21:49:24.819, 167273866060, vstest.console.exe, DesignModeClient.ProcessRequests: Processing Message: (TestExecution.Cancel) -> null
TpTrace Information: 0 : 6452, 1, 2020/09/18, 21:49:24.819, 167273867849, vstest.console.exe, TestRequestManager.CancelTestRun: Sending cancel request.
TpTrace Information: 0 : 6452, 1, 2020/09/18, 21:49:24.819, 167273873328, vstest.console.exe, TestRunRequest.CancelAsync: Canceled.
TpTrace Warning: 0 : 6452, 9, 2020/09/18, 21:49:24.942, 167275102224, vstest.console.exe, ProxyOperationManager: Timed out waiting for test host to exit. Will terminate process.
TpTrace Information: 0 : 6452, 9, 2020/09/18, 21:49:24.943, 167275108926, vstest.console.exe, TestRunRequest:SendTestRunStatsChange: Completed.
TpTrace Information: 0 : 6452, 9, 2020/09/18, 21:49:24.956, 167275240998, vstest.console.exe, TestRunRequest:TestRunComplete: Completed.
TpTrace Information: 0 : 6452, 9, 2020/09/18, 21:49:24.956, 167275242561, vstest.console.exe, SocketServer.Stop: Stop server endPoint: 127.0.0.1:52141
TpTrace Information: 0 : 6452, 9, 2020/09/18, 21:49:24.956, 167275243277, vstest.console.exe, SocketServer.Stop: Cancellation requested. Stopping message loop.
TpTrace Information: 0 : 6452, 9, 2020/09/18, 21:49:24.957, 167275243963, vstest.console.exe, SocketServer.PrivateStop: Stop server endPoint: 127.0.0.1:52141 error: 
TpTrace Information: 0 : 6452, 10, 2020/09/18, 21:49:24.956, 167275243502, vstest.console.exe, TestRunRequest.Dispose: Completed.
TpTrace Information: 0 : 6452, 10, 2020/09/18, 21:49:24.957, 167275246677, vstest.console.exe, TestRequestManager.RunTests: run tests completed.
TpTrace Information: 0 : 6452, 9, 2020/09/18, 21:49:24.957, 167275246526, vstest.console.exe, SocketServer.Stop: Raise disconnected event endPoint: 127.0.0.1:52141 error: 
TpTrace Error: 0 : 6452, 5, 2020/09/18, 21:49:24.963, 167275305132, vstest.console.exe, TestHostManagerCallbacks.ExitCallBack: Testhost processId: 12868 exited with exitcode: -1 error: ''
TpTrace Information: 0 : 6452, 1, 2020/09/18, 21:49:25.378, 167279463396, vstest.console.exe, DesignModeClient.ProcessRequests: Processing Message: (TestSession.Terminate) -> null
TpTrace Information: 0 : 6452, 1, 2020/09/18, 21:49:25.378, 167279465134, vstest.console.exe, DesignModeClient: Session End message received from server. Closing the connection.
ections.Generic.KeyValuePair`2[[System.String],[System.String]][]"
          },
          "Value": []
        }
      ]
    }
  ],
  "RunSettings": "<RunSettings>\r\n <RunConfiguration>\r\n<DisableAppDomain>true</DisableAppDomain>\r\n  <MaxCpuCount>1</MaxCpuCount>\r\n  <TargetFrameworkVersion>.NETFramework,Version=v4.6</TargetFrameworkVersion><TestSessionTimeout>8651</TestSessionTimeout>\r\n\r\n<DesignMode>false</DesignMode>\r\n<BatchSize>1</BatchSize>\r\n </RunConfiguration><InProcDataCollectionRunSettings><InProcDataCollectors><InProcDataCollector friendlyName=\"StrykerCoverage\" uri=\"https://stryker-mutator.io/\" codebase=\"C:\\Users\\Cliente\\.dotnet\\tools\\.store\\dotnet-stryker\\0.19.0\\dotnet-stryker\\0.19.0\\tools\\netcoreapp3.1\\any\\Stryker.DataCollector.dll\" assemblyQualifiedName=\"Stryker.DataCollector.CoverageCollector, Stryker.DataCollector, Version=0.16.1.0, Culture=neutral, PublicKeyToken=null\">\r\n<Configuration><Parameters><Mutant id='9' tests='49d9270c-51e7-a470-809d-61f600a99513'/><Mutant id='10' tests='cb485da0-7510-085b-f424-bb8b690b548f'/><MutantControl  name='Strykerh9X3opY23xk7x61.MutantControl'/></Parameters></Configuration></InProcDataCollector></InProcDataCollectors></InProcDataCollectionRunSettings>\r\n</RunSettings>",
  "KeepAlive": false,
  "DebuggingEnabled": false,
  "TestPlatformOptions": null
}
TpTrace Information: 0 : 13992, 6, 2020/09/18, 21:49:22.977, 167255460043, vstest.console.exe, TestRequestManager.RunTests: run tests started.
TpTrace Information: 0 : 13992, 6, 2020/09/18, 21:49:22.978, 167255466677, vstest.console.exe, AssemblyMetadataProvider.GetFrameWork: Determined framework:'.NETFramework,Version=v4.6.1' for source: 'C:\Users\Cliente\source\repos\Calculadora\Calc.Unit.Test\bin\Debug\Calc.Unit.Test.dll'
TpTrace Information: 0 : 13992, 6, 2020/09/18, 21:49:22.978, 167255468808, vstest.console.exe, Determined framework for all sources: .NETFramework,Version=v4.6.1
TpTrace Information: 0 : 13992, 6, 2020/09/18, 21:49:22.980, 167255483202, vstest.console.exe, AssemblyMetadataProvider.GetArchitecture: Determined architecture:AnyCPU info for assembly: C:\Users\Cliente\source\repos\Calculadora\Calc.Unit.Test\bin\Debug\Calc.Unit.Test.dll
TpTrace Information: 0 : 13992, 6, 2020/09/18, 21:49:22.980, 167255484566, vstest.console.exe, Determined platform for all sources: X86
TpTrace Warning: 0 : 13992, 6, 2020/09/18, 21:49:22.980, 167255486155, vstest.console.exe, A execução de teste usará DLLs criadas para a estrutura .NETFramework,Version=v4.6 e a plataforma X86. As seguintes DLLs não farão parte da execução: 
Calc.Unit.Test.dll é compilado para Framework .NETFramework,Version=v4.6.1 e Platform AnyCPU.
Acesse http://go.microsoft.com/fwlink/?LinkID=236877&clcid=0x409 para obter mais detalhes sobre como gerenciar essas configurações.

TpTrace Information: 0 : 13992, 6, 2020/09/18, 21:49:22.980, 167255489287, vstest.console.exe, Compatible sources list : 
TpTrace Information: 0 : 13992, 6, 2020/09/18, 21:49:22.980, 167255490094, vstest.console.exe, 
TpTrace Information: 0 : 13992, 6, 2020/09/18, 21:49:22.981, 167255498468, vstest.console.exe, InferRunSettingsHelper.IsTestSettingsEnabled: Unable to navigate to RunSettings/MSTest. Current node: RunSettings
TpTrace Information: 0 : 13992, 6, 2020/09/18, 21:49:22.994, 167255629695, vstest.console.exe, InferRunSettingsHelper.IsTestSettingsEnabled: Unable to navigate to RunSettings/MSTest. Current node: RunSettings
TpTrace Information: 0 : 13992, 6, 2020/09/18, 21:49:22.995, 167255637500, vstest.console.exe, TestRunRequest.ExecuteAsync: Starting run with settings:TestRunCriteria:
   KeepAlive=False,FrequencyOfRunStatsChangeEvent=1,RunStatsChangeEventTimeout=00:00:01.5000000,TestCaseFilter=,TestExecutorLauncher=Microsoft.VisualStudio.TestPlatform.Client.DesignMode.DesignModeTestHostLauncher
   Settingsxml=<RunSettings>
  <RunConfiguration>
    <DisableAppDomain>true</DisableAppDomain>
    <MaxCpuCount>1</MaxCpuCount>
    <TargetFrameworkVersion>.NETFramework,Version=v4.6</TargetFrameworkVersion>
    <TestSessionTimeout>8651</TestSessionTimeout>
    <DesignMode>false</DesignMode>
    <BatchSize>1</BatchSize>
    <TargetPlatform>X86</TargetPlatform>
    <CollectSourceInformation>True</CollectSourceInformation>
  </RunConfiguration>
  <InProcDataCollectionRunSettings>
    <InProcDataCollectors>
      <InProcDataCollector friendlyName="StrykerCoverage" uri="https://stryker-mutator.io/" codebase="C:\Users\Cliente\.dotnet\tools\.store\dotnet-stryker\0.19.0\dotnet-stryker\0.19.0\tools\netcoreapp3.1\any\Stryker.DataCollector.dll" assemblyQualifiedName="Stryker.DataCollector.CoverageCollector, Stryker.DataCollector, Version=0.16.1.0, Culture=neutral, PublicKeyToken=null">
        <Configuration>
          <Parameters>
            <Mutant id="9" tests="49d9270c-51e7-a470-809d-61f600a99513" />
            <Mutant id="10" tests="cb485da0-7510-085b-f424-bb8b690b548f" />
            <MutantControl name="Strykerh9X3opY23xk7x61.MutantControl" />
          </Parameters>
        </Configuration>
      </InProcDataCollector>
    </InProcDataCollectors>
  </InProcDataCollectionRunSettings>
  <LoggerRunSettings>
    <Loggers>
      <Logger friendlyName="Console" uri="logger://microsoft/TestPlatform/ConsoleLogger/v1" assemblyQualifiedName="Microsoft.VisualStudio.TestPlatform.CommandLine.Internal.ConsoleLogger, vstest.console, Version=15.0.0.0, Culture=neutral, PublicKeyToken=b03f5f7f11d50a3a" codeBase="C:\Users\Cliente\AppData\Local\Temp\lvvfmy5f.erb\.vstest\tools\net451\vstest.console.exe" enabled="True" />
    </Loggers>
  </LoggerRunSettings>
</RunSettings>

TpTrace Information: 0 : 13992, 6, 2020/09/18, 21:49:22.995, 167255639334, vstest.console.exe, ProxyParallelExecutionManager: Triggering test run for next source: C:\Users\Cliente\source\repos\Calculadora\Calc.Unit.Test\bin\Debug\Calc.Unit.Test.dll
TpTrace Information: 0 : 13992, 6, 2020/09/18, 21:49:22.996, 167255641192, vstest.console.exe, TestRunRequest.ExecuteAsync: Started.
TpTrace Information: 0 : 13992, 11, 2020/09/18, 21:49:22.996, 167255644416, vstest.console.exe, SocketServer.Start: Listening on endpoint : 127.0.0.1:52143
TpTrace Information: 0 : 13992, 1, 2020/09/18, 21:49:23.016, 167255841176, vstest.console.exe, DesignModeClient.ProcessRequests: Processing Message: (TestExecution.CustomTestHostLaunchCallback) -> {
  "HostProcessId": 14364,
  "ErrorMessage": null
}
TpTrace Information: 0 : 13992, 11, 2020/09/18, 21:49:23.967, 167265351267, vstest.console.exe, TestRunRequest:SendTestRunMessage: Completed.
TpTrace Information: 0 : 13992, 10, 2020/09/18, 21:49:23.986, 167265540606, vstest.console.exe, TestRunRequest:SendTestRunMessage: Completed.
TpTrace Information: 0 : 13992, 10, 2020/09/18, 21:49:24.890, 167274576630, vstest.console.exe, TestRunRequest:SendTestRunStatsChange: Completed.
TpTrace Information: 0 : 13992, 10, 2020/09/18, 21:49:25.048, 167276162386, vstest.console.exe, TestRunRequest:SendTestRunStatsChange: Completed.
TpTrace Information: 0 : 13992, 10, 2020/09/18, 21:49:25.049, 167276169514, vstest.console.exe, TestRunRequest:SendTestRunStatsChange: Completed.
TpTrace Information: 0 : 13992, 10, 2020/09/18, 21:49:25.054, 167276232424, vstest.console.exe, TestRunRequest:SendTestRunStatsChange: Completed.
TpTrace Warning: 0 : 13992, 10, 2020/09/18, 21:49:25.175, 167277433731, vstest.console.exe, ProxyOperationManager: Timed out waiting for test host to exit. Will terminate process.
TpTrace Information: 0 : 13992, 10, 2020/09/18, 21:49:25.175, 167277442216, vstest.console.exe, TestRunRequest:SendTestRunStatsChange: Completed.
TpTrace Information: 0 : 13992, 10, 2020/09/18, 21:49:25.177, 167277457143, vstest.console.exe, TestRunRequest:TestRunComplete: Completed.
TpTrace Information: 0 : 13992, 10, 2020/09/18, 21:49:25.177, 167277458415, vstest.console.exe, SocketServer.Stop: Stop server endPoint: 127.0.0.1:52143
TpTrace Information: 0 : 13992, 10, 2020/09/18, 21:49:25.177, 167277459143, vstest.console.exe, SocketServer.Stop: Cancellation requested. Stopping message loop.
TpTrace Information: 0 : 13992, 6, 2020/09/18, 21:49:25.177, 167277459534, vstest.console.exe, TestRunRequest.Dispose: Completed.
TpTrace Information: 0 : 13992, 6, 2020/09/18, 21:49:25.177, 167277460635, vstest.console.exe, TestRequestManager.RunTests: run tests completed.
TpTrace Information: 0 : 13992, 10, 2020/09/18, 21:49:25.177, 167277459834, vstest.console.exe, SocketServer.PrivateStop: Stop server endPoint: 127.0.0.1:52143 error: 
TpTrace Information: 0 : 13992, 10, 2020/09/18, 21:49:25.178, 167277463974, vstest.console.exe, SocketServer.Stop: Raise disconnected event endPoint: 127.0.0.1:52143 error: 
TpTrace Error: 0 : 13992, 5, 2020/09/18, 21:49:25.201, 167277695605, vstest.console.exe, TestHostManagerCallbacks.ExitCallBack: Testhost processId: 14364 exited with exitcode: -1 error: ''
TpTrace Error: 0 : 13992, 1, 2020/09/18, 21:49:25.648, 167282170486, vstest.console.exe, DesignModeClient: Error processing request: System.IO.IOException: Não é possível ler os dados da conexão de transporte: Foi forçado o cancelamento de uma conexão existente pelo host remoto. ---> System.Net.Sockets.SocketException: Foi forçado o cancelamento de uma conexão existente pelo host remoto
   em System.Net.Sockets.Socket.Receive(Byte[] buffer, Int32 offset, Int32 size, SocketFlags socketFlags)
   em System.Net.Sockets.NetworkStream.Read(Byte[] buffer, Int32 offset, Int32 size)
   --- Fim do rastreamento de pilha de exceções internas ---
   em System.Net.Sockets.NetworkStream.Read(Byte[] buffer, Int32 offset, Int32 size)
   em System.IO.Stream.ReadByte()
   em System.IO.BinaryReader.ReadByte()
   em System.IO.BinaryReader.Read7BitEncodedInt()
   em System.IO.BinaryReader.ReadString()
   em Microsoft.VisualStudio.TestPlatform.CommunicationUtilities.SocketCommunicationManager.ReceiveRawMessage()
   em Microsoft.VisualStudio.TestPlatform.CommunicationUtilities.SocketCommunicationManager.ReceiveMessage()
   em Microsoft.VisualStudio.TestPlatform.Client.DesignMode.DesignModeClient.ProcessRequests(ITestRequestManager testRequestManager)
