TpTrace Information: 0 : 14364, 1, 2020/09/18, 21:49:23.485, 167260559069, testhost.x86.exe, DefaultEngineInvoker.Invoke: Testhost process started with args :[--port, 52143],[--endpoint, 127.0.0.1:052143],[--role, client],[--parentprocessid, 13992],[--diag, C:\Users\Cliente\source\repos\Calculadora\Calc.Unit.Test\StrykerOutput\2020-09-18.21-48-56\logs\VsTest-log.host.20-09-18_21-49-22_99672_11.txt],[--tracelevel, 3],[--telemetryoptedin, false]
TpTrace Information: 0 : 14364, 1, 2020/09/18, 21:49:23.494, 167260625355, testhost.x86.exe, DefaultEngineInvoker: Using Application Configuration: '<?xml version="1.0" encoding="utf-8"?>
<configuration>
  <startup useLegacyV2RuntimeActivationPolicy="true">
    <supportedRuntime version="v4.0" sku=".NETFramework,Version=v4.0" />
  </startup>
  <runtime>
    <legacyUnhandledExceptionPolicy enabled="1" />
    <legacyCorruptedStateExceptionsPolicy enabled="true" />
    <!-- To get stacktrace information for portable and embedded pdbs when net472 installed on machine.
          More details https://github.com/dotnet/designs/blob/master/accepted/diagnostics/debugging-with-symbols-and-sources.md#stack-traces -->
    <AppContextSwitchOverrides value="Switch.System.Diagnostics.IgnorePortablePDBsInStackTraces=false" />
    <assemblyBinding xmlns="urn:schemas-microsoft-com:asm.v1">
      <probing privatePath="Extensions" />
      <!-- Test adapters compiled against version 11-14, need to be redirected to version 15. -->
      <dependentAssembly>
        <assemblyIdentity name="Microsoft.VisualStudio.TestPlatform.ObjectModel" publicKeyToken="b03f5f7f11d50a3a" culture="neutral" />
        <bindingRedirect oldVersion="11.0.0.0-14.0.0.0" newVersion="15.0.0.0" />
      </dependentAssembly>
      <dependentAssembly>
        <assemblyIdentity name="Microsoft.VisualStudio.TestWindow.Interfaces" publicKeyToken="b03f5f7f11d50a3a" culture="neutral" />
        <bindingRedirect oldVersion="11.0.0.0-15.0.0.0" newVersion="16.0.0.0" />
      </dependentAssembly>
      <dependentAssembly>
        <assemblyIdentity name="Microsoft.VisualStudio.QualityTools.UnitTestFramework" publicKeyToken="b03f5f7f11d50a3a" culture="neutral" />
        <bindingRedirect oldVersion="10.1.0.0" newVersion="10.0.0.0" />
      </dependentAssembly>
      <dependentAssembly>
        <assemblyIdentity name="Microsoft.VisualStudio.QualityTools.Resource" publicKeyToken="b03f5f7f11d50a3a" culture="neutral" />
        <bindingRedirect oldVersion="10.0.0.0-15.0.0.0" newVersion="16.0.0.0" />
      </dependentAssembly>
      <dependentAssembly>
        <assemblyIdentity name="Microsoft.VisualStudio.QualityTools.ControllerObject" publicKeyToken="b03f5f7f11d50a3a" culture="neutral" />
        <bindingRedirect oldVersion="10.0.0.0-15.0.0.0" newVersion="16.0.0.0" />
      </dependentAssembly>
      <dependentAssembly>
        <assemblyIdentity name="Microsoft.VisualStudio.QualityTools.ExecutionCommon" publicKeyToken="b03f5f7f11d50a3a" culture="neutral" />
        <bindingRedirect oldVersion="10.0.0.0-15.0.0.0" newVersion="16.0.0.0" />
      </dependentAssembly>
      <dependentAssembly>
        <assemblyIdentity name="Microsoft.VisualStudio.QualityTools.Common" publicKeyToken="b03f5f7f11d50a3a" culture="neutral" />
        <bindingRedirect oldVersion="10.0.0.0-15.0.0.0" newVersion="16.0.0.0" />
      </dependentAssembly>
      <dependentAssembly>
        <assemblyIdentity name="Microsoft.VisualStudio.QualityTools.Tips.UnitTest.ObjectModel" publicKeyToken="b03f5f7f11d50a3a" culture="neutral" />
        <bindingRedirect oldVersion="10.0.0.0-15.0.0.0" newVersion="16.0.0.0" />
      </dependentAssembly>
    </assemblyBinding>
  </runtime>
  <system.diagnostics>
    <switches>
      <add name="TpTraceLevel" value="0" />
    </switches>
  </system.diagnostics>
  <appSettings>
    <!--<add key="ExecutionThreadApartmentState" value ="MTA"/>-->
    <!--<add key="TraceLogMaxFileSizeInKb" value ="10240"/>-->
    <!-- MsTest Adapter Specific AppSettings -->
    <!-- This flag is added to support test execution for net35 tests through TMI adapter. -->
    <add key="TestProjectRetargetTo35Allowed" value="true" />
  </appSettings>
</configuration>'
TpTrace Information: 0 : 14364, 1, 2020/09/18, 21:49:23.496, 167260642330, testhost.x86.exe, DefaultEngineInvoker.SetParentProcessExitCallback: Monitoring parent process with id: '13992'
TpTrace Information: 0 : 14364, 1, 2020/09/18, 21:49:23.536, 167261045087, testhost.x86.exe, DefaultEngineInvoker.GetConnectionInfo: Initialize communication on endpoint address: '127.0.0.1:052143'
TpTrace Information: 0 : 14364, 1, 2020/09/18, 21:49:23.596, 167261642769, testhost.x86.exe, SocketClient.Start: connecting to server endpoint: 127.0.0.1:052143
TpTrace Information: 0 : 14364, 1, 2020/09/18, 21:49:23.617, 167261851649, testhost.x86.exe, DefaultEngineInvoker.Invoke: Start Request Processing.
TpTrace Information: 0 : 14364, 10, 2020/09/18, 21:49:23.646, 167262146300, testhost.x86.exe, SocketClient.OnServerConnected: connected to server endpoint: 127.0.0.1:052143
TpTrace Information: 0 : 14364, 7, 2020/09/18, 21:49:23.649, 167262168448, testhost.x86.exe, DefaultEngineInvoker.StartProcessingAsync: Connected to vstest.console, Starting process requests.
TpTrace Information: 0 : 14364, 10, 2020/09/18, 21:49:23.925, 167264935986, testhost.x86.exe, TestRequestHandler.ProcessRequests: received message: (ProtocolVersion) -> 3
TpTrace Information: 0 : 14364, 10, 2020/09/18, 21:49:23.994, 167265621502, testhost.x86.exe, TestRequestHandler.ProcessRequests: received message: (TestExecution.Initialize) -> [
  "C:\\Users\\Cliente\\AppData\\Local\\Temp\\lvvfmy5f.erb\\.vstest\\tools\\net451\\Extensions\\Microsoft.TestPlatform.Extensions.BlameDataCollector.dll",
  "C:\\Users\\Cliente\\AppData\\Local\\Temp\\lvvfmy5f.erb\\.vstest\\tools\\net451\\Extensions\\Microsoft.TestPlatform.TestHostRuntimeProvider.dll",
  "C:\\Users\\Cliente\\AppData\\Local\\Temp\\lvvfmy5f.erb\\.vstest\\tools\\net451\\Extensions\\Microsoft.VisualStudio.TestPlatform.Extensions.Html.TestLogger.dll",
  "C:\\Users\\Cliente\\AppData\\Local\\Temp\\lvvfmy5f.erb\\.vstest\\tools\\net451\\Extensions\\Microsoft.VisualStudio.TestPlatform.Extensions.Trx.TestLogger.dll",
  "C:\\Users\\Cliente\\source\\repos\\Calculadora\\Calc.Unit.Test\\bin\\Debug\\Microsoft.VisualStudio.TestPlatform.MSTest.TestAdapter.dll"
]
TpTrace Information: 0 : 14364, 10, 2020/09/18, 21:49:23.994, 167265623288, testhost.x86.exe, Execution Session Initialize.
TpTrace Information: 0 : 14364, 10, 2020/09/18, 21:49:24.028, 167265958102, testhost.x86.exe, TestRequestHandler.ProcessRequests: received message: (TestExecution.StartWithTests) -> {
  "Tests": [
    {
      "Properties": [
        {
          "Key": {
            "Id": "TestCase.FullyQualifiedName",
            "Label": "FullyQualifiedName",
            "Category": "",
            "Description": "",
            "Attributes": 1,
            "ValueType": "System.String"
          },
          "Value": "Calc.Unit.Test.ValidadorUnitTest.MaiorQueUm_True"
        },
        {
          "Key": {
            "Id": "TestCase.ExecutorUri",
            "Label": "Executor Uri",
            "Category": "",
            "Description": "",
            "Attributes": 1,
            "ValueType": "System.Uri"
          },
          "Value": "executor://MSTestAdapter/v2"
        },
        {
          "Key": {
            "Id": "TestCase.Source",
            "Label": "Source",
            "Category": "",
            "Description": "",
            "Attributes": 0,
            "ValueType": "System.String"
          },
          "Value": "C:\\Users\\Cliente\\source\\repos\\Calculadora\\Calc.Unit.Test\\bin\\Debug\\Calc.Unit.Test.dll"
        },
        {
          "Key": {
            "Id": "TestCase.CodeFilePath",
            "Label": "File Path",
            "Category": "",
            "Description": "",
            "Attributes": 0,
            "ValueType": "System.String"
          },
          "Value": null
        },
        {
          "Key": {
            "Id": "TestCase.DisplayName",
            "Label": "Name",
            "Category": "",
            "Description": "",
            "Attributes": 0,
            "ValueType": "System.String"
          },
          "Value": "MaiorQueUm_True"
        },
        {
          "Key": {
            "Id": "TestCase.Id",
            "Label": "Id",
            "Category": "",
            "Description": "",
            "Attributes": 1,
            "ValueType": "System.Guid"
          },
          "Value": "49d9270c-51e7-a470-809d-61f600a99513"
        },
        {
          "Key": {
            "Id": "TestCase.LineNumber",
            "Label": "Line Number",
            "Category": "",
            "Description": "",
            "Attributes": 1,
            "ValueType": "System.Int32"
          },
          "Value": -1
        },
        {
          "Key": {
            "Id": "MSTestDiscoverer.TestClassName",
            "Label": "ClassName",
            "Category": "",
            "Description": "",
            "Attributes": 1,
            "ValueType": "System.String"
          },
          "Value": "Calc.Unit.Test.ValidadorUnitTest"
        },
        {
          "Key": {
            "Id": "TestObject.Traits",
            "Label": "Características",
            "Category": "",
            "Description": "",
            "Attributes": 5,
            "ValueType": "System.Collections.Generic.KeyValuePair`2[[System.String],[System.String]][]"
          },
          "Value": []
        }
      ]
    },
    {
      "Properties": [
        {
          "Key": {
            "Id": "TestCase.FullyQualifiedName",
            "Label": "FullyQualifiedName",
            "Category": "",
            "Description": "",
            "Attributes": 1,
            "ValueType": "System.String"
          },
          "Value": "Calc.Unit.Test.ValidadorUnitTest.MaiorQueUm_False"
        },
        {
          "Key": {
            "Id": "TestCase.ExecutorUri",
            "Label": "Executor Uri",
            "Category": "",
            "Description": "",
            "Attributes": 1,
            "ValueType": "System.Uri"
          },
          "Value": "executor://MSTestAdapter/v2"
        },
        {
          "Key": {
            "Id": "TestCase.Source",
            "Label": "Source",
            "Category": "",
            "Description": "",
            "Attributes": 0,
            "ValueType": "System.String"
          },
          "Value": "C:\\Users\\Cliente\\source\\repos\\Calculadora\\Calc.Unit.Test\\bin\\Debug\\Calc.Unit.Test.dll"
        },
        {
          "Key": {
            "Id": "TestCase.CodeFilePath",
            "Label": "File Path",
            "Category": "",
            "Description": "",
            "Attributes": 0,
            "ValueType": "System.String"
          },
          "Value": null
        },
        {
          "Key": {
            "Id": "TestCase.DisplayName",
            "Label": "Name",
            "Category": "",
            "Description": "",
            "Attributes": 0,
            "ValueType": "System.String"
          },
          "Value": "MaiorQueUm_False"
        },
        {
          "Key": {
            "Id": "TestCase.Id",
            "Label": "Id",
            "Category": "",
            "Description": "",
            "Attributes": 1,
            "ValueType": "System.Guid"
          },
          "Value": "cb485da0-7510-085b-f424-bb8b690b548f"
        },
        {
          "Key": {
            "Id": "TestCase.LineNumber",
            "Label": "Line Number",
            "Category": "",
            "Description": "",
            "Attributes": 1,
            "ValueType": "System.Int32"
          },
          "Value": -1
        },
        {
          "Key": {
            "Id": "MSTestDiscoverer.TestClassName",
            "Label": "ClassName",
            "Category": "",
            "Description": "",
            "Attributes": 1,
            "ValueType": "System.String"
          },
          "Value": "Calc.Unit.Test.ValidadorUnitTest"
        },
        {
          "Key": {
            "Id": "TestObject.Traits",
            "Label": "Características",
            "Category": "",
            "Description": "",
            "Attributes": 5,
            "ValueType": "System.Collections.Generic.KeyValuePair`2[[System.String],[System.String]][]"
          },
          "Value": []
        }
      ]
    }
  ],
  "RunSettings": "<RunSettings>\r\n  <RunConfiguration>\r\n    <DisableAppDomain>true</DisableAppDomain>\r\n    <MaxCpuCount>1</MaxCpuCount>\r\n    <TargetFrameworkVersion>.NETFramework,Version=v4.6</TargetFrameworkVersion>\r\n    <TestSessionTimeout>8651</TestSessionTimeout>\r\n    <DesignMode>false</DesignMode>\r\n    <BatchSize>1</BatchSize>\r\n    <TargetPlatform>X86</TargetPlatform>\r\n    <CollectSourceInformation>True</CollectSourceInformation>\r\n  </RunConfiguration>\r\n  <InProcDataCollectionRunSettings>\r\n    <InProcDataCollectors>\r\n      <InProcDataCollector friendlyName=\"StrykerCoverage\" uri=\"https://stryker-mutator.io/\" codebase=\"C:\\Users\\Cliente\\.dotnet\\tools\\.store\\dotnet-stryker\\0.19.0\\dotnet-stryker\\0.19.0\\tools\\netcoreapp3.1\\any\\Stryker.DataCollector.dll\" assemblyQualifiedName=\"Stryker.DataCollector.CoverageCollector, Stryker.DataCollector, Version=0.16.1.0, Culture=neutral, PublicKeyToken=null\">\r\n        <Configuration>\r\n          <Parameters>\r\n            <Mutant id=\"9\" tests=\"49d9270c-51e7-a470-809d-61f600a99513\" />\r\n            <Mutant id=\"10\" tests=\"cb485da0-7510-085b-f424-bb8b690b548f\" />\r\n            <MutantControl name=\"Strykerh9X3opY23xk7x61.MutantControl\" />\r\n          </Parameters>\r\n        </Configuration>\r\n      </InProcDataCollector>\r\n    </InProcDataCollectors>\r\n  </InProcDataCollectionRunSettings>\r\n  <LoggerRunSettings>\r\n    <Loggers>\r\n      <Logger friendlyName=\"Console\" uri=\"logger://microsoft/TestPlatform/ConsoleLogger/v1\" assemblyQualifiedName=\"Microsoft.VisualStudio.TestPlatform.CommandLine.Internal.ConsoleLogger, vstest.console, Version=15.0.0.0, Culture=neutral, PublicKeyToken=b03f5f7f11d50a3a\" codeBase=\"C:\\Users\\Cliente\\AppData\\Local\\Temp\\lvvfmy5f.erb\\.vstest\\tools\\net451\\vstest.console.exe\" enabled=\"True\" />\r\n    </Loggers>\r\n  </LoggerRunSettings>\r\n</RunSettings>",
  "TestExecutionContext": {
    "FrequencyOfRunStatsChangeEvent": 1,
    "RunStatsChangeEventTimeout": "00:00:01.5000000",
    "InIsolation": false,
    "KeepAlive": false,
    "AreTestCaseLevelEventsRequired": false,
    "IsDebug": false,
    "TestCaseFilter": null,
    "FilterOptions": null
  },
  "Package": null
}
TpTrace Information: 0 : 14364, 10, 2020/09/18, 21:49:24.028, 167265962621, testhost.x86.exe, Execution started.
TpTrace Information: 0 : 14364, 5, 2020/09/18, 21:49:24.034, 167266025899, testhost.x86.exe, AssemblyResolver.ctor: Creating AssemblyResolver with searchDirectories C:\Users\Cliente\AppData\Local\Temp\lvvfmy5f.erb\.vstest\tools\net451\Extensions,C:\Users\Cliente\source\repos\Calculadora\Calc.Unit.Test\bin\Debug,C:\Users\Cliente\AppData\Local\Temp\lvvfmy5f.erb\.vstest\tools\net451
TpTrace Information: 0 : 14364, 5, 2020/09/18, 21:49:24.039, 167266067729, testhost.x86.exe, AssemblyResolver.AddSearchDirectories: Adding more searchDirectories C:\Users\Cliente\AppData\Local\Temp\lvvfmy5f.erb\.vstest\tools\net451\Extensions,C:\Users\Cliente\AppData\Local\Temp\lvvfmy5f.erb\.vstest\tools\net451
TpTrace Information: 0 : 14364, 5, 2020/09/18, 21:49:24.039, 167266069580, testhost.x86.exe, AssemblyResolver.AddSearchDirectories: Adding more searchDirectories C:\Users\Cliente\AppData\Local\Temp\lvvfmy5f.erb\.vstest\tools\net451\Extensions,C:\Users\Cliente\AppData\Local\Temp\lvvfmy5f.erb\.vstest\tools\net451
TpTrace Information: 0 : 14364, 5, 2020/09/18, 21:49:24.039, 167266070747, testhost.x86.exe, AssemblyResolver.AddSearchDirectories: Adding more searchDirectories C:\Users\Cliente\AppData\Local\Temp\lvvfmy5f.erb\.vstest\tools\net451\Extensions,C:\Users\Cliente\AppData\Local\Temp\lvvfmy5f.erb\.vstest\tools\net451
TpTrace Information: 0 : 14364, 5, 2020/09/18, 21:49:24.039, 167266072300, testhost.x86.exe, AssemblyResolver.AddSearchDirectories: Adding more searchDirectories C:\Users\Cliente\AppData\Local\Temp\lvvfmy5f.erb\.vstest\tools\net451\Extensions,C:\Users\Cliente\AppData\Local\Temp\lvvfmy5f.erb\.vstest\tools\net451
TpTrace Information: 0 : 14364, 5, 2020/09/18, 21:49:24.039, 167266073247, testhost.x86.exe, AssemblyResolver.AddSearchDirectories: Adding more searchDirectories C:\Users\Cliente\source\repos\Calculadora\Calc.Unit.Test\bin\Debug,C:\Users\Cliente\AppData\Local\Temp\lvvfmy5f.erb\.vstest\tools\net451
TpTrace Information: 0 : 14364, 5, 2020/09/18, 21:49:24.130, 167266982642, testhost.x86.exe, AssemblyResolver.AddSearchDirectories: Adding more searchDirectories C:\Users\Cliente\AppData\Local\Temp\lvvfmy5f.erb\.vstest\tools\net451\Extensions,C:\Users\Cliente\source\repos\Calculadora\Calc.Unit.Test\bin\Debug,C:\Users\Cliente\AppData\Local\Temp\lvvfmy5f.erb\.vstest\tools\net451
TpTrace Information: 0 : 14364, 5, 2020/09/18, 21:49:24.130, 167266984610, testhost.x86.exe, AssemblyResolver.AddSearchDirectories: Adding more searchDirectories C:\Users\Cliente\AppData\Local\Temp\lvvfmy5f.erb\.vstest\tools\net451\Extensions,C:\Users\Cliente\AppData\Local\Temp\lvvfmy5f.erb\.vstest\tools\net451
TpTrace Information: 0 : 14364, 5, 2020/09/18, 21:49:24.130, 167266985689, testhost.x86.exe, AssemblyResolver.AddSearchDirectories: Adding more searchDirectories C:\Users\Cliente\AppData\Local\Temp\lvvfmy5f.erb\.vstest\tools\net451\Extensions,C:\Users\Cliente\AppData\Local\Temp\lvvfmy5f.erb\.vstest\tools\net451
TpTrace Information: 0 : 14364, 5, 2020/09/18, 21:49:24.130, 167266986612, testhost.x86.exe, AssemblyResolver.AddSearchDirectories: Adding more searchDirectories C:\Users\Cliente\AppData\Local\Temp\lvvfmy5f.erb\.vstest\tools\net451\Extensions,C:\Users\Cliente\AppData\Local\Temp\lvvfmy5f.erb\.vstest\tools\net451
TpTrace Information: 0 : 14364, 5, 2020/09/18, 21:49:24.131, 167266987441, testhost.x86.exe, AssemblyResolver.AddSearchDirectories: Adding more searchDirectories C:\Users\Cliente\AppData\Local\Temp\lvvfmy5f.erb\.vstest\tools\net451\Extensions,C:\Users\Cliente\AppData\Local\Temp\lvvfmy5f.erb\.vstest\tools\net451
TpTrace Information: 0 : 14364, 5, 2020/09/18, 21:49:24.131, 167266988285, testhost.x86.exe, AssemblyResolver.AddSearchDirectories: Adding more searchDirectories C:\Users\Cliente\source\repos\Calculadora\Calc.Unit.Test\bin\Debug,C:\Users\Cliente\AppData\Local\Temp\lvvfmy5f.erb\.vstest\tools\net451
TpTrace Information: 0 : 14364, 5, 2020/09/18, 21:49:24.147, 167267151218, testhost.x86.exe, TestPluginManager.CreateTestExtension: Attempting to load test extension: Microsoft.VisualStudio.TestPlatform.MSTest.TestAdapter.MSTestExecutor
TpTrace Information: 0 : 14364, 5, 2020/09/18, 21:49:24.173, 167267416608, testhost.x86.exe, AssemblyResolver.AddSearchDirectories: Adding more searchDirectories C:\Users\Cliente\AppData\Local\Temp\lvvfmy5f.erb\.vstest\tools\net451\Extensions,C:\Users\Cliente\source\repos\Calculadora\Calc.Unit.Test\bin\Debug,C:\Users\Cliente\AppData\Local\Temp\lvvfmy5f.erb\.vstest\tools\net451
TpTrace Information: 0 : 14364, 5, 2020/09/18, 21:49:24.174, 167267424970, testhost.x86.exe, AssemblyResolver.AddSearchDirectories: Adding more searchDirectories C:\Users\Cliente\AppData\Local\Temp\lvvfmy5f.erb\.vstest\tools\net451\Extensions,C:\Users\Cliente\AppData\Local\Temp\lvvfmy5f.erb\.vstest\tools\net451
TpTrace Information: 0 : 14364, 5, 2020/09/18, 21:49:24.174, 167267426164, testhost.x86.exe, AssemblyResolver.AddSearchDirectories: Adding more searchDirectories C:\Users\Cliente\AppData\Local\Temp\lvvfmy5f.erb\.vstest\tools\net451\Extensions,C:\Users\Cliente\AppData\Local\Temp\lvvfmy5f.erb\.vstest\tools\net451
TpTrace Information: 0 : 14364, 5, 2020/09/18, 21:49:24.175, 167267427498, testhost.x86.exe, AssemblyResolver.AddSearchDirectories: Adding more searchDirectories C:\Users\Cliente\AppData\Local\Temp\lvvfmy5f.erb\.vstest\tools\net451\Extensions,C:\Users\Cliente\AppData\Local\Temp\lvvfmy5f.erb\.vstest\tools\net451
TpTrace Information: 0 : 14364, 5, 2020/09/18, 21:49:24.175, 167267428690, testhost.x86.exe, AssemblyResolver.AddSearchDirectories: Adding more searchDirectories C:\Users\Cliente\AppData\Local\Temp\lvvfmy5f.erb\.vstest\tools\net451\Extensions,C:\Users\Cliente\AppData\Local\Temp\lvvfmy5f.erb\.vstest\tools\net451
TpTrace Information: 0 : 14364, 5, 2020/09/18, 21:49:24.175, 167267430044, testhost.x86.exe, AssemblyResolver.AddSearchDirectories: Adding more searchDirectories C:\Users\Cliente\source\repos\Calculadora\Calc.Unit.Test\bin\Debug,C:\Users\Cliente\AppData\Local\Temp\lvvfmy5f.erb\.vstest\tools\net451
TpTrace Information: 0 : 14364, 5, 2020/09/18, 21:49:24.177, 167267450430, testhost.x86.exe, TestExecutorService: Loaded the extensions
TpTrace Information: 0 : 14364, 14, 2020/09/18, 21:49:24.750, 167273183887, testhost.x86.exe, CollectSourceInformation value Found : True 
TpTrace Information: 0 : 14364, 14, 2020/09/18, 21:49:24.783, 167273510506, testhost.x86.exe, AssemblyResolver.OnResolve: Microsoft.VisualStudio.TestPlatform.MSTestAdapter.PlatformServices.resources, Version=14.0.0.0, Culture=pt-BR, PublicKeyToken=b03f5f7f11d50a3a: Resolving assembly.
TpTrace Information: 0 : 14364, 14, 2020/09/18, 21:49:24.783, 167273514867, testhost.x86.exe, AssemblyResolver.OnResolve: Microsoft.VisualStudio.TestPlatform.MSTestAdapter.PlatformServices.resources, Version=14.0.0.0, Culture=pt-BR, PublicKeyToken=b03f5f7f11d50a3a: Failed to load assembly.
TpTrace Information: 0 : 14364, 14, 2020/09/18, 21:49:24.784, 167273516957, testhost.x86.exe, AssemblyResolver.OnResolve: Microsoft.VisualStudio.TestPlatform.MSTestAdapter.PlatformServices.resources, Version=14.0.0.0, Culture=pt-BR, PublicKeyToken=b03f5f7f11d50a3a: Resolving assembly.
TpTrace Information: 0 : 14364, 14, 2020/09/18, 21:49:24.784, 167273517768, testhost.x86.exe, AssemblyResolver.OnResolve: Microsoft.VisualStudio.TestPlatform.MSTestAdapter.PlatformServices.resources, Version=14.0.0.0, Culture=pt-BR, PublicKeyToken=b03f5f7f11d50a3a: Resolved from cache.
TpTrace Information: 0 : 14364, 14, 2020/09/18, 21:49:24.787, 167273549214, testhost.x86.exe, AssemblyResolver.OnResolve: Microsoft.VisualStudio.TestPlatform.MSTestAdapter.PlatformServices.resources, Version=14.0.0.0, Culture=pt, PublicKeyToken=b03f5f7f11d50a3a: Resolving assembly.
TpTrace Information: 0 : 14364, 14, 2020/09/18, 21:49:24.787, 167273552783, testhost.x86.exe, AssemblyResolver.OnResolve: Microsoft.VisualStudio.TestPlatform.MSTestAdapter.PlatformServices.resources, Version=14.0.0.0, Culture=pt, PublicKeyToken=b03f5f7f11d50a3a: Failed to load assembly.
TpTrace Information: 0 : 14364, 14, 2020/09/18, 21:49:24.804, 167273721819, testhost.x86.exe, MSTestExecutor: Changed the working directory to C:\Users\Cliente\source\repos\Calculadora\Calc.Unit.Test\bin\Debug
TpTrace Information: 0 : 14364, 14, 2020/09/18, 21:49:24.807, 167273750319, testhost.x86.exe, DesktopTestSourceHost.GetResolutionPaths(): Not running in portable mode
TpTrace Information: 0 : 14364, 14, 2020/09/18, 21:49:24.823, 167273913602, testhost.x86.exe, DesktopTestSourceHost.SetupHost(): Creating assembly resolver with resolution paths C:\Users\Cliente\source\repos\Calculadora\Calc.Unit.Test\bin\Debug,C:\Users\Cliente\AppData\Local\Temp\lvvfmy5f.erb\.vstest\tools\net451.
TpTrace Information: 0 : 14364, 14, 2020/09/18, 21:49:24.827, 167273948728, testhost.x86.exe, Created unit-test runner C:\Users\Cliente\source\repos\Calculadora\Calc.Unit.Test\bin\Debug\Calc.Unit.Test.dll
TpTrace Information: 0 : 14364, 14, 2020/09/18, 21:49:24.850, 167274176557, testhost.x86.exe, Sending test run statistics
TpTrace Information: 0 : 14364, 14, 2020/09/18, 21:49:24.894, 167274622908, testhost.x86.exe, Executing test MaiorQueUm_True
TpTrace Information: 0 : 14364, 14, 2020/09/18, 21:49:24.961, 167275284458, testhost.x86.exe, AssemblyResolver.OnResolve: Microsoft.VisualStudio.TestPlatform.TestFramework.resources, Version=14.0.0.0, Culture=pt-BR, PublicKeyToken=b03f5f7f11d50a3a: Resolving assembly.
TpTrace Information: 0 : 14364, 14, 2020/09/18, 21:49:24.961, 167275288268, testhost.x86.exe, AssemblyResolver.OnResolve: Microsoft.VisualStudio.TestPlatform.TestFramework.resources, Version=14.0.0.0, Culture=pt-BR, PublicKeyToken=b03f5f7f11d50a3a: Failed to load assembly.
TpTrace Information: 0 : 14364, 14, 2020/09/18, 21:49:24.963, 167275313373, testhost.x86.exe, AssemblyResolver: Resolving assembly: Microsoft.VisualStudio.TestPlatform.TestFramework.resources, Version=14.0.0.0, Culture=pt-BR, PublicKeyToken=b03f5f7f11d50a3a.
TpTrace Information: 0 : 14364, 14, 2020/09/18, 21:49:24.964, 167275318764, testhost.x86.exe, AssemblyResolver: Resolving assembly after applying policy: Microsoft.VisualStudio.TestPlatform.TestFramework.resources, Version=14.0.0.0, Culture=pt-BR, PublicKeyToken=b03f5f7f11d50a3a.
TpTrace Information: 0 : 14364, 14, 2020/09/18, 21:49:24.967, 167275350218, testhost.x86.exe, AssemblyResolver.OnResolve: Microsoft.VisualStudio.TestPlatform.TestFramework.resources, Version=14.0.0.0, Culture=pt-BR, PublicKeyToken=b03f5f7f11d50a3a: Resolving assembly.
TpTrace Information: 0 : 14364, 14, 2020/09/18, 21:49:24.967, 167275351425, testhost.x86.exe, AssemblyResolver.OnResolve: Microsoft.VisualStudio.TestPlatform.TestFramework.resources, Version=14.0.0.0, Culture=pt-BR, PublicKeyToken=b03f5f7f11d50a3a: Resolved from cache.
TpTrace Information: 0 : 14364, 14, 2020/09/18, 21:49:24.967, 167275352195, testhost.x86.exe, AssemblyResolver: Resolving assembly: Microsoft.VisualStudio.TestPlatform.TestFramework.resources, Version=14.0.0.0, Culture=pt-BR, PublicKeyToken=b03f5f7f11d50a3a.
TpTrace Information: 0 : 14364, 14, 2020/09/18, 21:49:24.967, 167275353629, testhost.x86.exe, AssemblyResolver: Resolving assembly after applying policy: Microsoft.VisualStudio.TestPlatform.TestFramework.resources, Version=14.0.0.0, Culture=pt-BR, PublicKeyToken=b03f5f7f11d50a3a.
TpTrace Information: 0 : 14364, 14, 2020/09/18, 21:49:24.968, 167275356384, testhost.x86.exe, AssemblyResolver: Resolved: Microsoft.VisualStudio.TestPlatform.TestFramework.resources, Version=14.0.0.0, Culture=pt-BR, PublicKeyToken=b03f5f7f11d50a3a.
TpTrace Information: 0 : 14364, 14, 2020/09/18, 21:49:24.996, 167275637026, testhost.x86.exe, AssemblyResolver: Microsoft.VisualStudio.TestPlatform.TestFramework.resources, Version=14.0.0.0, Culture=pt-BR, PublicKeyToken=b03f5f7f11d50a3a: Failed to load assembly. Reason:System.IO.FileNotFoundException: Não foi possível carregar arquivo ou assembly 'Microsoft.VisualStudio.TestPlatform.TestFramework.resources, Version=14.0.0.0, Culture=pt-BR, PublicKeyToken=b03f5f7f11d50a3a' ou uma de suas dependências. O sistema não pode encontrar o arquivo especificado.
Nome do arquivo: 'Microsoft.VisualStudio.TestPlatform.TestFramework.resources, Version=14.0.0.0, Culture=pt-BR, PublicKeyToken=b03f5f7f11d50a3a'
   em System.Reflection.RuntimeAssembly._nLoad(AssemblyName fileName, String codeBase, Evidence assemblySecurity, RuntimeAssembly locationHint, StackCrawlMark& stackMark, IntPtr pPrivHostBinder, Boolean throwOnFileNotFound, Boolean forIntrospection, Boolean suppressSecurityChecks)
   em System.Reflection.RuntimeAssembly.nLoad(AssemblyName fileName, String codeBase, Evidence assemblySecurity, RuntimeAssembly locationHint, StackCrawlMark& stackMark, IntPtr pPrivHostBinder, Boolean throwOnFileNotFound, Boolean forIntrospection, Boolean suppressSecurityChecks)
   em System.Reflection.RuntimeAssembly.InternalLoadAssemblyName(AssemblyName assemblyRef, Evidence assemblySecurity, RuntimeAssembly reqAssembly, StackCrawlMark& stackMark, IntPtr pPrivHostBinder, Boolean throwOnFileNotFound, Boolean forIntrospection, Boolean suppressSecurityChecks)
   em System.Reflection.RuntimeAssembly.InternalLoad(String assemblyString, Evidence assemblySecurity, StackCrawlMark& stackMark, IntPtr pPrivHostBinder, Boolean forIntrospection)
   em System.Reflection.RuntimeAssembly.InternalLoad(String assemblyString, Evidence assemblySecurity, StackCrawlMark& stackMark, Boolean forIntrospection)
   em System.Reflection.Assembly.Load(String assemblyString)
   em Microsoft.VisualStudio.TestPlatform.MSTestAdapter.PlatformServices.AssemblyResolver.OnResolveInternal(Object senderAppDomain, ResolveEventArgs args, Boolean isReflectionOnly)

AVI: o log de associações de assembly está desativado.
Para ativar o log de  falhas de assembly, defina o valor do Registro [HKLM\Software\Microsoft\Fusion!EnableLog] (DWORD) como 1.
Observação: há alguma penalidade para o desempenho associada ao log de falha de associação de assembly.
Para desativar esse recurso, remova o valor do Registro [HKLM\Software\Microsoft\Fusion!EnableLog].
 
TpTrace Information: 0 : 14364, 14, 2020/09/18, 21:49:24.996, 167275640292, testhost.x86.exe, AssemblyResolver.OnResolve: Microsoft.VisualStudio.TestPlatform.TestFramework.resources, Version=14.0.0.0, Culture=pt-BR, PublicKeyToken=b03f5f7f11d50a3a: Resolving assembly.
TpTrace Information: 0 : 14364, 14, 2020/09/18, 21:49:24.996, 167275641198, testhost.x86.exe, AssemblyResolver.OnResolve: Microsoft.VisualStudio.TestPlatform.TestFramework.resources, Version=14.0.0.0, Culture=pt-BR, PublicKeyToken=b03f5f7f11d50a3a: Resolved from cache.
TpTrace Information: 0 : 14364, 14, 2020/09/18, 21:49:24.996, 167275641947, testhost.x86.exe, AssemblyResolver: Resolving assembly: Microsoft.VisualStudio.TestPlatform.TestFramework.resources, Version=14.0.0.0, Culture=pt-BR, PublicKeyToken=b03f5f7f11d50a3a.
TpTrace Information: 0 : 14364, 14, 2020/09/18, 21:49:24.996, 167275643454, testhost.x86.exe, AssemblyResolver: Resolving assembly after applying policy: Microsoft.VisualStudio.TestPlatform.TestFramework.resources, Version=14.0.0.0, Culture=pt-BR, PublicKeyToken=b03f5f7f11d50a3a.
TpTrace Information: 0 : 14364, 14, 2020/09/18, 21:49:24.997, 167275644353, testhost.x86.exe, AssemblyResolver: Resolved: Microsoft.VisualStudio.TestPlatform.TestFramework.resources, Version=14.0.0.0, Culture=pt-BR, PublicKeyToken=b03f5f7f11d50a3a.
TpTrace Information: 0 : 14364, 14, 2020/09/18, 21:49:24.999, 167275668479, testhost.x86.exe, AssemblyResolver.OnResolve: Microsoft.VisualStudio.TestPlatform.TestFramework.resources, Version=14.0.0.0, Culture=pt, PublicKeyToken=b03f5f7f11d50a3a: Resolving assembly.
TpTrace Information: 0 : 14364, 14, 2020/09/18, 21:49:24.999, 167275672027, testhost.x86.exe, AssemblyResolver.OnResolve: Microsoft.VisualStudio.TestPlatform.TestFramework.resources, Version=14.0.0.0, Culture=pt, PublicKeyToken=b03f5f7f11d50a3a: Failed to load assembly.
TpTrace Information: 0 : 14364, 14, 2020/09/18, 21:49:24.999, 167275672880, testhost.x86.exe, AssemblyResolver: Resolving assembly: Microsoft.VisualStudio.TestPlatform.TestFramework.resources, Version=14.0.0.0, Culture=pt, PublicKeyToken=b03f5f7f11d50a3a.
TpTrace Information: 0 : 14364, 14, 2020/09/18, 21:49:25.000, 167275675197, testhost.x86.exe, AssemblyResolver: Resolving assembly after applying policy: Microsoft.VisualStudio.TestPlatform.TestFramework.resources, Version=14.0.0.0, Culture=pt, PublicKeyToken=b03f5f7f11d50a3a.
TpTrace Information: 0 : 14364, 14, 2020/09/18, 21:49:25.000, 167275679907, testhost.x86.exe, AssemblyResolver.OnResolve: Microsoft.VisualStudio.TestPlatform.TestFramework.resources, Version=14.0.0.0, Culture=pt, PublicKeyToken=b03f5f7f11d50a3a: Resolving assembly.
TpTrace Information: 0 : 14364, 14, 2020/09/18, 21:49:25.000, 167275680669, testhost.x86.exe, AssemblyResolver.OnResolve: Microsoft.VisualStudio.TestPlatform.TestFramework.resources, Version=14.0.0.0, Culture=pt, PublicKeyToken=b03f5f7f11d50a3a: Resolved from cache.
TpTrace Information: 0 : 14364, 14, 2020/09/18, 21:49:25.000, 167275681312, testhost.x86.exe, AssemblyResolver: Resolving assembly: Microsoft.VisualStudio.TestPlatform.TestFramework.resources, Version=14.0.0.0, Culture=pt, PublicKeyToken=b03f5f7f11d50a3a.
TpTrace Information: 0 : 14364, 14, 2020/09/18, 21:49:25.000, 167275682669, testhost.x86.exe, AssemblyResolver: Resolving assembly after applying policy: Microsoft.VisualStudio.TestPlatform.TestFramework.resources, Version=14.0.0.0, Culture=pt, PublicKeyToken=b03f5f7f11d50a3a.
TpTrace Information: 0 : 14364, 14, 2020/09/18, 21:49:25.000, 167275683356, testhost.x86.exe, AssemblyResolver: Resolved: Microsoft.VisualStudio.TestPlatform.TestFramework.resources, Version=14.0.0.0, Culture=pt, PublicKeyToken=b03f5f7f11d50a3a.
TpTrace Information: 0 : 14364, 14, 2020/09/18, 21:49:25.001, 167275687487, testhost.x86.exe, AssemblyResolver: Microsoft.VisualStudio.TestPlatform.TestFramework.resources, Version=14.0.0.0, Culture=pt, PublicKeyToken=b03f5f7f11d50a3a: Failed to load assembly. Reason:System.IO.FileLoadException: Não foi possível carregar arquivo ou assembly 'Microsoft.VisualStudio.TestPlatform.TestFramework.resources, Version=14.0.0.0, Culture=pt, PublicKeyToken=b03f5f7f11d50a3a' ou uma de suas dependências. A definição do manifesto do assembly localizado não corresponde à referência do assembly. (Exceção de HRESULT: 0x80131040)
Nome do arquivo: 'Microsoft.VisualStudio.TestPlatform.TestFramework.resources, Version=14.0.0.0, Culture=pt, PublicKeyToken=b03f5f7f11d50a3a'
   em System.Reflection.RuntimeAssembly._nLoad(AssemblyName fileName, String codeBase, Evidence assemblySecurity, RuntimeAssembly locationHint, StackCrawlMark& stackMark, IntPtr pPrivHostBinder, Boolean throwOnFileNotFound, Boolean forIntrospection, Boolean suppressSecurityChecks)
   em System.Reflection.RuntimeAssembly.nLoad(AssemblyName fileName, String codeBase, Evidence assemblySecurity, RuntimeAssembly locationHint, StackCrawlMark& stackMark, IntPtr pPrivHostBinder, Boolean throwOnFileNotFound, Boolean forIntrospection, Boolean suppressSecurityChecks)
   em System.Reflection.RuntimeAssembly.InternalLoadAssemblyName(AssemblyName assemblyRef, Evidence assemblySecurity, RuntimeAssembly reqAssembly, StackCrawlMark& stackMark, IntPtr pPrivHostBinder, Boolean throwOnFileNotFound, Boolean forIntrospection, Boolean suppressSecurityChecks)
   em System.Reflection.RuntimeAssembly.InternalLoad(String assemblyString, Evidence assemblySecurity, StackCrawlMark& stackMark, IntPtr pPrivHostBinder, Boolean forIntrospection)
   em System.Reflection.RuntimeAssembly.InternalLoad(String assemblyString, Evidence assemblySecurity, StackCrawlMark& stackMark, Boolean forIntrospection)
   em System.Reflection.Assembly.Load(String assemblyString)
   em Microsoft.VisualStudio.TestPlatform.MSTestAdapter.PlatformServices.AssemblyResolver.OnResolveInternal(Object senderAppDomain, ResolveEventArgs args, Boolean isReflectionOnly)

AVI: o log de associações de assembly está desativado.
Para ativar o log de  falhas de assembly, defina o valor do Registro [HKLM\Software\Microsoft\Fusion!EnableLog] (DWORD) como 1.
Observação: há alguma penalidade para o desempenho associada ao log de falha de associação de assembly.
Para desativar esse recurso, remova o valor do Registro [HKLM\Software\Microsoft\Fusion!EnableLog].
 
TpTrace Information: 0 : 14364, 14, 2020/09/18, 21:49:25.021, 167275884395, testhost.x86.exe, Executed test MaiorQueUm_True
TpTrace Warning: 0 : 14364, 14, 2020/09/18, 21:49:25.028, 167275962908, testhost.x86.exe, TestRunCache: InProgressTests is null
TpTrace Information: 0 : 14364, 14, 2020/09/18, 21:49:25.031, 167275984859, testhost.x86.exe, MSTestExecutor:Test Calc.Unit.Test.ValidadorUnitTest.MaiorQueUm_True failed. ErrorMessage:Assert.AreEqual failed. Expected:<False>. Actual:<True>. , ErrorStackTrace:   em Calc.Unit.Test.ValidadorUnitTest.MaiorQueUm_True() na C:\Users\Cliente\source\repos\Calculadora\Calc.Unit.Test\ValidadorUnitTest.cs:linha 29
.
TpTrace Warning: 0 : 14364, 14, 2020/09/18, 21:49:25.032, 167276002094, testhost.x86.exe, No DataCollection Data set for the test case 49d9270c-51e7-a470-809d-61f600a99513
TpTrace Warning: 0 : 14364, 14, 2020/09/18, 21:49:25.035, 167276024680, testhost.x86.exe, TestRunCache: InProgressTests is null
TpTrace Warning: 0 : 14364, 14, 2020/09/18, 21:49:25.035, 167276029530, testhost.x86.exe, TestRunCache: No test found corresponding to testResult '' in inProgress list.
TpTrace Information: 0 : 14364, 14, 2020/09/18, 21:49:25.035, 167276031871, testhost.x86.exe, Sending test run statistics
TpTrace Information: 0 : 14364, 14, 2020/09/18, 21:49:25.047, 167276150059, testhost.x86.exe, Sending test run statistics
TpTrace Information: 0 : 14364, 14, 2020/09/18, 21:49:25.048, 167276154093, testhost.x86.exe, Executing test MaiorQueUm_False
TpTrace Information: 0 : 14364, 14, 2020/09/18, 21:49:25.050, 167276183235, testhost.x86.exe, Executed test MaiorQueUm_False
TpTrace Warning: 0 : 14364, 14, 2020/09/18, 21:49:25.051, 167276189122, testhost.x86.exe, TestRunCache: InProgressTests is null
TpTrace Information: 0 : 14364, 14, 2020/09/18, 21:49:25.051, 167276190414, testhost.x86.exe, MSTestExecutor:Test Calc.Unit.Test.ValidadorUnitTest.MaiorQueUm_False failed. ErrorMessage:Assert.AreEqual failed. Expected:<True>. Actual:<False>. , ErrorStackTrace:   em Calc.Unit.Test.ValidadorUnitTest.MaiorQueUm_False() na C:\Users\Cliente\source\repos\Calculadora\Calc.Unit.Test\ValidadorUnitTest.cs:linha 42
.
TpTrace Warning: 0 : 14364, 14, 2020/09/18, 21:49:25.051, 167276191404, testhost.x86.exe, No DataCollection Data set for the test case cb485da0-7510-085b-f424-bb8b690b548f
TpTrace Warning: 0 : 14364, 14, 2020/09/18, 21:49:25.051, 167276193247, testhost.x86.exe, TestRunCache: InProgressTests is null
TpTrace Warning: 0 : 14364, 14, 2020/09/18, 21:49:25.052, 167276213117, testhost.x86.exe, TestRunCache: No test found corresponding to testResult '' in inProgress list.
TpTrace Information: 0 : 14364, 14, 2020/09/18, 21:49:25.053, 167276214587, testhost.x86.exe, Sending test run statistics
TpTrace Information: 0 : 14364, 14, 2020/09/18, 21:49:25.053, 167276223103, testhost.x86.exe, Executing cleanup methods.
TpTrace Information: 0 : 14364, 14, 2020/09/18, 21:49:25.057, 167276259336, testhost.x86.exe, Executed cleanup methods.
TpTrace Information: 0 : 14364, 14, 2020/09/18, 21:49:25.057, 167276260947, testhost.x86.exe, Executed tests belonging to source C:\Users\Cliente\source\repos\Calculadora\Calc.Unit.Test\bin\Debug\Calc.Unit.Test.dll
TpTrace Information: 0 : 14364, 5, 2020/09/18, 21:49:25.063, 167276322325, testhost.x86.exe, Sending test run complete
TpTrace Information: 0 : 14364, 10, 2020/09/18, 21:49:25.074, 167276424855, testhost.x86.exe, TestRequestHandler.ProcessRequests: received message: (TestSession.Terminate) -> null
TpTrace Information: 0 : 14364, 10, 2020/09/18, 21:49:25.074, 167276426444, testhost.x86.exe, Session End message received from server. Closing the connection.
TpTrace Information: 0 : 14364, 10, 2020/09/18, 21:49:25.074, 167276432412, testhost.x86.exe, SocketClient.Stop: Stop communication from server endpoint: 127.0.0.1:052143
TpTrace Information: 0 : 14364, 10, 2020/09/18, 21:49:25.074, 167276433254, testhost.x86.exe, SocketClient: Stop: Cancellation requested. Stopping message loop.
TpTrace Information: 0 : 14364, 10, 2020/09/18, 21:49:25.075, 167276435446, testhost.x86.exe, Closing the connection !
TpTrace Information: 0 : 14364, 10, 2020/09/18, 21:49:25.075, 167276438932, testhost.x86.exe, SocketClient.PrivateStop: Stop communication from server endpoint: 127.0.0.1:052143, error:
TpTrace Information: 0 : 14364, 1, 2020/09/18, 21:49:25.078, 167276471898, testhost.x86.exe, SocketClient.Stop: Stop communication from server endpoint: 127.0.0.1:052143
